# temperature
variable	T equal 300
#cold region temperature
#variable        tlo equal 275
variable        tlo equal ${T}-${L}*${cte}/4.0
variable        tlo equal 300-${L}*${cte}/4.0
variable        tlo equal 300-50*${cte}/4.0
variable        tlo equal 300-50*1.5938/4.0
#hot region temperature
#variable        thi equal ${cte}*${L}/2+${tlo}
variable        thi equal ${T}+${L}*${cte}/4.0
variable        thi equal 300+${L}*${cte}/4.0
variable        thi equal 300+50*${cte}/4.0
variable        thi equal 300+50*1.5938/4.0

#time step (picoseconds)
variable	dt equal 0.0005 # 0.5 femtoseconds
#number of time steps for NPT
variable	tnpt equal 5000
#number of time steps for NVT
variable	tnvt equal 40000
#number of time steps for first NVE
variable	t1nve equal 100000
#number of time steps for second NVE
variable	t2nve equal 500000

################### Variable Based on LAMMPS Documentation ######################
variable	a equal 100
variable	c equal ${t2nve}
variable	c equal 500000
variable	b equal $c/$a
variable	b equal 500000/$a
variable	b equal 500000/100
variable	tdamp equal ${dt}*100
variable	tdamp equal 0.0005*100
variable	pdamp equal ${dt}*1000
variable	pdamp equal 0.0005*1000

#----------------------------------------------------------------------------------------
# setup problem
dimension       3
boundary        p p p
atom_style      atomic
lattice 	diamond ${LC} origin 0.0 0.0 0.0 orient x 1 0 0 orient y 0 1 0 orient z 0 0 1
lattice 	diamond 5.43 origin 0.0 0.0 0.0 orient x 1 0 0 orient y 0 1 0 orient z 0 0 1
Lattice spacing in x,y,z = 5.43 5.43 5.43
region          0 block 0 $L 0 $W 0 $H units lattice side in
region          0 block 0 50 0 $W 0 $H units lattice side in
region          0 block 0 50 0 22 0 $H units lattice side in
region          0 block 0 50 0 22 0 22 units lattice side in
create_box      1 0
Created orthogonal box = (0 0 0) to (271.5 119.46 119.46)
  8 by 2 by 2 MPI processor grid
create_atoms    1 region 0
Created 193600 atoms
mass		1 28.0855
#dump		1 all xyz 1000 Si_W_${W}nm.xyz
#dump_modify	1 element Si

############################################
pair_style   sw
pair_coeff   * * Si${P}.sw Si
pair_coeff   * * Si8.sw Si
thermo		100
thermo_style custom step lx
min_style cg
minimize 0.0 1.0e-8 10000 100000
WARNING: Using 'neigh_modify every 1 delay 0 check yes' setting during minimization (../min.cpp:168)
Neighbor list info ...
  update every 1 steps, delay 0 steps, check yes
  max neighbors/atom: 2000, page size: 100000
  master list distance cutoff = 5.96302
  ghost atom cutoff = 5.96302
  binsize = 2.98151, bins = 92 41 41
  1 neighbor lists, perpetual/occasional/extra = 1 0 0
  (1) pair sw, perpetual
      attributes: full, newton on
      pair build: full/bin/atomonly
      stencil: full/bin/3d
      bin: standard
Per MPI rank memory allocation (min/avg/max) = 5.235 | 5.236 | 5.238 Mbytes
Step Lx 
       0        271.5 
       1        271.5 
Loop time of 0.308286 on 32 procs for 1 steps with 193600 atoms

95.4% CPU use with 32 MPI tasks x no OpenMP threads

Minimization stats:
  Stopping criterion = force tolerance
  Energy initial, next-to-last, final = 
        -1061009.13763     -1061009.13763     -1061009.13763
  Force two-norm initial, final = 1.12307e-10 1.12221e-10
  Force max component initial, final = 6.56077e-13 6.59558e-13
  Final line search alpha, max atom move = 1 6.59558e-13
  Iterations, force evaluations = 1 2

MPI task timing breakdown:
Section |  min time  |  avg time  |  max time  |%varavg| %total
---------------------------------------------------------------
Pair    | 0.28411    | 0.28657    | 0.29176    |   0.3 | 92.96
Neigh   | 0          | 0          | 0          |   0.0 |  0.00
Comm    | 0.007799   | 0.013493   | 0.01938    |   2.4 |  4.38
Output  | 0          | 0          | 0          |   0.0 |  0.00
Modify  | 0          | 0          | 0          |   0.0 |  0.00
Other   |            | 0.008218   |            |       |  2.67

Nlocal:    6050 ave 6050 max 6050 min
Histogram: 32 0 0 0 0 0 0 0 0 0
Nghost:    5892.5 ave 5893 max 5892 min
Histogram: 16 0 0 0 0 0 0 0 0 16
Neighs:    0 ave 0 max 0 min
Histogram: 32 0 0 0 0 0 0 0 0 0
FullNghs:  278300 ave 278300 max 278300 min
Histogram: 32 0 0 0 0 0 0 0 0 0

Total # of neighbors = 8905600
Ave neighs/atom = 46
Neighbor list builds = 0
Dangerous builds = 0
timestep     ${dt}
timestep     0.0005
velocity 	all create $T 492845
velocity 	all create 300 492845


fix 		NPT all npt temp $T $T ${tdamp} iso 0.0 0.0 ${pdamp}
fix 		NPT all npt temp 300 $T ${tdamp} iso 0.0 0.0 ${pdamp}
fix 		NPT all npt temp 300 300 ${tdamp} iso 0.0 0.0 ${pdamp}
fix 		NPT all npt temp 300 300 0.05 iso 0.0 0.0 ${pdamp}
fix 		NPT all npt temp 300 300 0.05 iso 0.0 0.0 0.5
thermo		100
thermo_style custom step lx press
run		${tnpt}
run		5000
Per MPI rank memory allocation (min/avg/max) = 4.11 | 4.111 | 4.113 Mbytes
Step Lx Press 
       1        271.5    78450.982 
     100    275.44392    29444.779 
     200    277.38318    8236.7887 
     300    278.08842     722.2113 
     400     278.1771   -6.7536497 
     500    278.18225    73.806663 
     600    278.19937   -50.531293 
     700    278.21257    32.521443 
     800    278.22418    29.580081 
     900    278.23931    41.578205 
    1000    278.25087    36.690002 
    1100     278.2673    7.4507036 
    1200    278.27777    28.666993 
    1300    278.28973    2.8476044 
    1400    278.29863    14.981198 
    1500    278.30642   -8.5506271 
    1600    278.30992   -8.0426337 
    1700    278.30675   -3.1025205 
    1800    278.30304   -6.7730436 
    1900     278.2986    14.736081 
    2000    278.30095   0.90057958 
    2100    278.30338   -1.0135335 
    2200    278.30781    7.2390819 
    2300    278.30346   -3.9976043 
    2400    278.30545   -19.971929 
    2500    278.30363   -18.154917 
    2600      278.298    50.577016 
    2700    278.30479    -43.24625 
    2800    278.30547     30.09996 
    2900    278.29832    35.018717 
    3000    278.32006   -143.57962 
    3100    278.28921    168.76119 
    3200    278.30496   -70.788947 
    3300    278.30966   -45.673285 
    3400    278.29275    111.65404 
    3500    278.31329   -75.085941 
    3600    278.30094    42.840271 
    3700    278.30695   -39.359754 
    3800    278.30116    25.409131 
    3900    278.30082   -10.506717 
    4000    278.30964    -43.21676 
    4100    278.29696    77.628399 
    4200    278.31097   -53.312861 
    4300    278.30151    31.518333 
    4400    278.30451   -18.394143 
    4500    278.30256    1.5085194 
    4600    278.30049    4.8500742 
    4700    278.30878   -13.802163 
    4800    278.29931    41.132999 
    4900    278.31248   -60.179298 
    5000     278.2955    59.733674 
    5001    278.29551    60.260477 
Loop time of 330.696 on 32 procs for 5000 steps with 193600 atoms

Performance: 0.653 ns/day, 36.744 hours/ns, 15.120 timesteps/s
91.2% CPU use with 32 MPI tasks x no OpenMP threads

MPI task timing breakdown:
Section |  min time  |  avg time  |  max time  |%varavg| %total
---------------------------------------------------------------
Pair    | 282.52     | 285.28     | 290.59     |   9.2 | 86.27
Neigh   | 0.11252    | 0.11429    | 0.11622    |   0.3 |  0.03
Comm    | 15.464     | 26.282     | 32.579     |  81.3 |  7.95
Output  | 0.029351   | 0.03309    | 0.035757   |   1.3 |  0.01
Modify  | 12.695     | 18.024     | 23.566     |  84.6 |  5.45
Other   |            | 0.9591     |            |       |  0.29

Nlocal:    6050 ave 6090 max 5980 min
Histogram: 1 0 1 4 4 3 6 3 6 4
Nghost:    5892.5 ave 5962 max 5852 min
Histogram: 4 5 3 7 3 4 4 1 0 1
Neighs:    0 ave 0 max 0 min
Histogram: 32 0 0 0 0 0 0 0 0 0
FullNghs:  208885 ave 210437 max 206456 min
Histogram: 1 0 1 5 3 3 7 4 4 4

Total # of neighbors = 6684322
Ave neighs/atom = 34.5265
Neighbor list builds = 8
Dangerous builds = 0
unfix		NPT
variable	length equal lx/${LC}
variable	length equal lx/5.43

################### Geometrical Parameters After Relaxation ###############################
# Thermostat_width
variable	TW equal ${length}/40
variable	TW equal 51.2514755249434/40
# Hot_Start
variable	hs equal ${length}/4-${TW}
variable	hs equal 51.2514755249434/4-${TW}
variable	hs equal 51.2514755249434/4-1.28128688812359
# Hot_End
variable	he equal ${length}/4+${TW}
variable	he equal 51.2514755249434/4+${TW}
variable	he equal 51.2514755249434/4+1.28128688812359
# Cold_Start
variable	cs equal 3*${length}/4-${TW}
variable	cs equal 3*51.2514755249434/4-${TW}
variable	cs equal 3*51.2514755249434/4-1.28128688812359
# Cold_End
variable	ce equal 3*${length}/4+${TW}
variable	ce equal 3*51.2514755249434/4+${TW}
variable	ce equal 3*51.2514755249434/4+1.28128688812359
###########################################################################################

################### Defining Thermostat ###################################################
region 		hot block ${hs} ${he} EDGE EDGE EDGE EDGE
region 		hot block 11.5315819931123 ${he} EDGE EDGE EDGE EDGE
region 		hot block 11.5315819931123 14.0941557693594 EDGE EDGE EDGE EDGE
region 		cold block ${cs} ${ce} EDGE EDGE EDGE EDGE
region 		cold block 37.157319755584 ${ce} EDGE EDGE EDGE EDGE
region 		cold block 37.157319755584 39.7198935318311 EDGE EDGE EDGE EDGE
group		test region cold
9585 atoms in group test
group		test1 region hot
9567 atoms in group test1
compute		Thot all temp/region hot
compute         Tcold all temp/region cold
###########################################################################################

fix		NVT all nvt temp $T $T ${tdamp}
fix		NVT all nvt temp 300 $T ${tdamp}
fix		NVT all nvt temp 300 300 ${tdamp}
fix		NVT all nvt temp 300 300 0.05
thermo		1000
thermo_style	custom step temp
run		${tnvt}
run		40000
Per MPI rank memory allocation (min/avg/max) = 4.118 | 4.119 | 4.121 Mbytes
Step Temp 
    5001    298.66101 
    6000    296.79412 
    7000     299.1524 
    8000     299.6496 
    9000    299.94166 
   10000    300.12693 
   11000    298.80071 
   12000    300.19862 
   13000    300.57974 
   14000    301.11983 
   15000    300.08512 
   16000    300.36577 
   17000    300.34865 
   18000    301.41994 
   19000    302.39457 
   20000    299.30677 
   21000    299.21063 
   22000    300.90301 
   23000    299.98006 
   24000    299.22623 
   25000     300.1975 
   26000    298.74846 
   27000    299.62174 
   28000    298.77039 
   29000    300.81329 
   30000    301.43528 
   31000     300.5837 
   32000    298.77632 
   33000    298.90426 
   34000    300.48568 
   35000    300.02102 
   36000    298.59168 
   37000    300.53922 
   38000    299.43582 
   39000    299.31979 
   40000    299.90758 
   41000    299.94787 
   42000    299.70066 
   43000    300.79583 
   44000    300.72783 
   45000    300.03211 
   45001    300.07211 
Loop time of 2582.66 on 32 procs for 40000 steps with 193600 atoms

Performance: 0.669 ns/day, 35.870 hours/ns, 15.488 timesteps/s
90.3% CPU use with 32 MPI tasks x no OpenMP threads

MPI task timing breakdown:
Section |  min time  |  avg time  |  max time  |%varavg| %total
---------------------------------------------------------------
Pair    | 2166       | 2199.5     | 2237.5     |  30.3 | 85.16
Neigh   | 0          | 0          | 0          |   0.0 |  0.00
Comm    | 153.85     | 240.93     | 287.23     | 227.8 |  9.33
Output  | 0.021453   | 0.025214   | 0.028119   |   1.3 |  0.00
Modify  | 75.83      | 128.01     | 182.68     | 315.9 |  4.96
Other   |            | 14.19      |            |       |  0.55

Nlocal:    6050 ave 6118 max 5973 min
Histogram: 1 1 3 1 6 6 9 3 1 1
Nghost:    5892.5 ave 5969 max 5825 min
Histogram: 2 0 3 9 6 6 1 3 1 1
Neighs:    0 ave 0 max 0 min
Histogram: 32 0 0 0 0 0 0 0 0 0
FullNghs:  211613 ave 214214 max 208860 min
Histogram: 2 1 2 4 5 7 6 3 0 2

Total # of neighbors = 6771606
Ave neighs/atom = 34.9773
Neighbor list builds = 0
Dangerous builds = 0
velocity	all scale $T
velocity	all scale 300
unfix		NVT

fix		NVE all nve
fix		hot all langevin ${thi} ${thi} ${tdamp} 389516 tally yes
fix		hot all langevin 319.9225 ${thi} ${tdamp} 389516 tally yes
fix		hot all langevin 319.9225 319.9225 ${tdamp} 389516 tally yes
fix		hot all langevin 319.9225 319.9225 0.05 389516 tally yes
fix_modify	hot temp Thot
fix		cold all langevin ${tlo} ${tlo} ${tdamp} 46579 tally yes
fix		cold all langevin 280.0775 ${tlo} ${tdamp} 46579 tally yes
fix		cold all langevin 280.0775 280.0775 ${tdamp} 46579 tally yes
fix		cold all langevin 280.0775 280.0775 0.05 46579 tally yes
fix_modify	cold temp Tcold

thermo_style	custom step temp c_Thot c_Tcold f_hot f_cold
run		${t1nve}
run		100000
Per MPI rank memory allocation (min/avg/max) = 4.868 | 4.869 | 4.871 Mbytes
Step Temp c_Thot c_Tcold f_hot f_cold 
   45001          300      302.031    301.88766           -0           -0 
   46000    300.18711    321.02908    283.21008   -78.418695    83.472807 
   47000    299.27278    318.53955    283.00266   -104.28179    115.91403 
   48000    299.97791    314.63239    280.68784   -128.66466    153.69748 
   49000    300.40149    316.68281     282.9683   -147.74543    185.11295 
   50000    300.81549    319.96206    279.11266   -194.19178    223.71824 
   51000    300.76466     318.9112    282.62819   -230.58858    248.43138 
   52000    300.74369    317.38248    283.05229   -265.37204    277.21054 
   53000    300.36822    315.16725    281.33629    -296.5327    318.11609 
   54000    300.00678    314.52597    283.22014   -334.72848    345.45076 
   55000     299.4881    319.89505    278.42323   -380.23654    399.31861 
   56000    300.65454    312.98729    282.14106   -416.32448    428.56364 
   57000    300.03504    319.27823    279.80608   -458.45001    473.64442 
   58000    301.06397    320.06802    282.14941   -505.09363    517.32537 
   59000     300.4401     320.4034    280.07958   -551.21172    564.28014 
   60000    299.55812    313.04625    281.40846   -581.27398    605.85677 
   61000    300.51227    317.38178    284.40247   -630.84827    639.22988 
   62000    301.02923    320.76888    281.28351   -672.73387     682.1098 
   63000    301.02305    319.93637     281.6208   -716.50351    729.86414 
   64000    300.38028    316.80792      281.456   -762.40807    761.88884 
   65000    300.56671    315.17355    281.03331   -812.87816    805.84543 
   66000    301.29136    321.83146    280.14293   -855.59873    847.76932 
   67000    300.04181    314.61312    282.58085   -890.83376     888.4242 
   68000    300.79779    318.04692    283.46998   -934.35589     927.5017 
   69000     299.8612    320.05326    281.35336   -983.90595     982.8522 
   70000    300.98625    314.49647    281.73526   -1018.8814    1029.4012 
   71000    300.36756    317.74225     285.0044   -1063.2324    1075.7032 
   72000    300.24097    318.26888    280.56111   -1101.0678     1119.489 
   73000    299.99202    319.20855    279.55433   -1154.8929    1170.1199 
   74000    300.24863    319.40731    282.47004   -1210.0763    1204.7631 
   75000     300.7966    324.27015    280.36063   -1254.5607    1257.7469 
   76000    300.28541    315.65858    278.71997   -1284.8325    1297.1059 
   77000    299.89735    312.45171    284.32028    -1321.564    1339.2962 
   78000    300.30395    314.73624    281.91326   -1371.2757    1384.2131 
   79000    300.21212    319.78355    281.11755   -1431.5027    1432.4295 
   80000    300.81242    322.42973    284.32335   -1470.3563    1481.0045 
   81000    301.13908    319.78144    283.48347   -1517.6848    1526.9808 
   82000    300.71106    321.93098    284.31166   -1558.1459    1585.7335 
   83000    300.53443    317.10832    279.99385   -1605.6743    1641.4186 
   84000    300.04222    321.95331    282.68962   -1660.0651    1672.2066 
   85000      301.032    318.20742    280.92708   -1698.4724    1722.5098 
   86000    299.82083    318.62582    278.36971   -1748.8587    1767.8782 
   87000    300.50957    318.21943    287.85051   -1795.3348    1810.5543 
   88000    300.01853    316.94292    280.88882   -1845.2083    1862.2275 
   89000    300.45279     320.8333    284.01585   -1895.8654    1905.4262 
   90000    300.51418    317.11597    281.95659    -1933.417    1943.4996 
   91000    300.61545      317.442    284.16108    -1974.008    1980.1938 
   92000    300.56642    318.48143    281.60146   -2019.6764    2029.2605 
   93000    300.42466    315.67363    285.77187   -2060.1765    2073.3219 
   94000    300.22576    316.35892    279.10185   -2112.5961    2119.5643 
   95000     301.1184    315.62606    285.75482   -2145.0522    2160.4812 
   96000    300.45867    319.83854    283.23637   -2202.0827    2218.4468 
   97000    300.07942    318.29028    282.95987   -2231.6231    2254.5655 
   98000    300.17153    318.52312    279.46854   -2282.4466    2296.6851 
   99000    299.95303    319.75661    280.74226   -2331.0446    2343.9756 
  100000    300.67649    321.88675    281.11729   -2378.6707    2381.6448 
  101000      300.746    316.48459    282.15459   -2425.3221    2429.8309 
  102000    300.64835    321.15974    282.52579   -2481.6874      2472.97 
  103000    300.56949    317.64322    282.60026   -2518.8033    2514.5403 
  104000    301.67089    317.44231    284.99874   -2569.9573    2552.1428 
  105000    301.31048    319.57862    282.61362   -2612.5455     2594.187 
  106000    301.05134    319.76894    283.04074   -2662.6125    2644.6242 
  107000    301.13115    319.38576    283.21283   -2711.4616    2687.7356 
  108000     301.1728    317.12524    282.02476   -2749.2681     2734.995 
  109000    301.64297    315.48345    285.43873    -2796.589    2771.0672 
  110000    301.10501    314.69011    278.98167   -2832.3794    2827.0841 
  111000    300.85568    318.04615    279.75215   -2872.5333    2876.3222 
  112000    300.21558    315.51972    286.64039   -2908.8901    2922.3813 
  113000    300.63495    319.29834    282.23632   -2964.1051     2967.911 
  114000    299.46039    317.06818    281.83826   -3005.6895    3021.4814 
  115000    300.14003    317.91806    282.18924   -3038.5245    3076.2545 
  116000    300.76351    319.29752    283.42443   -3086.0218    3105.2874 
  117000    300.37469    319.78669    280.87155   -3150.4671    3163.6606 
  118000    300.66504    315.79534    284.09309    -3188.657    3207.8133 
  119000    299.91885    318.20218    283.71067   -3234.8109    3246.6026 
  120000    301.04604    321.43797    280.84633   -3286.3828    3293.5128 
  121000    300.56691    320.97118    284.48753   -3335.1751    3333.4684 
  122000    300.42139    315.23226    285.68303   -3371.1316    3374.1721 
  123000     300.8516    318.46398    286.07899   -3411.6718    3417.3909 
  124000    300.70538    319.50769     278.4286   -3463.4728    3460.1192 
  125000    301.13982    320.23284    279.91186   -3513.2749    3503.5305 
  126000     300.8863    319.68796     287.0204   -3548.5387    3542.6374 
  127000    300.57265    319.55163    282.45729   -3592.9908      3596.17 
  128000    300.82653    320.84841    282.85832    -3637.765    3638.5948 
  129000    300.48626     313.6123    286.73684   -3678.7515    3685.1529 
  130000    300.91153    314.55409    283.81859   -3718.2738    3732.8363 
  131000    301.23721    322.58378    280.20755   -3775.1121    3775.5427 
  132000    300.86812    317.83752     282.9048   -3813.7502    3815.5874 
  133000    300.83212     315.3744    281.09833   -3848.3601    3858.4321 
  134000    300.60282     320.0619    282.81472   -3915.7177    3906.3635 
  135000    299.89576       317.36    282.58848   -3958.5695    3943.6764 
  136000    300.78025    317.72478    281.87284    -3999.807    3987.2561 
  137000    301.80559      328.108    280.33114   -4055.8761    4046.5265 
  138000     300.6058    318.40338    284.17653    -4086.205    4087.9237 
  139000    301.32444    322.46042    282.28206   -4144.5261    4114.1276 
  140000    301.25761    315.08204    280.65787   -4177.1789    4166.0773 
  141000    300.49506    314.69898    285.52538   -4221.0694    4208.8548 
  142000    301.19588    316.36245    278.65825   -4265.8447      4271.42 
  143000     300.7568    320.86696    281.34809   -4313.6965    4321.1697 
  144000    300.19036    315.77392    280.06743   -4349.1582     4367.854 
  145000    299.95616    316.58976    282.84361   -4390.8293    4412.0502 
  145001    299.92918    315.98558    282.86739   -4390.1158    4412.0303 
Loop time of 6567.71 on 32 procs for 100000 steps with 193600 atoms

Performance: 0.658 ns/day, 36.487 hours/ns, 15.226 timesteps/s
90.4% CPU use with 32 MPI tasks x no OpenMP threads

MPI task timing breakdown:
Section |  min time  |  avg time  |  max time  |%varavg| %total
---------------------------------------------------------------
Pair    | 5442.2     | 5504.4     | 5584.6     |  41.8 | 83.81
Neigh   | 0          | 0          | 0          |   0.0 |  0.00
Comm    | 373.13     | 590.54     | 716.2      | 382.1 |  8.99
Output  | 0.10109    | 0.10593    | 0.10971    |   0.7 |  0.00
Modify  | 312.34     | 443.02     | 583.36     | 406.7 |  6.75
Other   |            | 29.66      |            |       |  0.45

Nlocal:    6050 ave 6097 max 5995 min
Histogram: 1 2 2 3 7 5 4 2 3 3
Nghost:    5892.5 ave 5948 max 5846 min
Histogram: 3 3 2 4 5 7 4 1 2 1
Neighs:    0 ave 0 max 0 min
Histogram: 32 0 0 0 0 0 0 0 0 0
FullNghs:  211554 ave 213517 max 209240 min
Histogram: 1 1 2 5 5 7 4 1 4 2

Total # of neighbors = 6769736
Ave neighs/atom = 34.9676
Neighbor list builds = 0
Dangerous builds = 0

# thermal conductivity calculation
# reset langevin thermostats to zero energy accumulation
reset_timestep 0
thermo		$c
thermo		500000
compute		ke all ke/atom
variable	temp atom c_ke/1.5/8.617332478e-5
fix		hot all langevin ${thi} ${thi} ${tdamp} 389516 tally yes
fix		hot all langevin 319.9225 ${thi} ${tdamp} 389516 tally yes
fix		hot all langevin 319.9225 319.9225 ${tdamp} 389516 tally yes
fix		hot all langevin 319.9225 319.9225 0.05 389516 tally yes
fix_modify	hot temp Thot
fix		cold all langevin ${tlo} ${tlo} ${tdamp} 46579 tally yes
fix		cold all langevin 280.0775 ${tlo} ${tdamp} 46579 tally yes
fix		cold all langevin 280.0775 280.0775 ${tdamp} 46579 tally yes
fix		cold all langevin 280.0775 280.0775 0.05 46579 tally yes
fix_modify	cold temp Tcold

compute		ch all chunk/atom bin/1d x lower 0.02 units reduced
fix		11 all ave/chunk $a $b $c ch v_temp file sw_${P}.langevin
fix		11 all ave/chunk 100 $b $c ch v_temp file sw_${P}.langevin
fix		11 all ave/chunk 100 5000 $c ch v_temp file sw_${P}.langevin
fix		11 all ave/chunk 100 5000 500000 ch v_temp file sw_${P}.langevin
fix		11 all ave/chunk 100 5000 500000 ch v_temp file sw_8.langevin
thermo_style	custom step temp c_Thot c_Tcold f_hot f_cold

run		${t2nve}
run		500000
Per MPI rank memory allocation (min/avg/max) = 5.118 | 5.12 | 5.121 Mbytes
Step Temp c_Thot c_Tcold f_hot f_cold 
       0    299.92918    315.75647    282.60199           -0           -0 
  500000    299.54608    317.83776    278.82283   -22134.052    22138.787 
Loop time of 32811 on 32 procs for 500000 steps with 193600 atoms

Performance: 0.658 ns/day, 36.457 hours/ns, 15.239 timesteps/s
90.6% CPU use with 32 MPI tasks x no OpenMP threads

MPI task timing breakdown:
Section |  min time  |  avg time  |  max time  |%varavg| %total
---------------------------------------------------------------
Pair    | 27145      | 27530      | 27978      | 123.2 | 83.91
Neigh   | 0          | 0          | 0          |   0.0 |  0.00
Comm    | 1913       | 2937.7     | 3582.3     | 833.6 |  8.95
Output  | 0.025867   | 0.4578     | 0.57652    |  17.9 |  0.00
Modify  | 1615.6     | 2199.2     | 2870.7     | 915.9 |  6.70
Other   |            | 143.5      |            |       |  0.44

Nlocal:    6050 ave 6113 max 5991 min
Histogram: 2 3 3 5 6 3 3 2 4 1
Nghost:    5892.5 ave 5952 max 5829 min
Histogram: 1 4 2 3 3 6 5 3 3 2
Neighs:    0 ave 0 max 0 min
Histogram: 32 0 0 0 0 0 0 0 0 0
FullNghs:  211516 ave 213948 max 209206 min
Histogram: 2 4 1 6 6 3 4 1 2 3

Total # of neighbors = 6768528
Ave neighs/atom = 34.9614
Neighbor list builds = 0
Dangerous builds = 0
clear
next		P
jump		Si.in
Total wall time: 33:33:26
