# temperature
variable	T equal 300
#cold region temperature
#variable        tlo equal 275
variable        tlo equal ${T}-${L}*${cte}/4.0
variable        tlo equal 300-${L}*${cte}/4.0
variable        tlo equal 300-50*${cte}/4.0
variable        tlo equal 300-50*1.5938/4.0
#hot region temperature
#variable        thi equal ${cte}*${L}/2+${tlo}
variable        thi equal ${T}+${L}*${cte}/4.0
variable        thi equal 300+${L}*${cte}/4.0
variable        thi equal 300+50*${cte}/4.0
variable        thi equal 300+50*1.5938/4.0

#time step (picoseconds)
variable	dt equal 0.0005 # 0.5 femtoseconds
#number of time steps for NPT
variable	tnpt equal 5000
#number of time steps for NVT
variable	tnvt equal 40000
#number of time steps for first NVE
variable	t1nve equal 100000
#number of time steps for second NVE
variable	t2nve equal 500000

################### Variable Based on LAMMPS Documentation ######################
variable	a equal 100
variable	c equal ${t2nve}
variable	c equal 500000
variable	b equal $c/$a
variable	b equal 500000/$a
variable	b equal 500000/100
variable	tdamp equal ${dt}*100
variable	tdamp equal 0.0005*100
variable	pdamp equal ${dt}*1000
variable	pdamp equal 0.0005*1000

#----------------------------------------------------------------------------------------
# setup problem
dimension       3
boundary        p p p
atom_style      atomic
lattice 	diamond ${LC} origin 0.0 0.0 0.0 orient x 1 0 0 orient y 0 1 0 orient z 0 0 1
lattice 	diamond 5.43 origin 0.0 0.0 0.0 orient x 1 0 0 orient y 0 1 0 orient z 0 0 1
Lattice spacing in x,y,z = 5.43 5.43 5.43
region          0 block 0 $L 0 $W 0 $H units lattice side in
region          0 block 0 50 0 $W 0 $H units lattice side in
region          0 block 0 50 0 22 0 $H units lattice side in
region          0 block 0 50 0 22 0 22 units lattice side in
create_box      1 0
Created orthogonal box = (0 0 0) to (271.5 119.46 119.46)
  8 by 2 by 2 MPI processor grid
create_atoms    1 region 0
Created 193600 atoms
mass		1 28.0855
#dump		1 all xyz 1000 Si_W_${W}nm.xyz
#dump_modify	1 element Si

############################################
pair_style   sw
pair_coeff   * * Si${P}.sw Si
pair_coeff   * * Si4.sw Si
thermo		100
thermo_style custom step lx
min_style cg
minimize 0.0 1.0e-8 10000 100000
WARNING: Using 'neigh_modify every 1 delay 0 check yes' setting during minimization (../min.cpp:168)
Neighbor list info ...
  update every 1 steps, delay 0 steps, check yes
  max neighbors/atom: 2000, page size: 100000
  master list distance cutoff = 6.14238
  ghost atom cutoff = 6.14238
  binsize = 3.07119, bins = 89 39 39
  1 neighbor lists, perpetual/occasional/extra = 1 0 0
  (1) pair sw, perpetual
      attributes: full, newton on
      pair build: full/bin/atomonly
      stencil: full/bin/3d
      bin: standard
Per MPI rank memory allocation (min/avg/max) = 5.23 | 5.23 | 5.23 Mbytes
Step Lx 
       0        271.5 
       1        271.5 
Loop time of 0.319578 on 32 procs for 1 steps with 193600 atoms

94.2% CPU use with 32 MPI tasks x no OpenMP threads

Minimization stats:
  Stopping criterion = force tolerance
  Energy initial, next-to-last, final = 
        -1231002.21166     -1231002.21166     -1231002.21166
  Force two-norm initial, final = 8.66968e-11 8.66981e-11
  Force max component initial, final = 3.24722e-13 3.26295e-13
  Final line search alpha, max atom move = 1 3.26295e-13
  Iterations, force evaluations = 1 2

MPI task timing breakdown:
Section |  min time  |  avg time  |  max time  |%varavg| %total
---------------------------------------------------------------
Pair    | 0.28584    | 0.28804    | 0.30581    |   0.6 | 90.13
Neigh   | 0          | 0          | 0          |   0.0 |  0.00
Comm    | 0.005836   | 0.018897   | 0.030094   |   6.3 |  5.91
Output  | 0          | 0          | 0          |   0.0 |  0.00
Modify  | 0          | 0          | 0          |   0.0 |  0.00
Other   |            | 0.01265    |            |       |  3.96

Nlocal:    6050 ave 6050 max 6050 min
Histogram: 32 0 0 0 0 0 0 0 0 0
Nghost:    5892.5 ave 5893 max 5892 min
Histogram: 16 0 0 0 0 0 0 0 0 16
Neighs:    0 ave 0 max 0 min
Histogram: 32 0 0 0 0 0 0 0 0 0
FullNghs:  278300 ave 278300 max 278300 min
Histogram: 32 0 0 0 0 0 0 0 0 0

Total # of neighbors = 8905600
Ave neighs/atom = 46
Neighbor list builds = 0
Dangerous builds = 0
timestep     ${dt}
timestep     0.0005
velocity 	all create $T 492845
velocity 	all create 300 492845


fix 		NPT all npt temp $T $T ${tdamp} iso 0.0 0.0 ${pdamp}
fix 		NPT all npt temp 300 $T ${tdamp} iso 0.0 0.0 ${pdamp}
fix 		NPT all npt temp 300 300 ${tdamp} iso 0.0 0.0 ${pdamp}
fix 		NPT all npt temp 300 300 0.05 iso 0.0 0.0 ${pdamp}
fix 		NPT all npt temp 300 300 0.05 iso 0.0 0.0 0.5
thermo		100
thermo_style custom step lx press
run		${tnpt}
run		5000
Per MPI rank memory allocation (min/avg/max) = 4.105 | 4.105 | 4.105 Mbytes
Step Lx Press 
       1        271.5    16688.587 
     100    274.11607    16723.211 
     200    275.93889    6921.0785 
     300    276.62032    781.08661 
     400    276.80974    388.98879 
     500    276.98883    129.83208 
     600      277.062    30.820108 
     700    277.08682    139.33297 
     800    277.12877     48.04136 
     900     277.1739    49.474582 
    1000    277.19914    32.436027 
    1100    277.23239    80.707396 
    1200    277.25608   -11.115123 
    1300    277.28137    24.861502 
    1400     277.2993    59.127499 
    1500     277.3224    24.872059 
    1600    277.32389    97.380024 
    1700    277.36322   -50.382577 
    1800    277.37413    4.5874249 
    1900    277.39227   -65.203834 
    2000    277.39501    53.657281 
    2100    277.40805    9.6051153 
    2200    277.43123    5.0514501 
    2300    277.44578    37.348592 
    2400    277.44074    7.0625033 
    2500    277.46675   -103.27028 
    2600    277.47683    8.9390366 
    2700    277.49733   -37.617667 
    2800     277.4953    29.225937 
    2900    277.51345   -13.850555 
    3000    277.53489   -15.667098 
    3100    277.52909     106.6714 
    3200    277.52439    42.566731 
    3300    277.56603   -194.62655 
    3400    277.55981    -24.99433 
    3500    277.56768   -19.354154 
    3600    277.57778   -31.724594 
    3700    277.56853    55.125451 
    3800    277.58078    24.405793 
    3900    277.59413   -3.5039873 
    4000    277.60519   -43.745763 
    4100    277.60805     77.55528 
    4200    277.61592    63.057889 
    4300    277.62379    36.519452 
    4400    277.62408   -32.418164 
    4500    277.62899   -9.3234532 
    4600    277.62635    71.666932 
    4700    277.65061   -112.78091 
    4800    277.64689    24.433055 
    4900    277.64953    114.01615 
    5000     277.6623    115.19565 
    5001    277.66244    116.00614 
Loop time of 466.439 on 32 procs for 5000 steps with 193600 atoms

Performance: 0.463 ns/day, 51.827 hours/ns, 10.720 timesteps/s
92.0% CPU use with 32 MPI tasks x no OpenMP threads

MPI task timing breakdown:
Section |  min time  |  avg time  |  max time  |%varavg| %total
---------------------------------------------------------------
Pair    | 401.62     | 405.36     | 416.27     |  15.9 | 86.91
Neigh   | 0.41772    | 0.42522    | 0.54321    |   3.3 |  0.09
Comm    | 23.205     | 38.48      | 46.61      |  87.4 |  8.25
Output  | 0.028391   | 0.034996   | 0.037773   |   1.3 |  0.01
Modify  | 12.895     | 21.047     | 26.997     | 100.7 |  4.51
Other   |            | 1.088      |            |       |  0.23

Nlocal:    6050 ave 6091 max 6014 min
Histogram: 2 2 3 4 8 6 2 2 1 2
Nghost:    5814.16 ave 5864 max 5777 min
Histogram: 2 3 6 7 5 3 1 1 2 2
Neighs:    0 ave 0 max 0 min
Histogram: 32 0 0 0 0 0 0 0 0 0
FullNghs:  246109 ave 248493 max 244291 min
Histogram: 3 2 2 8 6 6 1 2 1 1

Total # of neighbors = 7875486
Ave neighs/atom = 40.6792
Neighbor list builds = 27
Dangerous builds = 0
unfix		NPT
variable	length equal lx/${LC}
variable	length equal lx/5.43

################### Geometrical Parameters After Relaxation ###############################
# Thermostat_width
variable	TW equal ${length}/40
variable	TW equal 51.1348878395893/40
# Hot_Start
variable	hs equal ${length}/4-${TW}
variable	hs equal 51.1348878395893/4-${TW}
variable	hs equal 51.1348878395893/4-1.27837219598973
# Hot_End
variable	he equal ${length}/4+${TW}
variable	he equal 51.1348878395893/4+${TW}
variable	he equal 51.1348878395893/4+1.27837219598973
# Cold_Start
variable	cs equal 3*${length}/4-${TW}
variable	cs equal 3*51.1348878395893/4-${TW}
variable	cs equal 3*51.1348878395893/4-1.27837219598973
# Cold_End
variable	ce equal 3*${length}/4+${TW}
variable	ce equal 3*51.1348878395893/4+${TW}
variable	ce equal 3*51.1348878395893/4+1.27837219598973
###########################################################################################

################### Defining Thermostat ###################################################
region 		hot block ${hs} ${he} EDGE EDGE EDGE EDGE
region 		hot block 11.5053497639076 ${he} EDGE EDGE EDGE EDGE
region 		hot block 11.5053497639076 14.0620941558871 EDGE EDGE EDGE EDGE
region 		cold block ${cs} ${ce} EDGE EDGE EDGE EDGE
region 		cold block 37.0727936837022 ${ce} EDGE EDGE EDGE EDGE
region 		cold block 37.0727936837022 39.6295380756817 EDGE EDGE EDGE EDGE
group		test region cold
9690 atoms in group test
group		test1 region hot
9702 atoms in group test1
compute		Thot all temp/region hot
compute         Tcold all temp/region cold
###########################################################################################

fix		NVT all nvt temp $T $T ${tdamp}
fix		NVT all nvt temp 300 $T ${tdamp}
fix		NVT all nvt temp 300 300 ${tdamp}
fix		NVT all nvt temp 300 300 0.05
thermo		1000
thermo_style	custom step temp
run		${tnvt}
run		40000
Per MPI rank memory allocation (min/avg/max) = 4.114 | 4.114 | 4.114 Mbytes
Step Temp 
    5001    300.06669 
    6000    300.74517 
    7000    301.73351 
    8000    302.44409 
    9000    309.56651 
   10000    324.83509 
   11000    347.44477 
   12000     360.4877 
   13000    355.09982 
   14000    332.10008 
   15000    311.82747 
   16000    303.37061 
   17000    301.37664 
   18000    300.53763 
   19000    300.35114 
   20000    300.98074 
   21000    298.49306 
   22000    300.56359 
   23000    300.13861 
   24000    300.82236 
   25000    300.87382 
   26000    299.75619 
   27000    299.85107 
   28000    299.63786 
   29000    299.39003 
   30000    299.51166 
   31000    299.70018 
   32000    300.28262 
   33000    300.17567 
   34000    300.25946 
   35000    300.39702 
   36000    300.56177 
   37000    299.67904 
   38000    300.14243 
   39000    300.94647 
   40000    299.12977 
   41000    300.66313 
   42000    298.57981 
   43000    299.86615 
   44000    299.54155 
   45000    299.95594 
   45001    299.93174 
Loop time of 3168.97 on 32 procs for 40000 steps with 193600 atoms

Performance: 0.545 ns/day, 44.014 hours/ns, 12.622 timesteps/s
92.1% CPU use with 32 MPI tasks x no OpenMP threads

MPI task timing breakdown:
Section |  min time  |  avg time  |  max time  |%varavg| %total
---------------------------------------------------------------
Pair    | 2712.6     | 2761.5     | 2820.5     |  43.5 | 87.14
Neigh   | 2.9673     | 3.0317     | 3.8167     |   8.3 |  0.10
Comm    | 165.8      | 269.47     | 345.07     | 258.0 |  8.50
Output  | 0.022922   | 0.026002   | 0.029385   |   0.9 |  0.00
Modify  | 63.059     | 121.74     | 171.53     | 308.3 |  3.84
Other   |            | 13.16      |            |       |  0.42

Nlocal:    6050 ave 6072 max 6028 min
Histogram: 2 1 3 7 5 4 2 3 1 4
Nghost:    5767.47 ave 5810 max 5736 min
Histogram: 4 1 6 5 4 5 3 2 1 1
Neighs:    0 ave 0 max 0 min
Histogram: 32 0 0 0 0 0 0 0 0 0
FullNghs:  283366 ave 285286 max 281034 min
Histogram: 1 2 1 4 6 4 5 5 2 2

Total # of neighbors = 9067704
Ave neighs/atom = 46.8373
Neighbor list builds = 191
Dangerous builds = 0
velocity	all scale $T
velocity	all scale 300
unfix		NVT

fix		NVE all nve
fix		hot all langevin ${thi} ${thi} ${tdamp} 389516 tally yes
fix		hot all langevin 319.9225 ${thi} ${tdamp} 389516 tally yes
fix		hot all langevin 319.9225 319.9225 ${tdamp} 389516 tally yes
fix		hot all langevin 319.9225 319.9225 0.05 389516 tally yes
fix_modify	hot temp Thot
fix		cold all langevin ${tlo} ${tlo} ${tdamp} 46579 tally yes
fix		cold all langevin 280.0775 ${tlo} ${tdamp} 46579 tally yes
fix		cold all langevin 280.0775 280.0775 ${tdamp} 46579 tally yes
fix		cold all langevin 280.0775 280.0775 0.05 46579 tally yes
fix_modify	cold temp Tcold

thermo_style	custom step temp c_Thot c_Tcold f_hot f_cold
run		${t1nve}
run		100000
Per MPI rank memory allocation (min/avg/max) = 4.864 | 4.864 | 4.864 Mbytes
Step Temp c_Thot c_Tcold f_hot f_cold 
   45001          300    312.37155    286.47393           -0           -0 
   46000    301.86064    323.18264    278.65489   -19.910855    39.714346 
   47000    302.79794    322.83817    278.37247   -15.009559    43.030068 
   48000    303.06696    318.98224    280.85418   -9.4444901    60.958158 
   49000     305.3006     322.5562    282.03356   -15.549842    66.322712 
   50000    305.77978    323.53264    279.06529   -13.280676    104.25427 
   51000    306.12481    315.49621    283.72545   -1.2517291    107.45614 
   52000    307.01117     318.5041    283.93074     4.181646    130.00972 
   53000    308.55222    323.53834    276.18352   -14.510587     159.1413 
   54000    308.19943    318.76007    276.92042     7.297583    166.28097 
   55000    308.64269    319.56737    281.19593    13.024084    177.91261 
   56000    310.49967    324.46234    281.77896    9.3734831    199.96164 
   57000    309.82508    315.67837    278.24422    36.598672    221.54182 
   58000    309.59031    320.75236    277.85785    38.423636    250.59387 
   59000    310.80566    320.19302     278.7477    50.334315    259.84927 
   60000    311.23495    317.62728    279.20413    48.134146     273.5197 
   61000    311.37323    320.18526    278.52853    48.160798    294.25297 
   62000    312.47991    316.62681    279.33994    57.772147    313.58684 
   63000    312.89787    320.12516    285.16356    57.651059    321.49131 
   64000    314.24056    323.36576    280.56872    47.020806    352.11639 
   65000    312.82766    318.60147    278.58121     57.69671    376.32885 
   66000    313.66999    323.84164    280.47725    72.126699    397.47176 
   67000    313.49376    320.53037    281.68681    89.169066    412.45183 
   68000     314.0729    319.00874    280.84514    90.600719    419.77745 
   69000    314.17321    316.57985    279.35743    97.301915    444.60638 
   70000    314.59908    323.71384    282.21151    101.42965    459.78671 
   71000    314.27949    313.02001     278.9704    120.09441    469.44091 
   72000    314.83325    319.14708    278.90811    119.07274    494.19771 
   73000    314.53406    320.07162    281.22709    128.48647      513.258 
   74000    314.41808     322.3258    280.92384    131.85785    525.67137 
   75000    315.59971    319.69105    280.78629    146.61865    555.02314 
   76000    314.80505    318.14425    278.15172    157.61552    568.91009 
   77000    314.95165    321.35365    280.26703    163.09232    590.61289 
   78000    315.53439    325.60509     283.6457    172.88744    605.08558 
   79000    314.63728    323.15487    279.48849     184.2354      634.906 
   80000     315.2301    320.04354     282.3602    193.39485    646.36272 
   81000    314.73518    320.12522    279.83015    195.83869     677.5656 
   82000    315.69052    321.39772      283.223    205.93806    684.52647 
   83000    314.42255    317.27541     280.5251    223.76142     704.5606 
   84000     315.3054    322.60091    276.70653    228.85205    721.14898 
   85000    314.79831    319.99777     280.6797    241.18862    732.58651 
   86000      315.164    317.83914    279.37987    244.21655    747.00795 
   87000    315.43657    315.87677     276.7131    249.05598    774.03235 
   88000    314.97247     318.9193    279.30974    256.96406    788.19783 
   89000    316.43432    316.02551    284.65041    261.84759    805.03085 
   90000    316.41941    321.12835    280.77266    266.39368    830.64558 
   91000    315.54636    317.49005    282.39175     279.4493    851.93191 
   92000     315.2942    318.56586    282.48093    283.35747    881.16077 
   93000     314.7927    318.09981    283.48229    285.91488    900.61647 
   94000    314.89803     319.4682     280.6155      295.464    921.62759 
   95000    316.75773    324.67469    278.23699    293.11328    932.24724 
   96000    314.98027     318.8149    280.37381    312.17293    955.43818 
   97000    315.60805     323.0757    280.62372    319.08618    979.08308 
   98000    314.03554    314.59839    275.83009    341.46688    997.98525 
   99000    315.26997    324.47432    279.28058    342.83821     1021.766 
  100000    315.75465    324.42896    284.74285    342.48792    1035.5472 
  101000    314.51733    321.56735    284.37532    344.02455    1055.5891 
  102000    315.17441    317.35057    281.00472    361.02786    1082.7041 
  103000    314.63364    315.78591    278.75816    364.22819    1107.7042 
  104000    315.20525    318.44815    279.35728    379.24837     1123.786 
  105000    315.32156     322.7197    281.65091     374.7922    1141.1012 
  106000    314.66284    318.05709    277.89687    388.65264    1162.0564 
  107000    314.49541    318.59016    281.99276    402.55214     1187.019 
  108000    313.17302    316.28728    282.36069     407.4006     1205.682 
  109000    314.40497    317.33033     278.1739    402.13018    1224.8367 
  110000    313.95292    320.25796    282.18962    404.11506    1234.2438 
  111000    314.47068    320.06379    281.48104     402.9762    1250.1925 
  112000    313.86074    318.41527    282.92199     416.8014    1275.6477 
  113000    313.09248    320.32019    277.07381    420.47807    1306.4962 
  114000    313.99379     317.6073    282.66158    422.73297    1315.8777 
  115000    312.98501    321.17458    279.28993    441.38581    1337.3421 
  116000    312.95261    317.13028     278.6684    447.04565     1360.815 
  117000    313.20459     323.7047     278.6556    447.54508    1376.5757 
  118000    313.23691    318.98164    280.97496    461.73496     1383.673 
  119000     313.2759    323.15869    281.63169    453.36852    1398.9642 
  120000    312.79475    320.54698    280.49822    469.82221      1420.44 
  121000    312.94192    319.08947    280.24067    479.79551    1444.5767 
  122000    312.04747    319.05242     281.6436    477.34775    1458.6894 
  123000    311.82466    319.29283    277.08297    488.74951    1499.8113 
  124000    312.33136     320.7373    280.74353    501.62381    1508.4167 
  125000    311.77549     317.6491    279.90065    501.49584     1521.036 
  126000    311.13178    322.55597    273.66374    496.50505    1535.0354 
  127000     311.8299    317.73765     281.2968      506.402    1551.6194 
  128000    311.50801    318.32746    280.96067    517.91034    1569.4525 
  129000    311.85927    317.57071    280.27657    520.41549    1581.0554 
  130000    311.96553    319.65548    284.06741    522.44825    1599.0584 
  131000    311.45133    317.45483    277.26885    524.48893    1613.4213 
  132000    311.77442     318.6989    279.09409    530.33874    1626.4189 
  133000    311.26582    319.27077    281.68858    529.01346    1634.4404 
  134000    311.73972    320.81348    282.50347    533.63419    1647.4825 
  135000    311.25764    321.12588    281.09477    535.26937    1674.6858 
  136000    311.12234    321.58615    282.50253    548.63345    1685.3252 
  137000    311.11238    319.47869     281.7284    564.51195    1707.0775 
  138000    310.56931    321.74332    283.95039    552.32784    1715.1865 
  139000    310.86617    321.79553    284.02274    559.12738    1733.0645 
  140000    309.74359    319.16533    281.66187    566.17568    1751.7026 
  141000    309.69799    317.76607    280.49172    562.20767    1769.6412 
  142000    309.85781    317.61609    277.75024    566.26396    1789.5539 
  143000    309.82153    324.81405    278.27589    568.85953    1802.0924 
  144000    310.13333    320.08957    282.25144    582.20205    1813.5972 
  145000    310.13408    320.59509    275.22571    569.57306    1836.2809 
  145001    310.02092    320.25056    274.80547    569.50107    1836.7986 
Loop time of 7990.7 on 32 procs for 100000 steps with 193600 atoms

Performance: 0.541 ns/day, 44.393 hours/ns, 12.515 timesteps/s
92.2% CPU use with 32 MPI tasks x no OpenMP threads

MPI task timing breakdown:
Section |  min time  |  avg time  |  max time  |%varavg| %total
---------------------------------------------------------------
Pair    | 6795.5     | 6886.7     | 7047.7     |  54.1 | 86.18
Neigh   | 4.1936     | 4.2699     | 5.3901     |   9.9 |  0.05
Comm    | 376.33     | 637.91     | 775.4      | 396.9 |  7.98
Output  | 0.099039   | 0.11105    | 0.11441    |   0.9 |  0.00
Modify  | 304.62     | 428.69     | 560.32     | 397.1 |  5.36
Other   |            | 32.98      |            |       |  0.41

Nlocal:    6050 ave 6079 max 6023 min
Histogram: 1 3 3 6 5 6 2 2 2 2
Nghost:    5773.09 ave 5820 max 5715 min
Histogram: 3 0 1 3 6 6 4 4 2 3
Neighs:    0 ave 0 max 0 min
Histogram: 32 0 0 0 0 0 0 0 0 0
FullNghs:  284683 ave 286480 max 283019 min
Histogram: 1 3 3 3 7 7 5 0 1 2

Total # of neighbors = 9109852
Ave neighs/atom = 47.055
Neighbor list builds = 270
Dangerous builds = 0

# thermal conductivity calculation
# reset langevin thermostats to zero energy accumulation
reset_timestep 0
thermo		$c
thermo		500000
compute		ke all ke/atom
variable	temp atom c_ke/1.5/8.617332478e-5
fix		hot all langevin ${thi} ${thi} ${tdamp} 389516 tally yes
fix		hot all langevin 319.9225 ${thi} ${tdamp} 389516 tally yes
fix		hot all langevin 319.9225 319.9225 ${tdamp} 389516 tally yes
fix		hot all langevin 319.9225 319.9225 0.05 389516 tally yes
fix_modify	hot temp Thot
fix		cold all langevin ${tlo} ${tlo} ${tdamp} 46579 tally yes
fix		cold all langevin 280.0775 ${tlo} ${tdamp} 46579 tally yes
fix		cold all langevin 280.0775 280.0775 ${tdamp} 46579 tally yes
fix		cold all langevin 280.0775 280.0775 0.05 46579 tally yes
fix_modify	cold temp Tcold

compute		ch all chunk/atom bin/1d x lower 0.02 units reduced
fix		11 all ave/chunk $a $b $c ch v_temp file sw_${P}.langevin
fix		11 all ave/chunk 100 $b $c ch v_temp file sw_${P}.langevin
fix		11 all ave/chunk 100 5000 $c ch v_temp file sw_${P}.langevin
fix		11 all ave/chunk 100 5000 500000 ch v_temp file sw_${P}.langevin
fix		11 all ave/chunk 100 5000 500000 ch v_temp file sw_4.langevin
thermo_style	custom step temp c_Thot c_Tcold f_hot f_cold

run		${t2nve}
run		500000
Per MPI rank memory allocation (min/avg/max) = 5.115 | 5.115 | 5.115 Mbytes
Step Temp c_Thot c_Tcold f_hot f_cold 
       0    310.02092    320.27554    274.71429           -0           -0 
  500000    300.32122      316.149    279.41683    -2112.371     4150.839 
Loop time of 39901.6 on 32 procs for 500000 steps with 193600 atoms

Performance: 0.541 ns/day, 44.335 hours/ns, 12.531 timesteps/s
92.4% CPU use with 32 MPI tasks x no OpenMP threads

MPI task timing breakdown:
Section |  min time  |  avg time  |  max time  |%varavg| %total
---------------------------------------------------------------
Pair    | 34179      | 34593      | 35489      | 113.0 | 86.69
Neigh   | 16.176     | 16.465     | 20.723     |  19.1 |  0.04
Comm    | 1633.9     | 3042.5     | 3639.2     | 893.2 |  7.63
Output  | 0.001      | 0.017193   | 0.017799   |   2.2 |  0.00
Modify  | 1507.6     | 2090       | 2729       | 914.0 |  5.24
Other   |            | 159.9      |            |       |  0.40

Nlocal:    6050 ave 6077 max 6016 min
Histogram: 1 2 3 3 2 4 7 6 3 1
Nghost:    5763.88 ave 5812 max 5721 min
Histogram: 2 1 6 5 4 2 7 3 1 1
Neighs:    0 ave 0 max 0 min
Histogram: 32 0 0 0 0 0 0 0 0 0
FullNghs:  285422 ave 286752 max 283268 min
Histogram: 1 0 1 4 3 7 5 1 8 2

Total # of neighbors = 9133494
Ave neighs/atom = 47.1771
Neighbor list builds = 1044
Dangerous builds = 0
clear
next		P
jump		Si.in
Total wall time: 27:06:27
