# temperature
variable	T equal 300
#cold region temperature
#variable        tlo equal 275
variable        tlo equal ${T}-${L}*${cte}/4.0
variable        tlo equal 300-${L}*${cte}/4.0
variable        tlo equal 300-50*${cte}/4.0
variable        tlo equal 300-50*1.5938/4.0
#hot region temperature
#variable        thi equal ${cte}*${L}/2+${tlo}
variable        thi equal ${T}+${L}*${cte}/4.0
variable        thi equal 300+${L}*${cte}/4.0
variable        thi equal 300+50*${cte}/4.0
variable        thi equal 300+50*1.5938/4.0

#time step (picoseconds)
variable	dt equal 0.0005 # 0.5 femtoseconds
#number of time steps for NPT
variable	tnpt equal 5000
#number of time steps for NVT
variable	tnvt equal 40000
#number of time steps for first NVE
variable	t1nve equal 100000
#number of time steps for second NVE
variable	t2nve equal 500000

################### Variable Based on LAMMPS Documentation ######################
variable	a equal 100
variable	c equal ${t2nve}
variable	c equal 500000
variable	b equal $c/$a
variable	b equal 500000/$a
variable	b equal 500000/100
variable	tdamp equal ${dt}*100
variable	tdamp equal 0.0005*100
variable	pdamp equal ${dt}*1000
variable	pdamp equal 0.0005*1000

#----------------------------------------------------------------------------------------
# setup problem
dimension       3
boundary        p p p
atom_style      atomic
lattice 	diamond ${LC} origin 0.0 0.0 0.0 orient x 1 0 0 orient y 0 1 0 orient z 0 0 1
lattice 	diamond 5.43 origin 0.0 0.0 0.0 orient x 1 0 0 orient y 0 1 0 orient z 0 0 1
Lattice spacing in x,y,z = 5.43 5.43 5.43
region          0 block 0 $L 0 $W 0 $H units lattice side in
region          0 block 0 50 0 $W 0 $H units lattice side in
region          0 block 0 50 0 22 0 $H units lattice side in
region          0 block 0 50 0 22 0 22 units lattice side in
create_box      1 0
Created orthogonal box = (0 0 0) to (271.5 119.46 119.46)
  8 by 2 by 2 MPI processor grid
create_atoms    1 region 0
Created 193600 atoms
mass		1 28.0855
#dump		1 all xyz 1000 Si_W_${W}nm.xyz
#dump_modify	1 element Si

############################################
pair_style   sw
pair_coeff   * * Si${P}.sw Si
pair_coeff   * * Si3.sw Si
thermo		100
thermo_style custom step lx
min_style cg
minimize 0.0 1.0e-8 10000 100000
WARNING: Using 'neigh_modify every 1 delay 0 check yes' setting during minimization (../min.cpp:168)
Neighbor list info ...
  update every 1 steps, delay 0 steps, check yes
  max neighbors/atom: 2000, page size: 100000
  master list distance cutoff = 5.79233
  ghost atom cutoff = 5.79233
  binsize = 2.89616, bins = 94 42 42
  1 neighbor lists, perpetual/occasional/extra = 1 0 0
  (1) pair sw, perpetual
      attributes: full, newton on
      pair build: full/bin/atomonly
      stencil: full/bin/3d
      bin: standard
Per MPI rank memory allocation (min/avg/max) = 5.239 | 5.24 | 5.242 Mbytes
Step Lx 
       0        271.5 
       1        271.5 
Loop time of 0.0414065 on 32 procs for 1 steps with 193600 atoms

74.6% CPU use with 32 MPI tasks x no OpenMP threads

Minimization stats:
  Stopping criterion = force tolerance
  Energy initial, next-to-last, final = 
        -835877.572075     -835877.572075     -835877.572075
  Force two-norm initial, final = 9.16705e-11 9.1605e-11
  Force max component initial, final = 5.33991e-13 5.36696e-13
  Final line search alpha, max atom move = 1 5.36696e-13
  Iterations, force evaluations = 1 2

MPI task timing breakdown:
Section |  min time  |  avg time  |  max time  |%varavg| %total
---------------------------------------------------------------
Pair    | 0.024691   | 0.025022   | 0.025385   |   0.1 | 60.43
Neigh   | 0          | 0          | 0          |   0.0 |  0.00
Comm    | 0.006265   | 0.0093188  | 0.012455   |   1.9 | 22.51
Output  | 0          | 0          | 0          |   0.0 |  0.00
Modify  | 0          | 0          | 0          |   0.0 |  0.00
Other   |            | 0.007066   |            |       | 17.06

Nlocal:    6050 ave 6050 max 6050 min
Histogram: 32 0 0 0 0 0 0 0 0 0
Nghost:    5892.5 ave 5893 max 5892 min
Histogram: 16 0 0 0 0 0 0 0 0 16
Neighs:    0 ave 0 max 0 min
Histogram: 32 0 0 0 0 0 0 0 0 0
FullNghs:  205700 ave 205700 max 205700 min
Histogram: 32 0 0 0 0 0 0 0 0 0

Total # of neighbors = 6582400
Ave neighs/atom = 34
Neighbor list builds = 0
Dangerous builds = 0
timestep     ${dt}
timestep     0.0005
velocity 	all create $T 492845
velocity 	all create 300 492845


fix 		NPT all npt temp $T $T ${tdamp} iso 0.0 0.0 ${pdamp}
fix 		NPT all npt temp 300 $T ${tdamp} iso 0.0 0.0 ${pdamp}
fix 		NPT all npt temp 300 300 ${tdamp} iso 0.0 0.0 ${pdamp}
fix 		NPT all npt temp 300 300 0.05 iso 0.0 0.0 ${pdamp}
fix 		NPT all npt temp 300 300 0.05 iso 0.0 0.0 0.5
thermo		100
thermo_style custom step lx press
run		${tnpt}
run		5000
Per MPI rank memory allocation (min/avg/max) = 4.114 | 4.115 | 4.117 Mbytes
Step Lx Press 
       1        271.5    3023.7695 
     100    271.85339   -1067.6755 
     200    271.79862   -149.60508 
     300    271.73433    454.30657 
     400    271.84403   -319.66265 
     500    271.78624    220.03093 
     600    271.83721   -34.880938 
     700    271.84285   -65.301466 
     800    271.85794    11.400956 
     900    271.87118    52.651285 
    1000    271.88487    27.248891 
    1100    271.90559   -41.137143 
    1200     271.9159   -16.175396 
    1300     271.9248     45.01893 
    1400    271.94093   -60.074212 
    1500    271.93894    62.840724 
    1600    271.94463   -16.986595 
    1700    271.94394   -61.490937 
    1800    271.93162    65.783143 
    1900    271.93565   -27.380842 
    2000    271.93635   -15.333724 
    2100    271.93801    18.431966 
    2200     271.9431   -26.037079 
    2300    271.94035    6.0581145 
    2400     271.9386   0.68221599 
    2500    271.93749   -7.6310596 
    2600    271.92897    14.023975 
    2700    271.94329   -28.864417 
    2800    271.93593    54.118449 
    2900    271.94241   -31.522941 
    3000    271.94516   -35.461893 
    3100    271.92434    83.852056 
    3200    271.95259   -131.83055 
    3300    271.91486    186.58238 
    3400     271.9651   -242.70215 
    3500    271.91498    249.40935 
    3600    271.95865   -204.67684 
    3700    271.93202    84.231549 
    3800    271.92788    74.251271 
    3900     271.9568   -212.04317 
    4000    271.91452    251.61196 
    4100     271.9559   -182.13469 
    4200    271.93785    25.474656 
    4300    271.93005     84.77951 
    4400    271.95281   -157.09035 
    4500    271.92002    170.20706 
    4600    271.94933   -124.90316 
    4700    271.93353    55.871207 
    4800    271.93825    16.211766 
    4900    271.94778   -80.389565 
    5000    271.92782    114.39516 
    5001    271.92769    115.07153 
Loop time of 144.446 on 32 procs for 5000 steps with 193600 atoms

Performance: 1.495 ns/day, 16.050 hours/ns, 34.615 timesteps/s
82.3% CPU use with 32 MPI tasks x no OpenMP threads

MPI task timing breakdown:
Section |  min time  |  avg time  |  max time  |%varavg| %total
---------------------------------------------------------------
Pair    | 100.82     | 102.14     | 104.25     |   9.2 | 70.71
Neigh   | 0          | 0          | 0          |   0.0 |  0.00
Comm    | 16.959     | 24.099     | 28.996     |  68.3 | 16.68
Output  | 0.026074   | 0.031786   | 0.0338     |   1.0 |  0.02
Modify  | 12.059     | 17.039     | 22.05      |  74.8 | 11.80
Other   |            | 1.138      |            |       |  0.79

Nlocal:    6050 ave 6050 max 6050 min
Histogram: 32 0 0 0 0 0 0 0 0 0
Nghost:    5892.5 ave 5893 max 5892 min
Histogram: 16 0 0 0 0 0 0 0 0 16
Neighs:    0 ave 0 max 0 min
Histogram: 32 0 0 0 0 0 0 0 0 0
FullNghs:  205700 ave 205700 max 205700 min
Histogram: 32 0 0 0 0 0 0 0 0 0

Total # of neighbors = 6582400
Ave neighs/atom = 34
Neighbor list builds = 0
Dangerous builds = 0
unfix		NPT
variable	length equal lx/${LC}
variable	length equal lx/5.43

################### Geometrical Parameters After Relaxation ###############################
# Thermostat_width
variable	TW equal ${length}/40
variable	TW equal 50.0787637306622/40
# Hot_Start
variable	hs equal ${length}/4-${TW}
variable	hs equal 50.0787637306622/4-${TW}
variable	hs equal 50.0787637306622/4-1.25196909326656
# Hot_End
variable	he equal ${length}/4+${TW}
variable	he equal 50.0787637306622/4+${TW}
variable	he equal 50.0787637306622/4+1.25196909326656
# Cold_Start
variable	cs equal 3*${length}/4-${TW}
variable	cs equal 3*50.0787637306622/4-${TW}
variable	cs equal 3*50.0787637306622/4-1.25196909326656
# Cold_End
variable	ce equal 3*${length}/4+${TW}
variable	ce equal 3*50.0787637306622/4+${TW}
variable	ce equal 3*50.0787637306622/4+1.25196909326656
###########################################################################################

################### Defining Thermostat ###################################################
region 		hot block ${hs} ${he} EDGE EDGE EDGE EDGE
region 		hot block 11.267721839399 ${he} EDGE EDGE EDGE EDGE
region 		hot block 11.267721839399 13.7716600259321 EDGE EDGE EDGE EDGE
region 		cold block ${cs} ${ce} EDGE EDGE EDGE EDGE
region 		cold block 36.3071037047301 ${ce} EDGE EDGE EDGE EDGE
region 		cold block 36.3071037047301 38.8110418912632 EDGE EDGE EDGE EDGE
group		test region cold
9593 atoms in group test
group		test1 region hot
9567 atoms in group test1
compute		Thot all temp/region hot
compute         Tcold all temp/region cold
###########################################################################################

fix		NVT all nvt temp $T $T ${tdamp}
fix		NVT all nvt temp 300 $T ${tdamp}
fix		NVT all nvt temp 300 300 ${tdamp}
fix		NVT all nvt temp 300 300 0.05
thermo		1000
thermo_style	custom step temp
run		${tnvt}
run		40000
Per MPI rank memory allocation (min/avg/max) = 4.116 | 4.119 | 4.121 Mbytes
Step Temp 
    5001    299.86353 
    6000     302.2488 
    7000    299.73319 
    8000     301.8703 
    9000    299.78118 
   10000    298.25837 
   11000    299.01359 
   12000    300.24196 
   13000    299.18659 
   14000    299.52854 
   15000    297.69315 
   16000     300.2052 
   17000    300.08621 
   18000    301.09083 
   19000    300.86983 
   20000    300.73551 
   21000     300.0181 
   22000    299.32039 
   23000    298.19779 
   24000    299.62898 
   25000    300.30843 
   26000    299.74025 
   27000    299.15675 
   28000    301.07269 
   29000    299.96355 
   30000    299.11155 
   31000    300.26624 
   32000    298.65806 
   33000    299.84086 
   34000    301.15103 
   35000    299.67299 
   36000    300.79908 
   37000    299.51006 
   38000    299.60701 
   39000    299.03491 
   40000    298.90876 
   41000    300.80277 
   42000    299.15264 
   43000    302.21848 
   44000    300.27599 
   45000    300.82214 
   45001    300.84256 
Loop time of 1087.46 on 32 procs for 40000 steps with 193600 atoms

Performance: 1.589 ns/day, 15.104 hours/ns, 36.783 timesteps/s
86.1% CPU use with 32 MPI tasks x no OpenMP threads

MPI task timing breakdown:
Section |  min time  |  avg time  |  max time  |%varavg| %total
---------------------------------------------------------------
Pair    | 825.94     | 838.82     | 858.4      |  22.4 | 77.14
Neigh   | 0          | 0          | 0          |   0.0 |  0.00
Comm    | 104.56     | 163.28     | 205.42     | 222.2 | 15.01
Output  | 0.02288    | 0.02464    | 0.028579   |   0.9 |  0.00
Modify  | 28.457     | 72.176     | 112.05     | 301.0 |  6.64
Other   |            | 13.16      |            |       |  1.21

Nlocal:    6050 ave 6097 max 5992 min
Histogram: 1 2 4 3 3 4 4 4 4 3
Nghost:    5892.5 ave 5950 max 5845 min
Histogram: 2 5 4 3 5 3 3 3 3 1
Neighs:    0 ave 0 max 0 min
Histogram: 32 0 0 0 0 0 0 0 0 0
FullNghs:  209034 ave 210717 max 207016 min
Histogram: 1 5 1 4 1 6 3 4 3 4

Total # of neighbors = 6689074
Ave neighs/atom = 34.551
Neighbor list builds = 0
Dangerous builds = 0
velocity	all scale $T
velocity	all scale 300
unfix		NVT

fix		NVE all nve
fix		hot all langevin ${thi} ${thi} ${tdamp} 389516 tally yes
fix		hot all langevin 319.9225 ${thi} ${tdamp} 389516 tally yes
fix		hot all langevin 319.9225 319.9225 ${tdamp} 389516 tally yes
fix		hot all langevin 319.9225 319.9225 0.05 389516 tally yes
fix_modify	hot temp Thot
fix		cold all langevin ${tlo} ${tlo} ${tdamp} 46579 tally yes
fix		cold all langevin 280.0775 ${tlo} ${tdamp} 46579 tally yes
fix		cold all langevin 280.0775 280.0775 ${tdamp} 46579 tally yes
fix		cold all langevin 280.0775 280.0775 0.05 46579 tally yes
fix_modify	cold temp Tcold

thermo_style	custom step temp c_Thot c_Tcold f_hot f_cold
run		${t1nve}
run		100000
Per MPI rank memory allocation (min/avg/max) = 4.868 | 4.869 | 4.871 Mbytes
Step Temp c_Thot c_Tcold f_hot f_cold 
   45001          300     302.2757    301.92211           -0           -0 
   46000     299.8401    316.62816    282.61562   -81.170545    86.509974 
   47000    299.03728    318.91861    286.06538   -95.451068    115.81939 
   48000      299.553    314.73552    282.18857    -132.4584    136.10984 
   49000    299.85445    319.90515     285.5206   -157.24747    155.44606 
   50000    299.10653    315.16126    278.15849   -176.70022    186.18805 
   51000    299.21726    322.08455    280.59611   -216.60291    201.91694 
   52000    300.16318    320.58068    278.83581   -239.22923    231.12754 
   53000    300.58239    323.70308    284.36691    -270.6172    248.30429 
   54000    300.53573    318.16862    279.97017   -296.82783    299.65691 
   55000    299.32606    317.19097    283.78686   -321.64675    318.71339 
   56000    300.16133    319.08978    280.21567   -355.73306    346.76334 
   57000    299.89677    319.31678    278.62377   -395.62839    385.48302 
   58000      299.646    317.73583    284.05189   -415.35613    420.47372 
   59000    300.00815    318.79004    275.71633   -453.11752     463.4144 
   60000    299.99142    317.28785    281.34478   -493.01864    476.56535 
   61000    299.70276    320.58296    281.22834    -534.6406    510.84687 
   62000    300.84793    321.57846    284.60555   -564.30746    545.09507 
   63000    299.96693     319.3117    286.30389    -585.6347    568.30956 
   64000    300.07121    318.02969    284.51039   -616.32241    606.57742 
   65000    300.31713    320.50447    283.81615   -647.70581    637.94528 
   66000    300.00661    320.90245    283.11525   -688.28006    678.26876 
   67000    299.21191    320.60472    283.05816   -717.99307    721.34066 
   68000    299.44782    315.94799    282.33144   -742.95858    747.78685 
   69000    300.20425     320.3952    278.15254    -789.7034    791.37396 
   70000    300.19262    316.24046    284.96088   -815.09601    815.08938 
   71000    299.56634    317.97333    279.51287   -855.34368    855.62477 
   72000    300.44698     318.7251    279.29399   -898.78768    885.53427 
   73000    300.46247    321.83748     281.5627   -936.31817    924.09033 
   74000    300.24197    321.03767    284.43694   -981.72829    952.81649 
   75000    300.42214    320.89941    281.68772   -1008.0947     999.2548 
   76000    299.27423    317.57573    278.89144   -1036.9295    1042.3447 
   77000    300.18192    317.53887    280.69667   -1080.1584    1069.8431 
   78000    300.94063    322.90532    283.50884   -1127.5395      1096.25 
   79000    300.59561    318.79791    277.13303   -1163.0508    1145.4064 
   80000    299.92297    319.65466    278.25933   -1202.4759    1179.8314 
   81000     300.2028    318.96301    284.75772   -1238.6001    1216.6807 
   82000    299.05126    312.84458    278.97692   -1260.6893    1260.5861 
   83000    299.31526    316.73758    281.03104   -1290.8279    1307.5179 
   84000    299.67622    326.79508    277.39211   -1343.1461    1346.8323 
   85000    299.00656     315.4957    279.42479   -1370.0896    1379.5087 
   86000    300.26755    317.04136    279.23764    -1418.668    1414.7127 
   87000    300.21442    321.55472    285.85833   -1462.7436    1447.4314 
   88000     300.7891    322.71106    281.25567   -1492.1482    1487.6351 
   89000    299.29206    320.07362    282.61432   -1512.4635      1520.68 
   90000    299.75865    317.82421    280.25696   -1555.3877    1556.2856 
   91000    299.63216    320.09033    281.87434   -1598.1131    1600.0491 
   92000     299.6401    315.65634    278.13703   -1628.3271    1638.6315 
   93000    299.64404    318.39657    285.14157   -1659.0135    1666.5248 
   94000    299.62423    320.80725    282.07463   -1708.6271    1705.8079 
   95000    299.77535     319.2685    282.47695   -1734.6877    1746.8009 
   96000    299.21801    313.80443    282.64579   -1762.5235    1781.4444 
   97000    299.36463    317.28198    281.30686   -1802.8696    1818.9709 
   98000    298.41539    318.58058    279.36355    -1856.315    1855.6167 
   99000    300.02506     321.1534    283.17404    -1894.265    1903.1237 
  100000    300.61568    319.84354    281.65561   -1932.3072    1926.3391 
  101000    300.28894    322.70879    280.60808   -1984.7689    1971.6611 
  102000    299.63867    314.79223    279.96129   -2015.1139    2009.3205 
  103000    299.69152    318.96498    277.69908   -2054.9348    2038.1965 
  104000    300.57424    318.42086    282.01099   -2085.6885    2062.7841 
  105000    301.30525    320.08193    284.30133   -2134.2569    2103.7051 
  106000    300.46614    323.00496    285.78071   -2174.7188    2145.2282 
  107000    299.99632    318.82443    281.67447   -2206.5394    2193.4564 
  108000    300.46264    317.76907    281.13664   -2246.7153    2234.1164 
  109000    299.83706    313.79987    280.16159   -2273.4766     2274.452 
  110000    300.08711    321.35054    282.25139   -2318.1952    2294.5938 
  111000     300.6722    323.19807    284.38331    -2357.948     2332.737 
  112000     299.3755    316.21879    280.97209   -2389.7771    2382.7499 
  113000    299.99824    322.08941    281.49619   -2437.9915    2412.5001 
  114000    299.96154     320.5445    283.38385   -2464.9815    2461.7446 
  115000    300.71335     317.7496    281.55345   -2501.9887    2508.3419 
  116000    298.85003    314.47758    282.58626   -2535.6591    2541.4747 
  117000    299.55585    321.99289    281.28272   -2571.3749    2586.6918 
  118000    299.29311    315.25547    278.85054   -2597.5237    2626.8582 
  119000    299.15122    320.94395    282.71197   -2646.1792    2657.9328 
  120000     299.3697     314.5676    280.02237    -2682.437    2701.0693 
  121000    299.14785    319.01364     283.8059   -2717.1195    2724.8882 
  122000    298.61643    315.46084    282.80227   -2741.8062    2761.4758 
  123000    299.38249    316.29838     279.9421    -2778.523    2809.4992 
  124000    299.20964    320.73245    281.43288   -2823.6768    2838.3868 
  125000    299.78402    321.58349    281.01642    -2866.436    2881.8195 
  126000    299.40689    313.54473    286.37627   -2885.9637    2911.1642 
  127000    298.90931    316.82145    284.57977   -2933.1217    2949.6681 
  128000    299.23863    317.49704    279.46073   -2970.6215    3001.2371 
  129000     298.6603    319.20661    280.07138   -3002.1042    3024.2997 
  130000    299.48297    318.15414    279.71218   -3051.8283    3058.2319 
  131000    299.15552    316.23126    279.59132    -3081.489    3103.4306 
  132000    299.39017    318.24066    281.63179   -3122.4951    3134.2951 
  133000    299.40661    318.59116    281.98421   -3153.6655    3167.1825 
  134000    299.08892    324.31732    281.47415   -3193.4339    3204.8808 
  135000    298.67875    315.72757    280.61501   -3224.0589    3249.6654 
  136000    299.43645    322.09857    282.37901   -3267.8347    3283.5143 
  137000    299.37038    317.41306    280.48539   -3299.7025    3319.7225 
  138000    299.21728    320.97988    280.58725   -3340.4479    3351.9008 
  139000    299.39306     317.1003    281.54673   -3377.4144    3396.3677 
  140000     299.2771    319.28975    279.72065   -3415.2491    3425.8562 
  141000     298.9204    317.66482    280.66148   -3453.7966    3462.4312 
  142000    299.50387    321.04702    281.94629   -3501.2258    3507.0784 
  143000    299.07397    322.71996    279.74588   -3535.0687    3536.8898 
  144000    299.40786    317.63992     277.9583   -3567.1608    3581.5872 
  145000    299.52989    322.85388    278.73543   -3621.1545    3614.9372 
  145001    299.49338     323.1463    277.93179   -3621.4362    3615.9216 
Loop time of 2882.8 on 32 procs for 100000 steps with 193600 atoms

Performance: 1.499 ns/day, 16.016 hours/ns, 34.688 timesteps/s
85.4% CPU use with 32 MPI tasks x no OpenMP threads

MPI task timing breakdown:
Section |  min time  |  avg time  |  max time  |%varavg| %total
---------------------------------------------------------------
Pair    | 2057.4     | 2098.2     | 2160.6     |  46.3 | 72.78
Neigh   | 0          | 0          | 0          |   0.0 |  0.00
Comm    | 274.17     | 432.56     | 535.03     | 359.5 | 15.00
Output  | 0.10353    | 0.10757    | 0.11091    |   0.6 |  0.00
Modify  | 220.64     | 318.77     | 425.06     | 378.2 | 11.06
Other   |            | 33.19      |            |       |  1.15

Nlocal:    6050 ave 6097 max 5993 min
Histogram: 3 0 1 2 8 5 2 8 1 2
Nghost:    5892.5 ave 5950 max 5845 min
Histogram: 2 1 7 3 5 8 2 1 0 3
Neighs:    0 ave 0 max 0 min
Histogram: 32 0 0 0 0 0 0 0 0 0
FullNghs:  209048 ave 210815 max 207011 min
Histogram: 3 0 2 1 9 5 3 5 3 1

Total # of neighbors = 6689540
Ave neighs/atom = 34.5534
Neighbor list builds = 0
Dangerous builds = 0

# thermal conductivity calculation
# reset langevin thermostats to zero energy accumulation
reset_timestep 0
thermo		$c
thermo		500000
compute		ke all ke/atom
variable	temp atom c_ke/1.5/8.617332478e-5
fix		hot all langevin ${thi} ${thi} ${tdamp} 389516 tally yes
fix		hot all langevin 319.9225 ${thi} ${tdamp} 389516 tally yes
fix		hot all langevin 319.9225 319.9225 ${tdamp} 389516 tally yes
fix		hot all langevin 319.9225 319.9225 0.05 389516 tally yes
fix_modify	hot temp Thot
fix		cold all langevin ${tlo} ${tlo} ${tdamp} 46579 tally yes
fix		cold all langevin 280.0775 ${tlo} ${tdamp} 46579 tally yes
fix		cold all langevin 280.0775 280.0775 ${tdamp} 46579 tally yes
fix		cold all langevin 280.0775 280.0775 0.05 46579 tally yes
fix_modify	cold temp Tcold

compute		ch all chunk/atom bin/1d x lower 0.02 units reduced
fix		11 all ave/chunk $a $b $c ch v_temp file sw_${P}.langevin
fix		11 all ave/chunk 100 $b $c ch v_temp file sw_${P}.langevin
fix		11 all ave/chunk 100 5000 $c ch v_temp file sw_${P}.langevin
fix		11 all ave/chunk 100 5000 500000 ch v_temp file sw_${P}.langevin
fix		11 all ave/chunk 100 5000 500000 ch v_temp file sw_3.langevin
thermo_style	custom step temp c_Thot c_Tcold f_hot f_cold

run		${t2nve}
run		500000
Per MPI rank memory allocation (min/avg/max) = 5.118 | 5.12 | 5.121 Mbytes
Step Temp c_Thot c_Tcold f_hot f_cold 
       0    299.49338    323.46778    277.56276           -0           -0 
  500000    299.57745    318.87253    279.15708   -18299.322    18317.379 
Loop time of 14418.9 on 32 procs for 500000 steps with 193600 atoms

Performance: 1.498 ns/day, 16.021 hours/ns, 34.677 timesteps/s
85.3% CPU use with 32 MPI tasks x no OpenMP threads

MPI task timing breakdown:
Section |  min time  |  avg time  |  max time  |%varavg| %total
---------------------------------------------------------------
Pair    | 10307      | 10491      | 10741      |  83.1 | 72.76
Neigh   | 0          | 0          | 0          |   0.0 |  0.00
Comm    | 1425.7     | 2199.4     | 2679.3     | 788.6 | 15.25
Output  | 0.000897   | 0.0039829  | 0.004139   |   0.9 |  0.00
Modify  | 1069.1     | 1560.3     | 2111.4     | 862.4 | 10.82
Other   |            | 167.7      |            |       |  1.16

Nlocal:    6050 ave 6091 max 6005 min
Histogram: 2 1 2 5 6 6 4 0 2 4
Nghost:    5892.5 ave 5937 max 5851 min
Histogram: 3 3 0 4 6 5 6 2 1 2
Neighs:    0 ave 0 max 0 min
Histogram: 32 0 0 0 0 0 0 0 0 0
FullNghs:  209037 ave 210631 max 207122 min
Histogram: 1 1 3 1 8 8 3 2 2 3

Total # of neighbors = 6689170
Ave neighs/atom = 34.5515
Neighbor list builds = 0
Dangerous builds = 0
clear
next		P
jump		Si.in
 units       metal
#----------------------------- User Input Variables --------------------------------------
################### Geometrical Parameters ###############################
variable	P index 1 2 3 4
variable	W equal 22
# Lattice Constant
variable	LC equal 5.43
# Length
variable	L equal 50
# Width
#variable	W equal 6
# Height
variable	H equal ${W}
variable	H equal 22
################### Simulation Condition ###############################
#DT/DX=cte
variable	cte equal 1.5938
log         sw_${P}.log
log         sw_4.log
