# temperature
variable	T equal 300
#cold region temperature
#variable        tlo equal 275
variable        tlo equal ${T}-${L}*${cte}/4.0
variable        tlo equal 300-${L}*${cte}/4.0
variable        tlo equal 300-50*${cte}/4.0
variable        tlo equal 300-50*1.5938/4.0
#hot region temperature
#variable        thi equal ${cte}*${L}/2+${tlo}
variable        thi equal ${T}+${L}*${cte}/4.0
variable        thi equal 300+${L}*${cte}/4.0
variable        thi equal 300+50*${cte}/4.0
variable        thi equal 300+50*1.5938/4.0

#time step (picoseconds)
variable	dt equal 0.0005 # 0.5 femtoseconds
#number of time steps for NPT
variable	tnpt equal 5000
#number of time steps for NVT
variable	tnvt equal 40000
#number of time steps for first NVE
variable	t1nve equal 100000
#number of time steps for second NVE
variable	t2nve equal 500000

################### Variable Based on LAMMPS Documentation ######################
variable	a equal 100
variable	c equal ${t2nve}
variable	c equal 500000
variable	b equal $c/$a
variable	b equal 500000/$a
variable	b equal 500000/100
variable	tdamp equal ${dt}*100
variable	tdamp equal 0.0005*100
variable	pdamp equal ${dt}*1000
variable	pdamp equal 0.0005*1000

#----------------------------------------------------------------------------------------
# setup problem
dimension       3
boundary        p p p
atom_style      atomic
lattice 	diamond ${LC} origin 0.0 0.0 0.0 orient x 1 0 0 orient y 0 1 0 orient z 0 0 1
lattice 	diamond 5.43 origin 0.0 0.0 0.0 orient x 1 0 0 orient y 0 1 0 orient z 0 0 1
Lattice spacing in x,y,z = 5.43 5.43 5.43
region          0 block 0 $L 0 $W 0 $H units lattice side in
region          0 block 0 50 0 $W 0 $H units lattice side in
region          0 block 0 50 0 22 0 $H units lattice side in
region          0 block 0 50 0 22 0 22 units lattice side in
create_box      1 0
Created orthogonal box = (0 0 0) to (271.5 119.46 119.46)
  8 by 2 by 2 MPI processor grid
create_atoms    1 region 0
Created 193600 atoms
mass		1 28.0855
#dump		1 all xyz 1000 Si_W_${W}nm.xyz
#dump_modify	1 element Si

############################################
pair_style   sw
pair_coeff   * * Si${P}.sw Si
pair_coeff   * * Si17.sw Si
thermo		100
thermo_style custom step lx
min_style cg
minimize 0.0 1.0e-8 10000 100000
WARNING: Using 'neigh_modify every 1 delay 0 check yes' setting during minimization (../min.cpp:168)
Neighbor list info ...
  update every 1 steps, delay 0 steps, check yes
  max neighbors/atom: 2000, page size: 100000
  master list distance cutoff = 5.58583
  ghost atom cutoff = 5.58583
  binsize = 2.79292, bins = 98 43 43
  1 neighbor lists, perpetual/occasional/extra = 1 0 0
  (1) pair sw, perpetual
      attributes: full, newton on
      pair build: full/bin/atomonly
      stencil: full/bin/3d
      bin: standard
Per MPI rank memory allocation (min/avg/max) = 5.242 | 5.242 | 5.242 Mbytes
Step Lx 
       0        271.5 
       1        271.5 
Loop time of 0.0421925 on 32 procs for 1 steps with 193600 atoms

73.2% CPU use with 32 MPI tasks x no OpenMP threads

Minimization stats:
  Stopping criterion = force tolerance
  Energy initial, next-to-last, final = 
        -712316.834889     -712316.834889     -712316.834889
  Force two-norm initial, final = 8.30875e-11 8.30321e-11
  Force max component initial, final = 4.81903e-13 4.8439e-13
  Final line search alpha, max atom move = 1 4.8439e-13
  Iterations, force evaluations = 1 2

MPI task timing breakdown:
Section |  min time  |  avg time  |  max time  |%varavg| %total
---------------------------------------------------------------
Pair    | 0.024639   | 0.025074   | 0.025588   |   0.2 | 59.43
Neigh   | 0          | 0          | 0          |   0.0 |  0.00
Comm    | 0.006435   | 0.0097806  | 0.013372   |   2.0 | 23.18
Output  | 0          | 0          | 0          |   0.0 |  0.00
Modify  | 0          | 0          | 0          |   0.0 |  0.00
Other   |            | 0.007338   |            |       | 17.39

Nlocal:    6050 ave 6050 max 6050 min
Histogram: 32 0 0 0 0 0 0 0 0 0
Nghost:    5892.5 ave 5893 max 5892 min
Histogram: 16 0 0 0 0 0 0 0 0 16
Neighs:    0 ave 0 max 0 min
Histogram: 32 0 0 0 0 0 0 0 0 0
FullNghs:  205700 ave 205700 max 205700 min
Histogram: 32 0 0 0 0 0 0 0 0 0

Total # of neighbors = 6582400
Ave neighs/atom = 34
Neighbor list builds = 0
Dangerous builds = 0
timestep     ${dt}
timestep     0.0005
velocity 	all create $T 492845
velocity 	all create 300 492845


fix 		NPT all npt temp $T $T ${tdamp} iso 0.0 0.0 ${pdamp}
fix 		NPT all npt temp 300 $T ${tdamp} iso 0.0 0.0 ${pdamp}
fix 		NPT all npt temp 300 300 ${tdamp} iso 0.0 0.0 ${pdamp}
fix 		NPT all npt temp 300 300 0.05 iso 0.0 0.0 ${pdamp}
fix 		NPT all npt temp 300 300 0.05 iso 0.0 0.0 0.5
thermo		100
thermo_style custom step lx press
run		${tnpt}
run		5000
Per MPI rank memory allocation (min/avg/max) = 4.117 | 4.117 | 4.117 Mbytes
Step Lx Press 
       1        271.5   -76941.951 
     100    267.55818   -34261.194 
     200    265.63398    -9339.066 
     300    264.95013   -1266.6938 
     400    264.88872    225.02423 
     500    264.90716    184.33957 
     600    264.91103   -144.06407 
     700    264.92375    25.122408 
     800    264.93834    51.812899 
     900    264.94018    50.942016 
    1000    264.95468   -50.490552 
    1100    264.96894    44.250368 
    1200    264.96758    71.300277 
    1300    264.98329   -69.690979 
    1400     264.9891    21.062446 
    1500    264.98934   -12.342922 
    1600    264.98842    10.837931 
    1700     264.9906   -47.253362 
    1800    264.98447   -14.822403 
    1900    264.97997    49.534374 
    2000    264.99283   -65.027844 
    2100    264.98237    42.368436 
    2200    264.99122    -14.63427 
    2300    264.98812    13.141914 
    2400    264.98451   0.44409581 
    2500    264.98604   -12.884965 
    2600    264.98389    21.540895 
    2700    264.98871    -22.55436 
    2800    264.98785    -5.261252 
    2900    264.98967   -7.8486529 
    3000    264.98424  -0.99452951 
    3100    264.98205    15.894358 
    3200    264.99032   -4.7037779 
    3300    264.98471    9.3177596 
    3400    264.98577   -17.969376 
    3500    264.99091   0.25422082 
    3600    264.98095    8.6377115 
    3700    264.98788   -13.326086 
    3800    264.99085   -29.499393 
    3900     264.9749      81.7862 
    4000    265.00081   -120.16142 
    4100    264.97359     114.6478 
    4200    264.99461   -47.005318 
    4300    264.98257   -13.627929 
    4400      264.987    48.596662 
    4500    264.98466   -25.425484 
    4600    264.98846   -29.669937 
    4700    264.98412    48.805708 
    4800    264.98917    -47.86653 
    4900    264.98504    13.257265 
    5000    264.98705    7.4567912 
    5001      264.987    7.9107035 
Loop time of 83.7367 on 32 procs for 5000 steps with 193600 atoms

Performance: 2.580 ns/day, 9.304 hours/ns, 59.711 timesteps/s
73.8% CPU use with 32 MPI tasks x no OpenMP threads

MPI task timing breakdown:
Section |  min time  |  avg time  |  max time  |%varavg| %total
---------------------------------------------------------------
Pair    | 47.183     | 48.235     | 54.396     |  20.2 | 57.60
Neigh   | 0.090556   | 0.094097   | 0.097191   |   0.5 |  0.11
Comm    | 12.749     | 21.365     | 25.678     |  69.5 | 25.51
Output  | 0.027635   | 0.032786   | 0.035571   |   1.2 |  0.04
Modify  | 8.679      | 12.725     | 17.28      |  70.7 | 15.20
Other   |            | 1.285      |            |       |  1.53

Nlocal:    6050 ave 6084 max 6012 min
Histogram: 2 5 1 1 3 6 5 5 1 3
Nghost:    5892.5 ave 5930 max 5858 min
Histogram: 3 1 4 6 4 5 1 1 5 2
Neighs:    0 ave 0 max 0 min
Histogram: 32 0 0 0 0 0 0 0 0 0
FullNghs:  205927 ave 207097 max 204632 min
Histogram: 3 4 1 1 3 6 4 6 1 3

Total # of neighbors = 6589660
Ave neighs/atom = 34.0375
Neighbor list builds = 8
Dangerous builds = 0
unfix		NPT
variable	length equal lx/${LC}
variable	length equal lx/5.43

################### Geometrical Parameters After Relaxation ###############################
# Thermostat_width
variable	TW equal ${length}/40
variable	TW equal 48.8005532944382/40
# Hot_Start
variable	hs equal ${length}/4-${TW}
variable	hs equal 48.8005532944382/4-${TW}
variable	hs equal 48.8005532944382/4-1.22001383236096
# Hot_End
variable	he equal ${length}/4+${TW}
variable	he equal 48.8005532944382/4+${TW}
variable	he equal 48.8005532944382/4+1.22001383236096
# Cold_Start
variable	cs equal 3*${length}/4-${TW}
variable	cs equal 3*48.8005532944382/4-${TW}
variable	cs equal 3*48.8005532944382/4-1.22001383236096
# Cold_End
variable	ce equal 3*${length}/4+${TW}
variable	ce equal 3*48.8005532944382/4+${TW}
variable	ce equal 3*48.8005532944382/4+1.22001383236096
###########################################################################################

################### Defining Thermostat ###################################################
region 		hot block ${hs} ${he} EDGE EDGE EDGE EDGE
region 		hot block 10.9801244912486 ${he} EDGE EDGE EDGE EDGE
region 		hot block 10.9801244912486 13.4201521559705 EDGE EDGE EDGE EDGE
region 		cold block ${cs} ${ce} EDGE EDGE EDGE EDGE
region 		cold block 35.3804011384677 ${ce} EDGE EDGE EDGE EDGE
region 		cold block 35.3804011384677 37.8204288031896 EDGE EDGE EDGE EDGE
group		test region cold
9569 atoms in group test
group		test1 region hot
9568 atoms in group test1
compute		Thot all temp/region hot
compute         Tcold all temp/region cold
###########################################################################################

fix		NVT all nvt temp $T $T ${tdamp}
fix		NVT all nvt temp 300 $T ${tdamp}
fix		NVT all nvt temp 300 300 ${tdamp}
fix		NVT all nvt temp 300 300 0.05
thermo		1000
thermo_style	custom step temp
run		${tnvt}
run		40000
Per MPI rank memory allocation (min/avg/max) = 4.121 | 4.121 | 4.121 Mbytes
Step Temp 
    5001     298.9699 
    6000    300.49716 
    7000    299.92413 
    8000    298.59496 
    9000    299.78524 
   10000    298.58415 
   11000    299.63553 
   12000    301.42986 
   13000    297.98484 
   14000    299.40015 
   15000    299.29799 
   16000     299.7153 
   17000    301.51253 
   18000    301.22048 
   19000    299.46332 
   20000     300.3878 
   21000    300.84781 
   22000    300.99983 
   23000    300.06835 
   24000      300.322 
   25000    300.62739 
   26000    300.37679 
   27000    299.19651 
   28000     299.1355 
   29000     299.0327 
   30000    299.93913 
   31000    300.71129 
   32000    300.85939 
   33000    300.90953 
   34000    299.51145 
   35000    299.69143 
   36000    300.05035 
   37000    300.15995 
   38000    300.39958 
   39000    299.72394 
   40000    300.15615 
   41000    300.45984 
   42000    300.63446 
   43000    299.13568 
   44000    300.09191 
   45000    297.82145 
   45001    297.77841 
Loop time of 616.63 on 32 procs for 40000 steps with 193600 atoms

Performance: 2.802 ns/day, 8.564 hours/ns, 64.869 timesteps/s
76.0% CPU use with 32 MPI tasks x no OpenMP threads

MPI task timing breakdown:
Section |  min time  |  avg time  |  max time  |%varavg| %total
---------------------------------------------------------------
Pair    | 374.7      | 380.59     | 386.49     |  16.2 | 61.72
Neigh   | 0          | 0          | 0          |   0.0 |  0.00
Comm    | 100.69     | 149.95     | 187.76     | 221.9 | 24.32
Output  | 0.022794   | 0.025671   | 0.02923    |   1.2 |  0.00
Modify  | 35.213     | 72.137     | 117.89     | 313.2 | 11.70
Other   |            | 13.93      |            |       |  2.26

Nlocal:    6050 ave 6090 max 5991 min
Histogram: 2 0 2 3 4 4 4 5 6 2
Nghost:    5892.44 ave 5952 max 5852 min
Histogram: 2 6 5 4 4 4 3 2 0 2
Neighs:    0 ave 0 max 0 min
Histogram: 32 0 0 0 0 0 0 0 0 0
FullNghs:  206729 ave 208098 max 204665 min
Histogram: 2 0 2 3 3 5 5 4 4 4

Total # of neighbors = 6615330
Ave neighs/atom = 34.1701
Neighbor list builds = 0
Dangerous builds = 0
velocity	all scale $T
velocity	all scale 300
unfix		NVT

fix		NVE all nve
fix		hot all langevin ${thi} ${thi} ${tdamp} 389516 tally yes
fix		hot all langevin 319.9225 ${thi} ${tdamp} 389516 tally yes
fix		hot all langevin 319.9225 319.9225 ${tdamp} 389516 tally yes
fix		hot all langevin 319.9225 319.9225 0.05 389516 tally yes
fix_modify	hot temp Thot
fix		cold all langevin ${tlo} ${tlo} ${tdamp} 46579 tally yes
fix		cold all langevin 280.0775 ${tlo} ${tdamp} 46579 tally yes
fix		cold all langevin 280.0775 280.0775 ${tdamp} 46579 tally yes
fix		cold all langevin 280.0775 280.0775 0.05 46579 tally yes
fix_modify	cold temp Tcold

thermo_style	custom step temp c_Thot c_Tcold f_hot f_cold
run		${t1nve}
run		100000
Per MPI rank memory allocation (min/avg/max) = 4.871 | 4.871 | 4.871 Mbytes
Step Temp c_Thot c_Tcold f_hot f_cold 
   45001          300    299.09292    296.53842           -0           -0 
   46000    299.48288    315.71608    280.10534   -65.146056    81.286596 
   47000    299.04473    316.13224    277.72608   -90.703532    105.71874 
   48000     300.1175    321.37475    276.41723   -110.78052    122.78616 
   49000    299.80612    316.90136    279.33775   -124.40654    139.78641 
   50000    299.88449    321.20117    279.58995   -145.81103    154.69478 
   51000    300.01453    321.74482    282.86298    -164.5743    169.58132 
   52000    300.67656    316.75808    283.29981    -178.8512    183.81014 
   53000    300.48068    316.32516    283.32803    -190.6627     218.0148 
   54000    300.30086    321.11243    276.80445   -239.43833    241.48687 
   55000    300.29163    320.42313    280.82908   -258.94675     262.4521 
   56000    298.94163    318.54209    281.35517   -271.84576    290.96291 
   57000    300.58726    315.22488    279.94281   -306.50318    310.50716 
   58000    299.78971     316.6053    282.15238   -337.53186    345.50939 
   59000    300.94145    321.66417    282.55488   -367.95393    364.01038 
   60000    301.01411    324.73694    282.90496   -406.48841    388.89693 
   61000    299.63254    316.42741    279.37825   -429.09619    432.68004 
   62000    300.56535    324.60881    281.56676   -464.71293    451.79521 
   63000    301.55025    324.43764    283.25969   -500.44607    489.24255 
   64000    300.33416    318.50435    281.19205   -523.47734    521.03633 
   65000    300.24754    323.97396    279.36458   -545.85149    555.26257 
   66000    299.61383    318.18823    280.35498   -566.15878    590.26604 
   67000    299.76043    315.74075    282.34513   -594.35358    616.10618 
   68000    300.25871     317.3406    285.88048   -636.37004    633.82395 
   69000    300.08258    321.44278     280.1637   -672.25073    677.97499 
   70000    300.38666    319.93832     283.0234   -698.94851    707.15837 
   71000    300.32467    318.94104    284.13845   -714.32235    728.72582 
   72000    300.28204     317.4477     282.0231    -746.1973    757.05709 
   73000    300.16832    319.80824    278.57012   -760.31671    793.34781 
   74000    300.98851    321.52258    279.41147   -802.05567    819.95252 
   75000    300.42082    317.21962    281.17434   -824.33474    847.87848 
   76000    299.61115    317.47359    278.61198   -853.81798    879.97457 
   77000    299.95283    319.49773    274.88387   -895.72168    903.97815 
   78000     299.5472    320.59479    279.50818   -930.54264    935.49144 
   79000    299.57708    315.84904    281.96262   -952.56732    962.86552 
   80000    299.35569    315.90564    279.24872   -974.37362    995.95061 
   81000    299.50384    313.94207    279.27307   -994.51128    1027.8226 
   82000    300.48367    321.48537    279.47275     -1032.67    1054.8755 
   83000    299.63526     314.4449    278.33865   -1057.8635    1090.3012 
   84000    299.01951    323.28259    278.89286   -1093.0507    1122.4934 
   85000    299.35335    321.77399    279.90314   -1119.3268    1158.0397 
   86000    299.36755     315.1541    280.70371   -1142.4248    1178.2479 
   87000    299.98468    320.68943     281.2872   -1178.6086    1208.3385 
   88000    299.88606    319.11997    280.25097   -1210.1627    1236.5239 
   89000    299.66404    315.11077    284.44381   -1233.9734     1266.124 
   90000    299.84092    321.05711    281.50655   -1264.7584    1299.7927 
   91000    300.02183     318.2565    281.07943   -1297.9536    1338.6077 
   92000    299.80953    318.16977    278.87817   -1328.6427    1375.6471 
   93000    299.72634    316.10988    281.48326   -1351.7581    1398.1354 
   94000    299.78901    313.84785    280.32452   -1390.5218    1427.9722 
   95000    299.14455    314.24352     276.5337    -1416.119    1453.7298 
   96000    300.57133    319.72913    283.57591   -1448.0405    1479.0676 
   97000    299.78534    318.39099    282.41895   -1476.1749    1509.5151 
   98000    299.51169    323.84256    278.63143    -1519.869    1547.0304 
   99000    299.93266    324.37641    284.45048   -1549.9828    1573.4203 
  100000    299.45457    316.43454    279.95007   -1559.7772    1600.9639 
  101000    299.34997    316.52584    282.43171   -1593.7864    1624.2828 
  102000    299.76967    320.33118    281.46916   -1640.0523    1648.2433 
  103000     300.5351    324.94065    282.03986   -1667.6114    1685.8643 
  104000    299.81896    322.53971    279.71877   -1687.9182    1710.2224 
  105000    300.13695    321.29203    281.38292   -1717.2995    1731.1723 
  106000     299.5093    319.78585    279.88379   -1749.6534    1774.1523 
  107000    300.26875    322.71093    282.49459   -1781.4679    1801.5088 
  108000    300.27583    321.17027     279.6346   -1814.2573    1830.3367 
  109000    299.57682     321.0947    280.57312   -1830.8388    1869.6462 
  110000    299.64625    319.04702    282.08361    -1856.161     1895.006 
  111000    299.89375    320.17496    283.58375   -1882.9626    1919.9107 
  112000    299.34017    315.96284    279.67083   -1903.0931     1958.543 
  113000    298.96764    313.50745    282.24154   -1936.7534    1995.8047 
  114000    300.19987    318.08963    281.97713   -1966.3612    2025.5213 
  115000    299.73885    318.12084     280.4258   -1993.9893    2062.4654 
  116000    298.31874    311.88477    277.64483   -2024.7854    2094.8335 
  117000    299.84097    317.28001    280.76885   -2070.5897    2122.6478 
  118000    299.34654    321.83943    284.24967   -2099.4434      2147.97 
  119000    299.74148    322.47913    282.92155   -2138.2733    2186.8244 
  120000    299.84506    319.47519     277.2418   -2165.1393    2214.5541 
  121000    300.00917    317.05225    282.90789   -2196.1966    2238.8263 
  122000    299.20656    321.53035    282.99073   -2217.8714    2268.0718 
  123000    299.16486    319.93862      282.851   -2261.6626    2313.0077 
  124000    299.71502     317.5579    278.68906   -2286.0367    2346.9862 
  125000    299.06689    317.33746    280.10044   -2316.5564    2374.8427 
  126000    299.54889    318.66197      280.958   -2354.8718    2409.2998 
  127000    300.08701    318.32804    279.92006   -2380.2942     2433.615 
  128000    299.81302    318.15389    285.35881   -2413.9879    2451.0348 
  129000    299.77834    323.77079    280.58658   -2455.1085    2491.7192 
  130000    300.51289    316.77243    284.03064   -2478.3866    2512.1195 
  131000    299.99497    323.12226    283.80975   -2519.7968    2550.9559 
  132000    299.39504    320.59292    285.23623   -2537.8382    2583.4652 
  133000     299.3247    315.95497    279.50245   -2565.0059    2615.6114 
  134000    299.34024    320.84896    279.29854   -2599.9915    2642.1568 
  135000    299.34268    316.95088    282.33866   -2618.8079    2670.9415 
  136000     298.9545    315.98977      281.252    -2647.128    2704.5232 
  137000    299.76714    320.10718    285.05734   -2679.9355    2729.1343 
  138000    299.21594    316.65023    282.96953   -2714.4309    2769.2499 
  139000     299.6655    323.75881     282.3837   -2743.6863    2792.4842 
  140000    299.46427    316.64482    279.73002   -2767.8718    2823.0805 
  141000    299.64784    317.11321    280.06282   -2797.8347    2852.8702 
  142000    299.07076    314.33642    284.65375   -2818.0629    2877.7598 
  143000    299.40818    318.84742    280.92463   -2846.8787     2909.846 
  144000     299.1486     318.3276    283.96406   -2886.9486    2936.6876 
  145000    299.22358    317.35063    280.29106   -2918.8981    2968.8863 
  145001    299.20999    317.03951    280.54389   -2918.7006    2968.7201 
Loop time of 1655.22 on 32 procs for 100000 steps with 193600 atoms

Performance: 2.610 ns/day, 9.196 hours/ns, 60.415 timesteps/s
77.4% CPU use with 32 MPI tasks x no OpenMP threads

MPI task timing breakdown:
Section |  min time  |  avg time  |  max time  |%varavg| %total
---------------------------------------------------------------
Pair    | 938.76     | 956.95     | 976.76     |  30.7 | 57.81
Neigh   | 0          | 0          | 0          |   0.0 |  0.00
Comm    | 262.09     | 369.87     | 471.31     | 344.2 | 22.35
Output  | 0.098867   | 0.10676    | 0.11129    |   1.1 |  0.01
Modify  | 203.82     | 294.9      | 401.88     | 367.6 | 17.82
Other   |            | 33.4       |            |       |  2.02

Nlocal:    6050 ave 6083 max 6006 min
Histogram: 2 1 4 2 4 3 3 5 4 4
Nghost:    5892.44 ave 5937 max 5859 min
Histogram: 4 4 5 3 3 4 2 5 0 2
Neighs:    0 ave 0 max 0 min
Histogram: 32 0 0 0 0 0 0 0 0 0
FullNghs:  206787 ave 207973 max 205171 min
Histogram: 2 1 2 4 5 2 3 5 5 3

Total # of neighbors = 6617172
Ave neighs/atom = 34.1796
Neighbor list builds = 0
Dangerous builds = 0

# thermal conductivity calculation
# reset langevin thermostats to zero energy accumulation
reset_timestep 0
thermo		$c
thermo		500000
compute		ke all ke/atom
variable	temp atom c_ke/1.5/8.617332478e-5
fix		hot all langevin ${thi} ${thi} ${tdamp} 389516 tally yes
fix		hot all langevin 319.9225 ${thi} ${tdamp} 389516 tally yes
fix		hot all langevin 319.9225 319.9225 ${tdamp} 389516 tally yes
fix		hot all langevin 319.9225 319.9225 0.05 389516 tally yes
fix_modify	hot temp Thot
fix		cold all langevin ${tlo} ${tlo} ${tdamp} 46579 tally yes
fix		cold all langevin 280.0775 ${tlo} ${tdamp} 46579 tally yes
fix		cold all langevin 280.0775 280.0775 ${tdamp} 46579 tally yes
fix		cold all langevin 280.0775 280.0775 0.05 46579 tally yes
fix_modify	cold temp Tcold

compute		ch all chunk/atom bin/1d x lower 0.02 units reduced
fix		11 all ave/chunk $a $b $c ch v_temp file sw_${P}.langevin
fix		11 all ave/chunk 100 $b $c ch v_temp file sw_${P}.langevin
fix		11 all ave/chunk 100 5000 $c ch v_temp file sw_${P}.langevin
fix		11 all ave/chunk 100 5000 500000 ch v_temp file sw_${P}.langevin
fix		11 all ave/chunk 100 5000 500000 ch v_temp file sw_17.langevin
thermo_style	custom step temp c_Thot c_Tcold f_hot f_cold

run		${t2nve}
run		500000
Per MPI rank memory allocation (min/avg/max) = 5.121 | 5.121 | 5.121 Mbytes
Step Temp c_Thot c_Tcold f_hot f_cold 
       0    299.20999    317.52551    280.86989           -0           -0 
  500000    300.06328    322.39097    277.93266     -14762.5    14730.904 
Loop time of 8391.68 on 32 procs for 500000 steps with 193600 atoms

Performance: 2.574 ns/day, 9.324 hours/ns, 59.583 timesteps/s
76.9% CPU use with 32 MPI tasks x no OpenMP threads

MPI task timing breakdown:
Section |  min time  |  avg time  |  max time  |%varavg| %total
---------------------------------------------------------------
Pair    | 4711.3     | 4788.9     | 4900.7     |  61.6 | 57.07
Neigh   | 0          | 0          | 0          |   0.0 |  0.00
Comm    | 1365.5     | 1903.4     | 2397       | 750.9 | 22.68
Output  | 0.000882   | 0.0020108  | 0.0023     |   0.7 |  0.00
Modify  | 1047.4     | 1528.7     | 2067.2     | 821.8 | 18.22
Other   |            | 170.7      |            |       |  2.03

Nlocal:    6050 ave 6078 max 5989 min
Histogram: 1 0 0 2 5 2 4 6 8 4
Nghost:    5891.75 ave 5954 max 5863 min
Histogram: 4 8 7 3 2 4 3 0 0 1
Neighs:    0 ave 0 max 0 min
Histogram: 32 0 0 0 0 0 0 0 0 0
FullNghs:  206801 ave 207835 max 204544 min
Histogram: 1 0 0 2 4 4 5 5 6 5

Total # of neighbors = 6617618
Ave neighs/atom = 34.1819
Neighbor list builds = 0
Dangerous builds = 0
clear
next		P
jump		Si.in
 units       metal
#----------------------------- User Input Variables --------------------------------------
################### Geometrical Parameters ###############################
variable	P index 17 18 19 20
variable	W equal 22
# Lattice Constant
variable	LC equal 5.43
# Length
variable	L equal 50
# Width
#variable	W equal 6
# Height
variable	H equal ${W}
variable	H equal 22
################### Simulation Condition ###############################
#DT/DX=cte
variable	cte equal 1.5938
log         sw_${P}.log
log         sw_18.log
