# temperature
variable	T equal 300
#cold region temperature
#variable        tlo equal 275
variable        tlo equal ${T}-${L}*${cte}/4.0
variable        tlo equal 300-${L}*${cte}/4.0
variable        tlo equal 300-50*${cte}/4.0
variable        tlo equal 300-50*1.5938/4.0
#hot region temperature
#variable        thi equal ${cte}*${L}/2+${tlo}
variable        thi equal ${T}+${L}*${cte}/4.0
variable        thi equal 300+${L}*${cte}/4.0
variable        thi equal 300+50*${cte}/4.0
variable        thi equal 300+50*1.5938/4.0

#time step (picoseconds)
variable	dt equal 0.0005 # 0.5 femtoseconds
#number of time steps for NPT
variable	tnpt equal 5000
#number of time steps for NVT
variable	tnvt equal 40000
#number of time steps for first NVE
variable	t1nve equal 100000
#number of time steps for second NVE
variable	t2nve equal 500000

################### Variable Based on LAMMPS Documentation ######################
variable	a equal 100
variable	c equal ${t2nve}
variable	c equal 500000
variable	b equal $c/$a
variable	b equal 500000/$a
variable	b equal 500000/100
variable	tdamp equal ${dt}*100
variable	tdamp equal 0.0005*100
variable	pdamp equal ${dt}*1000
variable	pdamp equal 0.0005*1000

#----------------------------------------------------------------------------------------
# setup problem
dimension       3
boundary        p p p
atom_style      atomic
lattice 	diamond ${LC} origin 0.0 0.0 0.0 orient x 1 0 0 orient y 0 1 0 orient z 0 0 1
lattice 	diamond 5.43 origin 0.0 0.0 0.0 orient x 1 0 0 orient y 0 1 0 orient z 0 0 1
Lattice spacing in x,y,z = 5.43 5.43 5.43
region          0 block 0 $L 0 $W 0 $H units lattice side in
region          0 block 0 50 0 $W 0 $H units lattice side in
region          0 block 0 50 0 22 0 $H units lattice side in
region          0 block 0 50 0 22 0 22 units lattice side in
create_box      1 0
Created orthogonal box = (0 0 0) to (271.5 119.46 119.46)
  8 by 2 by 2 MPI processor grid
create_atoms    1 region 0
Created 193600 atoms
mass		1 28.0855
#dump		1 all xyz 1000 Si_W_${W}nm.xyz
#dump_modify	1 element Si

############################################
pair_style   sw
pair_coeff   * * Si${P}.sw Si
pair_coeff   * * Si12.sw Si
thermo		100
thermo_style custom step lx
min_style cg
minimize 0.0 1.0e-8 10000 100000
WARNING: Using 'neigh_modify every 1 delay 0 check yes' setting during minimization (../min.cpp:168)
Neighbor list info ...
  update every 1 steps, delay 0 steps, check yes
  max neighbors/atom: 2000, page size: 100000
  master list distance cutoff = 5.61791
  ghost atom cutoff = 5.61791
  binsize = 2.80896, bins = 97 43 43
  1 neighbor lists, perpetual/occasional/extra = 1 0 0
  (1) pair sw, perpetual
      attributes: full, newton on
      pair build: full/bin/atomonly
      stencil: full/bin/3d
      bin: standard
Per MPI rank memory allocation (min/avg/max) = 5.239 | 5.239 | 5.239 Mbytes
Step Lx 
       0        271.5 
       1        271.5 
Loop time of 0.0426487 on 32 procs for 1 steps with 193600 atoms

76.4% CPU use with 32 MPI tasks x no OpenMP threads

Minimization stats:
  Stopping criterion = force tolerance
  Energy initial, next-to-last, final = 
         -650618.82423      -650618.82423      -650618.82423
  Force two-norm initial, final = 8.04332e-11 8.03737e-11
  Force max component initial, final = 4.67732e-13 4.69569e-13
  Final line search alpha, max atom move = 1 4.69569e-13
  Iterations, force evaluations = 1 2

MPI task timing breakdown:
Section |  min time  |  avg time  |  max time  |%varavg| %total
---------------------------------------------------------------
Pair    | 0.024385   | 0.024681   | 0.026059   |   0.2 | 57.87
Neigh   | 0          | 0          | 0          |   0.0 |  0.00
Comm    | 0.006533   | 0.010474   | 0.014555   |   2.3 | 24.56
Output  | 0          | 0          | 0          |   0.0 |  0.00
Modify  | 0          | 0          | 0          |   0.0 |  0.00
Other   |            | 0.007493   |            |       | 17.57

Nlocal:    6050 ave 6050 max 6050 min
Histogram: 32 0 0 0 0 0 0 0 0 0
Nghost:    5892.5 ave 5893 max 5892 min
Histogram: 16 0 0 0 0 0 0 0 0 16
Neighs:    0 ave 0 max 0 min
Histogram: 32 0 0 0 0 0 0 0 0 0
FullNghs:  205700 ave 205700 max 205700 min
Histogram: 32 0 0 0 0 0 0 0 0 0

Total # of neighbors = 6582400
Ave neighs/atom = 34
Neighbor list builds = 0
Dangerous builds = 0
timestep     ${dt}
timestep     0.0005
velocity 	all create $T 492845
velocity 	all create 300 492845


fix 		NPT all npt temp $T $T ${tdamp} iso 0.0 0.0 ${pdamp}
fix 		NPT all npt temp 300 $T ${tdamp} iso 0.0 0.0 ${pdamp}
fix 		NPT all npt temp 300 300 ${tdamp} iso 0.0 0.0 ${pdamp}
fix 		NPT all npt temp 300 300 0.05 iso 0.0 0.0 ${pdamp}
fix 		NPT all npt temp 300 300 0.05 iso 0.0 0.0 0.5
thermo		100
thermo_style custom step lx press
run		${tnpt}
run		5000
Per MPI rank memory allocation (min/avg/max) = 4.114 | 4.114 | 4.114 Mbytes
Step Lx Press 
       1        271.5    -62971.54 
     100    267.88916    -27853.71 
     200    266.10342   -8489.4578 
     300    265.43659   -856.76978 
     400    265.36997    305.46567 
     500    265.39462   -107.78037 
     600    265.40737    172.76792 
     700    265.42809   -110.00092 
     800     265.4425    83.460573 
     900    265.45631    84.104128 
    1000    265.47512   -18.395077 
    1100    265.49293   -3.8122326 
    1200    265.50324    28.634734 
    1300    265.51712    44.449116 
    1400    265.52584   -23.427178 
    1500    265.53104    27.048394 
    1600    265.53099   -44.631938 
    1700    265.52585   -14.082623 
    1800    265.51811    46.360067 
    1900    265.52309   -51.556072 
    2000    265.52258     15.23045 
    2100    265.52733    19.499506 
    2200    265.52851   -24.963043 
    2300    265.52721   -17.929726 
    2400    265.52383   0.53417351 
    2500    265.52097    7.3771656 
    2600    265.52325   -38.141745 
    2700    265.51881    67.084989 
    2800    265.53318   -51.675523 
    2900    265.52634    10.968778 
    3000    265.52278    52.386409 
    3100    265.52637   -68.575547 
    3200    265.51498    77.402519 
    3300    265.53187   -94.833626 
    3400    265.51687    122.91313 
    3500    265.53733   -141.98093 
    3600    265.51772    116.43759 
    3700    265.52795   -84.054351 
    3800     265.5227    39.264063 
    3900    265.51758    36.481679 
    4000      265.533   -85.847965 
    4100    265.51909     94.13743 
    4200    265.53062      -55.069 
    4300    265.52543   -9.2345188 
    4400    265.51896      38.6819 
    4500    265.52811   -62.478983 
    4600    265.51734      77.4404 
    4700    265.53246   -72.871899 
    4800    265.52145    49.959822 
    4900    265.52935   -40.254003 
    5000    265.52266    12.979025 
    5001    265.52282    10.942369 
Loop time of 78.949 on 32 procs for 5000 steps with 193600 atoms

Performance: 2.736 ns/day, 8.772 hours/ns, 63.332 timesteps/s
77.4% CPU use with 32 MPI tasks x no OpenMP threads

MPI task timing breakdown:
Section |  min time  |  avg time  |  max time  |%varavg| %total
---------------------------------------------------------------
Pair    | 48.501     | 48.986     | 50.321     |   4.9 | 62.05
Neigh   | 0.079961   | 0.084348   | 0.11104    |   1.7 |  0.11
Comm    | 10.486     | 16.673     | 22.109     |  80.1 | 21.12
Output  | 0.02897    | 0.03355    | 0.037163   |   1.3 |  0.04
Modify  | 7.1105     | 12.308     | 17.24      |  91.1 | 15.59
Other   |            | 0.8636     |            |       |  1.09

Nlocal:    6050 ave 6096 max 6006 min
Histogram: 3 1 5 4 2 3 5 6 2 1
Nghost:    5892.5 ave 5937 max 5846 min
Histogram: 1 1 7 5 3 2 4 3 3 3
Neighs:    0 ave 0 max 0 min
Histogram: 32 0 0 0 0 0 0 0 0 0
FullNghs:  205877 ave 207465 max 204381 min
Histogram: 3 3 3 4 2 4 6 4 2 1

Total # of neighbors = 6588078
Ave neighs/atom = 34.0293
Neighbor list builds = 7
Dangerous builds = 0
unfix		NPT
variable	length equal lx/${LC}
variable	length equal lx/5.43

################### Geometrical Parameters After Relaxation ###############################
# Thermostat_width
variable	TW equal ${length}/40
variable	TW equal 48.8992297259154/40
# Hot_Start
variable	hs equal ${length}/4-${TW}
variable	hs equal 48.8992297259154/4-${TW}
variable	hs equal 48.8992297259154/4-1.22248074314789
# Hot_End
variable	he equal ${length}/4+${TW}
variable	he equal 48.8992297259154/4+${TW}
variable	he equal 48.8992297259154/4+1.22248074314789
# Cold_Start
variable	cs equal 3*${length}/4-${TW}
variable	cs equal 3*48.8992297259154/4-${TW}
variable	cs equal 3*48.8992297259154/4-1.22248074314789
# Cold_End
variable	ce equal 3*${length}/4+${TW}
variable	ce equal 3*48.8992297259154/4+${TW}
variable	ce equal 3*48.8992297259154/4+1.22248074314789
###########################################################################################

################### Defining Thermostat ###################################################
region 		hot block ${hs} ${he} EDGE EDGE EDGE EDGE
region 		hot block 11.002326688331 ${he} EDGE EDGE EDGE EDGE
region 		hot block 11.002326688331 13.4472881746267 EDGE EDGE EDGE EDGE
region 		cold block ${cs} ${ce} EDGE EDGE EDGE EDGE
region 		cold block 35.4519415512887 ${ce} EDGE EDGE EDGE EDGE
region 		cold block 35.4519415512887 37.8969030375844 EDGE EDGE EDGE EDGE
group		test region cold
9572 atoms in group test
group		test1 region hot
9585 atoms in group test1
compute		Thot all temp/region hot
compute         Tcold all temp/region cold
###########################################################################################

fix		NVT all nvt temp $T $T ${tdamp}
fix		NVT all nvt temp 300 $T ${tdamp}
fix		NVT all nvt temp 300 300 ${tdamp}
fix		NVT all nvt temp 300 300 0.05
thermo		1000
thermo_style	custom step temp
run		${tnvt}
run		40000
Per MPI rank memory allocation (min/avg/max) = 4.118 | 4.12 | 4.121 Mbytes
Step Temp 
    5001     300.4516 
    6000    298.67944 
    7000    299.54179 
    8000    300.86532 
    9000    298.03503 
   10000    301.21797 
   11000    298.86695 
   12000    301.33804 
   13000    301.35406 
   14000    299.34647 
   15000    301.34907 
   16000    300.24003 
   17000    298.78203 
   18000    300.85574 
   19000    299.40331 
   20000    298.65167 
   21000    301.12401 
   22000    300.84353 
   23000    299.91328 
   24000    299.83475 
   25000    299.82339 
   26000      300.257 
   27000    300.28775 
   28000    300.13623 
   29000     300.5075 
   30000    299.97609 
   31000    300.43386 
   32000    300.50973 
   33000    301.22602 
   34000    300.19119 
   35000    298.93529 
   36000    301.39193 
   37000    300.73586 
   38000    300.07947 
   39000    301.07933 
   40000    301.23023 
   41000    299.05729 
   42000    299.90783 
   43000    299.90282 
   44000     300.2378 
   45000    299.49063 
   45001    299.44412 
Loop time of 622.348 on 32 procs for 40000 steps with 193600 atoms

Performance: 2.777 ns/day, 8.644 hours/ns, 64.273 timesteps/s
77.6% CPU use with 32 MPI tasks x no OpenMP threads

MPI task timing breakdown:
Section |  min time  |  avg time  |  max time  |%varavg| %total
---------------------------------------------------------------
Pair    | 390.2      | 394.82     | 403.38     |  15.7 | 63.44
Neigh   | 0          | 0          | 0          |   0.0 |  0.00
Comm    | 101.04     | 145.25     | 190.49     | 223.9 | 23.34
Output  | 0.02133    | 0.024343   | 0.026793   |   1.0 |  0.00
Modify  | 28.377     | 69.222     | 108.6      | 306.4 | 11.12
Other   |            | 13.02      |            |       |  2.09

Nlocal:    6050 ave 6100 max 6001 min
Histogram: 3 2 4 2 3 5 5 5 2 1
Nghost:    5892.5 ave 5942 max 5843 min
Histogram: 1 3 4 6 4 3 2 4 2 3
Neighs:    0 ave 0 max 0 min
Histogram: 32 0 0 0 0 0 0 0 0 0
FullNghs:  206936 ave 208593 max 205190 min
Histogram: 3 1 5 2 3 3 7 3 4 1

Total # of neighbors = 6621940
Ave neighs/atom = 34.2042
Neighbor list builds = 0
Dangerous builds = 0
velocity	all scale $T
velocity	all scale 300
unfix		NVT

fix		NVE all nve
fix		hot all langevin ${thi} ${thi} ${tdamp} 389516 tally yes
fix		hot all langevin 319.9225 ${thi} ${tdamp} 389516 tally yes
fix		hot all langevin 319.9225 319.9225 ${tdamp} 389516 tally yes
fix		hot all langevin 319.9225 319.9225 0.05 389516 tally yes
fix_modify	hot temp Thot
fix		cold all langevin ${tlo} ${tlo} ${tdamp} 46579 tally yes
fix		cold all langevin 280.0775 ${tlo} ${tdamp} 46579 tally yes
fix		cold all langevin 280.0775 280.0775 ${tdamp} 46579 tally yes
fix		cold all langevin 280.0775 280.0775 0.05 46579 tally yes
fix_modify	cold temp Tcold

thermo_style	custom step temp c_Thot c_Tcold f_hot f_cold
run		${t1nve}
run		100000
Per MPI rank memory allocation (min/avg/max) = 4.868 | 4.87 | 4.871 Mbytes
Step Temp c_Thot c_Tcold f_hot f_cold 
   45001          300    302.36895    297.50762           -0           -0 
   46000    299.89611    318.05675    279.80479   -72.477882    81.141275 
   47000     298.7853    311.86069    280.08468   -80.220279    109.10349 
   48000    299.79011    317.16876     285.3298   -105.89515    126.00974 
   49000    299.93355    321.81903      284.153   -134.41435    145.38753 
   50000    299.42777    322.24685    279.05603   -162.91303    176.61125 
   51000    299.51612    319.08533    277.02233   -181.64279    209.30107 
   52000    300.15945    320.39287    281.02533    -212.2834    234.34807 
   53000    299.41706    318.25347    282.27837   -239.06787     259.3951 
   54000    299.50992    319.69907    278.69944   -258.28259    301.86669 
   55000    299.35127    319.04955    280.45424   -281.34845     320.8916 
   56000    298.56542    319.83284     280.2519    -308.3618    362.64759 
   57000     298.5358    317.75892    278.87682    -327.5764    403.11805 
   58000    299.17098    316.32513    281.33953   -366.50906     431.9407 
   59000    299.03645    317.62827    280.06976   -402.02548      463.397 
   60000    298.68164    320.16113    281.94951   -434.33146    510.43807 
   61000    298.65599    319.65015    279.25969   -463.72678    533.64672 
   62000    299.43583    319.37311    281.50208   -510.12055    563.49492 
   63000    299.38805    318.66481    281.86163   -545.46289    599.63787 
   64000    299.08271    315.66936    283.96801   -571.03362    623.99417 
   65000      299.166    322.16893    280.75798   -613.93457    672.32696 
   66000    299.15633    316.19351    279.99079   -651.04833    701.99786 
   67000    299.90101    316.96804     282.9681   -691.40043    728.55781 
   68000    298.77417    315.20804    282.05502   -707.75147    768.42757 
   69000    299.23238    317.50701    283.60321   -762.57637    808.24604 
   70000    298.89763    317.31615    281.20161   -790.19318    840.94262 
   71000    299.06667    319.03541    281.75579   -826.28891    867.52417 
   72000    299.85806     319.4461    281.51717   -863.15418    899.03706 
   73000    299.76754    317.26444    277.54533   -898.20139    941.06898 
   74000    299.08158    322.40383    283.55676   -939.85547    979.41223 
   75000    299.00202    319.96083    280.42185   -967.70031    1021.8993 
   76000    299.52935    319.82158    276.37881   -1023.8725    1060.3174 
   77000    300.03846    322.62595    281.74729   -1063.5364    1087.0284 
   78000     299.4623    316.59304    279.87539   -1097.3422    1126.0016 
   79000    299.79293     313.9679    282.36754   -1137.2401    1152.9532 
   80000    299.66007    316.88047    282.59104   -1164.9823    1190.5947 
   81000    299.71841    319.71933    284.30344   -1196.4799    1222.7112 
   82000    299.74235    321.85724    281.59106    -1234.347    1258.6935 
   83000     299.8995    319.11744    281.24668   -1269.2262    1299.0521 
   84000    298.80666    320.92684    283.22815   -1299.8189     1330.466 
   85000     299.3756    318.29389    279.57613   -1333.6349    1372.3221 
   86000    300.02911    325.52509    284.51935   -1371.9307    1396.6751 
   87000    299.96392    320.71776    282.60251   -1399.6262    1434.1293 
   88000    300.12146    322.38434    279.30973    -1443.822    1473.3247 
   89000    299.47609    315.52291    282.04488   -1473.9747    1501.8898 
   90000    299.89857    318.52108    278.73876   -1512.0771    1537.3152 
   91000    300.16596    318.31983    282.07641   -1542.9723    1571.8406 
   92000     300.0405    318.32862    284.29903   -1579.9986    1609.2469 
   93000    298.64507    313.45671    282.61446   -1609.6994    1647.6025 
   94000    299.48513    316.91581     281.4553   -1650.9233    1677.8961 
   95000    299.60081    320.46937    281.22386    -1699.301    1715.1223 
   96000    299.87771    325.29641    280.43945   -1733.8664    1756.7302 
   97000    299.65802    318.94585    282.87377   -1766.4716    1789.9072 
   98000    299.49085    318.87637    281.15397   -1790.1866    1822.8233 
   99000    299.59544     321.3788    283.23331   -1828.0938    1863.9222 
  100000    299.37074    316.58156    279.93941   -1859.3447     1907.047 
  101000    300.34083    321.95754    283.01848   -1910.1417    1927.6274 
  102000    299.24792    317.04992     282.4015   -1938.1348    1965.6829 
  103000    299.55606    316.78227    279.71678   -1976.4686    2002.1642 
  104000    299.91264    319.17096    284.00609   -2014.9914    2032.9857 
  105000    299.77685    317.25489    285.74212   -2052.3098    2066.6189 
  106000    300.70482     318.7869    281.59143   -2087.5367    2104.8743 
  107000    300.66809    319.26153    284.72691   -2122.9661    2132.6904 
  108000    299.68236    314.14601    282.61299   -2147.4545    2173.7297 
  109000    300.21197    320.86798    283.86818   -2190.9421    2207.0727 
  110000    300.22539    317.17098    280.42625   -2221.5378    2247.3203 
  111000    299.40572     320.7082    276.42067   -2270.4415    2292.1574 
  112000     299.7828    318.28282    279.92492   -2291.2577    2323.4701 
  113000    299.36781     316.6079    283.40015   -2327.5424    2344.3366 
  114000    299.16914     317.7344    277.78699   -2366.6768    2381.7275 
  115000    299.76487    315.88844    283.89649   -2396.3394    2410.4083 
  116000    299.51215    316.49839    278.60161   -2435.5701    2448.6411 
  117000    300.27269    317.04323    281.17333   -2469.5583     2483.529 
  118000    299.78552    312.69213    281.53248   -2496.0015    2524.2975 
  119000    299.16627    315.21374    278.86525   -2539.8752    2563.8754 
  120000    298.86111    312.30503    278.65091   -2570.4946    2599.5798 
  121000    299.91045     316.1707    283.25108   -2614.3559    2627.6723 
  122000    300.66234    320.38429    286.21893   -2641.0171     2651.419 
  123000    300.34033     321.6333    281.10427   -2687.4836    2684.8458 
  124000    301.22997    321.80364    281.19719    -2726.308    2728.9167 
  125000    299.71409    316.50485    278.97976   -2757.2804    2763.4987 
  126000    300.01092    316.66458    281.25272   -2799.1176     2794.894 
  127000    299.95438     316.0021    274.51245   -2834.9302    2838.6975 
  128000    299.53583    317.53075    282.94279   -2865.0479    2871.3034 
  129000    299.76828    316.97322    282.24184   -2902.4321    2909.7181 
  130000    299.63489    318.88677    280.65166   -2941.9524    2948.6559 
  131000    299.52237    314.36615    279.00791    -2953.867    2991.2912 
  132000    300.11311    319.89692    281.34248   -3007.6317    3017.6949 
  133000    300.39093    324.47724    282.37416   -3037.3762    3044.5823 
  134000    300.21091    319.96811    283.98855   -3073.2878    3093.0124 
  135000    299.07108    314.90972    284.02788   -3110.9515    3115.2745 
  136000    299.92366    316.52299    282.55412   -3140.7266    3162.9246 
  137000    299.61358    317.55535    285.28438   -3180.5719    3192.5912 
  138000    299.38079    315.42733     280.7686   -3205.7505     3225.963 
  139000    300.16387     316.9725    281.38231    -3242.689    3263.3789 
  140000    300.19769    313.06874    282.60925    -3279.119    3300.2038 
  141000     300.5022    321.75776    278.06837    -3330.949    3351.3544 
  142000    299.64559     319.6556    282.08388   -3357.9401    3379.1525 
  143000    299.44507    315.76099    283.44291   -3403.6616    3414.4764 
  144000    299.95088    318.81114    282.75825   -3446.3621    3443.3901 
  145000      299.795    320.62797    283.02968   -3479.4096    3471.6181 
  145001    299.85842    321.05133    283.48267   -3479.9416    3471.3506 
Loop time of 1703.67 on 32 procs for 100000 steps with 193600 atoms

Performance: 2.536 ns/day, 9.465 hours/ns, 58.697 timesteps/s
78.2% CPU use with 32 MPI tasks x no OpenMP threads

MPI task timing breakdown:
Section |  min time  |  avg time  |  max time  |%varavg| %total
---------------------------------------------------------------
Pair    | 975.49     | 991.05     | 1014       |  25.7 | 58.17
Neigh   | 0          | 0          | 0          |   0.0 |  0.00
Comm    | 257.89     | 375.77     | 482.98     | 337.7 | 22.06
Output  | 0.099582   | 0.10931    | 0.113      |   1.0 |  0.01
Modify  | 196.17     | 300.88     | 399.4      | 367.5 | 17.66
Other   |            | 35.86      |            |       |  2.11

Nlocal:    6050 ave 6081 max 6002 min
Histogram: 1 0 2 4 5 2 6 4 4 4
Nghost:    5892.38 ave 5940 max 5862 min
Histogram: 5 3 5 5 2 5 4 2 0 1
Neighs:    0 ave 0 max 0 min
Histogram: 32 0 0 0 0 0 0 0 0 0
FullNghs:  207024 ave 208131 max 205428 min
Histogram: 1 0 3 5 4 3 5 3 4 4

Total # of neighbors = 6624758
Ave neighs/atom = 34.2188
Neighbor list builds = 0
Dangerous builds = 0

# thermal conductivity calculation
# reset langevin thermostats to zero energy accumulation
reset_timestep 0
thermo		$c
thermo		500000
compute		ke all ke/atom
variable	temp atom c_ke/1.5/8.617332478e-5
fix		hot all langevin ${thi} ${thi} ${tdamp} 389516 tally yes
fix		hot all langevin 319.9225 ${thi} ${tdamp} 389516 tally yes
fix		hot all langevin 319.9225 319.9225 ${tdamp} 389516 tally yes
fix		hot all langevin 319.9225 319.9225 0.05 389516 tally yes
fix_modify	hot temp Thot
fix		cold all langevin ${tlo} ${tlo} ${tdamp} 46579 tally yes
fix		cold all langevin 280.0775 ${tlo} ${tdamp} 46579 tally yes
fix		cold all langevin 280.0775 280.0775 ${tdamp} 46579 tally yes
fix		cold all langevin 280.0775 280.0775 0.05 46579 tally yes
fix_modify	cold temp Tcold

compute		ch all chunk/atom bin/1d x lower 0.02 units reduced
fix		11 all ave/chunk $a $b $c ch v_temp file sw_${P}.langevin
fix		11 all ave/chunk 100 $b $c ch v_temp file sw_${P}.langevin
fix		11 all ave/chunk 100 5000 $c ch v_temp file sw_${P}.langevin
fix		11 all ave/chunk 100 5000 500000 ch v_temp file sw_${P}.langevin
fix		11 all ave/chunk 100 5000 500000 ch v_temp file sw_12.langevin
thermo_style	custom step temp c_Thot c_Tcold f_hot f_cold

run		${t2nve}
run		500000
Per MPI rank memory allocation (min/avg/max) = 5.118 | 5.12 | 5.121 Mbytes
Step Temp c_Thot c_Tcold f_hot f_cold 
       0    299.85842    320.49336    283.54172           -0           -0 
  500000    299.99117    321.56471    282.94825   -17594.566    17624.684 
Loop time of 8445.49 on 32 procs for 500000 steps with 193600 atoms

Performance: 2.558 ns/day, 9.384 hours/ns, 59.203 timesteps/s
78.5% CPU use with 32 MPI tasks x no OpenMP threads

MPI task timing breakdown:
Section |  min time  |  avg time  |  max time  |%varavg| %total
---------------------------------------------------------------
Pair    | 4870.4     | 4951.4     | 5067.3     |  59.6 | 58.63
Neigh   | 0          | 0          | 0          |   0.0 |  0.00
Comm    | 1232.2     | 1864.9     | 2361.7     | 788.4 | 22.08
Output  | 0.000876   | 0.20201    | 0.2086     |   8.0 |  0.00
Modify  | 991.73     | 1470.5     | 1994.5     | 865.1 | 17.41
Other   |            | 158.5      |            |       |  1.88

Nlocal:    6050 ave 6090 max 6013 min
Histogram: 2 2 4 3 6 6 2 5 1 1
Nghost:    5892.31 ave 5930 max 5850 min
Histogram: 1 0 5 2 6 6 4 4 2 2
Neighs:    0 ave 0 max 0 min
Histogram: 32 0 0 0 0 0 0 0 0 0
FullNghs:  207045 ave 208397 max 205662 min
Histogram: 2 2 4 3 5 3 6 3 3 1

Total # of neighbors = 6625452
Ave neighs/atom = 34.2224
Neighbor list builds = 0
Dangerous builds = 0
clear
next		P
jump		Si.in
Total wall time: 20:19:02

