# temperature
variable	T equal 300
#cold region temperature
#variable        tlo equal 275
variable        tlo equal ${T}-${L}*${cte}/4.0
variable        tlo equal 300-${L}*${cte}/4.0
variable        tlo equal 300-50*${cte}/4.0
variable        tlo equal 300-50*1.5938/4.0
#hot region temperature
#variable        thi equal ${cte}*${L}/2+${tlo}
variable        thi equal ${T}+${L}*${cte}/4.0
variable        thi equal 300+${L}*${cte}/4.0
variable        thi equal 300+50*${cte}/4.0
variable        thi equal 300+50*1.5938/4.0

#time step (picoseconds)
variable	dt equal 0.0005 # 0.5 femtoseconds
#number of time steps for NPT
variable	tnpt equal 5000
#number of time steps for NVT
variable	tnvt equal 40000
#number of time steps for first NVE
variable	t1nve equal 100000
#number of time steps for second NVE
variable	t2nve equal 500000

################### Variable Based on LAMMPS Documentation ######################
variable	a equal 100
variable	c equal ${t2nve}
variable	c equal 500000
variable	b equal $c/$a
variable	b equal 500000/$a
variable	b equal 500000/100
variable	tdamp equal ${dt}*100
variable	tdamp equal 0.0005*100
variable	pdamp equal ${dt}*1000
variable	pdamp equal 0.0005*1000

#----------------------------------------------------------------------------------------
# setup problem
dimension       3
boundary        p p p
atom_style      atomic
lattice 	diamond ${LC} origin 0.0 0.0 0.0 orient x 1 0 0 orient y 0 1 0 orient z 0 0 1
lattice 	diamond 5.43 origin 0.0 0.0 0.0 orient x 1 0 0 orient y 0 1 0 orient z 0 0 1
Lattice spacing in x,y,z = 5.43 5.43 5.43
region          0 block 0 $L 0 $W 0 $H units lattice side in
region          0 block 0 50 0 $W 0 $H units lattice side in
region          0 block 0 50 0 22 0 $H units lattice side in
region          0 block 0 50 0 22 0 22 units lattice side in
create_box      1 0
Created orthogonal box = (0 0 0) to (271.5 119.46 119.46)
  8 by 2 by 2 MPI processor grid
create_atoms    1 region 0
Created 193600 atoms
mass		1 28.0855
#dump		1 all xyz 1000 Si_W_${W}nm.xyz
#dump_modify	1 element Si

############################################
pair_style   sw
pair_coeff   * * Si${P}.sw Si
pair_coeff   * * Si23.sw Si
thermo		100
thermo_style custom step lx
min_style cg
minimize 0.0 1.0e-8 10000 100000
WARNING: Using 'neigh_modify every 1 delay 0 check yes' setting during minimization (../min.cpp:168)
Neighbor list info ...
  update every 1 steps, delay 0 steps, check yes
  max neighbors/atom: 2000, page size: 100000
  master list distance cutoff = 5.85439
  ghost atom cutoff = 5.85439
  binsize = 2.9272, bins = 93 41 41
  1 neighbor lists, perpetual/occasional/extra = 1 0 0
  (1) pair sw, perpetual
      attributes: full, newton on
      pair build: full/bin/atomonly
      stencil: full/bin/3d
      bin: standard
Per MPI rank memory allocation (min/avg/max) = 5.235 | 5.235 | 5.235 Mbytes
Step Lx 
       0        271.5 
       1        271.5 
Loop time of 0.303005 on 32 procs for 1 steps with 193600 atoms

96.3% CPU use with 32 MPI tasks x no OpenMP threads

Minimization stats:
  Stopping criterion = force tolerance
  Energy initial, next-to-last, final = 
        -957592.535482     -957592.535482     -957592.535482
  Force two-norm initial, final = 1.03344e-10 1.03269e-10
  Force max component initial, final = 6.04363e-13 6.06973e-13
  Final line search alpha, max atom move = 1 6.06973e-13
  Iterations, force evaluations = 1 2

MPI task timing breakdown:
Section |  min time  |  avg time  |  max time  |%varavg| %total
---------------------------------------------------------------
Pair    | 0.28322    | 0.28486    | 0.28712    |   0.2 | 94.01
Neigh   | 0          | 0          | 0          |   0.0 |  0.00
Comm    | 0.007469   | 0.011162   | 0.015409   |   2.0 |  3.68
Output  | 0          | 0          | 0          |   0.0 |  0.00
Modify  | 0          | 0          | 0          |   0.0 |  0.00
Other   |            | 0.006983   |            |       |  2.30

Nlocal:    6050 ave 6050 max 6050 min
Histogram: 32 0 0 0 0 0 0 0 0 0
Nghost:    5892.5 ave 5893 max 5892 min
Histogram: 16 0 0 0 0 0 0 0 0 16
Neighs:    0 ave 0 max 0 min
Histogram: 32 0 0 0 0 0 0 0 0 0
FullNghs:  205700 ave 205700 max 205700 min
Histogram: 32 0 0 0 0 0 0 0 0 0

Total # of neighbors = 6582400
Ave neighs/atom = 34
Neighbor list builds = 0
Dangerous builds = 0
timestep     ${dt}
timestep     0.0005
velocity 	all create $T 492845
velocity 	all create 300 492845


fix 		NPT all npt temp $T $T ${tdamp} iso 0.0 0.0 ${pdamp}
fix 		NPT all npt temp 300 $T ${tdamp} iso 0.0 0.0 ${pdamp}
fix 		NPT all npt temp 300 300 ${tdamp} iso 0.0 0.0 ${pdamp}
fix 		NPT all npt temp 300 300 0.05 iso 0.0 0.0 ${pdamp}
fix 		NPT all npt temp 300 300 0.05 iso 0.0 0.0 0.5
thermo		100
thermo_style custom step lx press
run		${tnpt}
run		5000
Per MPI rank memory allocation (min/avg/max) = 4.11 | 4.11 | 4.11 Mbytes
Step Lx Press 
       1        271.5    27748.038 
     100    273.57491    3043.7866 
     200    273.89832   -264.95599 
     300    273.86473   -8.3552236 
     400    273.88882    31.083422 
     500     273.8959    65.863006 
     600    273.91597   -77.666344 
     700    273.92093    131.21285 
     800    273.93953    12.720038 
     900    273.95553   -17.717562 
    1000    273.96988   -5.9350508 
    1100    273.98226  -0.91723331 
    1200    273.99466    27.486659 
    1300    274.00736   -2.8524508 
    1400    274.01572    1.7151904 
    1500    274.02093    34.196153 
    1600    274.02414   -17.990188 
    1700    274.02315   -38.124823 
    1800    274.01482    15.018186 
    1900    274.01447    5.5839134 
    2000    274.01451    7.1534053 
    2100    274.02061   -21.563347 
    2200    274.02124     2.700762 
    2300    274.02238   0.83190452 
    2400    274.01593   -19.412185 
    2500    274.01745    -5.094419 
    2600    274.01544    30.264158 
    2700    274.01544    17.203573 
    2800     274.0268   -60.354822 
    2900    274.01176        77.57 
    3000    274.02779   -109.94292 
    3100    274.01157    103.75776 
    3200    274.01188   -7.8097582 
    3300    274.03451   -135.69794 
    3400    273.99369    263.66876 
    3500    274.04231   -252.39375 
    3600    274.01081    105.11696 
    3700    274.01289    58.835828 
    3800     274.0253   -97.078302 
    3900    274.01149    58.773869 
    4000    274.01922   -1.5097072 
    4100    274.02159   -43.888071 
    4200    274.02032     15.29089 
    4300    274.01405    31.727454 
    4400    274.02392   -65.796865 
    4500    274.01037    69.455553 
    4600    274.02203   -33.178557 
    4700    274.01683    5.6560012 
    4800    274.02135   -8.3403561 
    4900    274.01627    39.205798 
    5000    274.02284   -53.743188 
    5001    274.02267   -52.395443 
Loop time of 197.141 on 32 procs for 5000 steps with 193600 atoms

Performance: 1.096 ns/day, 21.905 hours/ns, 25.363 timesteps/s
87.4% CPU use with 32 MPI tasks x no OpenMP threads

MPI task timing breakdown:
Section |  min time  |  avg time  |  max time  |%varavg| %total
---------------------------------------------------------------
Pair    | 154.47     | 156.65     | 161.98     |  11.4 | 79.46
Neigh   | 0.037775   | 0.039375   | 0.04072    |   0.4 |  0.02
Comm    | 19.306     | 25.39      | 31.451     |  66.5 | 12.88
Output  | 0.025486   | 0.029396   | 0.032127   |   1.3 |  0.01
Modify  | 8.5569     | 14.002     | 19.325     |  92.4 |  7.10
Other   |            | 1.032      |            |       |  0.52

Nlocal:    6050 ave 6095 max 6013 min
Histogram: 3 3 4 3 6 3 3 4 1 2
Nghost:    5892.5 ave 5930 max 5848 min
Histogram: 2 1 4 3 3 7 2 4 3 3
Neighs:    0 ave 0 max 0 min
Histogram: 32 0 0 0 0 0 0 0 0 0
FullNghs:  206777 ave 208346 max 205455 min
Histogram: 3 3 5 2 6 3 3 4 1 2

Total # of neighbors = 6616876
Ave neighs/atom = 34.1781
Neighbor list builds = 3
Dangerous builds = 0
unfix		NPT
variable	length equal lx/${LC}
variable	length equal lx/5.43

################### Geometrical Parameters After Relaxation ###############################
# Thermostat_width
variable	TW equal ${length}/40
variable	TW equal 50.4645800898938/40
# Hot_Start
variable	hs equal ${length}/4-${TW}
variable	hs equal 50.4645800898938/4-${TW}
variable	hs equal 50.4645800898938/4-1.26161450224735
# Hot_End
variable	he equal ${length}/4+${TW}
variable	he equal 50.4645800898938/4+${TW}
variable	he equal 50.4645800898938/4+1.26161450224735
# Cold_Start
variable	cs equal 3*${length}/4-${TW}
variable	cs equal 3*50.4645800898938/4-${TW}
variable	cs equal 3*50.4645800898938/4-1.26161450224735
# Cold_End
variable	ce equal 3*${length}/4+${TW}
variable	ce equal 3*50.4645800898938/4+${TW}
variable	ce equal 3*50.4645800898938/4+1.26161450224735
###########################################################################################

################### Defining Thermostat ###################################################
region 		hot block ${hs} ${he} EDGE EDGE EDGE EDGE
region 		hot block 11.3545305202261 ${he} EDGE EDGE EDGE EDGE
region 		hot block 11.3545305202261 13.8777595247208 EDGE EDGE EDGE EDGE
region 		cold block ${cs} ${ce} EDGE EDGE EDGE EDGE
region 		cold block 36.586820565173 ${ce} EDGE EDGE EDGE EDGE
region 		cold block 36.586820565173 39.1100495696677 EDGE EDGE EDGE EDGE
group		test region cold
9570 atoms in group test
group		test1 region hot
9556 atoms in group test1
compute		Thot all temp/region hot
compute         Tcold all temp/region cold
###########################################################################################

fix		NVT all nvt temp $T $T ${tdamp}
fix		NVT all nvt temp 300 $T ${tdamp}
fix		NVT all nvt temp 300 300 ${tdamp}
fix		NVT all nvt temp 300 300 0.05
thermo		1000
thermo_style	custom step temp
run		${tnvt}
run		40000
Per MPI rank memory allocation (min/avg/max) = 4.118 | 4.119 | 4.121 Mbytes
Step Temp 
    5001    299.63672 
    6000    296.11762 
    7000    299.18475 
    8000    300.42602 
    9000    301.64951 
   10000    299.86045 
   11000    299.98611 
   12000    299.06988 
   13000    299.64686 
   14000    299.56883 
   15000    300.33163 
   16000    301.50605 
   17000    299.50282 
   18000     300.4148 
   19000    299.80703 
   20000    298.51395 
   21000    300.59438 
   22000    300.15384 
   23000    301.41749 
   24000    300.46429 
   25000    300.26695 
   26000    300.38714 
   27000     300.0722 
   28000    299.44128 
   29000    299.09648 
   30000    300.84013 
   31000    299.33804 
   32000    300.77744 
   33000    298.44054 
   34000    300.07389 
   35000    299.64058 
   36000    301.54315 
   37000    300.76518 
   38000    300.07786 
   39000    300.82203 
   40000    298.93859 
   41000    300.64401 
   42000    298.72559 
   43000    300.68713 
   44000    300.02924 
   45000    299.58963 
   45001    299.58693 
Loop time of 1516.85 on 32 procs for 40000 steps with 193600 atoms

Performance: 1.139 ns/day, 21.067 hours/ns, 26.370 timesteps/s
88.8% CPU use with 32 MPI tasks x no OpenMP threads

MPI task timing breakdown:
Section |  min time  |  avg time  |  max time  |%varavg| %total
---------------------------------------------------------------
Pair    | 1232.5     | 1242.4     | 1252.2     |  14.6 | 81.91
Neigh   | 0          | 0          | 0          |   0.0 |  0.00
Comm    | 136.66     | 180.58     | 221.85     | 181.5 | 11.91
Output  | 0.021207   | 0.023628   | 0.027329   |   0.9 |  0.00
Modify  | 36.155     | 80.436     | 122.2      | 305.6 |  5.30
Other   |            | 13.4       |            |       |  0.88

Nlocal:    6050 ave 6098 max 6008 min
Histogram: 3 1 2 7 3 8 2 3 2 1
Nghost:    5892.5 ave 5934 max 5845 min
Histogram: 1 1 4 2 8 3 7 2 1 3
Neighs:    0 ave 0 max 0 min
Histogram: 32 0 0 0 0 0 0 0 0 0
FullNghs:  209916 ave 211875 max 208290 min
Histogram: 2 3 3 5 5 7 2 3 1 1

Total # of neighbors = 6717310
Ave neighs/atom = 34.6968
Neighbor list builds = 0
Dangerous builds = 0
velocity	all scale $T
velocity	all scale 300
unfix		NVT

fix		NVE all nve
fix		hot all langevin ${thi} ${thi} ${tdamp} 389516 tally yes
fix		hot all langevin 319.9225 ${thi} ${tdamp} 389516 tally yes
fix		hot all langevin 319.9225 319.9225 ${tdamp} 389516 tally yes
fix		hot all langevin 319.9225 319.9225 0.05 389516 tally yes
fix_modify	hot temp Thot
fix		cold all langevin ${tlo} ${tlo} ${tdamp} 46579 tally yes
fix		cold all langevin 280.0775 ${tlo} ${tdamp} 46579 tally yes
fix		cold all langevin 280.0775 280.0775 ${tdamp} 46579 tally yes
fix		cold all langevin 280.0775 280.0775 0.05 46579 tally yes
fix_modify	cold temp Tcold

thermo_style	custom step temp c_Thot c_Tcold f_hot f_cold
run		${t1nve}
run		100000
Per MPI rank memory allocation (min/avg/max) = 4.868 | 4.869 | 4.871 Mbytes
Step Temp c_Thot c_Tcold f_hot f_cold 
   45001          300    299.42351    307.06336           -0           -0 
   46000    300.19514    315.33173    283.85327   -65.714097    90.658935 
   47000      299.574    321.09161    275.60442   -101.26419    129.83601 
   48000    300.26751    319.03523    281.86736   -119.11203    139.49378 
   49000    299.82711    322.31173    276.12549   -146.31107     172.5631 
   50000    300.06326    320.55722    280.79292   -163.44488    204.20702 
   51000    300.61493    320.05818    279.23379   -195.99227    235.27769 
   52000    300.36003    321.01559    283.40497   -226.66565    262.39676 
   53000    299.88416    316.50367    283.01261    -256.9054    295.18343 
   54000    300.49053    320.88804    280.41831   -297.60027    328.40946 
   55000    300.45242    318.29411    282.68235   -328.37792    368.89096 
   56000    299.44557     316.9694    283.79636   -369.79613     399.8501 
   57000    300.36034    315.45202    283.81848    -408.6554    446.96259 
   58000    300.47319    316.30247    284.60319   -455.06971    495.19517 
   59000    299.64865    319.77813    284.28681   -503.03593    528.41793 
   60000    299.95058    315.89085    282.60811   -534.98778    573.31151 
   61000     300.5651    323.25746      280.647   -591.31098    613.27553 
   62000    301.04376    322.34705    284.93469   -633.05697    643.25223 
   63000    299.84661     320.1717    277.53287   -672.50325    689.79261 
   64000    300.18022    315.67359    278.09996   -712.84459    734.81452 
   65000    300.07815    316.85742    279.73539   -750.34792     774.1031 
   66000    300.43262    314.18038    280.50163   -798.35363    821.67656 
   67000    300.44738    321.99239    278.89514    -843.3327    856.81713 
   68000    300.25549    317.11851    285.03804   -879.81742    906.39682 
   69000    299.88746     318.3484    283.57619   -920.65662    951.14478 
   70000    299.97728    320.41605    282.04667   -969.15907    994.61561 
   71000    299.91684    317.61642    280.94605   -1009.3033    1039.1401 
   72000    299.92796    320.99816     282.8034   -1050.2263    1087.4944 
   73000    300.20062    316.99537    286.02915   -1095.0464    1124.8077 
   74000    300.03137     320.0357    278.78254   -1144.7525    1176.8574 
   75000    300.49636    318.36152    279.04075   -1183.2502    1216.3245 
   76000    299.85092    317.14317    282.89158   -1222.9803    1253.2956 
   77000     299.7754    317.73883    279.99408   -1261.6415    1300.2795 
   78000    300.19197    315.17346    285.38879    -1307.188    1333.6458 
   79000    300.00353    320.43642    281.38966   -1356.3312    1366.4185 
   80000    299.76043    318.27094    282.57765   -1400.1018    1416.4279 
   81000    299.68717    319.44755     285.9168   -1440.7565    1454.5468 
   82000     300.0374    318.23185    280.59825    -1479.022    1497.4639 
   83000    300.05679    316.81485    279.16392   -1513.6209    1538.3247 
   84000    300.92001    319.59006    283.28726   -1564.7533    1567.6525 
   85000    300.44869     319.0607    281.95775   -1600.6098    1612.0932 
   86000    300.84689    318.38753    281.92073   -1647.1429    1654.3532 
   87000    300.35334    316.56344    277.65511   -1686.3516    1705.6376 
   88000    300.20841    315.10449    280.72123   -1735.8043    1729.9065 
   89000    300.05818     316.3452    282.20768   -1772.3283    1769.0223 
   90000    300.50828     320.3567    276.72921   -1814.8915     1815.349 
   91000    300.84861    318.78953     282.8867   -1851.1297    1850.6166 
   92000    299.99898    320.55911    284.74074   -1905.8424    1907.1613 
   93000    300.82205    318.60056    280.45389   -1937.4202    1953.2068 
   94000    300.39773    314.44173    281.70803    -1974.236     1980.688 
   95000    300.04778    316.53422    284.44066   -2010.1913    2020.9005 
   96000    299.80041    318.68623    275.79484   -2048.5822    2062.6645 
   97000    300.79279    318.83231    288.62081   -2085.3578    2093.4989 
   98000    300.56923      320.144     286.3345   -2130.6884    2139.8043 
   99000    300.35942    317.49358    275.94815   -2166.9261    2191.3605 
  100000    299.06135    316.28028    278.62835   -2200.8884    2226.5025 
  101000    300.54717    320.93504    284.69126   -2249.1256    2267.8006 
  102000    300.95266     319.7652    282.60152   -2276.5251     2311.964 
  103000    299.96571    316.16424    279.17157   -2309.9705    2357.8369 
  104000     299.7204    316.68912    277.03564   -2347.0584     2399.308 
  105000    299.35763    316.19445    283.43347   -2395.3001    2433.3047 
  106000     299.8014    315.01678    284.15339    -2437.439    2468.0829 
  107000    299.25315    314.27863    279.12032   -2472.1799    2518.2249 
  108000    299.62413    320.11371    279.31899    -2520.989     2553.304 
  109000    299.46858    314.00964    282.64068   -2556.7559    2594.1835 
  110000    299.63453    316.50086    286.53807    -2597.766    2628.3353 
  111000    299.21708     318.4231    283.72013   -2628.3983    2682.2727 
  112000      299.379    316.73656    277.45372     -2676.84    2728.0777 
  113000    299.86079    317.47591    281.36231   -2722.0883    2771.6231 
  114000    299.09962    316.69396    277.26753   -2747.3644    2817.7387 
  115000    299.55511    314.18362    283.62173   -2790.9737    2852.5105 
  116000    299.72264    315.70262    282.31646   -2835.5343    2892.4079 
  117000    299.10134    320.62229    281.59315   -2880.9099    2934.5653 
  118000    299.53542    318.34419    282.56929   -2919.6448    2970.8225 
  119000    299.08969    316.74625    281.89011   -2954.2772    3013.2116 
  120000    300.30994    318.51181    279.07669   -3010.9601    3047.6229 
  121000    299.09332    313.88824    281.60166   -3043.2093    3084.9608 
  122000    299.92835     317.1558    284.47572   -3093.4824    3116.3376 
  123000    300.09642    316.50886    282.42483   -3126.4281    3165.3317 
  124000     299.9317    316.25462    284.79236   -3177.2946    3201.7254 
  125000    300.04686    316.60534    285.82718   -3224.1151    3243.2382 
  126000    299.74597    315.57009    278.66816   -3253.0605    3291.5589 
  127000    300.20229    319.86573    282.57054   -3296.3027    3319.7602 
  128000     299.4314    318.63208    279.74553   -3340.0982    3364.0474 
  129000    300.82439    317.92118    286.84708   -3383.2384    3399.4475 
  130000    300.70198    317.47737     282.1833   -3423.9596    3449.5805 
  131000    299.29446    317.37275    283.25072   -3466.7717    3494.4414 
  132000    299.84224    313.94379    281.50089   -3504.0119    3538.5917 
  133000    299.89538    321.23996    283.68414   -3551.7369    3575.6888 
  134000    300.69464    316.35536    280.81619   -3580.4589    3613.6408 
  135000    299.47885    318.53014    277.67765   -3629.4134    3656.8334 
  136000    299.86798    313.93078     286.3956    -3653.689     3691.381 
  137000    300.55382    321.60638    276.40313      -3708.9    3741.9083 
  138000    300.91488    324.60423    280.98227   -3755.3251    3778.4319 
  139000    300.82109    316.73125    283.80439   -3786.2454    3815.1158 
  140000    300.00427    318.03568    279.12201   -3845.1606    3874.0505 
  141000    299.83757    318.62976    283.78586   -3880.7253    3908.3595 
  142000    300.23644    323.26524    279.51639   -3926.7717     3945.827 
  143000    300.89522    320.26795      280.024   -3979.6483    3991.3202 
  144000    301.26996     321.8401    282.06138   -4023.1776    4020.7851 
  145000    300.53524    316.46562    284.24119   -4055.8582     4061.021 
  145001    300.50621    316.21832    284.44432   -4055.4612     4060.789 
Loop time of 3940.03 on 32 procs for 100000 steps with 193600 atoms

Performance: 1.096 ns/day, 21.889 hours/ns, 25.381 timesteps/s
88.3% CPU use with 32 MPI tasks x no OpenMP threads

MPI task timing breakdown:
Section |  min time  |  avg time  |  max time  |%varavg| %total
---------------------------------------------------------------
Pair    | 3066.7     | 3107.5     | 3136.5     |  29.7 | 78.87
Neigh   | 0          | 0          | 0          |   0.0 |  0.00
Comm    | 325.21     | 465.24     | 586.39     | 365.1 | 11.81
Output  | 0.092269   | 0.098555   | 0.10218    |   0.7 |  0.00
Modify  | 229.75     | 338.47     | 457.29     | 395.2 |  8.59
Other   |            | 28.71      |            |       |  0.73

Nlocal:    6050 ave 6119 max 5961 min
Histogram: 1 1 0 5 7 4 2 9 2 1
Nghost:    5892.5 ave 5982 max 5824 min
Histogram: 1 2 9 2 4 7 5 0 1 1
Neighs:    0 ave 0 max 0 min
Histogram: 32 0 0 0 0 0 0 0 0 0
FullNghs:  209979 ave 212308 max 206627 min
Histogram: 1 1 0 3 8 4 3 4 6 2

Total # of neighbors = 6719322
Ave neighs/atom = 34.7072
Neighbor list builds = 0
Dangerous builds = 0

# thermal conductivity calculation
# reset langevin thermostats to zero energy accumulation
reset_timestep 0
thermo		$c
thermo		500000
compute		ke all ke/atom
variable	temp atom c_ke/1.5/8.617332478e-5
fix		hot all langevin ${thi} ${thi} ${tdamp} 389516 tally yes
fix		hot all langevin 319.9225 ${thi} ${tdamp} 389516 tally yes
fix		hot all langevin 319.9225 319.9225 ${tdamp} 389516 tally yes
fix		hot all langevin 319.9225 319.9225 0.05 389516 tally yes
fix_modify	hot temp Thot
fix		cold all langevin ${tlo} ${tlo} ${tdamp} 46579 tally yes
fix		cold all langevin 280.0775 ${tlo} ${tdamp} 46579 tally yes
fix		cold all langevin 280.0775 280.0775 ${tdamp} 46579 tally yes
fix		cold all langevin 280.0775 280.0775 0.05 46579 tally yes
fix_modify	cold temp Tcold

compute		ch all chunk/atom bin/1d x lower 0.02 units reduced
fix		11 all ave/chunk $a $b $c ch v_temp file sw_${P}.langevin
fix		11 all ave/chunk 100 $b $c ch v_temp file sw_${P}.langevin
fix		11 all ave/chunk 100 5000 $c ch v_temp file sw_${P}.langevin
fix		11 all ave/chunk 100 5000 500000 ch v_temp file sw_${P}.langevin
fix		11 all ave/chunk 100 5000 500000 ch v_temp file sw_23.langevin
thermo_style	custom step temp c_Thot c_Tcold f_hot f_cold

run		${t2nve}
run		500000
Per MPI rank memory allocation (min/avg/max) = 5.118 | 5.12 | 5.121 Mbytes
Step Temp c_Thot c_Tcold f_hot f_cold 
       0    300.50621    316.43837    284.26643           -0           -0 
  500000    299.10064    315.73353    283.87153   -20909.286    20928.801 
Loop time of 19904.5 on 32 procs for 500000 steps with 193600 atoms

Performance: 1.085 ns/day, 22.116 hours/ns, 25.120 timesteps/s
87.8% CPU use with 32 MPI tasks x no OpenMP threads

MPI task timing breakdown:
Section |  min time  |  avg time  |  max time  |%varavg| %total
---------------------------------------------------------------
Pair    | 15368      | 15542      | 15743      |  76.7 | 78.08
Neigh   | 0          | 0          | 0          |   0.0 |  0.00
Comm    | 1797.1     | 2499.1     | 3004.1     | 745.7 | 12.56
Output  | 0.000877   | 0.0020221  | 0.002121   |   0.5 |  0.00
Modify  | 1236       | 1732.3     | 2353.6     | 904.8 |  8.70
Other   |            | 131.3      |            |       |  0.66

Nlocal:    6050 ave 6071 max 6018 min
Histogram: 2 1 2 2 3 6 4 1 6 5
Nghost:    5892.5 ave 5925 max 5872 min
Histogram: 6 6 0 4 6 3 2 2 1 2
Neighs:    0 ave 0 max 0 min
Histogram: 32 0 0 0 0 0 0 0 0 0
FullNghs:  209925 ave 210791 max 208636 min
Histogram: 3 0 0 4 4 5 5 2 4 5

Total # of neighbors = 6717590
Ave neighs/atom = 34.6983
Neighbor list builds = 0
Dangerous builds = 0
clear
next		P
jump		Si.in
 units       metal
#----------------------------- User Input Variables --------------------------------------
################### Geometrical Parameters ###############################
variable	P index 21 22 23 24
variable	W equal 22
# Lattice Constant
variable	LC equal 5.43
# Length
variable	L equal 50
# Width
#variable	W equal 6
# Height
variable	H equal ${W}
variable	H equal 22
################### Simulation Condition ###############################
#DT/DX=cte
variable	cte equal 1.5938
log         sw_${P}.log
log         sw_24.log
