 6.951592060027e-310    9.000000000000e+02    9.749266098918e-03    2.437316524729e-03    0.000000000000e+00    0.000000000000e+00    0.000000000000e+00    0.000000000000e+00    0.000000000000e+00    0.000000000000e+00    1.354064735961e-03
  1.023000000000e-07    8.999999999963e+02    9.749266098951e-03    2.437316524732e-03    1.740763543854e-17    1.408925482160e-17    4.752974901711e-18    6.742625084201e-15    6.961303251800e-15    3.779503768696e-20    1.354064735966e-03
  1.048575000000e-04    9.000000016783e+02    9.749266075649e-03    2.437316502817e-03    1.642365384440e-14    4.173130018673e-15    3.630251711417e-12    3.568340889411e-13    1.731633464173e-11    9.365792905893e-14    1.354064734474e-03
  7.677721500000e-03    9.000006320813e+02    9.749258334300e-03    2.437312371706e-03    7.026455734227e-14    2.206931062203e-14    7.734776092391e-10    1.526525513270e-12    1.780780933959e-09    6.139510880883e-10    1.354063974013e-03
  1.767772150000e-02    9.000047098121e+02    9.749209194965e-03    2.437291036574e-03    2.701915981515e-13    1.007862336425e-13    5.569969577003e-09    5.870467070018e-12    7.338046100941e-09    4.599261002020e-09    1.354058755028e-03
  2.767772150000e-02    9.000196973032e+02    9.749029607598e-03    2.437219492635e-03    8.206307744017e-13    3.413261478630e-13    2.351928638917e-08    1.783385496301e-11    2.090269355481e-08    1.832170209552e-08    1.354039154031e-03
  3.767772150000e-02    9.000637994813e+02    9.748503685037e-03    2.437025826242e-03    1.991666570100e-12    9.335694287355e-13    7.711621587186e-08    4.329765671482e-11    4.399158479741e-08    5.643652410552e-08    1.353980452178e-03
  4.767772150000e-02    9.001673076491e+02    9.747273001615e-03    2.436601005105e-03    3.958400802548e-12    2.082455270954e-12    2.072296797044e-07    8.607910739562e-11    7.177981308195e-08    1.368513891079e-07    1.353840696760e-03
  5.767772150000e-02    9.003698402879e+02    9.744867885735e-03    2.435804583282e-03    6.931773262264e-12    3.995338148288e-12    4.728401371208e-07    1.507520043400e-10    1.019261263177e-07    2.733421827770e-07    1.353564598402e-03
  6.767772150000e-02    9.007245193204e+02    9.740659043452e-03    2.434447652970e-03    1.127921295828e-11    6.971649172545e-12    9.553559505232e-07    2.452368445482e-10    1.350447617786e-07    4.801695197816e-07    1.353078085751e-03
  7.767772150000e-02    9.013072908720e+02    9.733749765309e-03    2.432261546923e-03    1.760541052431e-11    1.150002738481e-11    1.771504287480e-06    3.824734293000e-10    1.722589795472e-07    7.764352254740e-07    1.352275559903e-03
  8.767772150000e-02    9.022334246648e+02    9.722785572279e-03    2.428841510587e-03    2.698647047301e-11    1.844766260637e-11    3.098706297118e-06    5.852983403009e-10    2.152877665208e-07    1.189175818117e-06    1.350997416688e-03
  9.767772150000e-02    9.036931543708e+02    9.705545436098e-03    2.423525564194e-03    4.157590302802e-11    2.954448912692e-11    5.229890158607e-06    8.990030184197e-10    2.671768830847e-07    1.759497368956e-06    1.348981788381e-03
  1.076777215000e-01    9.060422127460e+02    9.677910211458e-03    2.415089296602e-03    6.647189207245e-11    4.888369230423e-11    8.712373506105e-06    1.429751008076e-09    3.341434167392e-07    2.557219397037e-06    1.345742724359e-03
  1.176777215000e-01    9.100982283529e+02    9.630512025048e-03    2.400756492482e-03    1.176941555114e-10    8.938308749069e-11    1.480162543136e-05    2.507262187518e-09    4.320816487950e-07    3.724342694609e-06    1.340174351711e-03
  1.274826844812e-01    9.185219652851e+02    9.533357153347e-03    2.371680945784e-03    2.858441496342e-10    2.254090279170e-10    2.757363324736e-05    5.966338723823e-09    6.228192294563e-07    5.627314342172e-06    1.328732306448e-03
  1.322373916975e-01    9.298073942793e+02    9.405847777010e-03    2.333902277775e-03    9.055861075001e-10    7.546093915920e-10    4.478502258717e-05    1.841284865045e-08    9.373376431128e-07    7.393074970355e-06    1.313681128766e-03
  1.332861213479e-01    9.439893750100e+02    9.248980183255e-03    2.287978275532e-03    2.464197458743e-08    2.685890495109e-08    6.728501938556e-05    4.987409487525e-07    1.781871525332e-06    7.901769857205e-06    1.295183431693e-03
  1.333194527096e-01    9.559058602834e+02    9.118541414807e-03    2.250776497408e-03    1.174425143904e-07    1.310001334958e-07    8.768177535043e-05    2.341315614325e-06    1.902493333295e-06    7.278065245499e-06    1.279956758326e-03
  1.333295117310e-01    9.666155578171e+02    9.003020789974e-03    2.217925242517e-03    2.376608758651e-07    2.543150944375e-07    1.063066504024e-04    4.636769206739e-06    1.850939805926e-06    6.665490130394e-06    1.266578325356e-03
  1.333351742146e-01    9.770796463003e+02    8.891722372363e-03    2.186219525048e-03    3.869719143318e-07    3.962150833257e-07    1.246875010331e-04    7.391349702516e-06    1.786193049086e-06    6.077501287962e-06    1.253788090778e-03
  1.333389552397e-01    9.874327322665e+02    8.783035107539e-03    2.155181895557e-03    5.680302167009e-07    5.576393083842e-07    1.430715124037e-04    1.063034096655e-05    1.720904212301e-06    5.518499750519e-06    1.241399939158e-03
  1.333417057758e-01    9.977213488885e+02    8.676325707185e-03    2.124624522941e-03    7.836635449461e-07    7.397350031663e-07    1.615689944757e-04    1.438093908335e-05    1.657406677076e-06    4.990412507080e-06    1.229343632576e-03
  1.333438148775e-01    1.007967360902e+03    8.571238772745e-03    2.094440914377e-03    1.036783061513e-06    9.438508755382e-07    1.802515531975e-04    1.867087264884e-05    1.596306711710e-06    4.494194146053e-06    1.217581949334e-03
  1.333454915259e-01    1.018182909752e+03    8.467531125281e-03    2.064557308429e-03    1.330350478494e-06    1.171529010292e-06    1.991749428691e-04    2.352799370334e-05    1.537747726022e-06    4.030278011410e-06    1.206090969636e-03
  1.333468601083e-01    1.028375465771e+03    8.365015298232e-03    2.034916159553e-03    1.667353788482e-06    1.424494371463e-06    2.183870186583e-04    2.898002573573e-05    1.481715460329e-06    3.598733661703e-06    1.194853356713e-03
  1.333480001671e-01    1.038549984555e+03    8.263535387028e-03    2.005469113202e-03    2.050783390455e-06    1.704642718921e-06    2.379311018533e-04    3.505433852376e-05    1.428135449472e-06    3.199332232092e-06    1.183855469369e-03
  1.333489653398e-01    1.048709936458e+03    8.162955680645e-03    1.976173744094e-03    2.483604037588e-06    2.014024252654e-06    2.578473595005e-04    4.177767168577e-05    1.376909712298e-06    2.831584054705e-06    1.173085962087e-03
  1.333497933121e-01    1.058857853006e+03    8.063154751205e-03    1.946991882463e-03    2.968724697966e-06    2.354824832452e-06    2.781734053753e-04    4.917584999171e-05    1.327932010431e-06    2.494764097522e-06    1.162535031124e-03
  1.333505114463e-01    1.068995641689e+03    7.964022182723e-03    1.917888705359e-03    3.508967085373e-06    2.729345819347e-06    2.989445241727e-04    5.727349615837e-05    1.281094522094e-06    2.187933821836e-06    1.152193973468e-03
  1.333511401515e-01    1.079124776502e+03    7.865456722439e-03    1.888832239510e-03    4.107032802897e-06    3.139980727119e-06    3.201936910596e-04    6.609374272149e-05    1.236290885961e-06    1.909963300694e-06    1.142054914440e-03
  1.333516949978e-01    1.089246420354e+03    7.767365207187e-03    1.859793085911e-03    4.765470306168e-06    3.589190956734e-06    3.419514872269e-04    7.565795429707e-05    1.193417442423e-06    1.659555122450e-06    1.132110629290e-03
  1.333521880930e-01    1.099361506166e+03    7.669661950858e-03    1.830744275377e-03    5.486642031853e-06    4.079479368295e-06    3.642459589426e-04    8.598546434010e-05    1.152373745105e-06    1.435270451733e-06    1.122354422080e-03
  1.333526290102e-01    1.109470792579e+03    7.572268402129e-03    1.801661199233e-03    6.272692421996e-06    4.613362632910e-06    3.871024522461e-04    9.709333235610e-05    1.113062677689e-06    1.235556987938e-06    1.112780040305e-03
  1.333530254281e-01    1.119574903203e+03    7.475112963050e-03    1.772521583509e-03    7.125517346895e-06    5.193342514804e-06    4.105434421959e-04    1.089961252962e-04    1.075390415039e-06    1.058778182432e-06    1.103381612853e-03
  1.333533835849e-01    1.129674355779e+03    7.378130876015e-03    1.743305478568e-03    8.046736283886e-06    5.821876818183e-06    4.345883813696e-04    1.217057372180e-04    1.039266432177e-06    9.032428920804e-07    1.094153602849e-03
  1.333537086065e-01    1.139769582913e+03    7.281264163512e-03    1.713995260828e-03    9.037666841406e-06    6.501351140962e-06    4.592535647117e-04    1.352312397806e-04    1.004603256657e-06    7.672345290591e-07    1.085090772200e-03
  1.333540047471e-01    1.149860948256e+03    7.184461578217e-03    1.684575634824e-03    1.009930217250e-05    7.234049024507e-06    4.845520193744e-04    1.495787661676e-04    9.713166374300e-07    6.490388386733e-07    1.076188153103e-03
  1.333542755703e-01    1.159948759208e+03    7.087678530940e-03    1.655033624249e-03    1.123229236650e-05    8.022125352607e-06    5.104934330330e-04    1.647514386405e-04    9.393254586674e-07    5.469694547771e-07    1.067441024744e-03
  1.333545240856e-01    1.170033276533e+03    6.990877001159e-03    1.625358555301e-03    1.243692932239e-05    8.867579947497e-06    5.370841146446e-04    1.807493326109e-04    9.085518044038e-07    4.593905785355e-07    1.058844894245e-03
  1.333547528537e-01    1.180114722258e+03    6.894025415978e-03    1.595542027892e-03    1.371313534313e-05    9.772233354674e-06    5.643269899861e-04    1.975694767795e-04    8.789209486792e-07    3.847362584544e-07    1.050395480245e-03
  1.333549640684e-01    1.190193286021e+03    6.797098496509e-03    1.565577874574e-03    1.506045548721e-05    1.073770447658e-05    5.922216310275e-04    2.152058875937e-04    8.503615204191e-07    3.215259902603e-07    1.042088698656e-03
  1.333551596207e-01    1.200269130148e+03    6.700077075118e-03    1.535462108797e-03    1.647805335157e-05    1.176539064866e-05    6.207643147846e-04    2.336496327834e-04    8.228055209957e-07    2.683765130117e-07    1.033920650124e-03
  1.333553411500e-01    1.210342394036e+03    6.602947880970e-03    1.505192861654e-03    1.796471023072e-05    1.285645018131e-05    6.499481106118e-04    2.528889220589e-04    7.961884033550e-07    2.240098760883e-07    1.025887608581e-03
  1.333555100850e-01    1.220413197622e+03    6.505703303627e-03    1.474770310514e-03    1.951882720511e-05    1.401178734135e-05    6.797629896145e-04    2.729092186829e-04    7.704491033704e-07    1.872580045040e-07    1.017986010946e-03
  1.333556676767e-01    1.230481644310e+03    6.408341135241e-03    1.444196599588e-03    2.113842996015e-05    1.523203957047e-05    7.101959538997e-04    2.936933692517e-04    7.455302921072e-07    1.570641049927e-07    1.010212447611e-03
  1.333558150254e-01    1.240547823558e+03    6.310864302128e-03    1.413475756502e-03    2.282117569350e-05    1.651756839033e-05    7.412311772300e-04    3.152217428506e-04    7.213778101141e-07    1.324813352711e-07    1.002563653503e-03
  1.333559531028e-01    1.250611812852e+03    6.213280575675e-03    1.382613600427e-03    2.456436231697e-05    1.786845107005e-05    7.728501643068e-04    3.374723879932e-04    6.979413591346e-07    1.126692202411e-07    9.950364999186e-04
  1.333560827701e-01    1.260673679374e+03    6.115602295696e-03    1.351617653984e-03    2.636493892953e-05    1.928447567151e-05    8.050319054229e-04    3.604211826430e-04    6.751741208887e-07    9.688829043042e-08    9.876279868927e-04
  1.333562047936e-01    1.270733481575e+03    6.017846081211e-03    1.320497049756e-03    2.821951764213e-05    2.076513863756e-05    8.377530414982e-04    3.840419935375e-04    6.530325619357e-07    8.449341677561e-08    9.803352359020e-04
  1.333563198571e-01    1.280791270303e+03    5.920032549274e-03    1.289262438244e-03    3.012438642051e-05    2.230964369248e-05    8.709880271584e-04    4.083068324717e-04    6.314766169871e-07    7.492627832208e-08    9.731554832085e-04
  1.333564285730e-01    1.290847089850e+03    5.822186040068e-03    1.257925897033e-03    3.207552260046e-05    2.391690318494e-05    9.047092913231e-04    4.331860089117e-04    6.104694424976e-07    6.770734741835e-08    9.660860735428e-04
  1.333565314908e-01    1.300900978740e+03    5.724334352803e-03    1.226500842223e-03    3.406860679045e-05    2.558554146372e-05    9.388873925841e-04    4.586482765870e-04    5.899773381257e-07    6.242771990800e-08    9.591244542779e-04
  1.333566291058e-01    1.310952970479e+03    5.626508491962e-03    1.195001942242e-03    3.609903722731e-05    2.731389970280e-05    9.734911689400e-04    4.846609735309e-04    5.699696141034e-07    5.874105427890e-08    9.522681699139e-04
  1.333567218647e-01    1.321003094080e+03    5.528742428291e-03    1.163445035247e-03    3.816194421503e-05    2.910004265628e-05    1.008487879281e-03    5.111901532513e-04    5.504185017154e-07    5.635582648133e-08    9.455148570282e-04
  1.333568101723e-01    1.331051374486e+03    5.431072876995e-03    1.131847051501e-03    4.025220430328e-05    3.094176683100e-05    1.043843334507e-03    5.382007050670e-04    5.312988620546e-07    5.502804947043e-08    9.388622395738e-04
  1.333568943956e-01    1.341097833069e+03    5.333539090679e-03    1.100225939243e-03    4.236445448020e-05    3.283660994741e-05    1.079522019363e-03    5.656564643653e-04    5.125882779780e-07    5.455455760880e-08    9.323081244299e-04
  1.333569748688e-01    1.351142487851e+03    5.236182667969e-03    1.068600594532e-03    4.449310678275e-05    3.478186210547e-05    1.115487205381e-03    5.935203131221e-04    4.942667333851e-07    5.476691021810e-08    9.258503973945e-04
  1.333570518964e-01    1.361185353794e+03    5.139047380668e-03    1.036990796422e-03    4.663236223833e-05    3.677457806745e-05    1.151701051793e-03    6.217542680542e-04    4.763165158876e-07    5.552594349432e-08    9.194870194061e-04
  1.333571257571e-01    1.371226442966e+03    5.042179019567e-03    1.005417147217e-03    4.877622481638e-05    3.881159053171e-05    1.188124695173e-03    6.503195567084e-04    4.587221599581e-07    5.671696339871e-08    9.132160231117e-04
  1.333571967063e-01    1.381265764693e+03    4.945625258636e-03    9.739010178442e-04    5.091851534855e-05    4.088952485105e-05    1.224718327491e-03    6.791766809843e-04    4.414701760566e-07    5.824555685568e-08    9.070355096791e-04
  1.333572649784e-01    1.391303325698e+03    4.849435535410e-03    9.424644973861e-04    5.305288560242e-05    4.300481448263e-05    1.261441264192e-03    7.082854697099e-04    4.245490421218e-07    6.003398399594e-08    9.009436458617e-04
  1.333573307899e-01    1.401339130173e+03    4.753660951166e-03    9.111303481821e-04    5.517283245051e-05    4.515371766011e-05    1.298252000030e-03    7.376051177586e-04    4.079490231636e-07    6.201810479169e-08    8.949386613224e-04
  1.333573943405e-01    1.411373179830e+03    4.658354189028e-03    8.799219656999e-04    5.727171240592e-05    4.733233484483e-05    1.335108253924e-03    7.670942128048e-04    3.916620745951e-07    6.414478891322e-08    8.890188461948e-04
  1.333574558152e-01    1.421405473970e+03    4.563569446235e-03    8.488633417297e-04    5.934275686334e-05    4.953662730930e-05    1.371967005147e-03    7.967107517003e-04    3.756817310080e-07    6.636975671200e-08    8.831825488207e-04
  1.333575153862e-01    1.431436009381e+03    4.469362392328e-03    8.179790350931e-04    6.137908781235e-05    5.176243616772e-05    1.408784513966e-03    8.264121394310e-04    3.600029818639e-07    6.865579715926e-08    8.774281738030e-04
  1.333575732138e-01    1.441464780502e+03    4.375790135457e-03    7.872941431884e-04    6.337373500884e-05    5.400550262261e-05    1.445516337136e-03    8.561551804422e-04    3.446222539745e-07    7.097131598705e-08    8.717541800790e-04
  1.333576294481e-01    1.451491779258e+03    4.282911213066e-03    7.568342802054e-04    6.531965433359e-05    5.626148890312e-05    1.482117329405e-03    8.858960534421e-04    3.295371546844e-07    7.328916581857e-08    8.661590793594e-04
  1.333576842300e-01    1.461516995114e+03    4.190785595400e-03    7.266255573670e-04    6.720974812664e-05    5.852599984415e-05    1.518541637344e-03    9.155902752859e-04    3.147465885013e-07    7.558571737931e-08    8.606414346279e-04
  1.333577376923e-01    1.471540414971e+03    4.099474709150e-03    6.966945679742e-04    6.903688759742e-05    6.079460534459e-05    1.554742681771e-03    9.451926499284e-04    3.002505238002e-07    7.784013385019e-08    8.551998588824e-04
  1.333577899607e-01    1.481562023178e+03    4.009041476074e-03    6.670683745702e-04    7.079393824595e-05    6.306286364167e-05    1.590673131762e-03    9.746572044967e-04    2.860499649647e-07    8.003381577896e-08    8.498330139866e-04
  1.333578411549e-01    1.491581801453e+03    3.919550368781e-03    6.377744989905e-04    7.247378861102e-05    6.532634514104e-05    1.626284869494e-03    1.003937111455e-03    2.721469016387e-07    8.214998772568e-08    8.445396097238e-04
  1.333578934104e-01    1.502006548101e+03    3.827496197484e-03    6.076738545354e-04    7.413230347980e-05    6.767195506832e-05    1.662951832599e-03    1.034158693493e-03    2.579981966855e-07    8.425341289370e-08    8.391078620660e-04
  1.333579427660e-01    1.512023380165e+03    3.740127089566e-03    5.791429569816e-04    7.563295148610e-05    6.991231819677e-05    1.697763344826e-03    1.062914897647e-03    2.447109420615e-07    8.616569092050e-08    8.339600782604e-04
  1.333579913770e-01    1.522037453875e+03    3.653914036190e-03    5.510332745857e-04    7.703514491375e-05    7.213457484313e-05    1.732101498595e-03    1.091335308264e-03    2.317335990614e-07    8.795789847911e-08    8.288825418108e-04
  1.333580393506e-01    1.532049596005e+03    3.568921179022e-03    5.233716707136e-04    7.833238096443e-05    7.433479319649e-05    1.765917450250e-03    1.119371015273e-03    2.190702430657e-07    8.961866013346e-08    8.238737065679e-04
  1.333580867872e-01    1.542059774453e+03    3.485222257686e-03    4.961878974619e-04    7.951826765705e-05    7.650899149115e-05    1.799158270327e-03    1.146969162346e-03    2.067267075243e-07    9.113755232655e-08    8.189325146998e-04
  1.333581337857e-01    1.552067954376e+03    3.402893247301e-03    4.695121345529e-04    8.058672080797e-05    7.865335719582e-05    1.831769856708e-03    1.174075247691e-03    1.947094107667e-07    9.250529311213e-08    8.140579536737e-04
  1.333581804439e-01    1.562074098306e+03    3.322012520277e-03    4.433749803814e-04    8.153203808626e-05    8.076427443223e-05    1.863696851018e-03    1.200632940387e-03    1.830253531587e-07    9.371378961067e-08    8.092490562737e-04
  1.333582268595e-01    1.572078166412e+03    3.242661015065e-03    4.178074381280e-04    8.234898352138e-05    8.283835177964e-05    1.894882554593e-03    1.226583884232e-03    1.716819302580e-07    9.475620262661e-08    8.045049006709e-04
  1.333582731306e-01    1.582080116650e+03    3.164922410585e-03    3.928408962576e-04    8.303288286179e-05    8.487244940763e-05    1.925268845643e-03    1.251867490842e-03    1.606869823428e-07    9.562701978910e-08    7.998246106756e-04
  1.333583193564e-01    1.592079905233e+03    3.088883307294e-03    3.685071040715e-04    8.357972983774e-05    8.686370553401e-05    1.954796096300e-03    1.276420720080e-03    1.500486815862e-07    9.632212891048e-08    7.952073559543e-04
  1.333583656376e-01    1.602077487634e+03    3.014633348395e-03    3.448381151414e-04    8.398631067487e-05    8.880956439961e-05    1.983403132928e-03    1.300177887727e-03    1.397754678364e-07    9.683889292278e-08    7.906523519463e-04
  1.333584120779e-01    1.612072817452e+03    2.942265433125e-03    3.218662615173e-04    8.425032961487e-05    9.070779787025e-05    2.011027144871e-03    1.323070416783e-03    1.298759813436e-07    9.717620236048e-08    7.861588610438e-04
  1.333584587837e-01    1.622065850778e+03    2.871875742902e-03    2.996240504386e-04    8.437055895209e-05    9.255653146160e-05    2.037603709055e-03    1.345026685948e-03    1.203589734208e-07    9.733452115374e-08    7.817261909263e-04
  1.333585058657e-01    1.632056545300e+03    2.803563723075e-03    2.781440395732e-04    8.434700100852e-05    9.435426666192e-05    2.063066857264e-03    1.365971916832e-03    1.112331965283e-07    9.731591234090e-08    7.773536950828e-04
  1.333585534389e-01    1.642044861866e+03    2.737432082743e-03    2.574587247311e-04    8.418104458698e-05    9.609989590015e-05    2.087349127658e-03    1.385828049161e-03    1.025073262562e-07    9.712402473181e-08    7.730407723082e-04
  1.333586016238e-01    1.652030767972e+03    2.673586543131e-03    2.376003404390e-04    8.387563222906e-05    9.779271708555e-05    2.110381774711e-03    1.404513779687e-03    9.418979047700e-08    9.676405173588e-08    7.687868646077e-04
  1.333586505468e-01    1.662014239958e+03    2.612135415878e-03    2.186006068470e-04    8.343542938732e-05    9.943244272278e-05    2.132095089744e-03    1.421944724792e-03    8.628865376125e-08    9.624266523309e-08    7.645914550516e-04
  1.333587003409e-01    1.671995266698e+03    2.553188917693e-03    2.004904084654e-04    8.286697444313e-05    1.010192021061e-04    2.152418878297e-03    1.438033780345e-03    7.881141511893e-08    9.556790271290e-08    7.604540640036e-04
  1.333587511457e-01    1.681973853785e+03    2.496858135496e-03    1.832993819703e-04    8.217880319581e-05    1.025535354755e-04    2.171283147301e-03    1.452691746427e-03    7.176481970042e-08    9.474901787486e-08    7.563742437745e-04
  1.333588031083e-01    1.691950028499e+03    2.443253542773e-03    1.670553950411e-04    8.138152893869e-05    1.040363785523e-04    2.188619056770e-03    1.465828299660e-03    6.515459610228e-08    9.379629185824e-08    7.523515711443e-04
  1.333588563825e-01    1.701923845387e+03    2.392482960796e-03    1.517838983309e-04    8.048785571258e-05    1.054690355257e-04    2.204360194490e-03    1.477353404468e-03    5.898516694348e-08    9.272080627862e-08    7.483856373156e-04
  1.333589111287e-01    1.711895392366e+03    2.344648850548e-03    1.375071320869e-04    7.951249952624e-05    1.068531386994e-04    2.218444235833e-03    1.487179261808e-03    5.325932182690e-08    9.153418124557e-08    7.444760347884e-04
  1.333589675127e-01    1.721864796767e+03    2.299844842185e-03    1.242431773291e-04    7.847198969569e-05    1.081905932322e-04    2.230815037368e-03    1.495222882110e-03    4.797784677614e-08    9.024828399049e-08    7.406223408933e-04
  1.333590257042e-01    1.731832230917e+03    2.258151446701e-03    1.120048515927e-04    7.738432488331e-05    1.094835062137e-04    2.241425189723e-03    1.501409340207e-03    4.313910635701e-08    8.887491706636e-08    7.368240977924e-04
  1.333590858742e-01    1.741797916213e+03    2.219630969191e-03    1.007984687742e-04    7.626846412553e-05    1.107341001289e-04    2.250239011405e-03    1.505675714790e-03    3.873861366654e-08    8.742549704014e-08    7.330807892860e-04
  1.333591481917e-01    1.751762124423e+03    2.184321783495e-03    9.062251348567e-05    7.514365183371e-05    1.119446137731e-04    2.257235884334e-03    1.507975602883e-03    3.476860031094e-08    8.591074365625e-08    7.293918154445e-04
  1.333592128201e-01    1.761725175266e+03    2.152232279990e-03    8.146631589905e-05    7.402859372348e-05    1.131171951286e-04    2.262413743035e-03    1.508283979354e-03    3.121762954554e-08    8.434039744962e-08    7.257564665942e-04
  1.333592799121e-01    1.771687428637e+03    2.123335027611e-03    7.330885919964e-05    7.294053755880e-05    1.142537951971e-04    2.265792400299e-03    1.506601984881e-03    2.807030253375e-08    8.272299403984e-08    7.221738994575e-04
  1.333593496052e-01    1.781649271088e+03    2.097561881857e-03    6.611789032711e-05    7.189434371082e-05    1.153560744556e-04    2.267416282652e-03    1.502961066594e-03    2.530712077042e-08    8.106572199751e-08    7.186431186550e-04
  1.333594220173e-01    1.791611096603e+03    2.074800909793e-03    5.984952817619e-05    7.090165996597e-05    1.164253357284e-04    2.267356072288e-03    1.497425775754e-03    2.290456678382e-08    7.937438964781e-08    7.151629672911e-04
  1.333594972425e-01    1.801573283380e+03    2.054895983940e-03    5.444855095107e-05    6.997032494910e-05    1.174624964876e-04    2.265708765895e-03    1.490094530048e-03    2.083545316938e-08    7.765351633783e-08    7.117321297702e-04
  1.333595753495e-01    1.811536169256e+03    2.037649669943e-03    4.984948624263e-05    6.910410637221e-05    1.184681089748e-04    2.262595795478e-03    1.481097819632e-03    1.906956074863e-08    7.590654716853e-08    7.083491487573e-04
  1.333596563810e-01    1.821500029751e+03    2.022829579216e-03    4.597851982778e-05    6.830283086362e-05    1.194424281979e-04    2.258159120980e-03    1.470593689006e-03    1.757454284765e-08    7.413616798583e-08    7.050124558663e-04
  1.333597403564e-01    1.831465062398e+03    2.010177761980e-03    4.275610244016e-05    6.756289017648e-05    1.203855173888e-04    2.252555551779e-03    1.458760799214e-03    1.631702397679e-08    7.234467573886e-08    7.017204132290e-04
  1.333598272752e-01    1.841431379529e+03    1.999422159125e-03    4.010000761172e-05    6.687803806334e-05    1.212973718071e-04    2.245949878996e-03    1.445789820869e-03    1.526378255147e-08    7.053434680697e-08    6.984713612081e-04
  1.333599171230e-01    1.851399011757e+03    1.990288684009e-03    3.792849349316e-05    6.624033299470e-05    1.221780366095e-04    2.238507658214e-03    1.431874264808e-03    1.438288455800e-08    6.870774246179e-08    6.952636655717e-04
  1.333600098771e-01    1.861367918323e+03    1.982512527486e-03    3.616322803774e-05    6.564108026165e-05    1.230276979688e-04    2.230388474822e-03    1.417201853951e-03    1.364465079739e-08    6.686791110846e-08    6.920957595145e-04
  1.333601055130e-01    1.871338003949e+03    1.975847475674e-03    3.473168625114e-05    6.507164256986e-05    1.238467341250e-04    2.221740401192e-03    1.401947381107e-03    1.302237151742e-08    6.501846778407e-08    6.889661755744e-04
  1.333602040095e-01    1.881309137324e+03    1.970072523163e-03    3.356884382493e-05    6.452404282467e-05    1.246357235085e-04    2.212696071242e-03    1.386267619056e-03    1.249273082638e-08    6.316355961961e-08    6.858735660573e-04
  1.333603053523e-01    1.891281168775e+03    1.964995597835e-03    3.261812092414e-05    6.399133699214e-05    1.253954169077e-04    2.203370480128e-03    1.370298428799e-03    1.203595070242e-08    6.130774563563e-08    6.828167120190e-04
  1.333604095372e-01    1.901253944961e+03    1.960454658160e-03    3.183163890090e-05    6.346777967832e-05    1.261266863131e-04    2.193860354546e-03    1.354153866498e-03    1.163569958762e-08    5.945582827569e-08    6.797945226096e-04
  1.333605165709e-01    1.911227319770e+03    1.956316697270e-03    3.116992263093e-05    6.294882970884e-05    1.268304642954e-04    2.184244775929e-03    1.337926877919e-03    1.127882845169e-08    5.761267221208e-08    6.768060272768e-04
  1.333606264723e-01    1.921201161218e+03    1.952475297312e-03    3.060121175607e-05    6.243105035196e-05    1.275076857076e-04    2.174586673077e-03    1.321691087342e-03    1.095500068017e-08    5.578303781832e-08    6.738503635350e-04
  1.333607392713e-01    1.931175355103e+03    1.948847345733e-03    3.010053931866e-05    6.191195322652e-05    1.281592395961e-04    2.164934818300e-03    1.305503213967e-03    1.065627386354e-08    5.397144560692e-08    6.709267625551e-04
  1.333608550087e-01    1.941149805980e+03    1.945369421056e-03    2.964871256949e-05    6.138982333119e-05    1.287859350666e-04    2.155326022864e-03    1.289405731915e-03    1.037667863113e-08    5.218207805894e-08    6.680345344205e-04
  1.333609737347e-01    1.951124436491e+03    1.941994218418e-03    2.923129699322e-05    6.086354986792e-05    1.293884815305e-04    2.145787308592e-03    1.273429495439e-03    1.011182505502e-08    5.041871785830e-08    6.651730541839e-04
  1.333610955081e-01    1.961099185546e+03    1.938687258553e-03    2.883767241722e-05    6.033247676839e-05    1.299674814701e-04    2.136337908576e-03    1.257596149054e-03    9.858554678401e-09    4.868471729462e-08    6.623417494979e-04
  1.333612203950e-01    1.971074006136e+03    1.935423993363e-03    2.846019472267e-05    5.979627811225e-05    1.305234332087e-04    2.126991027926e-03    1.241920239445e-03    9.614644410889e-09    4.698299198041e-08    6.595400899903e-04
  1.333613484681e-01    1.981048862696e+03    1.932187402707e-03    2.809349354533e-05    5.925486032777e-05    1.310567395164e-04    2.117755307299e-03    1.226410963565e-03    9.378567329166e-09    4.531603116703e-08    6.567675787307e-04
  1.333614798056e-01    1.991023729009e+03    1.928966017136e-03    2.773388852546e-05    5.870828709533e-05    1.315677208075e-04    2.108636027402e-03    1.211073600155e-03    9.149299126145e-09    4.368592024830e-08    6.540237452207e-04
  1.333616144905e-01    2.000998586016e+03    1.925752376267e-03    2.737893018413e-05    5.815672453495e-05    1.320566291713e-04    2.099636049183e-03    1.195910622363e-03    8.926170400153e-09    4.209436855812e-08    6.513081400931e-04
  1.333617526105e-01    2.010973420079e+03    1.922541843650e-03    2.702704375514e-05    5.760040208394e-05    1.325236622623e-04    2.090756536901e-03    1.180922549427e-03    8.708760857054e-09    4.054273911598e-08    6.486203310437e-04
  1.333618942569e-01    2.020948221546e+03    1.919331721649e-03    2.667726078467e-05    5.703958549272e-05    1.329689760596e-04    2.081997498409e-03    1.166108580118e-03    8.496811741617e-09    3.903208149900e-08    6.459598998102e-04
  1.333620395251e-01    2.030922983609e+03    1.916120609970e-03    2.632902289978e-05    5.647455888562e-05    1.333926957215e-04    2.073358176854e-03    1.151467049845e-03    8.290171633933e-09    3.756316169482e-08    6.433264399797e-04
  1.333621885140e-01    2.040897701433e+03    1.912907950113e-03    2.598204129044e-05    5.590561312422e-05    1.337949244171e-04    2.064837328853e-03    1.136995753786e-03    8.088755442565e-09    3.613649102722e-08    6.407195554079e-04
  1.333623413257e-01    2.050872371516e+03    1.909693709118e-03    2.563619829715e-05    5.533303855996e-05    1.341757502721e-04    2.056433417539e-03    1.122692170022e-03    7.892517989320e-09    3.475235346358e-08    6.381388590856e-04
  1.333624980663e-01    2.060846991194e+03    1.906478169265e-03    2.529148138455e-05    5.475712079404e-05    1.345352515300e-04    2.048144740845e-03    1.108553607021e-03    7.701434443083e-09    3.341082989997e-08    6.355839723518e-04
  1.333626588448e-01    2.070821558351e+03    1.903261788076e-03    2.494793876596e-05    5.417813829371e-05    1.348735003463e-04    2.039969516706e-03    1.094577300969e-03    7.515490228414e-09    3.211182238433e-08    6.330545243066e-04
  1.333628237742e-01    2.080796071159e+03    1.900045110585e-03    2.460565129236e-05    5.359636122551e-05    1.351905654245e-04    2.031905936329e-03    1.080760476159e-03    7.334674200816e-09    3.085507278571e-08    6.305501514050e-04
  1.333629929711e-01    2.090770527948e+03    1.896828715037e-03    2.426471482314e-05    5.301205100090e-05    1.354865138059e-04    2.023952196919e-03    1.067100381702e-03    7.158974150965e-09    2.964018542425e-08    6.280704971364e-04
  1.333631665556e-01    2.100744927100e+03    1.893613181352e-03    2.392522980757e-05    5.242546024605e-05    1.357614120189e-04    2.016106520504e-03    1.053594312291e-03    6.988374765838e-09    2.846664384615e-08    6.256152117836e-04
  1.333633446519e-01    2.110719266984e+03    1.890399073558e-03    2.358729532882e-05    5.183683298459e-05    1.360153268129e-04    2.008367164175e-03    1.040239619175e-03    6.822856234936e-09    2.733382335389e-08    6.231839522192e-04
  1.333635273885e-01    2.120693545924e+03    1.887186930886e-03    2.325100594718e-05    5.124640493169e-05    1.362483255519e-04    2.000732425031e-03    1.027033715138e-03    6.662395644590e-09    2.624101971981e-08    6.207763817332e-04
  1.333637148977e-01    2.130667762173e+03    1.883977263990e-03    2.291645021738e-05    5.065440383553e-05    1.364604764873e-04    1.993200641970e-03    1.013974075903e-03    6.506964754675e-09    2.518744107756e-08    6.183921698720e-04
  1.333639073165e-01    2.140641913893e+03    1.880770554070e-03    2.258371016799e-05    5.006104982378e-05    1.366518488326e-04    1.985770195736e-03    1.001058239636e-03    6.356532312903e-09    2.417224003178e-08    6.160309922981e-04
  1.333641047863e-01    2.150615999151e+03    1.877567253519e-03    2.225286130332e-05    4.946655574618e-05    1.368225128139e-04    1.978439508013e-03    9.882838053674e-04    6.211063435851e-09    2.319451392031e-08    6.136925306484e-04
  1.333643074535e-01    2.160590015911e+03    1.874367787325e-03    2.192397287017e-05    4.887112749852e-05    1.369725396493e-04    1.971207040081e-03    9.756484309823e-04    6.070520373398e-09    2.225332085905e-08    6.113764724032e-04
  1.333645154693e-01    2.170563962022e+03    1.871172554772e-03    2.159710824267e-05    4.827496432827e-05    1.371020015184e-04    1.964071291295e-03    9.631498310226e-04    5.934863023411e-09    2.134768734725e-08    6.090825107578e-04
  1.333647289901e-01    2.180537835229e+03    1.867981931203e-03    2.127232534441e-05    4.767825912034e-05    1.372109715183e-04    1.957030797531e-03    9.507857744821e-04    5.804049138932e-09    2.047661499676e-08    6.068103444964e-04
  1.333649481781e-01    2.190511633142e+03    1.864796269741e-03    2.094967706923e-05    4.708119866693e-05    1.372995236036e-04    1.950084129688e-03    9.385540827037e-04    5.678034929212e-09    1.963908893735e-08    6.045596778734e-04
  1.333651732008e-01    2.200485353252e+03    1.861615902888e-03    2.062921167915e-05    4.648396391740e-05    1.373677325290e-04    1.943229892247e-03    9.264526273523e-04    5.556775275095e-09    1.883408620087e-08    6.023302204930e-04
  1.333654042318e-01    2.210458992923e+03    1.858441144020e-03    2.031097317529e-05    4.588673021611e-05    1.374156737955e-04    1.936466721921e-03    9.144793284988e-04    5.440224072670e-09    1.806057924656e-08    6.001216871915e-04
  1.333656414509e-01    2.220432549448e+03    1.855272288769e-03    1.999500164204e-05    4.528966752949e-05    1.374434236005e-04    1.929793286313e-03    9.026321527390e-04    5.328334538795e-09    1.731754214033e-08    5.979337979113e-04
  1.333658850447e-01    2.230406019655e+03    1.852109616131e-03    1.968133353134e-05    4.469294062683e-05    1.374510587222e-04    1.923208283197e-03    8.909091122013e-04    5.221059424255e-09    1.660395500554e-08    5.957662776770e-04
  1.333661352063e-01    2.240379400609e+03    1.848953389707e-03    1.937000195675e-05    4.409670930648e-05    1.374386565431e-04    1.916710438715e-03    8.793082618239e-04    5.118351186008e-09    1.591880675730e-08    5.936188563316e-04
  1.333663921362e-01    2.250352689016e+03    1.845803858850e-03    1.906103699081e-05    4.350112858526e-05    1.374062949477e-04    1.910298506772e-03    8.678276986979e-04    5.020162289138e-09    1.526110118331e-08    5.914912685593e-04
  1.333666560425e-01    2.260325881409e+03    1.842661259520e-03    1.875446584306e-05    4.290634887778e-05    1.373540523290e-04    1.903971267976e-03    8.564655604075e-04    4.926445184064e-09    1.462985621757e-08    5.893832537421e-04
  1.333669271410e-01    2.270298974079e+03    1.839525815072e-03    1.845031311659e-05    4.231251612747e-05    1.372820074267e-04    1.897727528827e-03    8.452200239440e-04    4.837152494943e-09    1.402410723828e-08    5.872945558704e-04
  1.333672056562e-01    2.280271963196e+03    1.836397736993e-03    1.814860096211e-05    4.171977197439e-05    1.371902393171e-04    1.891566120796e-03    8.340893042861e-04    4.752237281897e-09    1.344291248842e-08    5.852249234197e-04
  1.333674918212e-01    2.290244844652e+03    1.833277226098e-03    1.784934930803e-05    4.112825398354e-05    1.370788274888e-04    1.885485899338e-03    8.230716530209e-04    4.671652888683e-09    1.288535084066e-08    5.831741092872e-04
  1.333677858784e-01    2.300217614046e+03    1.830164472648e-03    1.755257599931e-05    4.053809567861e-05    1.369478515938e-04    1.879485743487e-03    8.121653577696e-04    4.595353027258e-09    1.235052178483e-08    5.811418706965e-04
  1.333680880801e-01    2.310190266808e+03    1.827059657289e-03    1.725829694994e-05    3.994942674849e-05    1.367973915351e-04    1.873564554823e-03    8.013687406248e-04    4.523291998434e-09    1.183755240347e-08    5.791279690820e-04
  1.333683986888e-01    2.320162797826e+03    1.823962951561e-03    1.696652629739e-05    3.936237315943e-05    1.366275273548e-04    1.867721257116e-03    7.906801577127e-04    4.455424501594e-09    1.134559187880e-08    5.771321700715e-04
  1.333687179783e-01    2.330135202059e+03    1.820874518413e-03    1.667727650570e-05    3.877705728108e-05    1.364383392535e-04    1.861954795213e-03    7.800979973664e-04    4.391705771415e-09    1.087381580757e-08    5.751542432784e-04
  1.333690462335e-01    2.340107473496e+03    1.817794512787e-03    1.639055854560e-05    3.819359801391e-05    1.362299074378e-04    1.856264135117e-03    7.696206805843e-04    4.332091538686e-09    1.042142517264e-08    5.731939624147e-04
  1.333693837523e-01    2.350079606370e+03    1.814723082107e-03    1.610638191675e-05    3.761211092245e-05    1.360023122927e-04    1.850648262504e-03    7.592466583394e-04    4.276537951452e-09    9.987646358397e-09    5.712511049780e-04
  1.333697308451e-01    2.360051594274e+03    1.811660366486e-03    1.582475485870e-05    3.703270828295e-05    1.357556340540e-04    1.845106182853e-03    7.489744123026e-04    4.225001636580e-09    9.571732087112e-09    5.693254523264e-04
  1.333700878366e-01    2.370023430142e+03    1.808606499422e-03    1.554568435385e-05    3.645549927776e-05    1.354899530111e-04    1.839636920812e-03    7.388024535867e-04    4.177439526045e-09    9.172959271551e-09    5.674167896127e-04
  1.333704550663e-01    2.379995106572e+03    1.805561608042e-03    1.526917628157e-05    3.588059004091e-05    1.352053493475e-04    1.834239519455e-03    7.287293217427e-04    4.133808989013e-09    8.790632432110e-09    5.655249056360e-04
  1.333708328895e-01    2.389966615608e+03    1.802525813445e-03    1.499523545153e-05    3.530808377440e-05    1.349019031814e-04    1.828913039957e-03    7.187535842233e-04    4.094067514136e-09    8.424078921164e-09    5.636495928079e-04
  1.333712216787e-01    2.399937948578e+03    1.799499231074e-03    1.472386573215e-05    3.473808084163e-05    1.345796944305e-04    1.823656561189e-03    7.088738358661e-04    4.058172848690e-09    8.072651844437e-09    5.617906471042e-04
  1.333716218245e-01    2.409909096183e+03    1.796481971070e-03    1.445507007540e-05    3.417067887338e-05    1.342388029202e-04    1.818469179145e-03    6.990886979586e-04    4.026082818573e-09    7.735728450898e-09    5.599478679756e-04
  1.333720337369e-01    2.419880048376e+03    1.793474138515e-03    1.418885062757e-05    3.360597283874e-05    1.338793082379e-04    1.813350006594e-03    6.893968177898e-04    3.997755226664e-09    7.412709274785e-09    5.581210582930e-04
  1.333724578471e-01    2.429850794281e+03    1.790475833677e-03    1.392520875860e-05    3.304405513704e-05    1.335012897426e-04    1.808298172720e-03    6.797968680758e-04    3.973147786649e-09    7.103018192119e-09    5.563100242914e-04
  1.333728946090e-01    2.439821322139e+03    1.787487152441e-03    1.366414514397e-05    3.248501569921e-05    1.331048265991e-04    1.803312822606e-03    6.702875462106e-04    3.952218005591e-09    6.806101599752e-09    5.545145755086e-04
  1.333733445011e-01    2.449791619130e+03    1.784508186410e-03    1.340565981123e-05    3.192894204969e-05    1.326899976766e-04    1.798393117037e-03    6.608675739998e-04    3.934923057696e-09    6.521427577996e-09    5.527345247465e-04
  1.333738080281e-01    2.459761671372e+03    1.781539023206e-03    1.314975219452e-05    3.137591939244e-05    1.322568815669e-04    1.793538232043e-03    6.515356969524e-04    3.921219684975e-09    6.248485612585e-09    5.509696880005e-04
  1.333742857239e-01    2.469731463792e+03    1.778579746732e-03    1.289642118381e-05    3.082603069310e-05    1.318055565839e-04    1.788747358555e-03    6.422906838050e-04    3.911064059524e-09    5.986785850522e-09    5.492198844166e-04
  1.333747781534e-01    2.479700979922e+03    1.775630437363e-03    1.264566517436e-05    3.027935674940e-05    1.313361007182e-04    1.784019702169e-03    6.331313261908e-04    3.904411662386e-09    5.735858201631e-09    5.474849362571e-04
  1.333752859160e-01    2.489670201209e+03    1.772691172300e-03    1.239748211671e-05    2.973597627869e-05    1.308485916044e-04    1.779354483201e-03    6.240564386954e-04    3.901217147290e-09    5.495251920068e-09    5.457646689599e-04
  1.333758096483e-01    2.499639109368e+03    1.769762025357e-03    1.215186951540e-05    2.919596593141e-05    1.303431066755e-04    1.774750934769e-03    6.150648559471e-04    3.901434186861e-09    5.264534890767e-09    5.440589106513e-04
  1.333763500276e-01    2.509607682314e+03    1.766843067738e-03    1.190882454272e-05    2.865940046568e-05    1.298197229366e-04    1.770208304945e-03    6.061554362932e-04    3.905015359727e-09    5.043292981836e-09    5.423674927914e-04
  1.333769077763e-01    2.519575896615e+03    1.763934367862e-03    1.166834402066e-05    2.812635274191e-05    1.292785170953e-04    1.765725854895e-03    5.973270586455e-04    3.911911987366e-09    4.831129362144e-09    5.406902496824e-04
  1.333774836668e-01    2.529543726046e+03    1.761035991874e-03    1.143042449152e-05    2.759689381656e-05    1.287195655151e-04    1.761302859381e-03    5.885786232601e-04    3.922073984395e-09    4.627663955928e-09    5.390270186589e-04
  1.333780785261e-01    2.539511142654e+03    1.758148003486e-03    1.119506220141e-05    2.707109297392e-05    1.281429442904e-04    1.756938605772e-03    5.799090502955e-04    3.935449694751e-09    4.432532629710e-09    5.373776398345e-04
  1.333786932421e-01    2.549478115295e+03    1.755270464427e-03    1.096225318254e-05    2.654901783859e-05    1.275487292091e-04    1.752632394451e-03    5.713172807091e-04    3.951985746483e-09    4.245386592246e-09    5.357419562800e-04
  1.333793287704e-01    2.559444609651e+03    1.752403434584e-03    1.073199326525e-05    2.603073442238e-05    1.269369957919e-04    1.748383538458e-03    5.628022756761e-04    3.971626893837e-09    4.065892072820e-09    5.341198139557e-04
  1.333799861423e-01    2.569410587842e+03    1.749546972220e-03    1.050427811045e-05    2.551630719266e-05    1.263078193237e-04    1.744191363321e-03    5.543630164143e-04    3.994315845116e-09    3.893729505371e-09    5.325110617079e-04
  1.333806664733e-01    2.579376007981e+03    1.746701134198e-03    1.027910323950e-05    2.500579913855e-05    1.256612748907e-04    1.740055206904e-03    5.459985040629e-04    4.019993090130e-09    3.728592830633e-09    5.309155512734e-04
  1.333813709745e-01    2.589340823558e+03    1.743865976234e-03    1.005646406593e-05    2.449927184271e-05    1.249974374275e-04    1.735974419339e-03    5.377077597043e-04    4.048596747946e-09    3.570189342479e-09    5.293331373092e-04
  1.333821009641e-01    2.599304983171e+03    1.741041553088e-03    9.836355913954e-06    2.399678552975e-05    1.243163817719e-04    1.731948362792e-03    5.294898240240e-04    4.080062385999e-09    3.418238873273e-09    5.277636773679e-04
  1.333828578815e-01    2.609268429631e+03    1.738227918850e-03    9.618774061484e-06    2.349839916716e-05    1.236181827647e-04    1.727976411397e-03    5.213437576475e-04    4.114322826295e-09    3.272473217909e-09    5.262070319566e-04
  1.333836433047e-01    2.619231098688e+03    1.735425127345e-03    9.403713768428e-06    2.300417052164e-05    1.229029153003e-04    1.724057951585e-03    5.132686415850e-04    4.151307983498e-09    3.132635737207e-09    5.246630646752e-04
  1.333844589689e-01    2.629192919508e+03    1.732633232082e-03    9.191170278544e-06    2.251415621310e-05    1.221706544684e-04    1.720192381274e-03    5.052635763673e-04    4.190944687759e-09    2.998480923845e-09    5.231316420455e-04
  1.333853067910e-01    2.639153811230e+03    1.729852287245e-03    8.981138909839e-06    2.202841185845e-05    1.214214756386e-04    1.716379111161e-03    4.973276841981e-04    4.233156494536e-09    2.869773948094e-09    5.216126339829e-04
  1.333861888963e-01    2.649113684083e+03    1.727082347486e-03    8.773615020860e-06    2.154699207362e-05    1.206554546696e-04    1.712617563581e-03    4.894601074464e-04    4.277863487675e-09    2.746290068861e-09    5.201059135204e-04
  1.333871076522e-01    2.659072436521e+03    1.724323468648e-03    8.568594082561e-06    2.106995061590e-05    1.198726680641e-04    1.708907173322e-03    4.816600104242e-04    4.324982095616e-09    2.627814251126e-09    5.186113571554e-04
  1.333880657076e-01    2.669029953453e+03    1.721575708295e-03    8.366071712909e-06    2.059734047959e-05    1.190731932183e-04    1.705247387796e-03    4.739265800986e-04    4.374424908720e-09    2.514140828745e-09    5.171288450143e-04
  1.333890660424e-01    2.678986104275e+03    1.718839126274e-03    8.166043710370e-06    2.012921399290e-05    1.182571086898e-04    1.701637667293e-03    4.662590269043e-04    4.426100453970e-09    2.405073088248e-09    5.156582610399e-04
  1.333901120259e-01    2.688940739912e+03    1.716113785464e-03    7.968506110440e-06    1.966562296246e-05    1.174244945610e-04    1.698077485473e-03    4.586565863628e-04    4.479913032424e-09    2.300422873977e-09    5.141994933027e-04
  1.333912074907e-01    2.698893688752e+03    1.713399752858e-03    7.773455255150e-06    1.920661883663e-05    1.165754328795e-04    1.694566330315e-03    4.511185213396e-04    4.535762486159e-09    2.200010274161e-09    5.127524344687e-04
  1.333923568240e-01    2.708844754824e+03    1.710697100109e-03    7.580887795149e-06    1.875225278138e-05    1.157100081502e-04    1.691103703955e-03    4.436441224144e-04    4.593543972208e-09    2.103663026217e-09    5.113169819141e-04
  1.333935650820e-01    2.718793709443e+03    1.708005905500e-03    7.390800854817e-06    1.830257602337e-05    1.148283080517e-04    1.687689125014e-03    4.362327134486e-04    4.653147789945e-09    2.011216583046e-09    5.098930387575e-04
  1.333948381355e-01    2.728740284759e+03    1.705326255596e-03    7.203192124202e-06    1.785764009105e-05    1.139304242649e-04    1.684322129952e-03    4.288836551606e-04    4.714459133925e-09    1.922513657403e-09    5.084805145840e-04
  1.333961828587e-01    2.738684167966e+03    1.702658246878e-03    7.018059895646e-06    1.741749699359e-05    1.130164535639e-04    1.681002273883e-03    4.215963477676e-04    4.777357835068e-09    1.837403677262e-09    5.070793260430e-04
  1.333976073730e-01    2.748624987052e+03    1.700001989086e-03    6.835403311793e-06    1.698219976931e-05    1.120864992519e-04    1.677729134309e-03    4.143702402587e-04    4.841718144769e-09    1.755743006288e-09    5.056893985766e-04
  1.333991213695e-01    2.758562298440e+03    1.697357608358e-03    6.655222510248e-06    1.655180290008e-05    1.111406730088e-04    1.674502313578e-03    4.072048373736e-04    4.907408447817e-09    1.677394315354e-09    5.043106678092e-04
  1.334007365449e-01    2.768495564275e+03    1.694725252797e-03    6.477518959825e-06    1.612636311636e-05    1.101790975159e-04    1.671321444677e-03    4.000997138487e-04    4.974290963488e-09    1.602226632730e-09    5.029430822956e-04
  1.334024671974e-01    2.778424127480e+03    1.692105098550e-03    6.302295789209e-06    1.570594024957e-05    1.092019096241e-04    1.668186197057e-03    3.930545294360e-04    5.042221405581e-09    1.530114930044e-09    5.015866064393e-04
  1.334043310610e-01    2.788347172360e+03    1.689497359766e-03    6.129558332334e-06    1.529059856092e-05    1.082092654939e-04    1.665096286124e-03    3.860690530815e-04    5.111048575851e-09    1.460940215433e-09    5.002412252280e-04
  1.334063505013e-01    2.798263671893e+03    1.686902301048e-03    5.959314838347e-06    1.488040857868e-05    1.072013468452e-04    1.662051486335e-03    3.791431959650e-04    5.180613887397e-09    1.394589445230e-09    4.989069505117e-04
  1.334085542804e-01    2.808172306385e+03    1.684320258062e-03    5.791577616353e-06    1.447544982494e-05    1.061783715525e-04    1.659051650935e-03    3.722770616219e-04    5.250750688121e-09    1.330955521661e-09    4.975838308215e-04
  1.334109802480e-01    2.818071341344e+03    1.681751667075e-03    5.626364716952e-06    1.407581503125e-05    1.051406083090e-04    1.656096742746e-03    3.654710227392e-04    5.321283386027e-09    1.269937629358e-09    4.962719661005e-04
  1.334136796121e-01    2.827958437463e+03    1.679197112017e-03    5.463702538840e-06    1.368161658061e-05    1.040884004597e-04    1.653186881383e-03    3.587258395765e-04    5.392026111275e-09    1.211441589574e-09    4.949715306768e-04
  1.334167240354e-01    2.837830336412e+03    1.676657401851e-03    5.303630185699e-06    1.329299725437e-05    1.030222051021e-04    1.650322421644e-03    3.520428571465e-04    5.462780658905e-09    1.155381023561e-09    4.936828113044e-04
  1.334202181580e-01    2.847682297757e+03    1.674133709014e-03    5.146207371889e-06    1.291014966103e-05    1.019426617383e-04    1.647504096076e-03    3.454243603647e-04    5.533332874083e-09    1.101679221238e-09    4.924062756232e-04
  1.334243234177e-01    2.857507057852e+03    1.671627826644e-03    4.991528948141e-06    1.253335204339e-05    1.008507204276e-04    1.644733278028e-03    3.388742295708e-04    5.603446029355e-09    1.050272981414e-09    4.911426988427e-04
  1.334293080235e-01    2.867292656192e+03    1.669142706021e-03    4.839755472169e-06    1.216304341197e-05    9.974790810036e-05    1.642012533495e-03    3.323993133282e-04    5.672847026706e-09    1.001120857611e-09    4.898934288576e-04
  1.334356672179e-01    2.877017299006e+03    1.666683726051e-03    4.691185725377e-06    1.180000207069e-05    9.863695383612e-05    1.639346931740e-03    3.260126806675e-04    5.741193707899e-09    9.542233251762e-10    4.886610138698e-04
  1.334444787938e-01    2.886634560309e+03    1.664262359230e-03    4.546466652503e-06    1.144586161559e-05    9.752358761832e-05    1.636747834244e-03    3.197430065136e-04    5.807979914978e-09    9.096814064442e-10    4.874510144737e-04
  1.334589052233e-01    2.896014089910e+03    1.661910874771e-03    4.407438285442e-06    1.110518789337e-05    9.642371721319e-05    1.634248142367e-03    3.136722573629e-04    5.872151746153e-09    8.679351560288e-10    4.862792789496e-04
  1.335001838451e-01    2.904424065927e+03    1.659810887143e-03    4.284552767150e-06    1.080370727118e-05    9.542579042226e-05    1.632036084093e-03    3.082655087071e-04    5.928722555943e-09    8.318764446890e-10    4.852356134776e-04
  1.377494283731e-01    2.905847550522e+03    1.659456228953e-03    4.263918560552e-06    1.075305178000e-05    9.525578242462e-05    1.631664385937e-03    3.073537396117e-04    5.938196606487e-09    8.258982656390e-10    4.850596070701e-04
  1.477494283731e-01    2.905847550488e+03    1.659456228962e-03    4.263918561036e-06    1.075305178119e-05    9.525578242862e-05    1.631664385946e-03    3.073537396332e-04    5.938196606264e-09    8.258982657791e-10    4.850596070743e-04
  1.577494283731e-01    2.905847550488e+03    1.659456228962e-03    4.263918561038e-06    1.075305178119e-05    9.525578242863e-05    1.631664385946e-03    3.073537396333e-04    5.938196606263e-09    8.258982657797e-10    4.850596070743e-04
  1.677494283731e-01    2.905847550488e+03    1.659456228962e-03    4.263918561038e-06    1.075305178119e-05    9.525578242863e-05    1.631664385946e-03    3.073537396333e-04    5.938196606263e-09    8.258982657797e-10    4.850596070743e-04
  1.777494283731e-01    2.905847550488e+03    1.659456228962e-03    4.263918561038e-06    1.075305178119e-05    9.525578242863e-05    1.631664385946e-03    3.073537396333e-04    5.938196606263e-09    8.258982657797e-10    4.850596070743e-04
  1.877494283731e-01    2.905847550488e+03    1.659456228962e-03    4.263918561038e-06    1.075305178119e-05    9.525578242863e-05    1.631664385946e-03    3.073537396333e-04    5.938196606263e-09    8.258982657797e-10    4.850596070743e-04
  1.977494283731e-01    2.905847550488e+03    1.659456228962e-03    4.263918561038e-06    1.075305178119e-05    9.525578242863e-05    1.631664385946e-03    3.073537396333e-04    5.938196606263e-09    8.258982657797e-10    4.850596070743e-04
  2.077494283731e-01    2.905847550488e+03    1.659456228962e-03    4.263918561038e-06    1.075305178119e-05    9.525578242863e-05    1.631664385946e-03    3.073537396333e-04    5.938196606263e-09    8.258982657797e-10    4.850596070743e-04
  2.177494283731e-01    2.905847550488e+03    1.659456228962e-03    4.263918561038e-06    1.075305178119e-05    9.525578242863e-05    1.631664385946e-03    3.073537396333e-04    5.938196606263e-09    8.258982657797e-10    4.850596070743e-04
  2.277494283731e-01    2.905847550488e+03    1.659456228962e-03    4.263918561038e-06    1.075305178119e-05    9.525578242863e-05    1.631664385946e-03    3.073537396333e-04    5.938196606263e-09    8.258982657797e-10    4.850596070743e-04
  2.377494283731e-01    2.905847550488e+03    1.659456228962e-03    4.263918561038e-06    1.075305178119e-05    9.525578242863e-05    1.631664385946e-03    3.073537396333e-04    5.938196606263e-09    8.258982657797e-10    4.850596070743e-04
  2.477494283731e-01    2.905847550488e+03    1.659456228962e-03    4.263918561038e-06    1.075305178119e-05    9.525578242863e-05    1.631664385946e-03    3.073537396333e-04    5.938196606263e-09    8.258982657797e-10    4.850596070743e-04
  2.577494283731e-01    2.905847550488e+03    1.659456228962e-03    4.263918561038e-06    1.075305178119e-05    9.525578242863e-05    1.631664385946e-03    3.073537396333e-04    5.938196606263e-09    8.258982657797e-10    4.850596070743e-04
  2.677494283731e-01    2.905847550488e+03    1.659456228962e-03    4.263918561038e-06    1.075305178119e-05    9.525578242863e-05    1.631664385946e-03    3.073537396333e-04    5.938196606263e-09    8.258982657797e-10    4.850596070743e-04
  2.777494283731e-01    2.905847550488e+03    1.659456228962e-03    4.263918561038e-06    1.075305178119e-05    9.525578242863e-05    1.631664385946e-03    3.073537396333e-04    5.938196606263e-09    8.258982657797e-10    4.850596070743e-04
  2.877494283731e-01    2.905847550488e+03    1.659456228962e-03    4.263918561038e-06    1.075305178119e-05    9.525578242863e-05    1.631664385946e-03    3.073537396333e-04    5.938196606263e-09    8.258982657797e-10    4.850596070743e-04
  2.977494283731e-01    2.905847550488e+03    1.659456228962e-03    4.263918561038e-06    1.075305178119e-05    9.525578242863e-05    1.631664385946e-03    3.073537396333e-04    5.938196606263e-09    8.258982657797e-10    4.850596070743e-04
  3.077494283731e-01    2.905847550488e+03    1.659456228962e-03    4.263918561038e-06    1.075305178119e-05    9.525578242863e-05    1.631664385946e-03    3.073537396333e-04    5.938196606263e-09    8.258982657797e-10    4.850596070743e-04
  3.177494283731e-01    2.905847550488e+03    1.659456228962e-03    4.263918561038e-06    1.075305178119e-05    9.525578242863e-05    1.631664385946e-03    3.073537396333e-04    5.938196606263e-09    8.258982657797e-10    4.850596070743e-04
  3.277494283731e-01    2.905847550488e+03    1.659456228962e-03    4.263918561038e-06    1.075305178119e-05    9.525578242863e-05    1.631664385946e-03    3.073537396333e-04    5.938196606263e-09    8.258982657797e-10    4.850596070743e-04
  3.377494283731e-01    2.905847550488e+03    1.659456228962e-03    4.263918561038e-06    1.075305178119e-05    9.525578242863e-05    1.631664385946e-03    3.073537396333e-04    5.938196606263e-09    8.258982657797e-10    4.850596070743e-04
  3.477494283731e-01    2.905847550488e+03    1.659456228962e-03    4.263918561038e-06    1.075305178119e-05    9.525578242863e-05    1.631664385946e-03    3.073537396333e-04    5.938196606263e-09    8.258982657797e-10    4.850596070743e-04
  3.577494283731e-01    2.905847550488e+03    1.659456228962e-03    4.263918561038e-06    1.075305178119e-05    9.525578242863e-05    1.631664385946e-03    3.073537396333e-04    5.938196606263e-09    8.258982657797e-10    4.850596070743e-04
  3.677494283731e-01    2.905847550488e+03    1.659456228962e-03    4.263918561038e-06    1.075305178119e-05    9.525578242863e-05    1.631664385946e-03    3.073537396333e-04    5.938196606263e-09    8.258982657797e-10    4.850596070743e-04
  3.777494283731e-01    2.905847550488e+03    1.659456228962e-03    4.263918561038e-06    1.075305178119e-05    9.525578242863e-05    1.631664385946e-03    3.073537396333e-04    5.938196606263e-09    8.258982657797e-10    4.850596070743e-04
  3.877494283731e-01    2.905847550488e+03    1.659456228962e-03    4.263918561038e-06    1.075305178119e-05    9.525578242863e-05    1.631664385946e-03    3.073537396333e-04    5.938196606263e-09    8.258982657797e-10    4.850596070743e-04
  3.977494283731e-01    2.905847550488e+03    1.659456228962e-03    4.263918561038e-06    1.075305178119e-05    9.525578242863e-05    1.631664385946e-03    3.073537396333e-04    5.938196606263e-09    8.258982657797e-10    4.850596070743e-04
  4.077494283731e-01    2.905847550488e+03    1.659456228962e-03    4.263918561038e-06    1.075305178119e-05    9.525578242863e-05    1.631664385946e-03    3.073537396333e-04    5.938196606263e-09    8.258982657797e-10    4.850596070743e-04
  4.177494283731e-01    2.905847550488e+03    1.659456228962e-03    4.263918561038e-06    1.075305178119e-05    9.525578242863e-05    1.631664385946e-03    3.073537396333e-04    5.938196606263e-09    8.258982657797e-10    4.850596070743e-04
  4.277494283731e-01    2.905847550488e+03    1.659456228962e-03    4.263918561038e-06    1.075305178119e-05    9.525578242863e-05    1.631664385946e-03    3.073537396333e-04    5.938196606263e-09    8.258982657797e-10    4.850596070743e-04
  4.377494283731e-01    2.905847550488e+03    1.659456228962e-03    4.263918561038e-06    1.075305178119e-05    9.525578242863e-05    1.631664385946e-03    3.073537396333e-04    5.938196606263e-09    8.258982657797e-10    4.850596070743e-04
  4.477494283731e-01    2.905847550488e+03    1.659456228962e-03    4.263918561038e-06    1.075305178119e-05    9.525578242863e-05    1.631664385946e-03    3.073537396333e-04    5.938196606263e-09    8.258982657797e-10    4.850596070743e-04
  4.577494283731e-01    2.905847550488e+03    1.659456228962e-03    4.263918561038e-06    1.075305178119e-05    9.525578242863e-05    1.631664385946e-03    3.073537396333e-04    5.938196606263e-09    8.258982657797e-10    4.850596070743e-04
  4.677494283731e-01    2.905847550488e+03    1.659456228962e-03    4.263918561038e-06    1.075305178119e-05    9.525578242863e-05    1.631664385946e-03    3.073537396333e-04    5.938196606263e-09    8.258982657797e-10    4.850596070743e-04
  4.777494283731e-01    2.905847550488e+03    1.659456228962e-03    4.263918561038e-06    1.075305178119e-05    9.525578242863e-05    1.631664385946e-03    3.073537396333e-04    5.938196606263e-09    8.258982657797e-10    4.850596070743e-04
  4.877494283731e-01    2.905847550488e+03    1.659456228962e-03    4.263918561038e-06    1.075305178119e-05    9.525578242863e-05    1.631664385946e-03    3.073537396333e-04    5.938196606263e-09    8.258982657797e-10    4.850596070743e-04
  4.977494283731e-01    2.905847550488e+03    1.659456228962e-03    4.263918561038e-06    1.075305178119e-05    9.525578242863e-05    1.631664385946e-03    3.073537396333e-04    5.938196606263e-09    8.258982657797e-10    4.850596070743e-04
  5.077494283731e-01    2.905847550488e+03    1.659456228962e-03    4.263918561038e-06    1.075305178119e-05    9.525578242863e-05    1.631664385946e-03    3.073537396333e-04    5.938196606263e-09    8.258982657797e-10    4.850596070743e-04
  5.177494283731e-01    2.905847550488e+03    1.659456228962e-03    4.263918561038e-06    1.075305178119e-05    9.525578242863e-05    1.631664385946e-03    3.073537396333e-04    5.938196606263e-09    8.258982657797e-10    4.850596070743e-04
  5.277494283731e-01    2.905847550488e+03    1.659456228962e-03    4.263918561038e-06    1.075305178119e-05    9.525578242863e-05    1.631664385946e-03    3.073537396333e-04    5.938196606263e-09    8.258982657797e-10    4.850596070743e-04
  5.377494283731e-01    2.905847550488e+03    1.659456228962e-03    4.263918561038e-06    1.075305178119e-05    9.525578242863e-05    1.631664385946e-03    3.073537396333e-04    5.938196606263e-09    8.258982657797e-10    4.850596070743e-04
  5.477494283731e-01    2.905847550488e+03    1.659456228962e-03    4.263918561038e-06    1.075305178119e-05    9.525578242863e-05    1.631664385946e-03    3.073537396333e-04    5.938196606263e-09    8.258982657797e-10    4.850596070743e-04
  5.577494283731e-01    2.905847550488e+03    1.659456228962e-03    4.263918561038e-06    1.075305178119e-05    9.525578242863e-05    1.631664385946e-03    3.073537396333e-04    5.938196606263e-09    8.258982657797e-10    4.850596070743e-04
  5.677494283731e-01    2.905847550488e+03    1.659456228962e-03    4.263918561038e-06    1.075305178119e-05    9.525578242863e-05    1.631664385946e-03    3.073537396333e-04    5.938196606263e-09    8.258982657797e-10    4.850596070743e-04
  5.777494283731e-01    2.905847550488e+03    1.659456228962e-03    4.263918561038e-06    1.075305178119e-05    9.525578242863e-05    1.631664385946e-03    3.073537396333e-04    5.938196606263e-09    8.258982657797e-10    4.850596070743e-04
  5.877494283731e-01    2.905847550488e+03    1.659456228962e-03    4.263918561038e-06    1.075305178119e-05    9.525578242863e-05    1.631664385946e-03    3.073537396333e-04    5.938196606263e-09    8.258982657797e-10    4.850596070743e-04
  5.977494283731e-01    2.905847550488e+03    1.659456228962e-03    4.263918561038e-06    1.075305178119e-05    9.525578242863e-05    1.631664385946e-03    3.073537396333e-04    5.938196606263e-09    8.258982657797e-10    4.850596070743e-04
  6.077494283731e-01    2.905847550488e+03    1.659456228962e-03    4.263918561038e-06    1.075305178119e-05    9.525578242863e-05    1.631664385946e-03    3.073537396333e-04    5.938196606263e-09    8.258982657797e-10    4.850596070743e-04
  6.177494283731e-01    2.905847550488e+03    1.659456228962e-03    4.263918561038e-06    1.075305178119e-05    9.525578242863e-05    1.631664385946e-03    3.073537396333e-04    5.938196606263e-09    8.258982657797e-10    4.850596070743e-04
  6.277494283731e-01    2.905847550488e+03    1.659456228962e-03    4.263918561038e-06    1.075305178119e-05    9.525578242863e-05    1.631664385946e-03    3.073537396333e-04    5.938196606263e-09    8.258982657797e-10    4.850596070743e-04
  6.377494283731e-01    2.905847550488e+03    1.659456228962e-03    4.263918561038e-06    1.075305178119e-05    9.525578242863e-05    1.631664385946e-03    3.073537396333e-04    5.938196606263e-09    8.258982657797e-10    4.850596070743e-04
  6.477494283731e-01    2.905847550488e+03    1.659456228962e-03    4.263918561038e-06    1.075305178119e-05    9.525578242863e-05    1.631664385946e-03    3.073537396333e-04    5.938196606263e-09    8.258982657797e-10    4.850596070743e-04
  6.577494283731e-01    2.905847550488e+03    1.659456228962e-03    4.263918561038e-06    1.075305178119e-05    9.525578242863e-05    1.631664385946e-03    3.073537396333e-04    5.938196606263e-09    8.258982657797e-10    4.850596070743e-04
  6.677494283731e-01    2.905847550488e+03    1.659456228962e-03    4.263918561038e-06    1.075305178119e-05    9.525578242863e-05    1.631664385946e-03    3.073537396333e-04    5.938196606263e-09    8.258982657797e-10    4.850596070743e-04
  6.777494283731e-01    2.905847550488e+03    1.659456228962e-03    4.263918561038e-06    1.075305178119e-05    9.525578242863e-05    1.631664385946e-03    3.073537396333e-04    5.938196606263e-09    8.258982657797e-10    4.850596070743e-04
  6.877494283731e-01    2.905847550488e+03    1.659456228962e-03    4.263918561038e-06    1.075305178119e-05    9.525578242863e-05    1.631664385946e-03    3.073537396333e-04    5.938196606263e-09    8.258982657797e-10    4.850596070743e-04
  6.977494283731e-01    2.905847550488e+03    1.659456228962e-03    4.263918561038e-06    1.075305178119e-05    9.525578242863e-05    1.631664385946e-03    3.073537396333e-04    5.938196606263e-09    8.258982657797e-10    4.850596070743e-04
  7.077494283731e-01    2.905847550488e+03    1.659456228962e-03    4.263918561038e-06    1.075305178119e-05    9.525578242863e-05    1.631664385946e-03    3.073537396333e-04    5.938196606263e-09    8.258982657797e-10    4.850596070743e-04
  7.177494283731e-01    2.905847550488e+03    1.659456228962e-03    4.263918561038e-06    1.075305178119e-05    9.525578242863e-05    1.631664385946e-03    3.073537396333e-04    5.938196606263e-09    8.258982657797e-10    4.850596070743e-04
  7.277494283731e-01    2.905847550488e+03    1.659456228962e-03    4.263918561038e-06    1.075305178119e-05    9.525578242863e-05    1.631664385946e-03    3.073537396333e-04    5.938196606263e-09    8.258982657797e-10    4.850596070743e-04
  7.377494283731e-01    2.905847550488e+03    1.659456228962e-03    4.263918561038e-06    1.075305178119e-05    9.525578242863e-05    1.631664385946e-03    3.073537396333e-04    5.938196606263e-09    8.258982657797e-10    4.850596070743e-04
  7.477494283731e-01    2.905847550488e+03    1.659456228962e-03    4.263918561038e-06    1.075305178119e-05    9.525578242863e-05    1.631664385946e-03    3.073537396333e-04    5.938196606263e-09    8.258982657797e-10    4.850596070743e-04
  7.577494283731e-01    2.905847550488e+03    1.659456228962e-03    4.263918561038e-06    1.075305178119e-05    9.525578242863e-05    1.631664385946e-03    3.073537396333e-04    5.938196606263e-09    8.258982657797e-10    4.850596070743e-04
  7.677494283731e-01    2.905847550488e+03    1.659456228962e-03    4.263918561038e-06    1.075305178119e-05    9.525578242863e-05    1.631664385946e-03    3.073537396333e-04    5.938196606263e-09    8.258982657797e-10    4.850596070743e-04
  7.777494283731e-01    2.905847550488e+03    1.659456228962e-03    4.263918561038e-06    1.075305178119e-05    9.525578242863e-05    1.631664385946e-03    3.073537396333e-04    5.938196606263e-09    8.258982657797e-10    4.850596070743e-04
  7.877494283731e-01    2.905847550488e+03    1.659456228962e-03    4.263918561038e-06    1.075305178119e-05    9.525578242863e-05    1.631664385946e-03    3.073537396333e-04    5.938196606263e-09    8.258982657797e-10    4.850596070743e-04
  7.977494283731e-01    2.905847550488e+03    1.659456228962e-03    4.263918561038e-06    1.075305178119e-05    9.525578242863e-05    1.631664385946e-03    3.073537396333e-04    5.938196606263e-09    8.258982657797e-10    4.850596070743e-04
  8.077494283731e-01    2.905847550488e+03    1.659456228962e-03    4.263918561038e-06    1.075305178119e-05    9.525578242863e-05    1.631664385946e-03    3.073537396333e-04    5.938196606263e-09    8.258982657797e-10    4.850596070743e-04
  8.177494283731e-01    2.905847550488e+03    1.659456228962e-03    4.263918561038e-06    1.075305178119e-05    9.525578242863e-05    1.631664385946e-03    3.073537396333e-04    5.938196606263e-09    8.258982657797e-10    4.850596070743e-04
  8.277494283731e-01    2.905847550488e+03    1.659456228962e-03    4.263918561038e-06    1.075305178119e-05    9.525578242863e-05    1.631664385946e-03    3.073537396333e-04    5.938196606263e-09    8.258982657797e-10    4.850596070743e-04
  8.377494283731e-01    2.905847550488e+03    1.659456228962e-03    4.263918561038e-06    1.075305178119e-05    9.525578242863e-05    1.631664385946e-03    3.073537396333e-04    5.938196606263e-09    8.258982657797e-10    4.850596070743e-04
  8.477494283731e-01    2.905847550488e+03    1.659456228962e-03    4.263918561038e-06    1.075305178119e-05    9.525578242863e-05    1.631664385946e-03    3.073537396333e-04    5.938196606263e-09    8.258982657797e-10    4.850596070743e-04
  8.577494283731e-01    2.905847550488e+03    1.659456228962e-03    4.263918561038e-06    1.075305178119e-05    9.525578242863e-05    1.631664385946e-03    3.073537396333e-04    5.938196606263e-09    8.258982657797e-10    4.850596070743e-04
  8.677494283731e-01    2.905847550488e+03    1.659456228962e-03    4.263918561038e-06    1.075305178119e-05    9.525578242863e-05    1.631664385946e-03    3.073537396333e-04    5.938196606263e-09    8.258982657797e-10    4.850596070743e-04
  8.777494283731e-01    2.905847550488e+03    1.659456228962e-03    4.263918561038e-06    1.075305178119e-05    9.525578242863e-05    1.631664385946e-03    3.073537396333e-04    5.938196606263e-09    8.258982657797e-10    4.850596070743e-04
  8.877494283731e-01    2.905847550488e+03    1.659456228962e-03    4.263918561038e-06    1.075305178119e-05    9.525578242863e-05    1.631664385946e-03    3.073537396333e-04    5.938196606263e-09    8.258982657797e-10    4.850596070743e-04
  8.977494283731e-01    2.905847550488e+03    1.659456228962e-03    4.263918561038e-06    1.075305178119e-05    9.525578242863e-05    1.631664385946e-03    3.073537396333e-04    5.938196606263e-09    8.258982657797e-10    4.850596070743e-04
  9.077494283731e-01    2.905847550488e+03    1.659456228962e-03    4.263918561038e-06    1.075305178119e-05    9.525578242863e-05    1.631664385946e-03    3.073537396333e-04    5.938196606263e-09    8.258982657797e-10    4.850596070743e-04
  9.177494283731e-01    2.905847550488e+03    1.659456228962e-03    4.263918561038e-06    1.075305178119e-05    9.525578242863e-05    1.631664385946e-03    3.073537396333e-04    5.938196606263e-09    8.258982657797e-10    4.850596070743e-04
  9.277494283731e-01    2.905847550488e+03    1.659456228962e-03    4.263918561038e-06    1.075305178119e-05    9.525578242863e-05    1.631664385946e-03    3.073537396333e-04    5.938196606263e-09    8.258982657797e-10    4.850596070743e-04
  9.377494283731e-01    2.905847550488e+03    1.659456228962e-03    4.263918561038e-06    1.075305178119e-05    9.525578242863e-05    1.631664385946e-03    3.073537396333e-04    5.938196606263e-09    8.258982657797e-10    4.850596070743e-04
  9.477494283731e-01    2.905847550488e+03    1.659456228962e-03    4.263918561038e-06    1.075305178119e-05    9.525578242863e-05    1.631664385946e-03    3.073537396333e-04    5.938196606263e-09    8.258982657797e-10    4.850596070743e-04
  9.577494283731e-01    2.905847550488e+03    1.659456228962e-03    4.263918561038e-06    1.075305178119e-05    9.525578242863e-05    1.631664385946e-03    3.073537396333e-04    5.938196606263e-09    8.258982657797e-10    4.850596070743e-04
  9.677494283731e-01    2.905847550488e+03    1.659456228962e-03    4.263918561038e-06    1.075305178119e-05    9.525578242863e-05    1.631664385946e-03    3.073537396333e-04    5.938196606263e-09    8.258982657797e-10    4.850596070743e-04
  9.777494283731e-01    2.905847550488e+03    1.659456228962e-03    4.263918561038e-06    1.075305178119e-05    9.525578242863e-05    1.631664385946e-03    3.073537396333e-04    5.938196606263e-09    8.258982657797e-10    4.850596070743e-04
  9.877494283731e-01    2.905847550488e+03    1.659456228962e-03    4.263918561038e-06    1.075305178119e-05    9.525578242863e-05    1.631664385946e-03    3.073537396333e-04    5.938196606263e-09    8.258982657797e-10    4.850596070743e-04
  9.977494283731e-01    2.905847550488e+03    1.659456228962e-03    4.263918561038e-06    1.075305178119e-05    9.525578242863e-05    1.631664385946e-03    3.073537396333e-04    5.938196606263e-09    8.258982657797e-10    4.850596070743e-04
  1.007749428373e+00    2.905847550488e+03    1.659456228962e-03    4.263918561038e-06    1.075305178119e-05    9.525578242863e-05    1.631664385946e-03    3.073537396333e-04    5.938196606263e-09    8.258982657797e-10    4.850596070743e-04
  1.017749428373e+00    2.905847550488e+03    1.659456228962e-03    4.263918561038e-06    1.075305178119e-05    9.525578242863e-05    1.631664385946e-03    3.073537396333e-04    5.938196606263e-09    8.258982657797e-10    4.850596070743e-04
  1.027749428373e+00    2.905847550488e+03    1.659456228962e-03    4.263918561038e-06    1.075305178119e-05    9.525578242863e-05    1.631664385946e-03    3.073537396333e-04    5.938196606263e-09    8.258982657797e-10    4.850596070743e-04
  1.037749428373e+00    2.905847550488e+03    1.659456228962e-03    4.263918561038e-06    1.075305178119e-05    9.525578242863e-05    1.631664385946e-03    3.073537396333e-04    5.938196606263e-09    8.258982657797e-10    4.850596070743e-04
  1.047749428373e+00    2.905847550488e+03    1.659456228962e-03    4.263918561038e-06    1.075305178119e-05    9.525578242863e-05    1.631664385946e-03    3.073537396333e-04    5.938196606263e-09    8.258982657797e-10    4.850596070743e-04
  1.057749428373e+00    2.905847550488e+03    1.659456228962e-03    4.263918561038e-06    1.075305178119e-05    9.525578242863e-05    1.631664385946e-03    3.073537396333e-04    5.938196606263e-09    8.258982657797e-10    4.850596070743e-04
  1.067749428373e+00    2.905847550488e+03    1.659456228962e-03    4.263918561038e-06    1.075305178119e-05    9.525578242863e-05    1.631664385946e-03    3.073537396333e-04    5.938196606263e-09    8.258982657797e-10    4.850596070743e-04
  1.077749428373e+00    2.905847550488e+03    1.659456228962e-03    4.263918561038e-06    1.075305178119e-05    9.525578242863e-05    1.631664385946e-03    3.073537396333e-04    5.938196606263e-09    8.258982657797e-10    4.850596070743e-04
  1.087749428373e+00    2.905847550488e+03    1.659456228962e-03    4.263918561038e-06    1.075305178119e-05    9.525578242863e-05    1.631664385946e-03    3.073537396333e-04    5.938196606263e-09    8.258982657797e-10    4.850596070743e-04
  1.097749428373e+00    2.905847550488e+03    1.659456228962e-03    4.263918561038e-06    1.075305178119e-05    9.525578242863e-05    1.631664385946e-03    3.073537396333e-04    5.938196606263e-09    8.258982657797e-10    4.850596070743e-04
  1.107749428373e+00    2.905847550488e+03    1.659456228962e-03    4.263918561038e-06    1.075305178119e-05    9.525578242863e-05    1.631664385946e-03    3.073537396333e-04    5.938196606263e-09    8.258982657797e-10    4.850596070743e-04
  1.117749428373e+00    2.905847550488e+03    1.659456228962e-03    4.263918561038e-06    1.075305178119e-05    9.525578242863e-05    1.631664385946e-03    3.073537396333e-04    5.938196606263e-09    8.258982657797e-10    4.850596070743e-04
  1.127749428373e+00    2.905847550488e+03    1.659456228962e-03    4.263918561038e-06    1.075305178119e-05    9.525578242863e-05    1.631664385946e-03    3.073537396333e-04    5.938196606263e-09    8.258982657797e-10    4.850596070743e-04
  1.137749428373e+00    2.905847550488e+03    1.659456228962e-03    4.263918561038e-06    1.075305178119e-05    9.525578242863e-05    1.631664385946e-03    3.073537396333e-04    5.938196606263e-09    8.258982657797e-10    4.850596070743e-04
  1.147749428373e+00    2.905847550488e+03    1.659456228962e-03    4.263918561038e-06    1.075305178119e-05    9.525578242863e-05    1.631664385946e-03    3.073537396333e-04    5.938196606263e-09    8.258982657797e-10    4.850596070743e-04
  1.157749428373e+00    2.905847550488e+03    1.659456228962e-03    4.263918561038e-06    1.075305178119e-05    9.525578242863e-05    1.631664385946e-03    3.073537396333e-04    5.938196606263e-09    8.258982657797e-10    4.850596070743e-04
  1.167749428373e+00    2.905847550488e+03    1.659456228962e-03    4.263918561038e-06    1.075305178119e-05    9.525578242863e-05    1.631664385946e-03    3.073537396333e-04    5.938196606263e-09    8.258982657797e-10    4.850596070743e-04
  1.177749428373e+00    2.905847550488e+03    1.659456228962e-03    4.263918561038e-06    1.075305178119e-05    9.525578242863e-05    1.631664385946e-03    3.073537396333e-04    5.938196606263e-09    8.258982657797e-10    4.850596070743e-04
  1.187749428373e+00    2.905847550488e+03    1.659456228962e-03    4.263918561038e-06    1.075305178119e-05    9.525578242863e-05    1.631664385946e-03    3.073537396333e-04    5.938196606263e-09    8.258982657797e-10    4.850596070743e-04
  1.197749428373e+00    2.905847550488e+03    1.659456228962e-03    4.263918561038e-06    1.075305178119e-05    9.525578242863e-05    1.631664385946e-03    3.073537396333e-04    5.938196606263e-09    8.258982657797e-10    4.850596070743e-04
  1.207749428373e+00    2.905847550488e+03    1.659456228962e-03    4.263918561038e-06    1.075305178119e-05    9.525578242863e-05    1.631664385946e-03    3.073537396333e-04    5.938196606263e-09    8.258982657797e-10    4.850596070743e-04
  1.217749428373e+00    2.905847550488e+03    1.659456228962e-03    4.263918561038e-06    1.075305178119e-05    9.525578242863e-05    1.631664385946e-03    3.073537396333e-04    5.938196606263e-09    8.258982657797e-10    4.850596070743e-04
  1.227749428373e+00    2.905847550488e+03    1.659456228962e-03    4.263918561038e-06    1.075305178119e-05    9.525578242863e-05    1.631664385946e-03    3.073537396333e-04    5.938196606263e-09    8.258982657797e-10    4.850596070743e-04
  1.237749428373e+00    2.905847550488e+03    1.659456228962e-03    4.263918561038e-06    1.075305178119e-05    9.525578242863e-05    1.631664385946e-03    3.073537396333e-04    5.938196606263e-09    8.258982657797e-10    4.850596070743e-04
  1.247749428373e+00    2.905847550488e+03    1.659456228962e-03    4.263918561038e-06    1.075305178119e-05    9.525578242863e-05    1.631664385946e-03    3.073537396333e-04    5.938196606263e-09    8.258982657797e-10    4.850596070743e-04
  1.257749428373e+00    2.905847550488e+03    1.659456228962e-03    4.263918561038e-06    1.075305178119e-05    9.525578242863e-05    1.631664385946e-03    3.073537396333e-04    5.938196606263e-09    8.258982657797e-10    4.850596070743e-04
  1.267749428373e+00    2.905847550488e+03    1.659456228962e-03    4.263918561038e-06    1.075305178119e-05    9.525578242863e-05    1.631664385946e-03    3.073537396333e-04    5.938196606263e-09    8.258982657797e-10    4.850596070743e-04
  1.277749428373e+00    2.905847550488e+03    1.659456228962e-03    4.263918561038e-06    1.075305178119e-05    9.525578242863e-05    1.631664385946e-03    3.073537396333e-04    5.938196606263e-09    8.258982657797e-10    4.850596070743e-04
  1.287749428373e+00    2.905847550488e+03    1.659456228962e-03    4.263918561038e-06    1.075305178119e-05    9.525578242863e-05    1.631664385946e-03    3.073537396333e-04    5.938196606263e-09    8.258982657797e-10    4.850596070743e-04
  1.297749428373e+00    2.905847550488e+03    1.659456228962e-03    4.263918561038e-06    1.075305178119e-05    9.525578242863e-05    1.631664385946e-03    3.073537396333e-04    5.938196606263e-09    8.258982657797e-10    4.850596070743e-04
  1.307749428373e+00    2.905847550488e+03    1.659456228962e-03    4.263918561038e-06    1.075305178119e-05    9.525578242863e-05    1.631664385946e-03    3.073537396333e-04    5.938196606263e-09    8.258982657797e-10    4.850596070743e-04
  1.317749428373e+00    2.905847550488e+03    1.659456228962e-03    4.263918561038e-06    1.075305178119e-05    9.525578242863e-05    1.631664385946e-03    3.073537396333e-04    5.938196606263e-09    8.258982657797e-10    4.850596070743e-04
  1.327749428373e+00    2.905847550488e+03    1.659456228962e-03    4.263918561038e-06    1.075305178119e-05    9.525578242863e-05    1.631664385946e-03    3.073537396333e-04    5.938196606263e-09    8.258982657797e-10    4.850596070743e-04
  1.337749428373e+00    2.905847550488e+03    1.659456228962e-03    4.263918561038e-06    1.075305178119e-05    9.525578242863e-05    1.631664385946e-03    3.073537396333e-04    5.938196606263e-09    8.258982657797e-10    4.850596070743e-04
  1.347749428373e+00    2.905847550488e+03    1.659456228962e-03    4.263918561038e-06    1.075305178119e-05    9.525578242863e-05    1.631664385946e-03    3.073537396333e-04    5.938196606263e-09    8.258982657797e-10    4.850596070743e-04
  1.357749428373e+00    2.905847550488e+03    1.659456228962e-03    4.263918561038e-06    1.075305178119e-05    9.525578242863e-05    1.631664385946e-03    3.073537396333e-04    5.938196606263e-09    8.258982657797e-10    4.850596070743e-04
  1.367749428373e+00    2.905847550488e+03    1.659456228962e-03    4.263918561038e-06    1.075305178119e-05    9.525578242863e-05    1.631664385946e-03    3.073537396333e-04    5.938196606263e-09    8.258982657797e-10    4.850596070743e-04
  1.377749428373e+00    2.905847550488e+03    1.659456228962e-03    4.263918561038e-06    1.075305178119e-05    9.525578242863e-05    1.631664385946e-03    3.073537396333e-04    5.938196606263e-09    8.258982657797e-10    4.850596070743e-04
  1.387749428373e+00    2.905847550488e+03    1.659456228962e-03    4.263918561038e-06    1.075305178119e-05    9.525578242863e-05    1.631664385946e-03    3.073537396333e-04    5.938196606263e-09    8.258982657797e-10    4.850596070743e-04
  1.397749428373e+00    2.905847550488e+03    1.659456228962e-03    4.263918561038e-06    1.075305178119e-05    9.525578242863e-05    1.631664385946e-03    3.073537396333e-04    5.938196606263e-09    8.258982657797e-10    4.850596070743e-04
  1.407749428373e+00    2.905847550488e+03    1.659456228962e-03    4.263918561038e-06    1.075305178119e-05    9.525578242863e-05    1.631664385946e-03    3.073537396333e-04    5.938196606263e-09    8.258982657797e-10    4.850596070743e-04
  1.417749428373e+00    2.905847550488e+03    1.659456228962e-03    4.263918561038e-06    1.075305178119e-05    9.525578242863e-05    1.631664385946e-03    3.073537396333e-04    5.938196606263e-09    8.258982657797e-10    4.850596070743e-04
  1.427749428373e+00    2.905847550488e+03    1.659456228962e-03    4.263918561038e-06    1.075305178119e-05    9.525578242863e-05    1.631664385946e-03    3.073537396333e-04    5.938196606263e-09    8.258982657797e-10    4.850596070743e-04
  1.437749428373e+00    2.905847550488e+03    1.659456228962e-03    4.263918561038e-06    1.075305178119e-05    9.525578242863e-05    1.631664385946e-03    3.073537396333e-04    5.938196606263e-09    8.258982657797e-10    4.850596070743e-04
  1.447749428373e+00    2.905847550488e+03    1.659456228962e-03    4.263918561038e-06    1.075305178119e-05    9.525578242863e-05    1.631664385946e-03    3.073537396333e-04    5.938196606263e-09    8.258982657797e-10    4.850596070743e-04
  1.457749428373e+00    2.905847550488e+03    1.659456228962e-03    4.263918561038e-06    1.075305178119e-05    9.525578242863e-05    1.631664385946e-03    3.073537396333e-04    5.938196606263e-09    8.258982657797e-10    4.850596070743e-04
  1.467749428373e+00    2.905847550488e+03    1.659456228962e-03    4.263918561038e-06    1.075305178119e-05    9.525578242863e-05    1.631664385946e-03    3.073537396333e-04    5.938196606263e-09    8.258982657797e-10    4.850596070743e-04
  1.477749428373e+00    2.905847550488e+03    1.659456228962e-03    4.263918561038e-06    1.075305178119e-05    9.525578242863e-05    1.631664385946e-03    3.073537396333e-04    5.938196606263e-09    8.258982657797e-10    4.850596070743e-04
  1.487749428373e+00    2.905847550488e+03    1.659456228962e-03    4.263918561038e-06    1.075305178119e-05    9.525578242863e-05    1.631664385946e-03    3.073537396333e-04    5.938196606263e-09    8.258982657797e-10    4.850596070743e-04
  1.497749428373e+00    2.905847550488e+03    1.659456228962e-03    4.263918561038e-06    1.075305178119e-05    9.525578242863e-05    1.631664385946e-03    3.073537396333e-04    5.938196606263e-09    8.258982657797e-10    4.850596070743e-04
  1.507749428373e+00    2.905847550488e+03    1.659456228962e-03    4.263918561038e-06    1.075305178119e-05    9.525578242863e-05    1.631664385946e-03    3.073537396333e-04    5.938196606263e-09    8.258982657797e-10    4.850596070743e-04
  1.517749428373e+00    2.905847550488e+03    1.659456228962e-03    4.263918561038e-06    1.075305178119e-05    9.525578242863e-05    1.631664385946e-03    3.073537396333e-04    5.938196606263e-09    8.258982657797e-10    4.850596070743e-04
  1.527749428373e+00    2.905847550488e+03    1.659456228962e-03    4.263918561038e-06    1.075305178119e-05    9.525578242863e-05    1.631664385946e-03    3.073537396333e-04    5.938196606263e-09    8.258982657797e-10    4.850596070743e-04
  1.537749428373e+00    2.905847550488e+03    1.659456228962e-03    4.263918561038e-06    1.075305178119e-05    9.525578242863e-05    1.631664385946e-03    3.073537396333e-04    5.938196606263e-09    8.258982657797e-10    4.850596070743e-04
  1.547749428373e+00    2.905847550488e+03    1.659456228962e-03    4.263918561038e-06    1.075305178119e-05    9.525578242863e-05    1.631664385946e-03    3.073537396333e-04    5.938196606263e-09    8.258982657797e-10    4.850596070743e-04
  1.557749428373e+00    2.905847550488e+03    1.659456228962e-03    4.263918561038e-06    1.075305178119e-05    9.525578242863e-05    1.631664385946e-03    3.073537396333e-04    5.938196606263e-09    8.258982657797e-10    4.850596070743e-04
  1.567749428373e+00    2.905847550488e+03    1.659456228962e-03    4.263918561038e-06    1.075305178119e-05    9.525578242863e-05    1.631664385946e-03    3.073537396333e-04    5.938196606263e-09    8.258982657797e-10    4.850596070743e-04
  1.577749428373e+00    2.905847550488e+03    1.659456228962e-03    4.263918561038e-06    1.075305178119e-05    9.525578242863e-05    1.631664385946e-03    3.073537396333e-04    5.938196606263e-09    8.258982657797e-10    4.850596070743e-04
  1.587749428373e+00    2.905847550488e+03    1.659456228962e-03    4.263918561038e-06    1.075305178119e-05    9.525578242863e-05    1.631664385946e-03    3.073537396333e-04    5.938196606263e-09    8.258982657797e-10    4.850596070743e-04
  1.597749428373e+00    2.905847550488e+03    1.659456228962e-03    4.263918561038e-06    1.075305178119e-05    9.525578242863e-05    1.631664385946e-03    3.073537396333e-04    5.938196606263e-09    8.258982657797e-10    4.850596070743e-04
  1.607749428373e+00    2.905847550488e+03    1.659456228962e-03    4.263918561038e-06    1.075305178119e-05    9.525578242863e-05    1.631664385946e-03    3.073537396333e-04    5.938196606263e-09    8.258982657797e-10    4.850596070743e-04
  1.617749428373e+00    2.905847550488e+03    1.659456228962e-03    4.263918561038e-06    1.075305178119e-05    9.525578242863e-05    1.631664385946e-03    3.073537396333e-04    5.938196606263e-09    8.258982657797e-10    4.850596070743e-04
  1.627749428373e+00    2.905847550488e+03    1.659456228962e-03    4.263918561038e-06    1.075305178119e-05    9.525578242863e-05    1.631664385946e-03    3.073537396333e-04    5.938196606263e-09    8.258982657797e-10    4.850596070743e-04
  1.637749428373e+00    2.905847550488e+03    1.659456228962e-03    4.263918561038e-06    1.075305178119e-05    9.525578242863e-05    1.631664385946e-03    3.073537396333e-04    5.938196606263e-09    8.258982657797e-10    4.850596070743e-04
  1.647749428373e+00    2.905847550488e+03    1.659456228962e-03    4.263918561038e-06    1.075305178119e-05    9.525578242863e-05    1.631664385946e-03    3.073537396333e-04    5.938196606263e-09    8.258982657797e-10    4.850596070743e-04
  1.657749428373e+00    2.905847550488e+03    1.659456228962e-03    4.263918561038e-06    1.075305178119e-05    9.525578242863e-05    1.631664385946e-03    3.073537396333e-04    5.938196606263e-09    8.258982657797e-10    4.850596070743e-04
  1.667749428373e+00    2.905847550488e+03    1.659456228962e-03    4.263918561038e-06    1.075305178119e-05    9.525578242863e-05    1.631664385946e-03    3.073537396333e-04    5.938196606263e-09    8.258982657797e-10    4.850596070743e-04
  1.677749428373e+00    2.905847550488e+03    1.659456228962e-03    4.263918561038e-06    1.075305178119e-05    9.525578242863e-05    1.631664385946e-03    3.073537396333e-04    5.938196606263e-09    8.258982657797e-10    4.850596070743e-04
  1.687749428373e+00    2.905847550488e+03    1.659456228962e-03    4.263918561038e-06    1.075305178119e-05    9.525578242863e-05    1.631664385946e-03    3.073537396333e-04    5.938196606263e-09    8.258982657797e-10    4.850596070743e-04
  1.697749428373e+00    2.905847550488e+03    1.659456228962e-03    4.263918561038e-06    1.075305178119e-05    9.525578242863e-05    1.631664385946e-03    3.073537396333e-04    5.938196606263e-09    8.258982657797e-10    4.850596070743e-04
  1.707749428373e+00    2.905847550488e+03    1.659456228962e-03    4.263918561038e-06    1.075305178119e-05    9.525578242863e-05    1.631664385946e-03    3.073537396333e-04    5.938196606263e-09    8.258982657797e-10    4.850596070743e-04
  1.717749428373e+00    2.905847550488e+03    1.659456228962e-03    4.263918561038e-06    1.075305178119e-05    9.525578242863e-05    1.631664385946e-03    3.073537396333e-04    5.938196606263e-09    8.258982657797e-10    4.850596070743e-04
  1.727749428373e+00    2.905847550488e+03    1.659456228962e-03    4.263918561038e-06    1.075305178119e-05    9.525578242863e-05    1.631664385946e-03    3.073537396333e-04    5.938196606263e-09    8.258982657797e-10    4.850596070743e-04
  1.737749428373e+00    2.905847550488e+03    1.659456228962e-03    4.263918561038e-06    1.075305178119e-05    9.525578242863e-05    1.631664385946e-03    3.073537396333e-04    5.938196606263e-09    8.258982657797e-10    4.850596070743e-04
  1.747749428373e+00    2.905847550488e+03    1.659456228962e-03    4.263918561038e-06    1.075305178119e-05    9.525578242863e-05    1.631664385946e-03    3.073537396333e-04    5.938196606263e-09    8.258982657797e-10    4.850596070743e-04
  1.757749428373e+00    2.905847550488e+03    1.659456228962e-03    4.263918561038e-06    1.075305178119e-05    9.525578242863e-05    1.631664385946e-03    3.073537396333e-04    5.938196606263e-09    8.258982657797e-10    4.850596070743e-04
  1.767749428373e+00    2.905847550488e+03    1.659456228962e-03    4.263918561038e-06    1.075305178119e-05    9.525578242863e-05    1.631664385946e-03    3.073537396333e-04    5.938196606263e-09    8.258982657797e-10    4.850596070743e-04
  1.777749428373e+00    2.905847550488e+03    1.659456228962e-03    4.263918561038e-06    1.075305178119e-05    9.525578242863e-05    1.631664385946e-03    3.073537396333e-04    5.938196606263e-09    8.258982657797e-10    4.850596070743e-04
  1.787749428373e+00    2.905847550488e+03    1.659456228962e-03    4.263918561038e-06    1.075305178119e-05    9.525578242863e-05    1.631664385946e-03    3.073537396333e-04    5.938196606263e-09    8.258982657797e-10    4.850596070743e-04
  1.797749428373e+00    2.905847550488e+03    1.659456228962e-03    4.263918561038e-06    1.075305178119e-05    9.525578242863e-05    1.631664385946e-03    3.073537396333e-04    5.938196606263e-09    8.258982657797e-10    4.850596070743e-04
  1.807749428373e+00    2.905847550488e+03    1.659456228962e-03    4.263918561038e-06    1.075305178119e-05    9.525578242863e-05    1.631664385946e-03    3.073537396333e-04    5.938196606263e-09    8.258982657797e-10    4.850596070743e-04
  1.817749428373e+00    2.905847550488e+03    1.659456228962e-03    4.263918561038e-06    1.075305178119e-05    9.525578242863e-05    1.631664385946e-03    3.073537396333e-04    5.938196606263e-09    8.258982657797e-10    4.850596070743e-04
  1.827749428373e+00    2.905847550488e+03    1.659456228962e-03    4.263918561038e-06    1.075305178119e-05    9.525578242863e-05    1.631664385946e-03    3.073537396333e-04    5.938196606263e-09    8.258982657797e-10    4.850596070743e-04
  1.837749428373e+00    2.905847550488e+03    1.659456228962e-03    4.263918561038e-06    1.075305178119e-05    9.525578242863e-05    1.631664385946e-03    3.073537396333e-04    5.938196606263e-09    8.258982657797e-10    4.850596070743e-04
  1.847749428373e+00    2.905847550488e+03    1.659456228962e-03    4.263918561038e-06    1.075305178119e-05    9.525578242863e-05    1.631664385946e-03    3.073537396333e-04    5.938196606263e-09    8.258982657797e-10    4.850596070743e-04
  1.857749428373e+00    2.905847550488e+03    1.659456228962e-03    4.263918561038e-06    1.075305178119e-05    9.525578242863e-05    1.631664385946e-03    3.073537396333e-04    5.938196606263e-09    8.258982657797e-10    4.850596070743e-04
  1.867749428373e+00    2.905847550488e+03    1.659456228962e-03    4.263918561038e-06    1.075305178119e-05    9.525578242863e-05    1.631664385946e-03    3.073537396333e-04    5.938196606263e-09    8.258982657797e-10    4.850596070743e-04
  1.877749428373e+00    2.905847550488e+03    1.659456228962e-03    4.263918561038e-06    1.075305178119e-05    9.525578242863e-05    1.631664385946e-03    3.073537396333e-04    5.938196606263e-09    8.258982657797e-10    4.850596070743e-04
  1.887749428373e+00    2.905847550488e+03    1.659456228962e-03    4.263918561038e-06    1.075305178119e-05    9.525578242863e-05    1.631664385946e-03    3.073537396333e-04    5.938196606263e-09    8.258982657797e-10    4.850596070743e-04
  1.897749428373e+00    2.905847550488e+03    1.659456228962e-03    4.263918561038e-06    1.075305178119e-05    9.525578242863e-05    1.631664385946e-03    3.073537396333e-04    5.938196606263e-09    8.258982657797e-10    4.850596070743e-04
  1.907749428373e+00    2.905847550488e+03    1.659456228962e-03    4.263918561038e-06    1.075305178119e-05    9.525578242863e-05    1.631664385946e-03    3.073537396333e-04    5.938196606263e-09    8.258982657797e-10    4.850596070743e-04
  1.917749428373e+00    2.905847550488e+03    1.659456228962e-03    4.263918561038e-06    1.075305178119e-05    9.525578242863e-05    1.631664385946e-03    3.073537396333e-04    5.938196606263e-09    8.258982657797e-10    4.850596070743e-04
  1.927749428373e+00    2.905847550488e+03    1.659456228962e-03    4.263918561038e-06    1.075305178119e-05    9.525578242863e-05    1.631664385946e-03    3.073537396333e-04    5.938196606263e-09    8.258982657797e-10    4.850596070743e-04
  1.937749428373e+00    2.905847550488e+03    1.659456228962e-03    4.263918561038e-06    1.075305178119e-05    9.525578242863e-05    1.631664385946e-03    3.073537396333e-04    5.938196606263e-09    8.258982657797e-10    4.850596070743e-04
  1.947749428373e+00    2.905847550488e+03    1.659456228962e-03    4.263918561038e-06    1.075305178119e-05    9.525578242863e-05    1.631664385946e-03    3.073537396333e-04    5.938196606263e-09    8.258982657797e-10    4.850596070743e-04
  1.957749428373e+00    2.905847550488e+03    1.659456228962e-03    4.263918561038e-06    1.075305178119e-05    9.525578242863e-05    1.631664385946e-03    3.073537396333e-04    5.938196606263e-09    8.258982657797e-10    4.850596070743e-04
  1.967749428373e+00    2.905847550488e+03    1.659456228962e-03    4.263918561038e-06    1.075305178119e-05    9.525578242863e-05    1.631664385946e-03    3.073537396333e-04    5.938196606263e-09    8.258982657797e-10    4.850596070743e-04
  1.977749428373e+00    2.905847550488e+03    1.659456228962e-03    4.263918561038e-06    1.075305178119e-05    9.525578242863e-05    1.631664385946e-03    3.073537396333e-04    5.938196606263e-09    8.258982657797e-10    4.850596070743e-04
  1.987749428373e+00    2.905847550488e+03    1.659456228962e-03    4.263918561038e-06    1.075305178119e-05    9.525578242863e-05    1.631664385946e-03    3.073537396333e-04    5.938196606263e-09    8.258982657797e-10    4.850596070743e-04
  1.997749428373e+00    2.905847550488e+03    1.659456228962e-03    4.263918561038e-06    1.075305178119e-05    9.525578242863e-05    1.631664385946e-03    3.073537396333e-04    5.938196606263e-09    8.258982657797e-10    4.850596070743e-04
  2.000000000000e+00    2.905847550488e+03    1.659456228962e-03    4.263918561038e-06    1.075305178119e-05    9.525578242863e-05    1.631664385946e-03    3.073537396333e-04    5.938196606263e-09    8.258982657797e-10    4.850596070743e-04
