Number of elements in the mechanism : 3
-------------------------------------------
  No.    Name       Mass 
    1       H     1.008e+00
    2       O     1.600e+01
    3       N     1.401e+01

Number of species in the mechanism : 9
-------------------------------------------------------
  No.           Name            Mass        Element content
                                            H   O   N 
-------------------------------------------------------
    1                  H2     2.016e+00     2   0   0 
    2                  O2     3.200e+01     0   2   0 
    3                   O     1.600e+01     0   1   0 
    4                  OH     1.701e+01     1   1   0 
    5                 H2O     1.802e+01     2   1   0 
    6                   H     1.008e+00     1   0   0 
    7                 HO2     3.301e+01     1   2   0 
    8                H2O2     3.401e+01     2   2   0 
    9                  N2     2.801e+01     0   0   2 

Number of reactions in the mechanism : 19
---------------------------------------------------------------------
Pre-exponential factor and activation energy units : moles & cal/mole
---------------------------------------------------------------------
   1-> H + O2 <=> O + OH
    --> Arrhenius coefficients (forward) :  2.1065e+14   0.00   1.6440e+04

   2-> O + H2 <=> H + OH
    --> Arrhenius coefficients (forward) :  5.0800e+04   2.67   6.2900e+03

   3-> H2 + OH <=> H2O + H
    --> Arrhenius coefficients (forward) :  2.1600e+08   1.51   3.4300e+03

   4-> 2OH <=> O + H2O
    --> Arrhenius coefficients (forward) :  1.2300e+04   2.62  -1.8800e+03

   5-> H2 +M  <=> 2H +M 
    --> Arrhenius coefficients (forward) :  4.5770e+19  -1.40   1.0440e+05
    --> Enhanced third-body efficiencies : 
        H2: 2.500,  H2O: 12.000,  

   6-> 2O +M  <=> O2 +M 
    --> Arrhenius coefficients (forward) :  6.1650e+15  -0.50   0.0000e+00
    --> Enhanced third-body efficiencies : 
        H2: 2.500,  H2O: 12.000,  

   7-> O + H +M  <=> OH +M 
    --> Arrhenius coefficients (forward) :  4.7140e+18  -1.00   0.0000e+00
    --> Enhanced third-body efficiencies : 
        H2: 2.500,  H2O: 12.000,  

   8-> H + OH +M  <=> H2O +M 
    --> Arrhenius coefficients (forward) :  2.2400e+22  -2.00   0.0000e+00
    --> Enhanced third-body efficiencies : 
        H2: 2.500,  H2O: 6.300,  

   9-> H + O2 +M  <=> HO2 +M 
    --> Arrhenius coefficients (forward) :  6.7870e+19  -1.42   0.0000e+00
    --> Enhanced third-body efficiencies : 
        H2: 2.500,  H2O: 12.000,  

  10-> HO2 + H <=> H2 + O2
    --> Arrhenius coefficients (forward) :  6.6300e+13   0.00   2.1300e+03

  11-> HO2 + H <=> 2OH
    --> Arrhenius coefficients (forward) :  1.6900e+14   0.00   8.7400e+02

  12-> HO2 + O <=> O2 + OH
    --> Arrhenius coefficients (forward) :  1.8100e+13   0.00  -4.0000e+02

  13-> HO2 + OH <=> H2O + O2
    --> Arrhenius coefficients (forward) :  1.4500e+16  -1.00   0.0000e+00

  14-> 2HO2 <=> H2O2 + O2
    --> Arrhenius coefficients (forward) :  3.0200e+12   0.00   1.3900e+03

  15-> H2O2 +M  <=> 2OH +M 
    --> Arrhenius coefficients (forward) :  1.2020e+17   0.00   4.5500e+04
    --> Enhanced third-body efficiencies : 
        H2: 2.500,  H2O: 12.000,  

  16-> H2O2 + H <=> H2O + OH
    --> Arrhenius coefficients (forward) :  1.0000e+13   0.00   3.5900e+03

  17-> H2O2 + H <=> HO2 + H2
    --> Arrhenius coefficients (forward) :  4.8200e+13   0.00   7.9500e+03

  18-> H2O2 + O <=> OH + HO2
    --> Arrhenius coefficients (forward) :  9.5500e+06   2.00   3.9700e+03

  19-> H2O2 + OH <=> HO2 + H2O
    --> Arrhenius coefficients (forward) :  7.0000e+12   0.00   1.4300e+03

