# temperature
variable	T equal 300
#cold region temperature
#variable        tlo equal 275
variable        tlo equal ${T}-${L}*${cte}/4.0
variable        tlo equal 300-${L}*${cte}/4.0
variable        tlo equal 300-50*${cte}/4.0
variable        tlo equal 300-50*1.5938/4.0
#hot region temperature
#variable        thi equal ${cte}*${L}/2+${tlo}
variable        thi equal ${T}+${L}*${cte}/4.0
variable        thi equal 300+${L}*${cte}/4.0
variable        thi equal 300+50*${cte}/4.0
variable        thi equal 300+50*1.5938/4.0

#time step (picoseconds)
variable	dt equal 0.0005 # 0.5 femtoseconds
#number of time steps for NPT
variable	tnpt equal 5000
#number of time steps for NVT
variable	tnvt equal 40000
#number of time steps for first NVE
variable	t1nve equal 100000
#number of time steps for second NVE
variable	t2nve equal 500000

################### Variable Based on LAMMPS Documentation ######################
variable	a equal 100
variable	c equal ${t2nve}
variable	c equal 500000
variable	b equal $c/$a
variable	b equal 500000/$a
variable	b equal 500000/100
variable	tdamp equal ${dt}*100
variable	tdamp equal 0.0005*100
variable	pdamp equal ${dt}*1000
variable	pdamp equal 0.0005*1000

#----------------------------------------------------------------------------------------
# setup problem
dimension       3
boundary        p p p
atom_style      atomic
lattice 	diamond ${LC} origin 0.0 0.0 0.0 orient x 1 0 0 orient y 0 1 0 orient z 0 0 1
lattice 	diamond 5.43 origin 0.0 0.0 0.0 orient x 1 0 0 orient y 0 1 0 orient z 0 0 1
Lattice spacing in x,y,z = 5.43 5.43 5.43
region          0 block 0 $L 0 $W 0 $H units lattice side in
region          0 block 0 50 0 $W 0 $H units lattice side in
region          0 block 0 50 0 22 0 $H units lattice side in
region          0 block 0 50 0 22 0 22 units lattice side in
create_box      1 0
Created orthogonal box = (0 0 0) to (271.5 119.46 119.46)
  8 by 2 by 2 MPI processor grid
create_atoms    1 region 0
Created 193600 atoms
mass		1 28.0855
#dump		1 all xyz 1000 Si_W_${W}nm.xyz
#dump_modify	1 element Si

############################################
pair_style   sw
pair_coeff   * * Si${P}.sw Si
pair_coeff   * * Si9.sw Si
thermo		100
thermo_style custom step lx
min_style cg
minimize 0.0 1.0e-8 10000 100000
WARNING: Using 'neigh_modify every 1 delay 0 check yes' setting during minimization (../min.cpp:168)
Neighbor list info ...
  update every 1 steps, delay 0 steps, check yes
  max neighbors/atom: 2000, page size: 100000
  master list distance cutoff = 5.81461
  ghost atom cutoff = 5.81461
  binsize = 2.9073, bins = 94 42 42
  1 neighbor lists, perpetual/occasional/extra = 1 0 0
  (1) pair sw, perpetual
      attributes: full, newton on
      pair build: full/bin/atomonly
      stencil: full/bin/3d
      bin: standard
Per MPI rank memory allocation (min/avg/max) = 5.239 | 5.24 | 5.242 Mbytes
Step Lx 
       0        271.5 
       1        271.5 
Loop time of 0.0422674 on 32 procs for 1 steps with 193600 atoms

75.1% CPU use with 32 MPI tasks x no OpenMP threads

Minimization stats:
  Stopping criterion = force tolerance
  Energy initial, next-to-last, final = 
        -814149.395013     -814149.395013     -814149.395013
  Force two-norm initial, final = 8.51467e-11 8.50865e-11
  Force max component initial, final = 4.95922e-13 4.98608e-13
  Final line search alpha, max atom move = 1 4.98608e-13
  Iterations, force evaluations = 1 2

MPI task timing breakdown:
Section |  min time  |  avg time  |  max time  |%varavg| %total
---------------------------------------------------------------
Pair    | 0.024876   | 0.025354   | 0.025917   |   0.1 | 59.98
Neigh   | 0          | 0          | 0          |   0.0 |  0.00
Comm    | 0.006542   | 0.009717   | 0.012974   |   1.9 | 22.99
Output  | 0          | 0          | 0          |   0.0 |  0.00
Modify  | 0          | 0          | 0          |   0.0 |  0.00
Other   |            | 0.007197   |            |       | 17.03

Nlocal:    6050 ave 6050 max 6050 min
Histogram: 32 0 0 0 0 0 0 0 0 0
Nghost:    5892.5 ave 5893 max 5892 min
Histogram: 16 0 0 0 0 0 0 0 0 16
Neighs:    0 ave 0 max 0 min
Histogram: 32 0 0 0 0 0 0 0 0 0
FullNghs:  205700 ave 205700 max 205700 min
Histogram: 32 0 0 0 0 0 0 0 0 0

Total # of neighbors = 6582400
Ave neighs/atom = 34
Neighbor list builds = 0
Dangerous builds = 0
timestep     ${dt}
timestep     0.0005
velocity 	all create $T 492845
velocity 	all create 300 492845


fix 		NPT all npt temp $T $T ${tdamp} iso 0.0 0.0 ${pdamp}
fix 		NPT all npt temp 300 $T ${tdamp} iso 0.0 0.0 ${pdamp}
fix 		NPT all npt temp 300 300 ${tdamp} iso 0.0 0.0 ${pdamp}
fix 		NPT all npt temp 300 300 0.05 iso 0.0 0.0 ${pdamp}
fix 		NPT all npt temp 300 300 0.05 iso 0.0 0.0 0.5
thermo		100
thermo_style custom step lx press
run		${tnpt}
run		5000
Per MPI rank memory allocation (min/avg/max) = 4.114 | 4.115 | 4.117 Mbytes
Step Lx Press 
       1        271.5    14386.508 
     100     272.8837   -497.29119 
     200    272.86355    146.35745 
     300    272.86815    111.84345 
     400    272.89811   -75.043881 
     500    272.89945    12.042186 
     600    272.91585    47.470111 
     700     272.9342   -34.402875 
     800     272.9343    118.42946 
     900    272.97217   -167.69917 
    1000    272.96665    115.37784 
    1100    272.98408    24.882803 
    1200    273.00513   -57.491901 
    1300    273.00735    46.465092 
    1400    273.02129    8.9578542 
    1500    273.02424    3.9074431 
    1600    273.02823    6.6734588 
    1700    273.02734    -45.68992 
    1800    273.01616     75.77298 
    1900     273.0205   -51.533769 
    2000    273.02157    2.9980112 
    2100    273.01971    26.959847 
    2200    273.02802   -32.523148 
    2300    273.02428   0.59226488 
    2400    273.02231   -8.1144054 
    2500     273.0217   -2.5054581 
    2600    273.01889    6.4597413 
    2700    273.02377   -9.9721265 
    2800     273.0209    12.845113 
    2900     273.0205    14.153306 
    3000    273.03186    -38.22758 
    3100    273.01941    25.741727 
    3200    273.01694    30.339789 
    3300     273.0301   -76.193731 
    3400    273.00697    95.505301 
    3500    273.03767   -73.376545 
    3600     273.0111    58.957355 
    3700    273.03968    -86.83741 
    3800    273.00275    112.12499 
    3900    273.04129   -135.91382 
    4000    272.99942    145.85922 
    4100    273.04541   -168.61594 
    4200    273.00128    185.14223 
    4300    273.04274   -182.96117 
    4400    273.00922    144.43593 
    4500     273.0268   -65.622023 
    4600    273.02514   -20.149671 
    4700    273.01065    92.366742 
    4800    273.03604   -111.49307 
    4900    273.01133    101.63075 
    5000     273.0332   -77.206038 
    5001    273.03327    -77.35669 
Loop time of 159.245 on 32 procs for 5000 steps with 193600 atoms

Performance: 1.356 ns/day, 17.694 hours/ns, 31.398 timesteps/s
84.6% CPU use with 32 MPI tasks x no OpenMP threads

MPI task timing breakdown:
Section |  min time  |  avg time  |  max time  |%varavg| %total
---------------------------------------------------------------
Pair    | 116.94     | 118.49     | 124.5      |  12.3 | 74.41
Neigh   | 0.024554   | 0.026461   | 0.034227   |   1.3 |  0.02
Comm    | 17.22      | 25.228     | 31.388     |  72.2 | 15.84
Output  | 0.027894   | 0.034658   | 0.037185   |   1.1 |  0.02
Modify  | 8.8754     | 14.398     | 19.987     |  87.8 |  9.04
Other   |            | 1.068      |            |       |  0.67

Nlocal:    6050 ave 6089 max 6006 min
Histogram: 1 2 4 5 1 4 6 3 4 2
Nghost:    5892.5 ave 5936 max 5853 min
Histogram: 2 4 3 4 5 2 4 5 2 1
Neighs:    0 ave 0 max 0 min
Histogram: 32 0 0 0 0 0 0 0 0 0
FullNghs:  207368 ave 208707 max 205922 min
Histogram: 1 5 3 1 5 3 4 4 4 2

Total # of neighbors = 6635782
Ave neighs/atom = 34.2757
Neighbor list builds = 2
Dangerous builds = 0
unfix		NPT
variable	length equal lx/${LC}
variable	length equal lx/5.43

################### Geometrical Parameters After Relaxation ###############################
# Thermostat_width
variable	TW equal ${length}/40
variable	TW equal 50.2823693046719/40
# Hot_Start
variable	hs equal ${length}/4-${TW}
variable	hs equal 50.2823693046719/4-${TW}
variable	hs equal 50.2823693046719/4-1.2570592326168
# Hot_End
variable	he equal ${length}/4+${TW}
variable	he equal 50.2823693046719/4+${TW}
variable	he equal 50.2823693046719/4+1.2570592326168
# Cold_Start
variable	cs equal 3*${length}/4-${TW}
variable	cs equal 3*50.2823693046719/4-${TW}
variable	cs equal 3*50.2823693046719/4-1.2570592326168
# Cold_End
variable	ce equal 3*${length}/4+${TW}
variable	ce equal 3*50.2823693046719/4+${TW}
variable	ce equal 3*50.2823693046719/4+1.2570592326168
###########################################################################################

################### Defining Thermostat ###################################################
region 		hot block ${hs} ${he} EDGE EDGE EDGE EDGE
region 		hot block 11.3135330935512 ${he} EDGE EDGE EDGE EDGE
region 		hot block 11.3135330935512 13.8276515587848 EDGE EDGE EDGE EDGE
region 		cold block ${cs} ${ce} EDGE EDGE EDGE EDGE
region 		cold block 36.4547177458871 ${ce} EDGE EDGE EDGE EDGE
region 		cold block 36.4547177458871 38.9688362111207 EDGE EDGE EDGE EDGE
group		test region cold
9574 atoms in group test
group		test1 region hot
9571 atoms in group test1
compute		Thot all temp/region hot
compute         Tcold all temp/region cold
###########################################################################################

fix		NVT all nvt temp $T $T ${tdamp}
fix		NVT all nvt temp 300 $T ${tdamp}
fix		NVT all nvt temp 300 300 ${tdamp}
fix		NVT all nvt temp 300 300 0.05
thermo		1000
thermo_style	custom step temp
run		${tnvt}
run		40000
Per MPI rank memory allocation (min/avg/max) = 4.118 | 4.119 | 4.121 Mbytes
Step Temp 
    5001    304.20585 
    6000    298.32185 
    7000    300.44202 
    8000     300.0927 
    9000    297.03913 
   10000    298.98487 
   11000     300.3027 
   12000    299.94524 
   13000    299.07384 
   14000    299.94639 
   15000    301.74431 
   16000    299.21839 
   17000    297.86818 
   18000    301.90902 
   19000    298.24743 
   20000    300.00363 
   21000    300.47577 
   22000    299.14531 
   23000    301.05423 
   24000    300.19583 
   25000    298.77261 
   26000     300.1853 
   27000    301.12192 
   28000    299.45739 
   29000    300.80953 
   30000    299.15377 
   31000    300.54404 
   32000    299.62873 
   33000    299.52564 
   34000    301.09545 
   35000    299.87013 
   36000    300.63944 
   37000    298.76688 
   38000    299.14159 
   39000    299.99895 
   40000    300.43651 
   41000    301.23842 
   42000    299.15645 
   43000    301.16026 
   44000    300.69933 
   45000    298.35848 
   45001    298.35849 
Loop time of 1204.08 on 32 procs for 40000 steps with 193600 atoms

Performance: 1.435 ns/day, 16.723 hours/ns, 33.220 timesteps/s
87.2% CPU use with 32 MPI tasks x no OpenMP threads

MPI task timing breakdown:
Section |  min time  |  avg time  |  max time  |%varavg| %total
---------------------------------------------------------------
Pair    | 943.3      | 953.89     | 967.2      |  17.2 | 79.22
Neigh   | 0          | 0          | 0          |   0.0 |  0.00
Comm    | 121.16     | 166.76     | 211.27     | 216.2 | 13.85
Output  | 0.023328   | 0.025625   | 0.029639   |   1.0 |  0.00
Modify  | 26.179     | 69.918     | 108.71     | 306.0 |  5.81
Other   |            | 13.48      |            |       |  1.12

Nlocal:    6050 ave 6106 max 5989 min
Histogram: 2 2 1 6 4 5 4 4 2 2
Nghost:    5892.5 ave 5954 max 5837 min
Histogram: 2 2 4 4 5 4 6 1 2 2
Neighs:    0 ave 0 max 0 min
Histogram: 32 0 0 0 0 0 0 0 0 0
FullNghs:  209802 ave 211914 max 207445 min
Histogram: 2 2 1 3 7 5 4 4 2 2

Total # of neighbors = 6713664
Ave neighs/atom = 34.678
Neighbor list builds = 0
Dangerous builds = 0
velocity	all scale $T
velocity	all scale 300
unfix		NVT

fix		NVE all nve
fix		hot all langevin ${thi} ${thi} ${tdamp} 389516 tally yes
fix		hot all langevin 319.9225 ${thi} ${tdamp} 389516 tally yes
fix		hot all langevin 319.9225 319.9225 ${tdamp} 389516 tally yes
fix		hot all langevin 319.9225 319.9225 0.05 389516 tally yes
fix_modify	hot temp Thot
fix		cold all langevin ${tlo} ${tlo} ${tdamp} 46579 tally yes
fix		cold all langevin 280.0775 ${tlo} ${tdamp} 46579 tally yes
fix		cold all langevin 280.0775 280.0775 ${tdamp} 46579 tally yes
fix		cold all langevin 280.0775 280.0775 0.05 46579 tally yes
fix_modify	cold temp Tcold

thermo_style	custom step temp c_Thot c_Tcold f_hot f_cold
run		${t1nve}
run		100000
Per MPI rank memory allocation (min/avg/max) = 4.868 | 4.869 | 4.871 Mbytes
Step Temp c_Thot c_Tcold f_hot f_cold 
   45001          300    295.37138     302.4836           -0           -0 
   46000    300.31612    315.39268    282.92383   -75.404576    67.526379 
   47000    301.21465    318.54475    282.98887    -101.5778    96.750237 
   48000    300.50552    318.52035    283.80748   -120.83038    112.36795 
   49000    301.29026     323.6354    279.49245   -150.84279    143.66552 
   50000    300.25632    318.34849     281.7165   -158.41199    161.29954 
   51000    300.53461     319.7476    282.00644   -195.65372    182.08034 
   52000    300.24934    323.72283    280.75442    -217.7102    211.81922 
   53000    300.49559    320.41892    283.38967    -229.6838    225.02145 
   54000    300.81772    319.97219    282.83271   -267.40725    258.45997 
   55000    300.60588    315.36645    281.56503   -278.90265    283.58857 
   56000    300.20298    323.22462    275.30103   -316.07182    322.35022 
   57000    300.56126    319.46597    281.83069   -334.17697    342.37817 
   58000    299.99317    313.94199    280.58012   -361.46707     378.0384 
   59000    300.42293    312.99687     282.9873   -400.40862    398.21776 
   60000    300.49321    319.93278    281.23718   -428.04548    427.73586 
   61000    299.60204    319.03628    282.89618   -459.43103    457.35067 
   62000    299.60618    320.60263    282.40115   -483.07831    494.52789 
   63000    300.02887    317.88089    281.25976   -516.25994    532.73371 
   64000    300.26547    317.13462    280.58583   -556.58268    567.78826 
   65000    300.14956    316.35429    279.06199   -578.14599    593.47794 
   66000    300.85576    318.71099    284.36542   -615.77668    608.00784 
   67000    299.78741    320.19873    279.17552   -659.43679    670.47621 
   68000    300.07832    315.19511    280.02212   -691.72231    697.07561 
   69000    299.92866    320.82195     281.7819   -730.26645    731.14318 
   70000    299.93546    316.53004    278.94954   -752.91164    760.39029 
   71000    300.46725    319.66206    282.56707   -791.83152    783.90334 
   72000    300.46626    323.10883    283.79702   -836.31553    818.14735 
   73000    300.23528    319.38704    281.28745   -854.42323    849.52037 
   74000    300.02897    314.12098    280.30998   -885.08403    893.10901 
   75000    299.82686    317.80229    282.67173   -921.29218    920.90737 
   76000    299.34442    318.21748    280.63935   -948.23617    959.27676 
   77000    299.93714    316.58097    281.75302   -980.27495    996.78838 
   78000    299.49942    315.64616    280.00686   -1014.1039    1035.3692 
   79000    299.97749    313.49314     281.7927   -1055.7343    1068.8775 
   80000    300.47437    315.10553    285.88684   -1083.7453    1092.6483 
   81000    299.51344    320.68508    280.72715   -1130.1876     1129.254 
   82000    300.00924    317.73891    282.16251   -1159.1568    1161.1893 
   83000     300.8607    319.60139    277.10311   -1188.8121    1200.2996 
   84000    300.28382    318.74553     282.4027   -1220.2632    1222.9231 
   85000    301.50121     319.1748    283.59093   -1250.3911    1246.1801 
   86000    300.17043    318.29238    280.08191   -1286.8662    1284.9337 
   87000    300.63834    316.50981    281.27581   -1319.9587    1315.6512 
   88000     299.6311    313.88969    280.57892    -1346.001    1354.7281 
   89000    300.68577    317.32149    280.46971   -1370.0407    1382.5444 
   90000    300.37399    316.50873    282.77894   -1401.7728    1411.1465 
   91000    299.78987    317.54459     276.8836   -1431.6218    1459.9319 
   92000    299.29049    313.33886     279.1608   -1464.3389     1486.182 
   93000    300.24859    319.30985    282.57779   -1517.2411    1520.1265 
   94000    300.39664    319.33338    278.85753   -1556.3728    1555.5115 
   95000    300.41345    321.80232    281.57553   -1586.4435    1593.1412 
   96000    300.12272    318.54362    283.39731   -1615.9985    1618.4689 
   97000    299.71978    317.83582    284.21193   -1637.4794    1638.2057 
   98000    300.31407    319.13172    280.03536   -1661.9886    1672.9698 
   99000    300.32969      320.703    277.99339   -1701.4445    1712.0779 
  100000    300.52857    320.99013    280.36646   -1720.4945    1739.8481 
  101000    299.81869    321.01985    279.01214   -1749.7796    1770.4447 
  102000    299.75638    319.68457    277.16612   -1776.6635    1809.7657 
  103000    299.70122    324.59079    281.77916   -1806.5739    1835.2822 
  104000    299.63663    321.90583    284.71818   -1831.0783    1860.5061 
  105000    299.64242    317.01568    286.33916   -1866.8681    1890.4118 
  106000    299.79826     323.4931    281.45127   -1920.4525     1919.171 
  107000     300.4195    317.81163    276.63534   -1935.4384    1952.3128 
  108000    300.06667    316.79836     280.6564   -1952.9479    1974.3042 
  109000    300.29697    316.07392    283.39008   -1984.0831    2002.8343 
  110000    300.59561    323.10905    283.05247   -2029.3455    2029.6004 
  111000    299.66068     316.5453    283.76237   -2037.6117    2061.7415 
  112000    299.88708     321.4922    277.37326   -2087.3651    2111.1109 
  113000    299.72872    316.80395    281.90007   -2116.2882     2134.268 
  114000    300.08195    318.66554    280.64894   -2146.2022    2168.2119 
  115000    300.09841    323.25246    279.75056   -2178.0661     2196.447 
  116000    299.29726    320.23604    279.67734   -2210.2099    2237.5164 
  117000    300.19885    315.56023    283.00488   -2233.5066    2260.9072 
  118000    299.82192    320.26829     283.7672    -2268.803    2289.0158 
  119000    300.57518    317.76973    284.90268    -2311.131    2315.0081 
  120000     301.1344    320.31113    281.69449   -2338.3018    2353.5293 
  121000    300.25209    317.71177     281.0376   -2361.6214    2381.9466 
  122000    300.62432     317.0631    281.63766   -2389.0331    2415.3538 
  123000    299.83449     319.4136    281.23252   -2426.7989    2444.2078 
  124000    299.83101    322.65429    280.79014   -2464.7769    2476.0773 
  125000    299.83291    319.40094    281.33432    -2489.805    2511.6795 
  126000    298.96319    315.52075    282.80246   -2516.6517    2553.7879 
  127000    299.57403    316.02159     279.0881   -2551.7479    2575.7844 
  128000     300.6621    319.98717    282.02692   -2590.0619    2611.9707 
  129000    300.24057    315.56767    281.36377   -2618.5099    2648.8752 
  130000    299.25239    319.21369    283.13825    -2659.104    2677.8519 
  131000    299.55058    318.42043    281.95909   -2673.7581    2708.2113 
  132000    299.60778    321.48609    278.35882   -2710.7758     2750.387 
  133000    299.12676    316.38178    280.06647   -2731.8025    2779.1315 
  134000    298.95314    318.81778    282.37301   -2762.1311    2814.0849 
  135000    299.26002    314.21283    281.94165   -2794.4867    2853.8382 
  136000    298.98616    320.47968    279.22569   -2827.6922    2882.7791 
  137000    298.70363    316.64903    281.29042   -2852.8843    2913.0967 
  138000    299.80926    318.19444    283.30393   -2887.9668     2939.436 
  139000    299.47112    319.16948    282.91875   -2922.3687    2974.2273 
  140000    299.14017    318.17991    279.17642   -2949.5411    3003.0311 
  141000    299.33945    316.41595    286.05684   -2980.5267    3033.8255 
  142000    299.22331    318.68475    278.26226   -3012.4715    3071.6403 
  143000    299.40853    319.41032     286.0094   -3046.4873    3088.6145 
  144000    298.93538    315.54743    277.32995   -3083.6677    3135.1382 
  145000    299.35713    322.12525    281.07873   -3108.1656     3156.012 
  145001    299.32489    321.63897    281.01749    -3107.504    3156.0921 
Loop time of 3176.31 on 32 procs for 100000 steps with 193600 atoms

Performance: 1.360 ns/day, 17.646 hours/ns, 31.483 timesteps/s
86.5% CPU use with 32 MPI tasks x no OpenMP threads

MPI task timing breakdown:
Section |  min time  |  avg time  |  max time  |%varavg| %total
---------------------------------------------------------------
Pair    | 2352.2     | 2383.6     | 2425.7     |  35.7 | 75.04
Neigh   | 0          | 0          | 0          |   0.0 |  0.00
Comm    | 334.78     | 439.62     | 546.03     | 315.7 | 13.84
Output  | 0.097323   | 0.10697    | 0.11019    |   0.9 |  0.00
Modify  | 216.47     | 318.71     | 431.24     | 372.2 | 10.03
Other   |            | 34.32      |            |       |  1.08

Nlocal:    6050 ave 6101 max 5993 min
Histogram: 1 2 2 4 6 6 2 4 2 3
Nghost:    5892.5 ave 5949 max 5841 min
Histogram: 3 2 3 3 6 6 4 2 1 2
Neighs:    0 ave 0 max 0 min
Histogram: 32 0 0 0 0 0 0 0 0 0
FullNghs:  209899 ave 211819 max 207844 min
Histogram: 2 1 2 6 4 6 4 2 3 2

Total # of neighbors = 6716774
Ave neighs/atom = 34.6941
Neighbor list builds = 0
Dangerous builds = 0

# thermal conductivity calculation
# reset langevin thermostats to zero energy accumulation
reset_timestep 0
thermo		$c
thermo		500000
compute		ke all ke/atom
variable	temp atom c_ke/1.5/8.617332478e-5
fix		hot all langevin ${thi} ${thi} ${tdamp} 389516 tally yes
fix		hot all langevin 319.9225 ${thi} ${tdamp} 389516 tally yes
fix		hot all langevin 319.9225 319.9225 ${tdamp} 389516 tally yes
fix		hot all langevin 319.9225 319.9225 0.05 389516 tally yes
fix_modify	hot temp Thot
fix		cold all langevin ${tlo} ${tlo} ${tdamp} 46579 tally yes
fix		cold all langevin 280.0775 ${tlo} ${tdamp} 46579 tally yes
fix		cold all langevin 280.0775 280.0775 ${tdamp} 46579 tally yes
fix		cold all langevin 280.0775 280.0775 0.05 46579 tally yes
fix_modify	cold temp Tcold

compute		ch all chunk/atom bin/1d x lower 0.02 units reduced
fix		11 all ave/chunk $a $b $c ch v_temp file sw_${P}.langevin
fix		11 all ave/chunk 100 $b $c ch v_temp file sw_${P}.langevin
fix		11 all ave/chunk 100 5000 $c ch v_temp file sw_${P}.langevin
fix		11 all ave/chunk 100 5000 500000 ch v_temp file sw_${P}.langevin
fix		11 all ave/chunk 100 5000 500000 ch v_temp file sw_9.langevin
thermo_style	custom step temp c_Thot c_Tcold f_hot f_cold

run		${t2nve}
run		500000
Per MPI rank memory allocation (min/avg/max) = 5.118 | 5.12 | 5.121 Mbytes
Step Temp c_Thot c_Tcold f_hot f_cold 
       0    299.32489    321.76782    280.54073           -0           -0 
  500000    299.70082    324.55998    278.95677   -16096.783    16047.996 
Loop time of 15872.7 on 32 procs for 500000 steps with 193600 atoms

Performance: 1.361 ns/day, 17.636 hours/ns, 31.501 timesteps/s
86.7% CPU use with 32 MPI tasks x no OpenMP threads

MPI task timing breakdown:
Section |  min time  |  avg time  |  max time  |%varavg| %total
---------------------------------------------------------------
Pair    | 11777      | 11905      | 12101      |  70.9 | 75.00
Neigh   | 0          | 0          | 0          |   0.0 |  0.00
Comm    | 1524.8     | 2178.6     | 2729.9     | 749.1 | 13.73
Output  | 0.000945   | 0.0018442  | 0.002097   |   0.6 |  0.00
Modify  | 1117.2     | 1606       | 2128.9     | 810.9 | 10.12
Other   |            | 183.6      |            |       |  1.16

Nlocal:    6050 ave 6094 max 5991 min
Histogram: 1 0 2 3 7 6 6 2 2 3
Nghost:    5892.34 ave 5951 max 5848 min
Histogram: 3 2 2 6 6 6 4 2 0 1
Neighs:    0 ave 0 max 0 min
Histogram: 32 0 0 0 0 0 0 0 0 0
FullNghs:  209844 ave 211429 max 207650 min
Histogram: 1 0 2 2 7 7 4 4 2 3

Total # of neighbors = 6714992
Ave neighs/atom = 34.6849
Neighbor list builds = 0
Dangerous builds = 0
clear
next		P
jump		Si.in
 units       metal
#----------------------------- User Input Variables --------------------------------------
################### Geometrical Parameters ###############################
variable	P index 9 10 11 12
variable	W equal 22
# Lattice Constant
variable	LC equal 5.43
# Length
variable	L equal 50
# Width
#variable	W equal 6
# Height
variable	H equal ${W}
variable	H equal 22
################### Simulation Condition ###############################
#DT/DX=cte
variable	cte equal 1.5938
log         sw_${P}.log
log         sw_10.log
