# temperature
variable	T equal 300
#cold region temperature
#variable        tlo equal 275
variable        tlo equal ${T}-${L}*${cte}/4.0
variable        tlo equal 300-${L}*${cte}/4.0
variable        tlo equal 300-50*${cte}/4.0
variable        tlo equal 300-50*1.5938/4.0
#hot region temperature
#variable        thi equal ${cte}*${L}/2+${tlo}
variable        thi equal ${T}+${L}*${cte}/4.0
variable        thi equal 300+${L}*${cte}/4.0
variable        thi equal 300+50*${cte}/4.0
variable        thi equal 300+50*1.5938/4.0

#time step (picoseconds)
variable	dt equal 0.0005 # 0.5 femtoseconds
#number of time steps for NPT
variable	tnpt equal 5000
#number of time steps for NVT
variable	tnvt equal 40000
#number of time steps for first NVE
variable	t1nve equal 100000
#number of time steps for second NVE
variable	t2nve equal 500000

################### Variable Based on LAMMPS Documentation ######################
variable	a equal 100
variable	c equal ${t2nve}
variable	c equal 500000
variable	b equal $c/$a
variable	b equal 500000/$a
variable	b equal 500000/100
variable	tdamp equal ${dt}*100
variable	tdamp equal 0.0005*100
variable	pdamp equal ${dt}*1000
variable	pdamp equal 0.0005*1000

#----------------------------------------------------------------------------------------
# setup problem
dimension       3
boundary        p p p
atom_style      atomic
lattice 	diamond ${LC} origin 0.0 0.0 0.0 orient x 1 0 0 orient y 0 1 0 orient z 0 0 1
lattice 	diamond 5.43 origin 0.0 0.0 0.0 orient x 1 0 0 orient y 0 1 0 orient z 0 0 1
Lattice spacing in x,y,z = 5.43 5.43 5.43
region          0 block 0 $L 0 $W 0 $H units lattice side in
region          0 block 0 50 0 $W 0 $H units lattice side in
region          0 block 0 50 0 22 0 $H units lattice side in
region          0 block 0 50 0 22 0 22 units lattice side in
create_box      1 0
Created orthogonal box = (0 0 0) to (271.5 119.46 119.46)
  8 by 2 by 2 MPI processor grid
create_atoms    1 region 0
Created 193600 atoms
mass		1 28.0855
#dump		1 all xyz 1000 Si_W_${W}nm.xyz
#dump_modify	1 element Si

############################################
pair_style   sw
pair_coeff   * * Si${P}.sw Si
pair_coeff   * * Si2.sw Si
thermo		100
thermo_style custom step lx
min_style cg
minimize 0.0 1.0e-8 10000 100000
WARNING: Using 'neigh_modify every 1 delay 0 check yes' setting during minimization (../min.cpp:168)
Neighbor list info ...
  update every 1 steps, delay 0 steps, check yes
  max neighbors/atom: 2000, page size: 100000
  master list distance cutoff = 5.78134
  ghost atom cutoff = 5.78134
  binsize = 2.89067, bins = 94 42 42
  1 neighbor lists, perpetual/occasional/extra = 1 0 0
  (1) pair sw, perpetual
      attributes: full, newton on
      pair build: full/bin/atomonly
      stencil: full/bin/3d
      bin: standard
Per MPI rank memory allocation (min/avg/max) = 5.239 | 5.24 | 5.242 Mbytes
Step Lx 
       0        271.5 
       1        271.5 
Loop time of 0.0414033 on 32 procs for 1 steps with 193600 atoms

74.4% CPU use with 32 MPI tasks x no OpenMP threads

Minimization stats:
  Stopping criterion = force tolerance
  Energy initial, next-to-last, final = 
        -755459.552382     -755459.552382     -755459.552382
  Force two-norm initial, final = 9.59544e-11 9.58813e-11
  Force max component initial, final = 5.62078e-13 5.64296e-13
  Final line search alpha, max atom move = 1 5.64296e-13
  Iterations, force evaluations = 1 2

MPI task timing breakdown:
Section |  min time  |  avg time  |  max time  |%varavg| %total
---------------------------------------------------------------
Pair    | 0.024614   | 0.024963   | 0.025421   |   0.1 | 60.29
Neigh   | 0          | 0          | 0          |   0.0 |  0.00
Comm    | 0.006495   | 0.0094396  | 0.013181   |   2.1 | 22.80
Output  | 0          | 0          | 0          |   0.0 |  0.00
Modify  | 0          | 0          | 0          |   0.0 |  0.00
Other   |            | 0.007      |            |       | 16.91

Nlocal:    6050 ave 6050 max 6050 min
Histogram: 32 0 0 0 0 0 0 0 0 0
Nghost:    5892.5 ave 5893 max 5892 min
Histogram: 16 0 0 0 0 0 0 0 0 16
Neighs:    0 ave 0 max 0 min
Histogram: 32 0 0 0 0 0 0 0 0 0
FullNghs:  205700 ave 205700 max 205700 min
Histogram: 32 0 0 0 0 0 0 0 0 0

Total # of neighbors = 6582400
Ave neighs/atom = 34
Neighbor list builds = 0
Dangerous builds = 0
timestep     ${dt}
timestep     0.0005
velocity 	all create $T 492845
velocity 	all create 300 492845


fix 		NPT all npt temp $T $T ${tdamp} iso 0.0 0.0 ${pdamp}
fix 		NPT all npt temp 300 $T ${tdamp} iso 0.0 0.0 ${pdamp}
fix 		NPT all npt temp 300 300 ${tdamp} iso 0.0 0.0 ${pdamp}
fix 		NPT all npt temp 300 300 0.05 iso 0.0 0.0 ${pdamp}
fix 		NPT all npt temp 300 300 0.05 iso 0.0 0.0 0.5
thermo		100
thermo_style custom step lx press
run		${tnpt}
run		5000
Per MPI rank memory allocation (min/avg/max) = 4.114 | 4.115 | 4.117 Mbytes
Step Lx Press 
       1        271.5   -3758.3056 
     100    270.99987    1628.1967 
     200    271.23778   -764.31398 
     300    271.15279    218.38932 
     400    271.19379    64.820393 
     500    271.22412   -127.32681 
     600    271.21474    193.54952 
     700    271.26763   -176.73766 
     800    271.25796    128.44045 
     900    271.29977   -81.585108 
    1000    271.30578    87.139029 
    1100    271.33126   -33.541876 
    1200    271.35055   -18.827009 
    1300    271.35938     48.84419 
    1400    271.38097   -48.202507 
    1500     271.3789    45.884498 
    1600    271.38947   -49.764075 
    1700    271.37715    25.974501 
    1800    271.37317   -4.0517091 
    1900    271.37268   -13.560238 
    2000    271.37096    25.744332 
    2100    271.38288   -12.932713 
    2200    271.37951    4.3266197 
    2300    271.38065   -24.694285 
    2400    271.37751   -8.9061039 
    2500    271.36994    35.369486 
    2600    271.38022   -65.554954 
    2700     271.3694    88.325069 
    2800    271.38433   -67.259175 
    2900    271.38332   -22.835349 
    3000    271.36824    110.54078 
    3100    271.38546   -126.62369 
    3200    271.36635    90.172677 
    3300    271.37826   -22.163364 
    3400     271.3816   -33.819489 
    3500    271.37336    67.949632 
    3600    271.38612    -77.15065 
    3700    271.37048    67.980367 
    3800    271.37521    1.7518634 
    3900    271.37832   -38.797201 
    4000    271.37235    61.130361 
    4100    271.38383   -47.485089 
    4200    271.37642    36.946861 
    4300    271.37696   -3.7138401 
    4400    271.37847   -33.543237 
    4500    271.36881    59.218722 
    4600    271.38351   -68.612529 
    4700     271.3743    57.452507 
    4800     271.3818   -32.223308 
    4900    271.37786   -1.1067167 
    5000    271.37141    34.546876 
    5001    271.37116    37.541833 
Loop time of 122.405 on 32 procs for 5000 steps with 193600 atoms

Performance: 1.765 ns/day, 13.601 hours/ns, 40.848 timesteps/s
84.8% CPU use with 32 MPI tasks x no OpenMP threads

MPI task timing breakdown:
Section |  min time  |  avg time  |  max time  |%varavg| %total
---------------------------------------------------------------
Pair    | 90.366     | 91.268     | 93.511     |   6.9 | 74.56
Neigh   | 0          | 0          | 0          |   0.0 |  0.00
Comm    | 12.032     | 17.525     | 23.572     |  79.4 | 14.32
Output  | 0.025634   | 0.03177    | 0.035139   |   1.4 |  0.03
Modify  | 7.2149     | 12.676     | 17.431     |  91.6 | 10.36
Other   |            | 0.904      |            |       |  0.74

Nlocal:    6050 ave 6050 max 6050 min
Histogram: 32 0 0 0 0 0 0 0 0 0
Nghost:    5892.5 ave 5893 max 5892 min
Histogram: 16 0 0 0 0 0 0 0 0 16
Neighs:    0 ave 0 max 0 min
Histogram: 32 0 0 0 0 0 0 0 0 0
FullNghs:  205700 ave 205700 max 205700 min
Histogram: 32 0 0 0 0 0 0 0 0 0

Total # of neighbors = 6582400
Ave neighs/atom = 34
Neighbor list builds = 0
Dangerous builds = 0
unfix		NPT
variable	length equal lx/${LC}
variable	length equal lx/5.43

################### Geometrical Parameters After Relaxation ###############################
# Thermostat_width
variable	TW equal ${length}/40
variable	TW equal 49.9762733601235/40
# Hot_Start
variable	hs equal ${length}/4-${TW}
variable	hs equal 49.9762733601235/4-${TW}
variable	hs equal 49.9762733601235/4-1.24940683400309
# Hot_End
variable	he equal ${length}/4+${TW}
variable	he equal 49.9762733601235/4+${TW}
variable	he equal 49.9762733601235/4+1.24940683400309
# Cold_Start
variable	cs equal 3*${length}/4-${TW}
variable	cs equal 3*49.9762733601235/4-${TW}
variable	cs equal 3*49.9762733601235/4-1.24940683400309
# Cold_End
variable	ce equal 3*${length}/4+${TW}
variable	ce equal 3*49.9762733601235/4+${TW}
variable	ce equal 3*49.9762733601235/4+1.24940683400309
###########################################################################################

################### Defining Thermostat ###################################################
region 		hot block ${hs} ${he} EDGE EDGE EDGE EDGE
region 		hot block 11.2446615060278 ${he} EDGE EDGE EDGE EDGE
region 		hot block 11.2446615060278 13.743475174034 EDGE EDGE EDGE EDGE
region 		cold block ${cs} ${ce} EDGE EDGE EDGE EDGE
region 		cold block 36.2327981860895 ${ce} EDGE EDGE EDGE EDGE
region 		cold block 36.2327981860895 38.7316118540957 EDGE EDGE EDGE EDGE
group		test region cold
9534 atoms in group test
group		test1 region hot
9549 atoms in group test1
compute		Thot all temp/region hot
compute         Tcold all temp/region cold
###########################################################################################

fix		NVT all nvt temp $T $T ${tdamp}
fix		NVT all nvt temp 300 $T ${tdamp}
fix		NVT all nvt temp 300 300 ${tdamp}
fix		NVT all nvt temp 300 300 0.05
thermo		1000
thermo_style	custom step temp
run		${tnvt}
run		40000
Per MPI rank memory allocation (min/avg/max) = 4.116 | 4.119 | 4.121 Mbytes
Step Temp 
    5001    298.45979 
    6000    296.66831 
    7000    301.95664 
    8000    299.08954 
    9000    298.67429 
   10000    299.67833 
   11000     300.8942 
   12000    298.78509 
   13000     300.8038 
   14000     300.7126 
   15000    299.99578 
   16000    300.85355 
   17000    301.02094 
   18000    300.11799 
   19000    299.85392 
   20000    301.05476 
   21000    300.32248 
   22000    300.33029 
   23000    299.57275 
   24000    300.19797 
   25000    300.71771 
   26000    301.01783 
   27000    298.34503 
   28000    300.16209 
   29000    298.67836 
   30000    300.59051 
   31000    298.95022 
   32000    300.65968 
   33000    300.17434 
   34000    299.76704 
   35000     300.3033 
   36000    300.70823 
   37000    299.75413 
   38000    300.30525 
   39000    299.70671 
   40000    300.42633 
   41000    301.49118 
   42000    301.71009 
   43000    298.70632 
   44000    299.47185 
   45000    299.56138 
   45001     299.5819 
Loop time of 1025.35 on 32 procs for 40000 steps with 193600 atoms

Performance: 1.685 ns/day, 14.241 hours/ns, 39.011 timesteps/s
83.8% CPU use with 32 MPI tasks x no OpenMP threads

MPI task timing breakdown:
Section |  min time  |  avg time  |  max time  |%varavg| %total
---------------------------------------------------------------
Pair    | 744.91     | 753.79     | 765.75     |  15.9 | 73.52
Neigh   | 0          | 0          | 0          |   0.0 |  0.00
Comm    | 129.21     | 172.08     | 215.19     | 201.7 | 16.78
Output  | 0.02349    | 0.025384   | 0.02991    |   1.2 |  0.00
Modify  | 41.493     | 85.162     | 127.08     | 290.7 |  8.31
Other   |            | 14.29      |            |       |  1.39

Nlocal:    6050 ave 6108 max 5990 min
Histogram: 3 0 2 2 6 8 6 2 1 2
Nghost:    5892.5 ave 5952 max 5835 min
Histogram: 2 1 2 6 7 7 2 2 0 3
Neighs:    0 ave 0 max 0 min
Histogram: 32 0 0 0 0 0 0 0 0 0
FullNghs:  208058 ave 210093 max 205987 min
Histogram: 3 0 2 2 10 4 6 2 1 2

Total # of neighbors = 6657864
Ave neighs/atom = 34.3898
Neighbor list builds = 0
Dangerous builds = 0
velocity	all scale $T
velocity	all scale 300
unfix		NVT

fix		NVE all nve
fix		hot all langevin ${thi} ${thi} ${tdamp} 389516 tally yes
fix		hot all langevin 319.9225 ${thi} ${tdamp} 389516 tally yes
fix		hot all langevin 319.9225 319.9225 ${tdamp} 389516 tally yes
fix		hot all langevin 319.9225 319.9225 0.05 389516 tally yes
fix_modify	hot temp Thot
fix		cold all langevin ${tlo} ${tlo} ${tdamp} 46579 tally yes
fix		cold all langevin 280.0775 ${tlo} ${tdamp} 46579 tally yes
fix		cold all langevin 280.0775 280.0775 ${tdamp} 46579 tally yes
fix		cold all langevin 280.0775 280.0775 0.05 46579 tally yes
fix_modify	cold temp Tcold

thermo_style	custom step temp c_Thot c_Tcold f_hot f_cold
run		${t1nve}
run		100000
Per MPI rank memory allocation (min/avg/max) = 4.868 | 4.869 | 4.871 Mbytes
Step Temp c_Thot c_Tcold f_hot f_cold 
   45001          300    302.91602    301.93268           -0           -0 
   46000    300.51312    317.40426    281.31847   -54.486563    80.942548 
   47000    298.47057    318.78376    279.39562   -97.204323    105.86613 
   48000     300.2341    323.57793    285.67343   -136.12088    120.33895 
   49000    298.31325    313.62258    279.58155   -139.30676    157.82242 
   50000    299.63926     318.2503    278.12497   -170.23459    179.48824 
   51000    300.02612    322.30858    282.09864   -203.41898    200.92837 
   52000    299.99291    313.99724    279.40589   -229.01681    238.80619 
   53000    300.83045    320.88258    284.16127   -284.31928      271.624 
   54000     299.8172    321.11617    275.09067    -329.2482    323.74276 
   55000    299.84816    316.37425    283.11875   -357.83818    368.12123 
   56000    299.01596    317.48237    283.38686   -403.89306    399.01611 
   57000    299.40392     318.9465    282.19395    -446.4926    443.48787 
   58000    299.81582    319.90094    282.74249   -487.95186    493.05558 
   59000    299.62656    318.74311    284.01617   -530.66424    536.67706 
   60000    299.74914    317.26783     283.2243   -581.72478     582.9643 
   61000    299.43637    322.51389    276.65901   -619.90589    637.64014 
   62000    300.49591    318.45387    284.61649   -663.63642    670.31518 
   63000    300.47274    316.35154    285.35087   -703.41303    709.15534 
   64000    299.86949    316.16703    281.57162   -758.39323    750.42614 
   65000    300.30178    320.97599    282.48415   -809.26816     797.3974 
   66000    300.20844    318.70204     282.0953   -859.86846    839.24384 
   67000    299.81784    317.34159     283.3557   -904.42529    892.69834 
   68000    300.03804    317.13346    284.54226   -958.59955    942.33129 
   69000    300.21224    318.58364    282.84543   -1008.6371    987.53231 
   70000    301.17132    319.25582    282.05507   -1057.5169    1031.8252 
   71000    300.49316    316.52295    282.56155   -1097.1121    1064.1684 
   72000    300.28266    317.85145    283.06996   -1135.4548    1107.2197 
   73000    300.57737    319.88458     286.3001   -1175.8737    1162.0211 
   74000     300.1326    319.21855    279.00891   -1232.3166     1207.215 
   75000    301.18689    317.47687    282.61894   -1275.9162     1261.163 
   76000    300.57031    321.27916    284.02607   -1319.7355    1307.2616 
   77000    300.33889     318.0014    282.93545   -1355.3984    1355.3954 
   78000    299.36921    320.06605    284.11769   -1408.0907    1408.6619 
   79000    299.81112    319.37407    279.94227    -1449.801    1456.3459 
   80000    300.07735    318.93278    285.05029   -1499.6168    1487.7766 
   81000    300.62021    318.03717    281.39056   -1544.7039    1549.3845 
   82000    299.38163    316.64491    285.95515   -1592.5397    1585.9185 
   83000    299.91695    316.55843    286.20644   -1640.5635    1630.6695 
   84000    300.24681    318.63976    282.38276   -1686.1258     1683.351 
   85000    299.99097     317.4727    284.37437   -1732.9613    1734.9881 
   86000    300.40269    319.38377     285.0113   -1775.6789    1774.6778 
   87000    299.37046    318.50925     282.1344    -1836.945    1824.5672 
   88000    300.63902    321.99207    281.08245   -1882.5711    1874.7173 
   89000    300.25136    317.48003    285.46179    -1924.049    1920.8766 
   90000    299.89282    319.27455    285.85868   -1971.6524    1971.7032 
   91000    299.71398    318.09899    281.24222   -2021.2954    2029.2139 
   92000     299.2015    316.01501    278.91112   -2068.2267    2073.2851 
   93000    300.22206    316.46987    286.80907   -2109.7778    2116.4811 
   94000    300.16491     314.3644    282.42253   -2159.0876    2168.2915 
   95000    299.58562    316.81498    283.10029   -2200.0763    2222.1989 
   96000    300.21228    321.42558    283.37111   -2246.5646    2263.9598 
   97000    299.56945    320.29307    280.37206   -2296.9996     2317.235 
   98000    299.99036    319.01592    282.18119   -2349.0551    2359.0376 
   99000    299.73234    316.53099    279.83694   -2386.0327    2407.9317 
  100000    299.96252    316.22611    283.95278   -2440.3057    2451.1809 
  101000    299.89785    315.44769    285.13139   -2485.0807    2492.3956 
  102000     300.2594    322.57541    282.12179   -2546.7321    2544.2487 
  103000    299.73046    313.08418    280.96998   -2583.6374    2594.7017 
  104000     300.3205    318.28445     284.0936   -2639.6911    2637.1862 
  105000     300.4204     314.7956    283.55419   -2687.3683    2676.1877 
  106000    300.26357    321.60108    284.79075   -2738.4567    2726.0702 
  107000    299.51795    315.28876    281.57751   -2771.8212    2776.7412 
  108000    299.45851    314.67774     280.4025   -2819.7853    2825.9734 
  109000    299.67808    318.02355    283.99525   -2872.9075     2870.289 
  110000    300.48819    319.01108    281.11488   -2920.7597    2923.7788 
  111000    300.11513    316.79254    278.14184   -2970.4276    2965.5457 
  112000    299.07775    314.87733    280.08816   -3009.6581    3006.5899 
  113000    300.20185    317.92479    280.17904   -3062.2789     3055.137 
  114000     299.5912    316.55552    284.42706   -3103.7878    3094.6093 
  115000    300.04099     318.7538    282.15101   -3149.5515    3147.7505 
  116000    300.21576    316.16959    282.83399   -3200.0286    3203.3434 
  117000    299.63923    319.81929    283.50077   -3253.4485     3251.655 
  118000     300.0025    320.10153    281.90228   -3304.0476    3297.3865 
  119000    300.65849    314.21254    279.17379   -3348.7446     3348.859 
  120000    299.55439    315.47712    281.59622   -3396.3062    3395.5406 
  121000    299.78368    320.55167    284.00921   -3452.6456    3449.9781 
  122000    299.95864    315.86376    282.16419   -3499.3244    3492.6104 
  123000    300.69765    317.06289    281.99598   -3559.8548    3535.5588 
  124000    300.11052    320.94678    279.46384   -3611.4842    3594.8095 
  125000    300.02144    317.66805     286.3244   -3663.2816    3644.9195 
  126000    300.65293    318.01338     282.4858   -3710.5753    3696.5994 
  127000    300.02381    318.36923    279.21894   -3761.5445    3753.7265 
  128000    299.40773    315.07939    278.01249    -3814.242    3799.8128 
  129000    300.64832     317.0037    284.48209   -3866.0305    3833.5094 
  130000    300.77329    318.27406    285.07911   -3920.1232    3886.7997 
  131000     300.4134    317.09025    279.82483   -3969.1173    3949.4864 
  132000    300.60843    320.85391    283.04404   -4008.2078    3993.3616 
  133000    300.58337    317.67496    283.61678   -4053.8328    4045.1452 
  134000    299.97352    319.84345     277.9095   -4109.3615    4097.8796 
  135000    299.87562    321.90436    283.62268   -4146.9675    4147.2412 
  136000    299.58287    318.40769     278.5895   -4193.3844    4203.8164 
  137000    299.91974     320.1616    281.57694   -4246.8987    4241.7701 
  138000    300.50954    315.49811    283.62102   -4281.2857    4280.5957 
  139000    300.21418     318.5359    283.34044   -4328.7117     4326.434 
  140000    300.52035    322.56165    282.00031   -4392.4064    4382.4394 
  141000    300.26561    319.70576    284.08482   -4441.4135    4425.8099 
  142000    299.72176    318.55428    282.08823   -4496.3117    4473.0469 
  143000    300.55447    316.33656    281.88246    -4526.328    4526.0474 
  144000    299.43211    320.21782    282.16744   -4571.6093    4568.4191 
  145000    300.12623    314.42174    282.76795   -4617.8592    4602.3926 
  145001    300.18491    314.59922    282.96441   -4618.3935    4602.1208 
Loop time of 2717.54 on 32 procs for 100000 steps with 193600 atoms

Performance: 1.590 ns/day, 15.097 hours/ns, 36.798 timesteps/s
83.4% CPU use with 32 MPI tasks x no OpenMP threads

MPI task timing breakdown:
Section |  min time  |  avg time  |  max time  |%varavg| %total
---------------------------------------------------------------
Pair    | 1849.1     | 1884.5     | 1924.8     |  38.5 | 69.35
Neigh   | 0          | 0          | 0          |   0.0 |  0.00
Comm    | 306.16     | 431.04     | 549.2      | 369.3 | 15.86
Output  | 0.094913   | 0.10341    | 0.10651    |   0.8 |  0.00
Modify  | 255.62     | 364.04     | 469.64     | 368.6 | 13.40
Other   |            | 37.88      |            |       |  1.39

Nlocal:    6050 ave 6099 max 5986 min
Histogram: 2 0 3 2 6 5 4 3 3 4
Nghost:    5892.5 ave 5956 max 5844 min
Histogram: 5 2 3 3 6 6 1 4 0 2
Neighs:    0 ave 0 max 0 min
Histogram: 32 0 0 0 0 0 0 0 0 0
FullNghs:  208077 ave 209788 max 205614 min
Histogram: 2 0 1 4 5 7 2 2 3 6

Total # of neighbors = 6658456
Ave neighs/atom = 34.3929
Neighbor list builds = 0
Dangerous builds = 0

# thermal conductivity calculation
# reset langevin thermostats to zero energy accumulation
reset_timestep 0
thermo		$c
thermo		500000
compute		ke all ke/atom
variable	temp atom c_ke/1.5/8.617332478e-5
fix		hot all langevin ${thi} ${thi} ${tdamp} 389516 tally yes
fix		hot all langevin 319.9225 ${thi} ${tdamp} 389516 tally yes
fix		hot all langevin 319.9225 319.9225 ${tdamp} 389516 tally yes
fix		hot all langevin 319.9225 319.9225 0.05 389516 tally yes
fix_modify	hot temp Thot
fix		cold all langevin ${tlo} ${tlo} ${tdamp} 46579 tally yes
fix		cold all langevin 280.0775 ${tlo} ${tdamp} 46579 tally yes
fix		cold all langevin 280.0775 280.0775 ${tdamp} 46579 tally yes
fix		cold all langevin 280.0775 280.0775 0.05 46579 tally yes
fix_modify	cold temp Tcold

compute		ch all chunk/atom bin/1d x lower 0.02 units reduced
fix		11 all ave/chunk $a $b $c ch v_temp file sw_${P}.langevin
fix		11 all ave/chunk 100 $b $c ch v_temp file sw_${P}.langevin
fix		11 all ave/chunk 100 5000 $c ch v_temp file sw_${P}.langevin
fix		11 all ave/chunk 100 5000 500000 ch v_temp file sw_${P}.langevin
fix		11 all ave/chunk 100 5000 500000 ch v_temp file sw_2.langevin
thermo_style	custom step temp c_Thot c_Tcold f_hot f_cold

run		${t2nve}
run		500000
Per MPI rank memory allocation (min/avg/max) = 5.118 | 5.12 | 5.121 Mbytes
Step Temp c_Thot c_Tcold f_hot f_cold 
       0    300.18491    314.68857    283.48671           -0           -0 
  500000     300.5466    319.41592    284.72973   -23096.552    23084.025 
Loop time of 13344.4 on 32 procs for 500000 steps with 193600 atoms

Performance: 1.619 ns/day, 14.827 hours/ns, 37.469 timesteps/s
84.2% CPU use with 32 MPI tasks x no OpenMP threads

MPI task timing breakdown:
Section |  min time  |  avg time  |  max time  |%varavg| %total
---------------------------------------------------------------
Pair    | 9155.4     | 9427.4     | 9667.6     |  88.8 | 70.65
Neigh   | 0          | 0          | 0          |   0.0 |  0.00
Comm    | 1501.5     | 2127.1     | 2705.9     | 790.1 | 15.94
Output  | 0.000886   | 0.0018645  | 0.002025   |   0.4 |  0.00
Modify  | 1090.3     | 1618.6     | 2141.1     | 841.4 | 12.13
Other   |            | 171.3      |            |       |  1.28

Nlocal:    6050 ave 6093 max 5968 min
Histogram: 1 1 0 1 2 7 4 8 4 4
Nghost:    5892.5 ave 5974 max 5850 min
Histogram: 4 4 8 4 7 2 1 0 1 1
Neighs:    0 ave 0 max 0 min
Histogram: 32 0 0 0 0 0 0 0 0 0
FullNghs:  208076 ave 209584 max 205008 min
Histogram: 1 0 1 1 2 7 4 7 5 4

Total # of neighbors = 6658428
Ave neighs/atom = 34.3927
Neighbor list builds = 0
Dangerous builds = 0
clear
next		P
jump		Si.in
 units       metal
#----------------------------- User Input Variables --------------------------------------
################### Geometrical Parameters ###############################
variable	P index 1 2 3 4
variable	W equal 22
# Lattice Constant
variable	LC equal 5.43
# Length
variable	L equal 50
# Width
#variable	W equal 6
# Height
variable	H equal ${W}
variable	H equal 22
################### Simulation Condition ###############################
#DT/DX=cte
variable	cte equal 1.5938
log         sw_${P}.log
log         sw_3.log
