# temperature
variable	T equal 300
#cold region temperature
#variable        tlo equal 275
variable        tlo equal ${T}-${L}*${cte}/4.0
variable        tlo equal 300-${L}*${cte}/4.0
variable        tlo equal 300-50*${cte}/4.0
variable        tlo equal 300-50*1.5938/4.0
#hot region temperature
#variable        thi equal ${cte}*${L}/2+${tlo}
variable        thi equal ${T}+${L}*${cte}/4.0
variable        thi equal 300+${L}*${cte}/4.0
variable        thi equal 300+50*${cte}/4.0
variable        thi equal 300+50*1.5938/4.0

#time step (picoseconds)
variable	dt equal 0.0005 # 0.5 femtoseconds
#number of time steps for NPT
variable	tnpt equal 5000
#number of time steps for NVT
variable	tnvt equal 40000
#number of time steps for first NVE
variable	t1nve equal 100000
#number of time steps for second NVE
variable	t2nve equal 500000

################### Variable Based on LAMMPS Documentation ######################
variable	a equal 100
variable	c equal ${t2nve}
variable	c equal 500000
variable	b equal $c/$a
variable	b equal 500000/$a
variable	b equal 500000/100
variable	tdamp equal ${dt}*100
variable	tdamp equal 0.0005*100
variable	pdamp equal ${dt}*1000
variable	pdamp equal 0.0005*1000

#----------------------------------------------------------------------------------------
# setup problem
dimension       3
boundary        p p p
atom_style      atomic
lattice 	diamond ${LC} origin 0.0 0.0 0.0 orient x 1 0 0 orient y 0 1 0 orient z 0 0 1
lattice 	diamond 5.43 origin 0.0 0.0 0.0 orient x 1 0 0 orient y 0 1 0 orient z 0 0 1
Lattice spacing in x,y,z = 5.43 5.43 5.43
region          0 block 0 $L 0 $W 0 $H units lattice side in
region          0 block 0 50 0 $W 0 $H units lattice side in
region          0 block 0 50 0 22 0 $H units lattice side in
region          0 block 0 50 0 22 0 22 units lattice side in
create_box      1 0
Created orthogonal box = (0 0 0) to (271.5 119.46 119.46)
  8 by 2 by 2 MPI processor grid
create_atoms    1 region 0
Created 193600 atoms
mass		1 28.0855
#dump		1 all xyz 1000 Si_W_${W}nm.xyz
#dump_modify	1 element Si

############################################
pair_style   sw
pair_coeff   * * Si${P}.sw Si
pair_coeff   * * Si8.sw Si
thermo		100
thermo_style custom step lx
min_style cg
minimize 0.0 1.0e-8 10000 100000
WARNING: Using 'neigh_modify every 1 delay 0 check yes' setting during minimization (../min.cpp:168)
Neighbor list info ...
  update every 1 steps, delay 0 steps, check yes
  max neighbors/atom: 2000, page size: 100000
  master list distance cutoff = 5.57664
  ghost atom cutoff = 5.57664
  binsize = 2.78832, bins = 98 43 43
  1 neighbor lists, perpetual/occasional/extra = 1 0 0
  (1) pair sw, perpetual
      attributes: full, newton on
      pair build: full/bin/atomonly
      stencil: full/bin/3d
      bin: standard
Per MPI rank memory allocation (min/avg/max) = 5.242 | 5.242 | 5.242 Mbytes
Step Lx 
       0        271.5 
       1        271.5 
Loop time of 0.0544232 on 32 procs for 1 steps with 193600 atoms

68.9% CPU use with 32 MPI tasks x no OpenMP threads

Minimization stats:
  Stopping criterion = force tolerance
  Energy initial, next-to-last, final = 
        -687421.409435     -687421.409435     -687421.409435
  Force two-norm initial, final = 8.35429e-11 8.34845e-11
  Force max component initial, final = 4.84738e-13 4.87554e-13
  Final line search alpha, max atom move = 1 4.87554e-13
  Iterations, force evaluations = 1 2

MPI task timing breakdown:
Section |  min time  |  avg time  |  max time  |%varavg| %total
---------------------------------------------------------------
Pair    | 0.024445   | 0.025443   | 0.036423   |   1.7 | 46.75
Neigh   | 0          | 0          | 0          |   0.0 |  0.00
Comm    | 0.009471   | 0.017579   | 0.025597   |   3.4 | 32.30
Output  | 0          | 0          | 0          |   0.0 |  0.00
Modify  | 0          | 0          | 0          |   0.0 |  0.00
Other   |            | 0.0114     |            |       | 20.95

Nlocal:    6050 ave 6050 max 6050 min
Histogram: 32 0 0 0 0 0 0 0 0 0
Nghost:    5892.5 ave 5893 max 5892 min
Histogram: 16 0 0 0 0 0 0 0 0 16
Neighs:    0 ave 0 max 0 min
Histogram: 32 0 0 0 0 0 0 0 0 0
FullNghs:  205700 ave 205700 max 205700 min
Histogram: 32 0 0 0 0 0 0 0 0 0

Total # of neighbors = 6582400
Ave neighs/atom = 34
Neighbor list builds = 0
Dangerous builds = 0
timestep     ${dt}
timestep     0.0005
velocity 	all create $T 492845
velocity 	all create 300 492845


fix 		NPT all npt temp $T $T ${tdamp} iso 0.0 0.0 ${pdamp}
fix 		NPT all npt temp 300 $T ${tdamp} iso 0.0 0.0 ${pdamp}
fix 		NPT all npt temp 300 300 ${tdamp} iso 0.0 0.0 ${pdamp}
fix 		NPT all npt temp 300 300 0.05 iso 0.0 0.0 ${pdamp}
fix 		NPT all npt temp 300 300 0.05 iso 0.0 0.0 0.5
thermo		100
thermo_style custom step lx press
run		${tnpt}
run		5000
Per MPI rank memory allocation (min/avg/max) = 4.117 | 4.117 | 4.117 Mbytes
Step Lx Press 
       1        271.5   -86567.018 
     100    267.26986   -42226.226 
     200    265.03992   -14844.612 
     300    264.06732   -2922.7665 
     400    263.87502    281.88636 
     500    263.89067    131.80534 
     600     263.9036   -154.60233 
     700     263.9201    62.441422 
     800    263.92146    203.16831 
     900    263.94631   -144.13971 
    1000    263.95615    12.447696 
    1100    263.96388    124.77285 
    1200    263.97641   -25.540833 
    1300    263.98914   -1.9079549 
    1400    263.99381  -0.18328947 
    1500    263.99652    -9.272626 
    1600    263.99615    51.895154 
    1700    263.99257    -29.76596 
    1800    263.99187   -43.429773 
    1900     263.9852    84.800694 
    2000    263.99355   -16.944082 
    2100    263.99374   -7.8020507 
    2200    263.99527     24.18847 
    2300    263.99361   -2.1595193 
    2400    263.99099   -4.4455653 
    2500    263.99136   -19.246742 
    2600    263.99036    11.984882 
    2700    263.99356    -8.539227 
    2800    263.98844    33.221467 
    2900    263.99932   -15.177527 
    3000    263.99191    9.5268942 
    3100    263.98944    2.7557458 
    3200    263.99498   -31.056328 
    3300    263.98355    25.857279 
    3400    263.99822    4.2944604 
    3500    263.98968   -11.762912 
    3600     263.9993   -21.288649 
    3700    263.98494    40.709057 
    3800    263.99737    -32.61312 
    3900    263.98502    1.3335573 
    4000    263.99766    -17.14584 
    4100    263.98555     55.99678 
    4200    264.00023   -91.176152 
    4300    263.98881    62.531038 
    4400    263.99075   -6.4470398 
    4500    263.99403   -26.262011 
    4600    263.98611    53.792452 
    4700    263.99618   -34.582526 
    4800    263.98945    13.177368 
    4900    263.99699   -12.173796 
    5000    263.98715    15.266609 
    5001    263.98695    18.128307 
Loop time of 84.4863 on 32 procs for 5000 steps with 193600 atoms

Performance: 2.557 ns/day, 9.387 hours/ns, 59.181 timesteps/s
74.2% CPU use with 32 MPI tasks x no OpenMP threads

MPI task timing breakdown:
Section |  min time  |  avg time  |  max time  |%varavg| %total
---------------------------------------------------------------
Pair    | 45.588     | 46.504     | 50.882     |  14.0 | 55.04
Neigh   | 0.10177    | 0.10921    | 0.15644    |   4.1 |  0.13
Comm    | 15.545     | 21.374     | 27.183     |  74.0 | 25.30
Output  | 0.030399   | 0.034981   | 0.037085   |   1.0 |  0.04
Modify  | 9.4399     | 15.35      | 20.679     |  87.2 | 18.17
Other   |            | 1.114      |            |       |  1.32

Nlocal:    6050 ave 6093 max 6001 min
Histogram: 1 0 4 6 2 4 6 5 3 1
Nghost:    5892.5 ave 5941 max 5849 min
Histogram: 1 3 5 4 5 3 5 5 0 1
Neighs:    0 ave 0 max 0 min
Histogram: 32 0 0 0 0 0 0 0 0 0
FullNghs:  205882 ave 207307 max 204204 min
Histogram: 1 0 4 6 2 4 5 6 3 1

Total # of neighbors = 6588212
Ave neighs/atom = 34.03
Neighbor list builds = 9
Dangerous builds = 0
unfix		NPT
variable	length equal lx/${LC}
variable	length equal lx/5.43

################### Geometrical Parameters After Relaxation ###############################
# Thermostat_width
variable	TW equal ${length}/40
variable	TW equal 48.6163809644604/40
# Hot_Start
variable	hs equal ${length}/4-${TW}
variable	hs equal 48.6163809644604/4-${TW}
variable	hs equal 48.6163809644604/4-1.21540952411151
# Hot_End
variable	he equal ${length}/4+${TW}
variable	he equal 48.6163809644604/4+${TW}
variable	he equal 48.6163809644604/4+1.21540952411151
# Cold_Start
variable	cs equal 3*${length}/4-${TW}
variable	cs equal 3*48.6163809644604/4-${TW}
variable	cs equal 3*48.6163809644604/4-1.21540952411151
# Cold_End
variable	ce equal 3*${length}/4+${TW}
variable	ce equal 3*48.6163809644604/4+${TW}
variable	ce equal 3*48.6163809644604/4+1.21540952411151
###########################################################################################

################### Defining Thermostat ###################################################
region 		hot block ${hs} ${he} EDGE EDGE EDGE EDGE
region 		hot block 10.9386857170036 ${he} EDGE EDGE EDGE EDGE
region 		hot block 10.9386857170036 13.3695047652266 EDGE EDGE EDGE EDGE
region 		cold block ${cs} ${ce} EDGE EDGE EDGE EDGE
region 		cold block 35.2468761992338 ${ce} EDGE EDGE EDGE EDGE
region 		cold block 35.2468761992338 37.6776952474568 EDGE EDGE EDGE EDGE
group		test region cold
9574 atoms in group test
group		test1 region hot
9569 atoms in group test1
compute		Thot all temp/region hot
compute         Tcold all temp/region cold
###########################################################################################

fix		NVT all nvt temp $T $T ${tdamp}
fix		NVT all nvt temp 300 $T ${tdamp}
fix		NVT all nvt temp 300 300 ${tdamp}
fix		NVT all nvt temp 300 300 0.05
thermo		1000
thermo_style	custom step temp
run		${tnvt}
run		40000
Per MPI rank memory allocation (min/avg/max) = 4.121 | 4.121 | 4.121 Mbytes
Step Temp 
    5001    300.51338 
    6000     299.0209 
    7000    299.52767 
    8000    302.70974 
    9000    299.61204 
   10000    300.05133 
   11000    301.14038 
   12000    301.79433 
   13000    300.01337 
   14000    299.25884 
   15000    299.75688 
   16000    298.93555 
   17000    300.85414 
   18000    298.88421 
   19000    298.36456 
   20000    299.05111 
   21000    299.97979 
   22000    300.38834 
   23000     298.8227 
   24000    301.40915 
   25000    298.50552 
   26000    299.91205 
   27000    298.89755 
   28000    302.65147 
   29000    300.28089 
   30000    299.15574 
   31000    300.04772 
   32000    299.92743 
   33000    299.84293 
   34000    299.38905 
   35000    300.04146 
   36000    300.45003 
   37000    298.88385 
   38000    300.00525 
   39000    299.61486 
   40000    299.54588 
   41000    300.33885 
   42000    300.29146 
   43000    301.23247 
   44000    300.04514 
   45000    299.93342 
   45001    299.90413 
Loop time of 616.85 on 32 procs for 40000 steps with 193600 atoms

Performance: 2.801 ns/day, 8.567 hours/ns, 64.846 timesteps/s
76.6% CPU use with 32 MPI tasks x no OpenMP threads

MPI task timing breakdown:
Section |  min time  |  avg time  |  max time  |%varavg| %total
---------------------------------------------------------------
Pair    | 364.83     | 369.45     | 372.56     |  11.3 | 59.89
Neigh   | 0          | 0          | 0          |   0.0 |  0.00
Comm    | 113.32     | 154.51     | 201.57     | 216.1 | 25.05
Output  | 0.023023   | 0.026206   | 0.029803   |   1.2 |  0.00
Modify  | 32.521     | 76.606     | 117.47     | 294.9 | 12.42
Other   |            | 16.26      |            |       |  2.64

Nlocal:    6050 ave 6095 max 5997 min
Histogram: 1 1 5 4 3 2 6 4 4 2
Nghost:    5892.5 ave 5946 max 5848 min
Histogram: 2 4 5 5 2 3 5 4 1 1
Neighs:    0 ave 0 max 0 min
Histogram: 32 0 0 0 0 0 0 0 0 0
FullNghs:  206804 ave 208471 max 204974 min
Histogram: 1 2 6 2 3 4 5 5 3 1

Total # of neighbors = 6617730
Ave neighs/atom = 34.1825
Neighbor list builds = 0
Dangerous builds = 0
velocity	all scale $T
velocity	all scale 300
unfix		NVT

fix		NVE all nve
fix		hot all langevin ${thi} ${thi} ${tdamp} 389516 tally yes
fix		hot all langevin 319.9225 ${thi} ${tdamp} 389516 tally yes
fix		hot all langevin 319.9225 319.9225 ${tdamp} 389516 tally yes
fix		hot all langevin 319.9225 319.9225 0.05 389516 tally yes
fix_modify	hot temp Thot
fix		cold all langevin ${tlo} ${tlo} ${tdamp} 46579 tally yes
fix		cold all langevin 280.0775 ${tlo} ${tdamp} 46579 tally yes
fix		cold all langevin 280.0775 280.0775 ${tdamp} 46579 tally yes
fix		cold all langevin 280.0775 280.0775 0.05 46579 tally yes
fix_modify	cold temp Tcold

thermo_style	custom step temp c_Thot c_Tcold f_hot f_cold
run		${t1nve}
run		100000
Per MPI rank memory allocation (min/avg/max) = 4.871 | 4.871 | 4.871 Mbytes
Step Temp c_Thot c_Tcold f_hot f_cold 
   45001          300     301.9695    299.42106           -0           -0 
   46000    299.79996    314.66185    281.28542   -70.887249     72.34152 
   47000     299.5397    318.44433     281.5435   -91.705726    88.617013 
   48000    300.88602    315.46213    276.79342   -110.94695    120.99489 
   49000      299.906    321.30225    282.24781   -141.64609    122.74102 
   50000    300.21782    318.43971    281.71542   -158.72063    148.61251 
   51000    300.07009    320.09851    280.33759   -184.26892    177.15983 
   52000    299.71111    314.89393    280.53814   -202.31701    205.88258 
   53000    300.88535    315.75561    282.29295   -236.62566    227.78759 
   54000    300.48191    320.30996    281.21781   -268.40302    248.68098 
   55000    300.20462    320.36829    280.35104   -295.72703    285.87601 
   56000    300.85852    315.45819    283.90394   -325.76292     306.3847 
   57000    300.20551    318.22757    279.24712    -359.9046    341.97083 
   58000    300.22749    316.64816    278.72948   -392.89963    383.73041 
   59000    299.89696    316.46029    281.16411   -408.45809      407.974 
   60000    300.66756    318.25841    280.82785   -448.14743      435.786 
   61000    300.14875    316.47527    281.07622   -480.00098    469.19119 
   62000    300.38629    314.78086    283.30346   -510.06332    513.25707 
   63000    300.33078    321.72913    279.34845   -539.22274    547.30558 
   64000    299.44558     317.4988    284.42127   -569.60579    582.29422 
   65000    299.81292    316.36745    280.36395   -610.07591    614.37519 
   66000    299.72002    319.37359    283.76695   -635.50806    645.06355 
   67000    298.91041    315.69663    283.48532   -663.41344    680.94199 
   68000    299.04787    318.25184    277.82838   -691.95656    718.33624 
   69000    299.80844    322.19541    282.42622   -724.39201     743.4767 
   70000    299.05986    312.36575    280.14139   -750.83705    789.47539 
   71000    299.13087    316.24645    276.43167   -792.72698    826.75964 
   72000     299.2665    312.36778    277.58209   -818.49868    855.28799 
   73000    299.52222    323.25489    282.60188   -856.24139     879.2774 
   74000    299.71224    317.18612    283.15805   -876.03308    908.35078 
   75000    299.42857    315.44295    277.27775   -907.66089    952.78877 
   76000    299.93234    325.45024    284.09534   -953.22613    976.93552 
   77000    299.58671    323.05926    284.03057   -986.22354    1002.8848 
   78000    299.11112    321.93942    284.10861   -1009.0904    1039.9623 
   79000    299.01802    320.35611    280.78527   -1043.2353     1074.469 
   80000    299.44652    323.32558    280.58776   -1083.7364    1111.1565 
   81000    298.81048    318.11479    280.12177   -1109.2548    1147.0167 
   82000    299.47089    314.00786    281.78804   -1136.2908    1166.2805 
   83000    299.18421    318.18795    277.22685   -1187.3281    1208.0473 
   84000    299.44446    320.09154    282.51525   -1217.8663    1234.7054 
   85000    298.93673    314.67496     279.8316   -1243.3194    1270.4092 
   86000    299.88179    320.33458    278.60674   -1285.8009    1306.1151 
   87000    299.88916    317.90701     282.7942   -1310.2372    1337.0675 
   88000    299.48346    319.59411    281.50501   -1339.7372    1374.3332 
   89000    300.29061    317.72247    280.80436   -1381.4447    1404.6983 
   90000    299.42459    322.72867    279.70764    -1427.548     1450.533 
   91000    299.55616    317.05972     278.1646    -1451.636    1477.6153 
   92000    300.19725    317.77041    281.85383   -1496.6088    1500.0893 
   93000     299.9306    317.30055    279.67837   -1523.2957    1532.6459 
   94000    300.19657    314.66057     285.5008   -1552.2875    1571.4777 
   95000    299.66756    320.18656    282.00296   -1589.9374    1602.2357 
   96000    299.31435      318.742    281.23301   -1624.4428    1638.8183 
   97000    299.86409    318.86727    284.19371    -1640.517    1665.2954 
   98000    299.67051    317.07871    281.40685   -1675.9097    1705.6014 
   99000    299.93412    322.27054    278.74522   -1725.8933    1748.2452 
  100000    299.67788    321.47943    279.92316   -1760.6169    1783.7595 
  101000    299.85489    318.38201    281.08336   -1789.5322    1808.1864 
  102000    300.19953     319.3652    281.25161   -1811.4947    1834.5995 
  103000    300.13078    315.21845    281.98595   -1844.6067    1872.4706 
  104000    300.07513    320.80471    283.79547   -1885.6809    1910.9213 
  105000    299.71488    319.19074    282.73184   -1923.9597    1946.5159 
  106000    299.10376    315.19498       281.79   -1946.6534    1979.6529 
  107000    299.64874    315.55306    281.03674    -1977.577    2006.5219 
  108000    299.15664    321.87671    277.30185   -2022.6147    2044.3359 
  109000    299.10301    318.80853    276.36492   -2049.3054    2078.7558 
  110000    299.02776    319.52299    278.60657   -2088.2044    2105.5486 
  111000    298.90194    316.07509    282.08669   -2117.1834    2134.4562 
  112000    299.32493    319.26552    284.46816   -2159.2646    2166.5428 
  113000    300.14743    319.17427    282.59138   -2193.5972    2198.2951 
  114000    299.78224    315.66496    282.87769   -2229.6076    2225.9872 
  115000    299.54076    317.19795     279.4131   -2257.2138    2266.6959 
  116000    300.68455    318.41509      281.522   -2298.0996    2288.3509 
  117000     299.5965    315.36595    277.47776   -2321.6369    2326.0278 
  118000    299.77824    313.66061     280.0569   -2353.5289    2358.2974 
  119000    299.65607    318.47402    278.66539   -2386.3085    2404.3418 
  120000    300.81061     317.9803    286.54294   -2427.8036     2417.277 
  121000    299.70358    317.94237    283.77096   -2450.6607    2460.8407 
  122000    299.67084    320.26241    281.06969   -2485.6848    2507.0955 
  123000    299.03938    319.94642    280.63356    -2516.766    2539.5935 
  124000    299.10721    315.97293    281.24963   -2540.2468    2565.5577 
  125000    299.35522    317.00542    281.68058    -2574.164    2594.2297 
  126000    299.11256    320.39939    283.19501   -2607.9069    2618.3466 
  127000    299.86456    322.39757    282.52001   -2644.3216     2649.782 
  128000     300.0813    313.05306    282.68276   -2677.9016    2681.3359 
  129000    299.71763    320.87777    280.73421   -2704.1303    2725.2453 
  130000    299.30524    320.55482    282.27807   -2736.8418    2747.7415 
  131000    299.21923    316.12534    280.42362   -2755.4141    2792.6515 
  132000    298.97748    322.73626     281.6556   -2793.8486    2826.6579 
  133000     299.4031    317.35301     282.0442   -2831.0967    2854.3149 
  134000    299.53098    315.28945      283.539   -2861.2017    2890.8507 
  135000    299.08516    321.65924    282.93767   -2898.8483     2926.966 
  136000    299.27711    319.26428    284.07057   -2933.1201     2949.369 
  137000    300.05998    318.73394    284.24723   -2964.7191      2979.25 
  138000    299.99977    320.82535    280.43496   -3003.1231    3019.3883 
  139000    300.37463    322.13871    279.41347   -3036.8606    3041.6052 
  140000    300.33072    325.70759    281.83008   -3088.9963    3068.0879 
  141000    300.29176    319.15931    280.12344   -3109.7469    3107.6874 
  142000    300.95533    320.95532    286.92591   -3137.1178    3135.7731 
  143000    300.00011    317.77549    277.22361   -3179.1415    3168.0772 
  144000    300.37742    316.25228    281.08262   -3204.9235    3211.5178 
  145000    300.33283    319.62823    281.67708   -3236.7167    3241.0415 
  145001    300.37604    319.43732    282.15132   -3236.3696    3240.6262 
Loop time of 1640.22 on 32 procs for 100000 steps with 193600 atoms

Performance: 2.634 ns/day, 9.112 hours/ns, 60.967 timesteps/s
78.1% CPU use with 32 MPI tasks x no OpenMP threads

MPI task timing breakdown:
Section |  min time  |  avg time  |  max time  |%varavg| %total
---------------------------------------------------------------
Pair    | 911.44     | 928.31     | 938.64     |  22.5 | 56.60
Neigh   | 0          | 0          | 0          |   0.0 |  0.00
Comm    | 271.11     | 380.5      | 494.09     | 352.6 | 23.20
Output  | 0.099879   | 0.10847    | 0.11151    |   0.9 |  0.01
Modify  | 192.12     | 299.53     | 409.91     | 393.7 | 18.26
Other   |            | 31.77      |            |       |  1.94

Nlocal:    6050 ave 6087 max 6007 min
Histogram: 1 2 4 3 5 2 6 5 1 3
Nghost:    5892.5 ave 5936 max 5856 min
Histogram: 3 1 4 7 2 5 3 4 2 1
Neighs:    0 ave 0 max 0 min
Histogram: 32 0 0 0 0 0 0 0 0 0
FullNghs:  206829 ave 208165 max 205351 min
Histogram: 1 3 3 5 3 3 6 4 1 3

Total # of neighbors = 6618540
Ave neighs/atom = 34.1867
Neighbor list builds = 0
Dangerous builds = 0

# thermal conductivity calculation
# reset langevin thermostats to zero energy accumulation
reset_timestep 0
thermo		$c
thermo		500000
compute		ke all ke/atom
variable	temp atom c_ke/1.5/8.617332478e-5
fix		hot all langevin ${thi} ${thi} ${tdamp} 389516 tally yes
fix		hot all langevin 319.9225 ${thi} ${tdamp} 389516 tally yes
fix		hot all langevin 319.9225 319.9225 ${tdamp} 389516 tally yes
fix		hot all langevin 319.9225 319.9225 0.05 389516 tally yes
fix_modify	hot temp Thot
fix		cold all langevin ${tlo} ${tlo} ${tdamp} 46579 tally yes
fix		cold all langevin 280.0775 ${tlo} ${tdamp} 46579 tally yes
fix		cold all langevin 280.0775 280.0775 ${tdamp} 46579 tally yes
fix		cold all langevin 280.0775 280.0775 0.05 46579 tally yes
fix_modify	cold temp Tcold

compute		ch all chunk/atom bin/1d x lower 0.02 units reduced
fix		11 all ave/chunk $a $b $c ch v_temp file sw_${P}.langevin
fix		11 all ave/chunk 100 $b $c ch v_temp file sw_${P}.langevin
fix		11 all ave/chunk 100 5000 $c ch v_temp file sw_${P}.langevin
fix		11 all ave/chunk 100 5000 500000 ch v_temp file sw_${P}.langevin
fix		11 all ave/chunk 100 5000 500000 ch v_temp file sw_8.langevin
thermo_style	custom step temp c_Thot c_Tcold f_hot f_cold

run		${t2nve}
run		500000
Per MPI rank memory allocation (min/avg/max) = 5.121 | 5.121 | 5.121 Mbytes
Step Temp c_Thot c_Tcold f_hot f_cold 
       0    300.37604    319.37693     281.8953           -0           -0 
  500000    301.27736    318.81571    284.02535   -16678.058    16647.067 
Loop time of 8915.03 on 32 procs for 500000 steps with 193600 atoms

Performance: 2.423 ns/day, 9.906 hours/ns, 56.085 timesteps/s
75.1% CPU use with 32 MPI tasks x no OpenMP threads

MPI task timing breakdown:
Section |  min time  |  avg time  |  max time  |%varavg| %total
---------------------------------------------------------------
Pair    | 4592.8     | 4644.9     | 4721.6     |  47.9 | 52.10
Neigh   | 0          | 0          | 0          |   0.0 |  0.00
Comm    | 1506       | 2300.9     | 2889.2     | 914.4 | 25.81
Output  | 0.001538   | 0.002555   | 0.002656   |   0.4 |  0.00
Modify  | 1196.2     | 1796       | 2505.3     |1008.0 | 20.15
Other   |            | 173.2      |            |       |  1.94

Nlocal:    6050 ave 6092 max 5997 min
Histogram: 1 1 1 2 9 6 3 5 2 2
Nghost:    5892.5 ave 5945 max 5851 min
Histogram: 2 2 6 2 6 9 1 2 1 1
Neighs:    0 ave 0 max 0 min
Histogram: 32 0 0 0 0 0 0 0 0 0
FullNghs:  206842 ave 208331 max 205051 min
Histogram: 1 1 3 0 9 6 3 5 2 2

Total # of neighbors = 6618938
Ave neighs/atom = 34.1887
Neighbor list builds = 0
Dangerous builds = 0
clear
next		P
jump		Si.in
Total wall time: 12:26:48
