# temperature
variable	T equal 300
#cold region temperature
#variable        tlo equal 275
variable        tlo equal ${T}-${L}*${cte}/4.0
variable        tlo equal 300-${L}*${cte}/4.0
variable        tlo equal 300-50*${cte}/4.0
variable        tlo equal 300-50*1.5938/4.0
#hot region temperature
#variable        thi equal ${cte}*${L}/2+${tlo}
variable        thi equal ${T}+${L}*${cte}/4.0
variable        thi equal 300+${L}*${cte}/4.0
variable        thi equal 300+50*${cte}/4.0
variable        thi equal 300+50*1.5938/4.0

#time step (picoseconds)
variable	dt equal 0.0005 # 0.5 femtoseconds
#number of time steps for NPT
variable	tnpt equal 5000
#number of time steps for NVT
variable	tnvt equal 40000
#number of time steps for first NVE
variable	t1nve equal 100000
#number of time steps for second NVE
variable	t2nve equal 500000

################### Variable Based on LAMMPS Documentation ######################
variable	a equal 100
variable	c equal ${t2nve}
variable	c equal 500000
variable	b equal $c/$a
variable	b equal 500000/$a
variable	b equal 500000/100
variable	tdamp equal ${dt}*100
variable	tdamp equal 0.0005*100
variable	pdamp equal ${dt}*1000
variable	pdamp equal 0.0005*1000

#----------------------------------------------------------------------------------------
# setup problem
dimension       3
boundary        p p p
atom_style      atomic
lattice 	diamond ${LC} origin 0.0 0.0 0.0 orient x 1 0 0 orient y 0 1 0 orient z 0 0 1
lattice 	diamond 5.43 origin 0.0 0.0 0.0 orient x 1 0 0 orient y 0 1 0 orient z 0 0 1
Lattice spacing in x,y,z = 5.43 5.43 5.43
region          0 block 0 $L 0 $W 0 $H units lattice side in
region          0 block 0 50 0 $W 0 $H units lattice side in
region          0 block 0 50 0 22 0 $H units lattice side in
region          0 block 0 50 0 22 0 22 units lattice side in
create_box      1 0
Created orthogonal box = (0 0 0) to (271.5 119.46 119.46)
  8 by 2 by 2 MPI processor grid
create_atoms    1 region 0
Created 193600 atoms
mass		1 28.0855
#dump		1 all xyz 1000 Si_W_${W}nm.xyz
#dump_modify	1 element Si

############################################
pair_style   sw
pair_coeff   * * Si${P}.sw Si
pair_coeff   * * Si17.sw Si
thermo		100
thermo_style custom step lx
min_style cg
minimize 0.0 1.0e-8 10000 100000
WARNING: Using 'neigh_modify every 1 delay 0 check yes' setting during minimization (../min.cpp:168)
Neighbor list info ...
  update every 1 steps, delay 0 steps, check yes
  max neighbors/atom: 2000, page size: 100000
  master list distance cutoff = 6.13101
  ghost atom cutoff = 6.13101
  binsize = 3.06551, bins = 89 39 39
  1 neighbor lists, perpetual/occasional/extra = 1 0 0
  (1) pair sw, perpetual
      attributes: full, newton on
      pair build: full/bin/atomonly
      stencil: full/bin/3d
      bin: standard
Per MPI rank memory allocation (min/avg/max) = 5.23 | 5.23 | 5.23 Mbytes
Step Lx 
       0        271.5 
       1        271.5 
Loop time of 0.30698 on 32 procs for 1 steps with 193600 atoms

96.8% CPU use with 32 MPI tasks x no OpenMP threads

Minimization stats:
  Stopping criterion = force tolerance
  Energy initial, next-to-last, final = 
        -1167396.66397     -1167396.66397     -1167396.66397
  Force two-norm initial, final = 9.94101e-11 9.93966e-11
  Force max component initial, final = 5.08898e-13 5.13561e-13
  Final line search alpha, max atom move = 1 5.13561e-13
  Iterations, force evaluations = 1 2

MPI task timing breakdown:
Section |  min time  |  avg time  |  max time  |%varavg| %total
---------------------------------------------------------------
Pair    | 0.28639    | 0.2885     | 0.29379    |   0.3 | 93.98
Neigh   | 0          | 0          | 0          |   0.0 |  0.00
Comm    | 0.004795   | 0.01104    | 0.01544    |   2.5 |  3.60
Output  | 0          | 0          | 0          |   0.0 |  0.00
Modify  | 0          | 0          | 0          |   0.0 |  0.00
Other   |            | 0.00744    |            |       |  2.42

Nlocal:    6050 ave 6050 max 6050 min
Histogram: 32 0 0 0 0 0 0 0 0 0
Nghost:    5892.5 ave 5893 max 5892 min
Histogram: 16 0 0 0 0 0 0 0 0 16
Neighs:    0 ave 0 max 0 min
Histogram: 32 0 0 0 0 0 0 0 0 0
FullNghs:  278300 ave 278300 max 278300 min
Histogram: 32 0 0 0 0 0 0 0 0 0

Total # of neighbors = 8905600
Ave neighs/atom = 46
Neighbor list builds = 0
Dangerous builds = 0
timestep     ${dt}
timestep     0.0005
velocity 	all create $T 492845
velocity 	all create 300 492845


fix 		NPT all npt temp $T $T ${tdamp} iso 0.0 0.0 ${pdamp}
fix 		NPT all npt temp 300 $T ${tdamp} iso 0.0 0.0 ${pdamp}
fix 		NPT all npt temp 300 300 ${tdamp} iso 0.0 0.0 ${pdamp}
fix 		NPT all npt temp 300 300 0.05 iso 0.0 0.0 ${pdamp}
fix 		NPT all npt temp 300 300 0.05 iso 0.0 0.0 0.5
thermo		100
thermo_style custom step lx press
run		${tnpt}
run		5000
Per MPI rank memory allocation (min/avg/max) = 4.105 | 4.105 | 4.105 Mbytes
Step Lx Press 
       1        271.5     48518.09 
     100    275.35715    36684.061 
     200    278.16437    26116.804 
     300    280.19179    12755.159 
     400     281.4456    4940.9049 
     500    281.99691    657.32485 
     600    282.08462   -134.78302 
     700    282.05902   -450.13575 
     800    281.99609    51.508903 
     900    281.96361   -58.568508 
    1000    281.92463    39.190531 
    1100    281.91237   -127.88293 
    1200    281.87793    2.5415874 
    1300      281.863   -58.425893 
    1400    281.84523    85.991247 
    1500    281.85077     55.38796 
    1600    281.86307    90.879957 
    1700    281.88999   -51.176515 
    1800    281.87879    55.048479 
    1900    281.89108   -100.58565 
    2000    281.87798   -57.920864 
    2100    281.87459   -25.869925 
    2200    281.87458     54.25464 
    2300    281.89367   -67.445323 
    2400    281.89089    10.948247 
    2500    281.90237   -63.838868 
    2600    281.89389    5.1039891 
    2700     281.9039   -22.640214 
    2800    281.86401     71.14929 
    2900    281.91747   -134.10339 
    3000    281.87976    87.368386 
    3100    281.92554   -141.86502 
    3200    281.88512    184.10754 
    3300    281.92205   -137.40483 
    3400    281.88689    131.07225 
    3500    281.90968   -94.649514 
    3600     281.9067    14.071828 
    3700    281.91398   -24.753621 
    3800    281.90873    78.372852 
    3900    281.91438    -19.87593 
    4000    281.91563   -1.5981897 
    4100    281.90453    49.807944 
    4200    281.91507   -10.358859 
    4300    281.90696    57.010267 
    4400    281.93224   -54.630055 
    4500    281.91325    85.131037 
    4600    281.92853   -57.444901 
    4700    281.91525    47.911559 
    4800    281.91963   -13.820136 
    4900    281.92206    33.518464 
    5000    281.92462   -37.043868 
    5001     281.9242   -33.911196 
Loop time of 534.021 on 32 procs for 5000 steps with 193600 atoms

Performance: 0.404 ns/day, 59.336 hours/ns, 9.363 timesteps/s
91.8% CPU use with 32 MPI tasks x no OpenMP threads

MPI task timing breakdown:
Section |  min time  |  avg time  |  max time  |%varavg| %total
---------------------------------------------------------------
Pair    | 451.37     | 457.42     | 465.05     |  16.4 | 85.66
Neigh   | 0.20073    | 0.2027     | 0.21529    |   0.6 |  0.04
Comm    | 28.095     | 42.696     | 53.813     |  96.0 |  8.00
Output  | 0.028795   | 0.033734   | 0.036211   |   1.1 |  0.01
Modify  | 24.111     | 32.587     | 40.012     | 102.2 |  6.10
Other   |            | 1.083      |            |       |  0.20

Nlocal:    6050 ave 6115 max 5980 min
Histogram: 1 1 2 4 9 5 3 4 1 2
Nghost:    5892.5 ave 5962 max 5828 min
Histogram: 2 1 4 3 5 9 4 2 1 1
Neighs:    0 ave 0 max 0 min
Histogram: 32 0 0 0 0 0 0 0 0 0
FullNghs:  238572 ave 241868 max 234963 min
Histogram: 1 1 2 5 6 7 3 4 1 2

Total # of neighbors = 7634296
Ave neighs/atom = 39.4333
Neighbor list builds = 13
Dangerous builds = 0
unfix		NPT
variable	length equal lx/${LC}
variable	length equal lx/5.43

################### Geometrical Parameters After Relaxation ###############################
# Thermostat_width
variable	TW equal ${length}/40
variable	TW equal 51.9197424461277/40
# Hot_Start
variable	hs equal ${length}/4-${TW}
variable	hs equal 51.9197424461277/4-${TW}
variable	hs equal 51.9197424461277/4-1.29799356115319
# Hot_End
variable	he equal ${length}/4+${TW}
variable	he equal 51.9197424461277/4+${TW}
variable	he equal 51.9197424461277/4+1.29799356115319
# Cold_Start
variable	cs equal 3*${length}/4-${TW}
variable	cs equal 3*51.9197424461277/4-${TW}
variable	cs equal 3*51.9197424461277/4-1.29799356115319
# Cold_End
variable	ce equal 3*${length}/4+${TW}
variable	ce equal 3*51.9197424461277/4+${TW}
variable	ce equal 3*51.9197424461277/4+1.29799356115319
###########################################################################################

################### Defining Thermostat ###################################################
region 		hot block ${hs} ${he} EDGE EDGE EDGE EDGE
region 		hot block 11.6819420503787 ${he} EDGE EDGE EDGE EDGE
region 		hot block 11.6819420503787 14.2779291726851 EDGE EDGE EDGE EDGE
region 		cold block ${cs} ${ce} EDGE EDGE EDGE EDGE
region 		cold block 37.6418132734426 ${ce} EDGE EDGE EDGE EDGE
region 		cold block 37.6418132734426 40.237800395749 EDGE EDGE EDGE EDGE
group		test region cold
9572 atoms in group test
group		test1 region hot
9582 atoms in group test1
compute		Thot all temp/region hot
compute         Tcold all temp/region cold
###########################################################################################

fix		NVT all nvt temp $T $T ${tdamp}
fix		NVT all nvt temp 300 $T ${tdamp}
fix		NVT all nvt temp 300 300 ${tdamp}
fix		NVT all nvt temp 300 300 0.05
thermo		1000
thermo_style	custom step temp
run		${tnvt}
run		40000
Per MPI rank memory allocation (min/avg/max) = 4.114 | 4.115 | 4.117 Mbytes
Step Temp 
    5001    300.26847 
    6000    300.76784 
    7000    300.90082 
    8000    298.71949 
    9000    298.67048 
   10000    299.44174 
   11000    300.45448 
   12000    300.80282 
   13000    300.29155 
   14000    298.98605 
   15000    299.71878 
   16000    300.15736 
   17000    298.83927 
   18000    299.82684 
   19000    299.14854 
   20000    299.05578 
   21000    300.19516 
   22000    299.75721 
   23000    300.63288 
   24000    299.66875 
   25000    300.30264 
   26000    299.15784 
   27000    299.18183 
   28000    301.03211 
   29000    299.64722 
   30000    300.09871 
   31000    300.33789 
   32000    299.48531 
   33000    299.90204 
   34000    300.42772 
   35000    299.80432 
   36000    299.57302 
   37000    300.84939 
   38000    299.61987 
   39000    299.50264 
   40000    301.03381 
   41000    299.53833 
   42000    300.43078 
   43000    299.53346 
   44000    301.14017 
   45000     299.6041 
   45001    299.61553 
Loop time of 4137.4 on 32 procs for 40000 steps with 193600 atoms

Performance: 0.418 ns/day, 57.464 hours/ns, 9.668 timesteps/s
93.1% CPU use with 32 MPI tasks x no OpenMP threads

MPI task timing breakdown:
Section |  min time  |  avg time  |  max time  |%varavg| %total
---------------------------------------------------------------
Pair    | 3584.9     | 3634.2     | 3694.1     |  37.7 | 87.84
Neigh   | 0          | 0          | 0          |   0.0 |  0.00
Comm    | 192.36     | 301.06     | 403.99     | 306.3 |  7.28
Output  | 0.020209   | 0.024199   | 0.027685   |   1.3 |  0.00
Modify  | 129.34     | 186.42     | 254.57     | 309.2 |  4.51
Other   |            | 15.73      |            |       |  0.38

Nlocal:    6050 ave 6101 max 5979 min
Histogram: 2 1 2 1 5 5 7 1 4 4
Nghost:    5892.5 ave 5964 max 5842 min
Histogram: 4 4 1 8 4 5 2 1 1 2
Neighs:    0 ave 0 max 0 min
Histogram: 32 0 0 0 0 0 0 0 0 0
FullNghs:  236681 ave 239209 max 233203 min
Histogram: 2 1 2 2 4 5 6 3 2 5

Total # of neighbors = 7573782
Ave neighs/atom = 39.1208
Neighbor list builds = 0
Dangerous builds = 0
velocity	all scale $T
velocity	all scale 300
unfix		NVT

fix		NVE all nve
fix		hot all langevin ${thi} ${thi} ${tdamp} 389516 tally yes
fix		hot all langevin 319.9225 ${thi} ${tdamp} 389516 tally yes
fix		hot all langevin 319.9225 319.9225 ${tdamp} 389516 tally yes
fix		hot all langevin 319.9225 319.9225 0.05 389516 tally yes
fix_modify	hot temp Thot
fix		cold all langevin ${tlo} ${tlo} ${tdamp} 46579 tally yes
fix		cold all langevin 280.0775 ${tlo} ${tdamp} 46579 tally yes
fix		cold all langevin 280.0775 280.0775 ${tdamp} 46579 tally yes
fix		cold all langevin 280.0775 280.0775 0.05 46579 tally yes
fix_modify	cold temp Tcold

thermo_style	custom step temp c_Thot c_Tcold f_hot f_cold
run		${t1nve}
run		100000
Per MPI rank memory allocation (min/avg/max) = 4.864 | 4.865 | 4.867 Mbytes
Step Temp c_Thot c_Tcold f_hot f_cold 
   45001          300    301.11465    302.77678           -0           -0 
   46000     299.5814    323.46139    282.59758    -94.68302    83.478616 
   47000      298.811    314.71721     282.9071    -113.1281    119.70071 
   48000    299.85345    324.72791    281.32049   -151.63424    143.96273 
   49000    299.94987    323.32968    281.41098   -183.36689      166.076 
   50000    298.79277    321.84434    277.50009   -202.04264    197.06389 
   51000    300.04295    319.27302    282.86634   -243.15105    215.52001 
   52000    299.74855    317.49771    282.30203   -261.91258    237.65971 
   53000    299.91013    319.16834    282.64144   -294.65719    267.15036 
   54000    299.96839    323.39853     282.2946   -331.58757    296.28161 
   55000    300.55106    321.32909    282.06491   -361.42579    333.40209 
   56000    299.94447    320.91593     280.5178   -385.73842    363.04974 
   57000    300.52465    324.21588    281.90236    -427.0261    388.46491 
   58000    300.35506    322.43047    281.31353   -458.53924    416.38676 
   59000    299.99079    321.07229    280.28579   -485.43832    447.09274 
   60000     299.8658    316.87235    279.65756   -518.60092    475.82241 
   61000    299.82454    320.61969    277.92935   -549.87415    507.80256 
   62000    300.81936    328.12216    280.12146   -597.02278    539.57665 
   63000    299.96319    316.59467    281.07957   -610.26005    581.10939 
   64000    299.98992    312.52216    280.06544   -646.19681    608.55545 
   65000    299.52711     320.6976    278.85072   -677.51859    646.36281 
   66000    300.79362    317.83405    285.59605   -708.08016     675.6761 
   67000    299.35047    321.43196    279.75946   -739.18303    713.59163 
   68000    301.22637    319.32099    283.28509   -771.89761    729.85165 
   69000    299.49291    315.14688    282.28039   -789.82543    776.38607 
   70000    299.98915    319.71152    278.13428   -841.45174    810.62699 
   71000     299.8307     319.5252    280.83488   -881.69518    837.83599 
   72000    300.05581    316.41291    281.57776   -908.00273    861.74793 
   73000    300.16592    318.67927    285.68298   -938.44882    884.01647 
   74000    300.10544    316.24159    282.53054   -971.52705    922.27024 
   75000    300.89301    322.52178    286.05948   -1003.8392    954.36892 
   76000    300.53493    321.78957    281.95037   -1034.1438    999.90645 
   77000     300.1283    323.22612    283.19878   -1067.5345    1025.9581 
   78000    300.38552     316.3291    281.76851   -1108.7115    1062.2908 
   79000    300.28501    320.68042    281.79886   -1152.2792    1099.7504 
   80000    300.63706    319.36826    282.17647   -1184.1587     1136.349 
   81000    299.98359     316.8325    283.72043   -1212.5562    1160.7597 
   82000    299.45189    316.62018    281.62169   -1235.4314    1209.0702 
   83000    299.36595    316.99471    281.60005   -1256.8707    1227.1028 
   84000    299.69344    315.93308     280.5773   -1279.7863    1267.1394 
   85000    299.93082    314.81201    281.72179   -1318.6224    1295.1297 
   86000    299.92025    319.52508    277.34229   -1348.3964    1322.8017 
   87000     299.5233    321.29369    281.22285   -1389.7227    1347.1675 
   88000    300.60102    323.88055    279.75052   -1421.1233    1393.3255 
   89000    300.16869    317.13634    282.92848   -1445.4675    1412.4049 
   90000    300.10441    321.73805     282.8828   -1488.1321    1437.4708 
   91000    300.78208    322.66197    278.89129   -1526.4202    1471.2587 
   92000    300.72435    318.33345    277.97329   -1553.4241    1501.9633 
   93000    300.62504    322.51896    280.31048    -1583.818    1536.6509 
   94000    299.86835    316.48624    280.17031   -1602.8983    1563.0373 
   95000    299.52908    314.12252     280.4758   -1628.9058    1600.5616 
   96000     299.2705     317.3176     282.3748   -1664.9988    1627.3391 
   97000    299.93188    317.94793    281.54933   -1694.5687    1653.4552 
   98000    299.70106    318.97126    279.28128   -1726.3524    1694.1501 
   99000    299.37986    321.16748    280.97757   -1755.2843    1721.0887 
  100000    298.90244    317.97127    277.64613   -1779.7042    1763.8362 
  101000    299.60102    320.98915    284.27167   -1817.1824    1782.9649 
  102000    299.60834    318.14048    283.44106   -1852.3081    1820.0306 
  103000    299.24852    313.21565    284.80945   -1872.0279    1845.4608 
  104000     299.2699    319.20261    280.57498   -1914.6606    1880.2021 
  105000    300.34963    322.47206    277.83667   -1941.9196    1915.1546 
  106000    299.16688      319.856    278.08912   -1967.8728     1947.508 
  107000    299.08953    319.58654    282.10559   -1985.5679    1975.5181 
  108000    299.82591    318.69808    281.99954   -2021.0873    2010.3797 
  109000    299.55856    320.41494    284.11659   -2064.4332    2047.7649 
  110000    299.55243    314.31695    282.34558   -2083.6155    2062.7499 
  111000    299.95696    318.77749    280.35893   -2112.0027    2103.6462 
  112000    299.60848    316.57574    279.01482   -2152.6993    2136.3923 
  113000    299.30795    319.99448    279.99497   -2182.8874    2163.7581 
  114000    300.13889    321.41226    277.39617   -2228.3766    2193.2806 
  115000    299.98216     314.9855     282.7396   -2244.2892    2216.9762 
  116000    300.80705    315.96316     285.4171   -2284.1434    2242.1479 
  117000    300.03665    320.90004    278.96105   -2316.3236    2278.3708 
  118000     300.0725    320.00478    279.95376   -2352.6469    2304.7373 
  119000    299.59427      315.889    280.75717   -2381.0377    2344.3199 
  120000    300.33537    323.42028    285.37791   -2418.8143    2368.5909 
  121000    299.90154    312.09374    280.56191   -2444.5078     2409.125 
  122000    300.06002    318.80433    281.45951   -2491.5263    2435.1891 
  123000    300.14682    317.70075    282.91166   -2517.4314    2471.9122 
  124000    300.81135    317.36311    281.11301   -2550.9096    2509.7691 
  125000    299.69907    317.10323    281.50288   -2585.3731    2539.6662 
  126000    299.98589    316.25916    281.38294   -2612.9976    2575.6139 
  127000    299.52958     319.3951    280.31913   -2643.6785    2604.2925 
  128000    299.74668    314.84439     282.2685   -2669.2843    2645.2592 
  129000    299.60465    318.87657    278.76205   -2708.8383    2675.1099 
  130000    299.56823    319.77301    281.80282   -2743.7693    2704.7283 
  131000    300.94207    320.02547    285.63072   -2791.2103    2727.8574 
  132000    300.54335    321.30697    285.37711   -2815.9307    2763.3568 
  133000    299.46071    318.25065    281.53493   -2841.1873    2801.0188 
  134000    300.15507    325.44499    283.16923   -2874.5537    2827.7138 
  135000    300.35892    318.86199    281.64592   -2902.0482    2870.0806 
  136000     300.1423    320.06972    284.88155   -2948.4484    2893.5868 
  137000     299.6813    317.44304    278.03054   -2980.0943    2927.3991 
  138000    300.41953    318.21606    281.74561   -3009.3873    2958.6975 
  139000    300.27897    323.98892    278.14742   -3052.6249    2998.6799 
  140000    299.71478    316.69681    280.02239   -3079.9395    3030.5941 
  141000    300.60123    320.85189    282.17012   -3113.2188    3058.0438 
  142000    300.34122    319.71307    281.88156    -3158.631    3074.4162 
  143000    300.29258    319.86062    277.64736    -3176.391    3119.9391 
  144000    300.66462    320.58372    280.88606   -3214.2843    3141.5818 
  145000    300.65015    320.42799      279.707   -3256.3701    3168.7351 
  145001    300.66066      320.264    279.91617   -3256.1794    3168.8346 
Loop time of 10432 on 32 procs for 100000 steps with 193600 atoms

Performance: 0.414 ns/day, 57.955 hours/ns, 9.586 timesteps/s
93.4% CPU use with 32 MPI tasks x no OpenMP threads

MPI task timing breakdown:
Section |  min time  |  avg time  |  max time  |%varavg| %total
---------------------------------------------------------------
Pair    | 8985.5     | 9092.3     | 9232.9     |  53.6 | 87.16
Neigh   | 0          | 0          | 0          |   0.0 |  0.00
Comm    | 469.61     | 741.41     | 917.57     | 429.0 |  7.11
Output  | 0.099476   | 0.10534    | 0.10899    |   0.8 |  0.00
Modify  | 425.15     | 568.45     | 700.47     | 394.4 |  5.45
Other   |            | 29.71      |            |       |  0.28

Nlocal:    6050 ave 6099 max 6006 min
Histogram: 3 0 3 6 8 3 3 3 2 1
Nghost:    5892.5 ave 5936 max 5844 min
Histogram: 1 2 3 3 3 8 5 4 0 3
Neighs:    0 ave 0 max 0 min
Histogram: 32 0 0 0 0 0 0 0 0 0
FullNghs:  236578 ave 238769 max 234448 min
Histogram: 3 1 3 3 6 5 5 2 2 2

Total # of neighbors = 7570480
Ave neighs/atom = 39.1037
Neighbor list builds = 0
Dangerous builds = 0

# thermal conductivity calculation
# reset langevin thermostats to zero energy accumulation
reset_timestep 0
thermo		$c
thermo		500000
compute		ke all ke/atom
variable	temp atom c_ke/1.5/8.617332478e-5
fix		hot all langevin ${thi} ${thi} ${tdamp} 389516 tally yes
fix		hot all langevin 319.9225 ${thi} ${tdamp} 389516 tally yes
fix		hot all langevin 319.9225 319.9225 ${tdamp} 389516 tally yes
fix		hot all langevin 319.9225 319.9225 0.05 389516 tally yes
fix_modify	hot temp Thot
fix		cold all langevin ${tlo} ${tlo} ${tdamp} 46579 tally yes
fix		cold all langevin 280.0775 ${tlo} ${tdamp} 46579 tally yes
fix		cold all langevin 280.0775 280.0775 ${tdamp} 46579 tally yes
fix		cold all langevin 280.0775 280.0775 0.05 46579 tally yes
fix_modify	cold temp Tcold

compute		ch all chunk/atom bin/1d x lower 0.02 units reduced
fix		11 all ave/chunk $a $b $c ch v_temp file sw_${P}.langevin
fix		11 all ave/chunk 100 $b $c ch v_temp file sw_${P}.langevin
fix		11 all ave/chunk 100 5000 $c ch v_temp file sw_${P}.langevin
fix		11 all ave/chunk 100 5000 500000 ch v_temp file sw_${P}.langevin
fix		11 all ave/chunk 100 5000 500000 ch v_temp file sw_17.langevin
thermo_style	custom step temp c_Thot c_Tcold f_hot f_cold

run		${t2nve}
run		500000
Per MPI rank memory allocation (min/avg/max) = 5.115 | 5.115 | 5.117 Mbytes
Step Temp c_Thot c_Tcold f_hot f_cold 
       0    300.66066     320.3605    280.14237           -0           -0 
  500000    299.52374     315.3644    280.28809   -15898.813    15954.726 
Loop time of 52275.8 on 32 procs for 500000 steps with 193600 atoms

Performance: 0.413 ns/day, 58.084 hours/ns, 9.565 timesteps/s
93.3% CPU use with 32 MPI tasks x no OpenMP threads

MPI task timing breakdown:
Section |  min time  |  avg time  |  max time  |%varavg| %total
---------------------------------------------------------------
Pair    | 44838      | 45462      | 46303      | 134.0 | 86.96
Neigh   | 0          | 0          | 0          |   0.0 |  0.00
Comm    | 2665.5     | 3853.8     | 4688.8     |1005.4 |  7.37
Output  | 0.016333   | 0.026709   | 0.029231   |   2.8 |  0.00
Modify  | 2077.4     | 2813.7     | 3648.7     |1052.1 |  5.38
Other   |            | 146.7      |            |       |  0.28

Nlocal:    6050 ave 6085 max 5992 min
Histogram: 1 0 2 1 5 4 7 6 3 3
Nghost:    5892.5 ave 5951 max 5857 min
Histogram: 3 2 7 6 5 5 1 2 0 1
Neighs:    0 ave 0 max 0 min
Histogram: 32 0 0 0 0 0 0 0 0 0
FullNghs:  236616 ave 238416 max 233689 min
Histogram: 1 0 3 0 6 5 3 7 4 3

Total # of neighbors = 7571706
Ave neighs/atom = 39.1101
Neighbor list builds = 0
Dangerous builds = 0
clear
next		P
jump		Si.in
 units       metal
#----------------------------- User Input Variables --------------------------------------
################### Geometrical Parameters ###############################
variable	P index 17 18 19 20
variable	W equal 22
# Lattice Constant
variable	LC equal 5.43
# Length
variable	L equal 50
# Width
#variable	W equal 6
# Height
variable	H equal ${W}
variable	H equal 22
################### Simulation Condition ###############################
#DT/DX=cte
variable	cte equal 1.5938
log         sw_${P}.log
log         sw_18.log
