# temperature
variable	T equal 300
#cold region temperature
#variable        tlo equal 275
variable        tlo equal ${T}-${L}*${cte}/4.0
variable        tlo equal 300-${L}*${cte}/4.0
variable        tlo equal 300-50*${cte}/4.0
variable        tlo equal 300-50*1.5938/4.0
#hot region temperature
#variable        thi equal ${cte}*${L}/2+${tlo}
variable        thi equal ${T}+${L}*${cte}/4.0
variable        thi equal 300+${L}*${cte}/4.0
variable        thi equal 300+50*${cte}/4.0
variable        thi equal 300+50*1.5938/4.0

#time step (picoseconds)
variable	dt equal 0.0005 # 0.5 femtoseconds
#number of time steps for NPT
variable	tnpt equal 5000
#number of time steps for NVT
variable	tnvt equal 40000
#number of time steps for first NVE
variable	t1nve equal 100000
#number of time steps for second NVE
variable	t2nve equal 500000

################### Variable Based on LAMMPS Documentation ######################
variable	a equal 100
variable	c equal ${t2nve}
variable	c equal 500000
variable	b equal $c/$a
variable	b equal 500000/$a
variable	b equal 500000/100
variable	tdamp equal ${dt}*100
variable	tdamp equal 0.0005*100
variable	pdamp equal ${dt}*1000
variable	pdamp equal 0.0005*1000

#----------------------------------------------------------------------------------------
# setup problem
dimension       3
boundary        p p p
atom_style      atomic
lattice 	diamond ${LC} origin 0.0 0.0 0.0 orient x 1 0 0 orient y 0 1 0 orient z 0 0 1
lattice 	diamond 5.43 origin 0.0 0.0 0.0 orient x 1 0 0 orient y 0 1 0 orient z 0 0 1
Lattice spacing in x,y,z = 5.43 5.43 5.43
region          0 block 0 $L 0 $W 0 $H units lattice side in
region          0 block 0 50 0 $W 0 $H units lattice side in
region          0 block 0 50 0 22 0 $H units lattice side in
region          0 block 0 50 0 22 0 22 units lattice side in
create_box      1 0
Created orthogonal box = (0 0 0) to (271.5 119.46 119.46)
  8 by 2 by 2 MPI processor grid
create_atoms    1 region 0
Created 193600 atoms
mass		1 28.0855
#dump		1 all xyz 1000 Si_W_${W}nm.xyz
#dump_modify	1 element Si

############################################
pair_style   sw
pair_coeff   * * Si${P}.sw Si
pair_coeff   * * Si16.sw Si
thermo		100
thermo_style custom step lx
min_style cg
minimize 0.0 1.0e-8 10000 100000
WARNING: Using 'neigh_modify every 1 delay 0 check yes' setting during minimization (../min.cpp:168)
Neighbor list info ...
  update every 1 steps, delay 0 steps, check yes
  max neighbors/atom: 2000, page size: 100000
  master list distance cutoff = 5.76745
  ghost atom cutoff = 5.76745
  binsize = 2.88372, bins = 95 42 42
  1 neighbor lists, perpetual/occasional/extra = 1 0 0
  (1) pair sw, perpetual
      attributes: full, newton on
      pair build: full/bin/atomonly
      stencil: full/bin/3d
      bin: standard
Per MPI rank memory allocation (min/avg/max) = 5.239 | 5.24 | 5.242 Mbytes
Step Lx 
       0        271.5 
       1        271.5 
Loop time of 0.0411414 on 32 procs for 1 steps with 193600 atoms

73.7% CPU use with 32 MPI tasks x no OpenMP threads

Minimization stats:
  Stopping criterion = force tolerance
  Energy initial, next-to-last, final = 
        -840193.768471     -840193.768471     -840193.768471
  Force two-norm initial, final = 1.03737e-10 1.03659e-10
  Force max component initial, final = 6.08065e-13 6.10026e-13
  Final line search alpha, max atom move = 1 6.10026e-13
  Iterations, force evaluations = 1 2

MPI task timing breakdown:
Section |  min time  |  avg time  |  max time  |%varavg| %total
---------------------------------------------------------------
Pair    | 0.024628   | 0.024939   | 0.025344   |   0.1 | 60.62
Neigh   | 0          | 0          | 0          |   0.0 |  0.00
Comm    | 0.006273   | 0.0091862  | 0.01268    |   2.1 | 22.33
Output  | 0          | 0          | 0          |   0.0 |  0.00
Modify  | 0          | 0          | 0          |   0.0 |  0.00
Other   |            | 0.007016   |            |       | 17.05

Nlocal:    6050 ave 6050 max 6050 min
Histogram: 32 0 0 0 0 0 0 0 0 0
Nghost:    5892.5 ave 5893 max 5892 min
Histogram: 16 0 0 0 0 0 0 0 0 16
Neighs:    0 ave 0 max 0 min
Histogram: 32 0 0 0 0 0 0 0 0 0
FullNghs:  205700 ave 205700 max 205700 min
Histogram: 32 0 0 0 0 0 0 0 0 0

Total # of neighbors = 6582400
Ave neighs/atom = 34
Neighbor list builds = 0
Dangerous builds = 0
timestep     ${dt}
timestep     0.0005
velocity 	all create $T 492845
velocity 	all create 300 492845


fix 		NPT all npt temp $T $T ${tdamp} iso 0.0 0.0 ${pdamp}
fix 		NPT all npt temp 300 $T ${tdamp} iso 0.0 0.0 ${pdamp}
fix 		NPT all npt temp 300 300 ${tdamp} iso 0.0 0.0 ${pdamp}
fix 		NPT all npt temp 300 300 0.05 iso 0.0 0.0 ${pdamp}
fix 		NPT all npt temp 300 300 0.05 iso 0.0 0.0 0.5
thermo		100
thermo_style custom step lx press
run		${tnpt}
run		5000
Per MPI rank memory allocation (min/avg/max) = 4.114 | 4.115 | 4.117 Mbytes
Step Lx Press 
       1        271.5   -11600.195 
     100    270.34712    1590.6849 
     200     270.5467   -467.72663 
     300     270.4902    99.736909 
     400    270.52229    3.5752493 
     500    270.53921    17.842263 
     600     270.5462    33.255789 
     700     270.5737   -28.083318 
     800    270.58331    13.836105 
     900    270.60474   -20.474601 
    1000    270.62018    37.864992 
    1100    270.63449    12.695036 
    1200     270.6534   -24.193706 
    1300     270.6629    39.524277 
    1400    270.67643   -25.939716 
    1500    270.68183   -10.162479 
    1600    270.68096    18.318644 
    1700    270.67792   -9.7880064 
    1800    270.67039    21.035555 
    1900    270.67099   -2.9478461 
    2000    270.67314    9.5705074 
    2100    270.67834    1.6568478 
    2200    270.67832   -6.2889615 
    2300    270.67767    6.1439605 
    2400    270.67642   -29.321871 
    2500    270.67274    20.569925 
    2600    270.66734    43.374507 
    2700     270.6855   -123.85689 
    2800      270.668     143.7321 
    2900    270.67886   -30.604611 
    3000    270.68735   -136.12434 
    3100    270.65851    186.25189 
    3200     270.6814   -103.11662 
    3300    270.67534    -11.38773 
    3400    270.66817    92.298234 
    3500    270.68987   -146.48108 
    3600    270.66795    101.40991 
    3700    270.67613   -30.508755 
    3800    270.68065   -85.220485 
    3900    270.66216    137.38617 
    4000    270.68395   -93.008779 
    4100    270.67439    39.496171 
    4200    270.67353    35.737665 
    4300    270.68378   -100.69338 
    4400    270.66379    111.51723 
    4500    270.68125   -74.812023 
    4600    270.67304    24.013232 
    4700    270.67295    31.438801 
    4800    270.68298   -65.856002 
    4900    270.66833    72.021604 
    5000    270.68122   -66.823901 
    5001    270.68111   -66.367856 
Loop time of 121.028 on 32 procs for 5000 steps with 193600 atoms

Performance: 1.785 ns/day, 13.448 hours/ns, 41.313 timesteps/s
81.9% CPU use with 32 MPI tasks x no OpenMP threads

MPI task timing breakdown:
Section |  min time  |  avg time  |  max time  |%varavg| %total
---------------------------------------------------------------
Pair    | 83.718     | 84.988     | 88.065     |   9.7 | 70.22
Neigh   | 0.011987   | 0.012668   | 0.013523   |   0.4 |  0.01
Comm    | 11.789     | 20.665     | 26.823     |  87.8 | 17.07
Output  | 0.029231   | 0.033384   | 0.03622    |   1.3 |  0.03
Modify  | 8.2294     | 14.361     | 22.676     | 102.9 | 11.87
Other   |            | 0.968      |            |       |  0.80

Nlocal:    6050 ave 6083 max 6010 min
Histogram: 1 0 4 5 1 7 8 1 3 2
Nghost:    5892.5 ave 5933 max 5860 min
Histogram: 2 3 2 8 6 2 4 4 0 1
Neighs:    0 ave 0 max 0 min
Histogram: 32 0 0 0 0 0 0 0 0 0
FullNghs:  206358 ave 207470 max 205018 min
Histogram: 1 0 5 4 2 5 9 2 2 2

Total # of neighbors = 6603446
Ave neighs/atom = 34.1087
Neighbor list builds = 1
Dangerous builds = 0
unfix		NPT
variable	length equal lx/${LC}
variable	length equal lx/5.43

################### Geometrical Parameters After Relaxation ###############################
# Thermostat_width
variable	TW equal ${length}/40
variable	TW equal 49.8491918825282/40
# Hot_Start
variable	hs equal ${length}/4-${TW}
variable	hs equal 49.8491918825282/4-${TW}
variable	hs equal 49.8491918825282/4-1.24622979706321
# Hot_End
variable	he equal ${length}/4+${TW}
variable	he equal 49.8491918825282/4+${TW}
variable	he equal 49.8491918825282/4+1.24622979706321
# Cold_Start
variable	cs equal 3*${length}/4-${TW}
variable	cs equal 3*49.8491918825282/4-${TW}
variable	cs equal 3*49.8491918825282/4-1.24622979706321
# Cold_End
variable	ce equal 3*${length}/4+${TW}
variable	ce equal 3*49.8491918825282/4+${TW}
variable	ce equal 3*49.8491918825282/4+1.24622979706321
###########################################################################################

################### Defining Thermostat ###################################################
region 		hot block ${hs} ${he} EDGE EDGE EDGE EDGE
region 		hot block 11.2160681735688 ${he} EDGE EDGE EDGE EDGE
region 		hot block 11.2160681735688 13.7085277676953 EDGE EDGE EDGE EDGE
region 		cold block ${cs} ${ce} EDGE EDGE EDGE EDGE
region 		cold block 36.1406641148329 ${ce} EDGE EDGE EDGE EDGE
region 		cold block 36.1406641148329 38.6331237089594 EDGE EDGE EDGE EDGE
group		test region cold
9572 atoms in group test
group		test1 region hot
9570 atoms in group test1
compute		Thot all temp/region hot
compute         Tcold all temp/region cold
###########################################################################################

fix		NVT all nvt temp $T $T ${tdamp}
fix		NVT all nvt temp 300 $T ${tdamp}
fix		NVT all nvt temp 300 300 ${tdamp}
fix		NVT all nvt temp 300 300 0.05
thermo		1000
thermo_style	custom step temp
run		${tnvt}
run		40000
Per MPI rank memory allocation (min/avg/max) = 4.118 | 4.12 | 4.121 Mbytes
Step Temp 
    5001    300.70456 
    6000    300.85513 
    7000    301.66597 
    8000    300.14307 
    9000    299.31428 
   10000    301.21491 
   11000    301.01991 
   12000    300.13536 
   13000    300.91367 
   14000    298.62861 
   15000    299.80596 
   16000    298.31571 
   17000    301.05392 
   18000    301.46743 
   19000    299.21345 
   20000    299.56251 
   21000    299.12737 
   22000    297.54371 
   23000    300.05158 
   24000    299.76192 
   25000    300.17237 
   26000    299.65096 
   27000    300.55164 
   28000    299.91012 
   29000    299.73604 
   30000    300.35021 
   31000    299.96867 
   32000    299.28438 
   33000    299.03807 
   34000    299.31349 
   35000    300.11451 
   36000    300.36089 
   37000    299.50085 
   38000    299.27341 
   39000    300.50333 
   40000     299.3493 
   41000    300.73693 
   42000     299.2259 
   43000    299.47544 
   44000    299.94901 
   45000    298.40961 
   45001    298.38431 
Loop time of 945.709 on 32 procs for 40000 steps with 193600 atoms

Performance: 1.827 ns/day, 13.135 hours/ns, 42.296 timesteps/s
83.5% CPU use with 32 MPI tasks x no OpenMP threads

MPI task timing breakdown:
Section |  min time  |  avg time  |  max time  |%varavg| %total
---------------------------------------------------------------
Pair    | 685.46     | 694.82     | 709.17     |  19.8 | 73.47
Neigh   | 0          | 0          | 0          |   0.0 |  0.00
Comm    | 108.36     | 161.1      | 204.59     | 210.3 | 17.04
Output  | 0.022297   | 0.026033   | 0.02906    |   1.0 |  0.00
Modify  | 29.953     | 76.203     | 116.78     | 310.1 |  8.06
Other   |            | 13.56      |            |       |  1.43

Nlocal:    6050 ave 6129 max 5997 min
Histogram: 3 1 7 7 5 4 1 3 0 1
Nghost:    5892.5 ave 5946 max 5813 min
Histogram: 1 0 3 1 4 4 8 7 1 3
Neighs:    0 ave 0 max 0 min
Histogram: 32 0 0 0 0 0 0 0 0 0
FullNghs:  207812 ave 210676 max 205814 min
Histogram: 3 1 7 6 6 4 1 2 1 1

Total # of neighbors = 6649980
Ave neighs/atom = 34.3491
Neighbor list builds = 0
Dangerous builds = 0
velocity	all scale $T
velocity	all scale 300
unfix		NVT

fix		NVE all nve
fix		hot all langevin ${thi} ${thi} ${tdamp} 389516 tally yes
fix		hot all langevin 319.9225 ${thi} ${tdamp} 389516 tally yes
fix		hot all langevin 319.9225 319.9225 ${tdamp} 389516 tally yes
fix		hot all langevin 319.9225 319.9225 0.05 389516 tally yes
fix_modify	hot temp Thot
fix		cold all langevin ${tlo} ${tlo} ${tdamp} 46579 tally yes
fix		cold all langevin 280.0775 ${tlo} ${tdamp} 46579 tally yes
fix		cold all langevin 280.0775 280.0775 ${tdamp} 46579 tally yes
fix		cold all langevin 280.0775 280.0775 0.05 46579 tally yes
fix_modify	cold temp Tcold

thermo_style	custom step temp c_Thot c_Tcold f_hot f_cold
run		${t1nve}
run		100000
Per MPI rank memory allocation (min/avg/max) = 4.868 | 4.87 | 4.871 Mbytes
Step Temp c_Thot c_Tcold f_hot f_cold 
   45001          300    298.85773     301.3172           -0           -0 
   46000    301.62549    320.27426    284.68555   -87.184087    74.481536 
   47000    300.15671     316.7839     280.5118   -106.80694    112.21684 
   48000    301.07129    319.36239    284.93881   -135.56613    135.49359 
   49000    300.02169    319.68326    282.06277   -168.22184    168.50895 
   50000    300.30047    317.51308    282.64015   -194.19218    197.97142 
   51000    300.71334    320.92493    276.61237   -227.58771    235.41385 
   52000    300.51521    318.58729     280.1668   -269.09012    273.79619 
   53000    301.61691    325.43166     283.3336   -317.85845    286.98424 
   54000    301.12011    318.43319    282.32987   -345.27994    341.96448 
   55000    300.53907    321.48941    281.27314   -399.31085    392.46803 
   56000    300.73643    320.88451    282.60456   -433.09979    435.37953 
   57000    300.76175    326.00853    281.91399   -480.83651    474.04656 
   58000    300.27591    323.88024     283.5602   -520.52272     516.2592 
   59000    300.88599     314.4982     284.9419   -554.56697    563.68572 
   60000     300.9244    321.20968    281.98561   -621.93232    608.51391 
   61000     300.5153    321.33353    280.07695   -656.94252    660.04237 
   62000    300.92752    316.81469    280.96714   -703.60936    703.26298 
   63000    299.60265    312.66591    282.82318   -746.31992    740.73598 
   64000    300.57448    315.80043    284.84449   -787.61742    788.83815 
   65000    299.42411     316.9308    284.09406   -827.42223    826.98111 
   66000     300.5364    311.68602    280.77171   -868.41903    874.26559 
   67000    300.28848    315.97196    281.81971   -911.30044    939.77274 
   68000    300.03529     319.7952    280.87699   -973.94259    981.52108 
   69000    300.86203    325.31634    283.09736   -1012.5642    1027.1444 
   70000    300.23474    317.37637     280.3763   -1038.6514    1083.2039 
   71000    299.44393    315.88352    279.89061   -1077.6843    1132.2266 
   72000    299.25308    314.94253    279.68439   -1123.9382    1189.0731 
   73000    299.10478    314.59777    281.87493   -1169.8607    1237.0252 
   74000    300.49611    322.26622    277.87923    -1234.682    1293.7702 
   75000    299.60075    313.10191    286.66325   -1274.1095    1322.8554 
   76000     299.0899    314.83026    278.37892   -1329.8254    1388.4899 
   77000    299.36784    318.40174    280.58695    -1369.574     1422.867 
   78000     300.2896    317.39052    286.28664   -1428.9559    1461.7861 
   79000     299.9976    325.86119    281.62128   -1485.3276    1517.7752 
   80000    298.98627     313.7291    277.54444    -1524.831    1569.8435 
   81000    299.19743    312.83969    282.19485   -1571.7843    1616.3994 
   82000    299.70694    316.67798    283.38402   -1616.4984    1663.8849 
   83000    299.50117    315.75534    282.22696   -1672.2215    1710.2209 
   84000     299.5429    314.80993    282.27217   -1716.0528    1758.2246 
   85000    300.10067    321.22815    282.85306   -1777.7667    1809.0293 
   86000    299.82707    318.64595    280.95643   -1822.4384    1851.4259 
   87000    300.13327    319.97215    284.27844   -1865.7104    1902.2945 
   88000    300.35114    319.33996     286.0714   -1912.5372    1950.4928 
   89000    299.98504    318.96779    283.10637   -1953.7979    2002.4628 
   90000    299.58787    316.00292    283.27287   -2000.7743    2048.3175 
   91000    299.02332    314.05222    279.02349   -2042.9377    2103.6916 
   92000    299.61187    318.89706    281.22225   -2103.4206    2147.9733 
   93000    299.72029    318.11274    282.10909   -2143.6487    2207.1788 
   94000     299.5867    316.84089    284.05781   -2191.0653     2242.637 
   95000    299.54029    314.31272    278.68339   -2243.2426    2310.4414 
   96000    299.50072    318.55284    284.46079   -2296.6409    2345.7418 
   97000    299.51895    312.71639    278.92797   -2347.1635    2384.6776 
   98000    299.50637     317.3026    284.41415   -2391.6688    2441.3985 
   99000    299.93988    317.32562    282.91322   -2449.2914    2478.7851 
  100000    300.25724    319.77562    279.70665   -2495.9309    2529.1144 
  101000    300.07594    316.32617    283.13362   -2528.9139    2570.4074 
  102000    299.70536    317.74919    281.99144   -2569.9974    2615.6168 
  103000    300.20342    322.68678    280.65911   -2623.9729    2666.7748 
  104000    300.62416    322.62379    283.73516   -2673.3277    2704.3855 
  105000    298.84838    312.90927    275.58589   -2716.3181    2760.4413 
  106000    300.21693    317.18791    282.16153   -2770.5978     2794.676 
  107000    299.83228     317.4873    283.82092   -2809.1828    2833.8364 
  108000    300.19541    317.21235     282.8353   -2854.6507    2885.1584 
  109000    299.95369    315.91698    285.01556   -2902.8456    2927.5092 
  110000     300.8217     317.3398    288.64964   -2952.1926    2964.7427 
  111000    300.03659    317.98984    281.85717   -2994.1977    3031.2136 
  112000    300.21287      319.472    279.29038   -3046.7071    3078.0639 
  113000    300.23569    315.53815    283.56855    -3081.336    3116.6601 
  114000    299.22315      315.145    282.94324    -3125.791    3164.2924 
  115000    299.70009    318.03862    278.05944   -3173.1026    3214.4459 
  116000    300.04072    315.68583    282.11853   -3213.5985    3254.3149 
  117000    299.79448    319.11164    279.98277   -3260.5149    3302.3887 
  118000    299.80891    314.57068    283.47623   -3294.9806    3344.2688 
  119000    299.54975    313.69899    284.82501   -3353.2302    3388.2492 
  120000    300.15727    321.10957    283.56095   -3416.0005    3424.0654 
  121000    299.91071    316.66903    279.99577   -3456.9532    3474.0592 
  122000    300.92224    318.88695    286.28279   -3516.2635    3522.8836 
  123000    300.14421     320.4515    282.55018   -3562.7749    3580.4964 
  124000    300.27917    320.01446     282.1459   -3607.0715    3617.7996 
  125000    299.82806    321.43025    281.02237   -3652.3228    3665.2299 
  126000    300.46505    318.58083    288.43505   -3684.5635    3711.8557 
  127000    299.85883    313.87433    284.18381   -3729.9201    3768.8333 
  128000    299.87896    315.29216    280.68399   -3782.8146    3823.2181 
  129000    299.70532    318.08319    288.31954   -3836.8679    3869.8294 
  130000    299.58786     315.2304    281.05267   -3880.3772    3913.7318 
  131000    300.45542    320.56629    279.41976   -3924.8318    3962.2243 
  132000    300.08144    314.35454    282.71565   -3968.2998    3993.7625 
  133000     299.9557    316.02641    280.98096   -4021.2527    4050.6958 
  134000    300.41109    319.85975    278.34017   -4065.3822    4091.4105 
  135000     300.3062    314.93685    287.15713   -4107.5868    4124.8499 
  136000    299.46588    318.26732    279.10847   -4159.1042    4185.7647 
  137000    301.05771    323.81524    286.85534   -4205.3575    4206.8075 
  138000    299.96391    311.61952    280.40174   -4235.1255    4273.0951 
  139000    299.31571    316.73378    283.45083    -4283.706    4319.1497 
  140000    299.83821     319.8905     279.7418   -4333.0808    4364.1984 
  141000     299.9011    314.62374    284.52271   -4366.8362    4408.4044 
  142000    299.74058    318.26258    282.00809   -4416.5868    4455.2855 
  143000    299.50711    320.38601    278.72942   -4470.1154    4504.3461 
  144000    300.73305    316.85513    282.00866   -4512.0781      4545.88 
  145000    299.97207    318.64132     281.6641   -4558.7766    4593.1193 
  145001    299.94785    317.75943    281.78314   -4558.2024    4593.0118 
Loop time of 2501.31 on 32 procs for 100000 steps with 193600 atoms

Performance: 1.727 ns/day, 13.896 hours/ns, 39.979 timesteps/s
83.4% CPU use with 32 MPI tasks x no OpenMP threads

MPI task timing breakdown:
Section |  min time  |  avg time  |  max time  |%varavg| %total
---------------------------------------------------------------
Pair    | 1707.7     | 1738.5     | 1769.3     |  35.9 | 69.50
Neigh   | 0          | 0          | 0          |   0.0 |  0.00
Comm    | 284.92     | 409.7      | 522.17     | 349.9 | 16.38
Output  | 0.10295    | 0.10906    | 0.11349    |   0.8 |  0.00
Modify  | 204.23     | 319.42     | 428.41     | 387.7 | 12.77
Other   |            | 33.56      |            |       |  1.34

Nlocal:    6050 ave 6077 max 6021 min
Histogram: 3 3 1 5 2 7 1 4 2 4
Nghost:    5892.5 ave 5922 max 5865 min
Histogram: 4 2 4 1 7 2 4 3 2 3
Neighs:    0 ave 0 max 0 min
Histogram: 32 0 0 0 0 0 0 0 0 0
FullNghs:  207875 ave 208912 max 206807 min
Histogram: 3 3 2 4 4 5 1 4 2 4

Total # of neighbors = 6652000
Ave neighs/atom = 34.3595
Neighbor list builds = 0
Dangerous builds = 0

# thermal conductivity calculation
# reset langevin thermostats to zero energy accumulation
reset_timestep 0
thermo		$c
thermo		500000
compute		ke all ke/atom
variable	temp atom c_ke/1.5/8.617332478e-5
fix		hot all langevin ${thi} ${thi} ${tdamp} 389516 tally yes
fix		hot all langevin 319.9225 ${thi} ${tdamp} 389516 tally yes
fix		hot all langevin 319.9225 319.9225 ${tdamp} 389516 tally yes
fix		hot all langevin 319.9225 319.9225 0.05 389516 tally yes
fix_modify	hot temp Thot
fix		cold all langevin ${tlo} ${tlo} ${tdamp} 46579 tally yes
fix		cold all langevin 280.0775 ${tlo} ${tdamp} 46579 tally yes
fix		cold all langevin 280.0775 280.0775 ${tdamp} 46579 tally yes
fix		cold all langevin 280.0775 280.0775 0.05 46579 tally yes
fix_modify	cold temp Tcold

compute		ch all chunk/atom bin/1d x lower 0.02 units reduced
fix		11 all ave/chunk $a $b $c ch v_temp file sw_${P}.langevin
fix		11 all ave/chunk 100 $b $c ch v_temp file sw_${P}.langevin
fix		11 all ave/chunk 100 5000 $c ch v_temp file sw_${P}.langevin
fix		11 all ave/chunk 100 5000 500000 ch v_temp file sw_${P}.langevin
fix		11 all ave/chunk 100 5000 500000 ch v_temp file sw_16.langevin
thermo_style	custom step temp c_Thot c_Tcold f_hot f_cold

run		${t2nve}
run		500000
Per MPI rank memory allocation (min/avg/max) = 5.118 | 5.12 | 5.121 Mbytes
Step Temp c_Thot c_Tcold f_hot f_cold 
       0    299.94785     318.1226    281.96069           -0           -0 
  500000    300.78048    319.10547    280.93047   -23425.994    23405.379 
Loop time of 12567.7 on 32 procs for 500000 steps with 193600 atoms

Performance: 1.719 ns/day, 13.964 hours/ns, 39.784 timesteps/s
83.4% CPU use with 32 MPI tasks x no OpenMP threads

MPI task timing breakdown:
Section |  min time  |  avg time  |  max time  |%varavg| %total
---------------------------------------------------------------
Pair    | 8536.7     | 8691.5     | 8862.6     |  76.1 | 69.16
Neigh   | 0          | 0          | 0          |   0.0 |  0.00
Comm    | 1385.5     | 2092.3     | 2513.1     | 743.2 | 16.65
Output  | 0.000913   | 0.0018471  | 0.001928   |   0.4 |  0.00
Modify  | 1158.9     | 1617       | 2182.8     | 844.3 | 12.87
Other   |            | 166.9      |            |       |  1.33

Nlocal:    6050 ave 6131 max 6016 min
Histogram: 6 5 6 7 4 2 1 0 0 1
Nghost:    5892.5 ave 5927 max 5811 min
Histogram: 1 0 0 1 2 4 7 6 6 5
Neighs:    0 ave 0 max 0 min
Histogram: 32 0 0 0 0 0 0 0 0 0
FullNghs:  207815 ave 210797 max 206393 min
Histogram: 4 6 3 11 3 3 1 0 0 1

Total # of neighbors = 6650072
Ave neighs/atom = 34.3495
Neighbor list builds = 0
Dangerous builds = 0
clear
next		P
jump		Si.in
Total wall time: 28:18:27
