# temperature
variable	T equal 300
#cold region temperature
#variable        tlo equal 275
variable        tlo equal ${T}-${L}*${cte}/4.0
variable        tlo equal 300-${L}*${cte}/4.0
variable        tlo equal 300-50*${cte}/4.0
variable        tlo equal 300-50*1.5938/4.0
#hot region temperature
#variable        thi equal ${cte}*${L}/2+${tlo}
variable        thi equal ${T}+${L}*${cte}/4.0
variable        thi equal 300+${L}*${cte}/4.0
variable        thi equal 300+50*${cte}/4.0
variable        thi equal 300+50*1.5938/4.0

#time step (picoseconds)
variable	dt equal 0.0005 # 0.5 femtoseconds
#number of time steps for NPT
variable	tnpt equal 5000
#number of time steps for NVT
variable	tnvt equal 40000
#number of time steps for first NVE
variable	t1nve equal 100000
#number of time steps for second NVE
variable	t2nve equal 500000

################### Variable Based on LAMMPS Documentation ######################
variable	a equal 100
variable	c equal ${t2nve}
variable	c equal 500000
variable	b equal $c/$a
variable	b equal 500000/$a
variable	b equal 500000/100
variable	tdamp equal ${dt}*100
variable	tdamp equal 0.0005*100
variable	pdamp equal ${dt}*1000
variable	pdamp equal 0.0005*1000

#----------------------------------------------------------------------------------------
# setup problem
dimension       3
boundary        p p p
atom_style      atomic
lattice 	diamond ${LC} origin 0.0 0.0 0.0 orient x 1 0 0 orient y 0 1 0 orient z 0 0 1
lattice 	diamond 5.43 origin 0.0 0.0 0.0 orient x 1 0 0 orient y 0 1 0 orient z 0 0 1
Lattice spacing in x,y,z = 5.43 5.43 5.43
region          0 block 0 $L 0 $W 0 $H units lattice side in
region          0 block 0 50 0 $W 0 $H units lattice side in
region          0 block 0 50 0 22 0 $H units lattice side in
region          0 block 0 50 0 22 0 22 units lattice side in
create_box      1 0
Created orthogonal box = (0 0 0) to (271.5 119.46 119.46)
  8 by 2 by 2 MPI processor grid
create_atoms    1 region 0
Created 193600 atoms
mass		1 28.0855
#dump		1 all xyz 1000 Si_W_${W}nm.xyz
#dump_modify	1 element Si

############################################
pair_style   sw
pair_coeff   * * Si${P}.sw Si
pair_coeff   * * Si12.sw Si
thermo		100
thermo_style custom step lx
min_style cg
minimize 0.0 1.0e-8 10000 100000
WARNING: Using 'neigh_modify every 1 delay 0 check yes' setting during minimization (../min.cpp:168)
Neighbor list info ...
  update every 1 steps, delay 0 steps, check yes
  max neighbors/atom: 2000, page size: 100000
  master list distance cutoff = 5.6149
  ghost atom cutoff = 5.6149
  binsize = 2.80745, bins = 97 43 43
  1 neighbor lists, perpetual/occasional/extra = 1 0 0
  (1) pair sw, perpetual
      attributes: full, newton on
      pair build: full/bin/atomonly
      stencil: full/bin/3d
      bin: standard
Per MPI rank memory allocation (min/avg/max) = 5.239 | 5.239 | 5.239 Mbytes
Step Lx 
       0        271.5 
       1        271.5 
Loop time of 0.0416013 on 32 procs for 1 steps with 193600 atoms

76.8% CPU use with 32 MPI tasks x no OpenMP threads

Minimization stats:
  Stopping criterion = force tolerance
  Energy initial, next-to-last, final = 
          -761633.1989       -761633.1989       -761633.1989
  Force two-norm initial, final = 8.3629e-11 8.35749e-11
  Force max component initial, final = 4.84194e-13 4.86839e-13
  Final line search alpha, max atom move = 1 4.86839e-13
  Iterations, force evaluations = 1 2

MPI task timing breakdown:
Section |  min time  |  avg time  |  max time  |%varavg| %total
---------------------------------------------------------------
Pair    | 0.024502   | 0.025225   | 0.036211   |   1.3 | 60.64
Neigh   | 0          | 0          | 0          |   0.0 |  0.00
Comm    | 0.001059   | 0.010672   | 0.013154   |   2.6 | 25.65
Output  | 0          | 0          | 0          |   0.0 |  0.00
Modify  | 0          | 0          | 0          |   0.0 |  0.00
Other   |            | 0.005704   |            |       | 13.71

Nlocal:    6050 ave 6050 max 6050 min
Histogram: 32 0 0 0 0 0 0 0 0 0
Nghost:    5892.5 ave 5893 max 5892 min
Histogram: 16 0 0 0 0 0 0 0 0 16
Neighs:    0 ave 0 max 0 min
Histogram: 32 0 0 0 0 0 0 0 0 0
FullNghs:  205700 ave 205700 max 205700 min
Histogram: 32 0 0 0 0 0 0 0 0 0

Total # of neighbors = 6582400
Ave neighs/atom = 34
Neighbor list builds = 0
Dangerous builds = 0
timestep     ${dt}
timestep     0.0005
velocity 	all create $T 492845
velocity 	all create 300 492845


fix 		NPT all npt temp $T $T ${tdamp} iso 0.0 0.0 ${pdamp}
fix 		NPT all npt temp 300 $T ${tdamp} iso 0.0 0.0 ${pdamp}
fix 		NPT all npt temp 300 300 ${tdamp} iso 0.0 0.0 ${pdamp}
fix 		NPT all npt temp 300 300 0.05 iso 0.0 0.0 ${pdamp}
fix 		NPT all npt temp 300 300 0.05 iso 0.0 0.0 0.5
thermo		100
thermo_style custom step lx press
run		${tnpt}
run		5000
Per MPI rank memory allocation (min/avg/max) = 4.114 | 4.114 | 4.114 Mbytes
Step Lx Press 
       1        271.5   -65952.076 
     100    267.90718    -25962.52 
     200    266.33762    -4370.108 
     300     265.9732    -571.8014 
     400    265.96409    151.22876 
     500    265.97406    328.73622 
     600    265.98503   -247.85919 
     700    265.98961    -110.1432 
     800    265.99037    330.04642 
     900    266.00724   -231.78271 
    1000    266.00693    21.154163 
    1100    266.00951    119.40255 
    1200    266.03108   -108.84925 
    1300     266.0098    103.51965 
    1400    266.04324   -90.878787 
    1500    266.02278    129.64767 
    1600    266.03186   -54.324258 
    1700     266.0369   -25.369939 
    1800    266.02151    102.48647 
    1900    266.03241   -94.719692 
    2000    266.03214    38.332068 
    2100    266.02297    29.726662 
    2200     266.0414   -125.02401 
    2300    266.02177    118.00768 
    2400    266.03546   -79.626016 
    2500    266.02829   -16.511695 
    2600    266.02675    43.255752 
    2700    266.03144   -14.468954 
    2800    266.02883   -3.9622111 
    2900    266.02886    29.408345 
    3000    266.03373   -11.974508 
    3100    266.02787    7.6598469 
    3200    266.03074   -1.3543527 
    3300     266.0253    29.934866 
    3400    266.02766   -13.392964 
    3500    266.03101    11.754337 
    3600    266.03476   -15.575821 
    3700    266.02405    30.202304 
    3800    266.02875   -4.6365185 
    3900    266.03349   -27.983742 
    4000    266.02252    31.714946 
    4100     266.0326   -13.921622 
    4200    266.03501   -25.590733 
    4300    266.01952    43.880872 
    4400    266.03971   -71.350589 
    4500    266.01975     70.83335 
    4600    266.03031   -42.624601 
    4700    266.03634   -20.155856 
    4800    266.01625    91.264431 
    4900    266.04429    -111.1154 
    5000    266.01672    102.88312 
    5001    266.01653    103.64395 
Loop time of 89.4173 on 32 procs for 5000 steps with 193600 atoms

Performance: 2.416 ns/day, 9.935 hours/ns, 55.918 timesteps/s
76.2% CPU use with 32 MPI tasks x no OpenMP threads

MPI task timing breakdown:
Section |  min time  |  avg time  |  max time  |%varavg| %total
---------------------------------------------------------------
Pair    | 51.214     | 52.376     | 58.097     |  17.7 | 58.57
Neigh   | 0.080922   | 0.084354   | 0.10161    |   1.4 |  0.09
Comm    | 12.392     | 21.814     | 28.047     |  71.3 | 24.40
Output  | 0.025603   | 0.034311   | 0.037182   |   1.1 |  0.04
Modify  | 8.3701     | 13.812     | 17.665     |  75.5 | 15.45
Other   |            | 1.297      |            |       |  1.45

Nlocal:    6050 ave 6088 max 6013 min
Histogram: 2 2 5 2 4 5 5 3 3 1
Nghost:    5892.5 ave 5929 max 5854 min
Histogram: 1 3 3 5 5 3 3 4 3 2
Neighs:    0 ave 0 max 0 min
Histogram: 32 0 0 0 0 0 0 0 0 0
FullNghs:  206189 ave 207530 max 204918 min
Histogram: 2 3 3 4 4 4 5 3 3 1

Total # of neighbors = 6598042
Ave neighs/atom = 34.0808
Neighbor list builds = 7
Dangerous builds = 0
unfix		NPT
variable	length equal lx/${LC}
variable	length equal lx/5.43

################### Geometrical Parameters After Relaxation ###############################
# Thermostat_width
variable	TW equal ${length}/40
variable	TW equal 48.9901527407399/40
# Hot_Start
variable	hs equal ${length}/4-${TW}
variable	hs equal 48.9901527407399/4-${TW}
variable	hs equal 48.9901527407399/4-1.2247538185185
# Hot_End
variable	he equal ${length}/4+${TW}
variable	he equal 48.9901527407399/4+${TW}
variable	he equal 48.9901527407399/4+1.2247538185185
# Cold_Start
variable	cs equal 3*${length}/4-${TW}
variable	cs equal 3*48.9901527407399/4-${TW}
variable	cs equal 3*48.9901527407399/4-1.2247538185185
# Cold_End
variable	ce equal 3*${length}/4+${TW}
variable	ce equal 3*48.9901527407399/4+${TW}
variable	ce equal 3*48.9901527407399/4+1.2247538185185
###########################################################################################

################### Defining Thermostat ###################################################
region 		hot block ${hs} ${he} EDGE EDGE EDGE EDGE
region 		hot block 11.0227843666665 ${he} EDGE EDGE EDGE EDGE
region 		hot block 11.0227843666665 13.4722920037035 EDGE EDGE EDGE EDGE
region 		cold block ${cs} ${ce} EDGE EDGE EDGE EDGE
region 		cold block 35.5178607370364 ${ce} EDGE EDGE EDGE EDGE
region 		cold block 35.5178607370364 37.9673683740734 EDGE EDGE EDGE EDGE
group		test region cold
9571 atoms in group test
group		test1 region hot
9586 atoms in group test1
compute		Thot all temp/region hot
compute         Tcold all temp/region cold
###########################################################################################

fix		NVT all nvt temp $T $T ${tdamp}
fix		NVT all nvt temp 300 $T ${tdamp}
fix		NVT all nvt temp 300 300 ${tdamp}
fix		NVT all nvt temp 300 300 0.05
thermo		1000
thermo_style	custom step temp
run		${tnvt}
run		40000
Per MPI rank memory allocation (min/avg/max) = 4.118 | 4.12 | 4.121 Mbytes
Step Temp 
    5001     298.4192 
    6000    299.37764 
    7000    297.61406 
    8000    299.28338 
    9000    299.36586 
   10000    299.03178 
   11000    300.41849 
   12000    302.24038 
   13000    299.74899 
   14000    300.35125 
   15000    299.04615 
   16000    300.59932 
   17000     300.1943 
   18000    300.11764 
   19000    299.43467 
   20000    299.50175 
   21000    299.54268 
   22000    299.91867 
   23000    298.26225 
   24000    299.76897 
   25000    299.70468 
   26000    300.46478 
   27000    301.61163 
   28000    299.26274 
   29000    299.78596 
   30000    298.76289 
   31000    299.32135 
   32000     299.7255 
   33000    300.48888 
   34000    300.76607 
   35000    299.46938 
   36000    299.61291 
   37000    299.01939 
   38000    298.58285 
   39000    298.90093 
   40000    300.24328 
   41000    298.46797 
   42000    299.71301 
   43000     300.1292 
   44000    299.19127 
   45000    300.21656 
   45001    300.19593 
Loop time of 643.213 on 32 procs for 40000 steps with 193600 atoms

Performance: 2.687 ns/day, 8.934 hours/ns, 62.188 timesteps/s
80.2% CPU use with 32 MPI tasks x no OpenMP threads

MPI task timing breakdown:
Section |  min time  |  avg time  |  max time  |%varavg| %total
---------------------------------------------------------------
Pair    | 415.13     | 421.12     | 426.3      |  15.1 | 65.47
Neigh   | 0          | 0          | 0          |   0.0 |  0.00
Comm    | 100.5      | 141.88     | 185.66     | 223.2 | 22.06
Output  | 0.02376    | 0.025988   | 0.029977   |   0.8 |  0.00
Modify  | 24.735     | 66.577     | 104.13     | 308.4 | 10.35
Other   |            | 13.61      |            |       |  2.12

Nlocal:    6050 ave 6099 max 6002 min
Histogram: 4 2 1 3 6 4 5 4 0 3
Nghost:    5892.16 ave 5941 max 5843 min
Histogram: 3 0 3 6 4 6 3 1 2 4
Neighs:    0 ave 0 max 0 min
Histogram: 32 0 0 0 0 0 0 0 0 0
FullNghs:  207541 ave 209216 max 205917 min
Histogram: 5 1 1 3 6 4 4 5 0 3

Total # of neighbors = 6641310
Ave neighs/atom = 34.3043
Neighbor list builds = 0
Dangerous builds = 0
velocity	all scale $T
velocity	all scale 300
unfix		NVT

fix		NVE all nve
fix		hot all langevin ${thi} ${thi} ${tdamp} 389516 tally yes
fix		hot all langevin 319.9225 ${thi} ${tdamp} 389516 tally yes
fix		hot all langevin 319.9225 319.9225 ${tdamp} 389516 tally yes
fix		hot all langevin 319.9225 319.9225 0.05 389516 tally yes
fix_modify	hot temp Thot
fix		cold all langevin ${tlo} ${tlo} ${tdamp} 46579 tally yes
fix		cold all langevin 280.0775 ${tlo} ${tdamp} 46579 tally yes
fix		cold all langevin 280.0775 280.0775 ${tdamp} 46579 tally yes
fix		cold all langevin 280.0775 280.0775 0.05 46579 tally yes
fix_modify	cold temp Tcold

thermo_style	custom step temp c_Thot c_Tcold f_hot f_cold
run		${t1nve}
run		100000
Per MPI rank memory allocation (min/avg/max) = 4.868 | 4.87 | 4.871 Mbytes
Step Temp c_Thot c_Tcold f_hot f_cold 
   45001          300    301.52546    295.55425           -0           -0 
   46000    299.96227    321.76074    283.45393   -72.446662    55.387534 
   47000    299.44252    319.51568    277.66862   -90.261812    84.696987 
   48000    299.81948    316.85846    278.61329   -105.06374    97.905469 
   49000    300.37661    323.96686     279.9768   -132.31375    118.39033 
   50000    299.79094    314.31775    280.81056   -146.22555    134.89946 
   51000    299.57381    318.68521    279.42588   -174.20621    155.24928 
   52000    300.30023    315.16306     278.8501   -192.92085    181.65822 
   53000    300.67389    318.39838    280.49289   -213.03435     198.8665 
   54000    299.61671    318.56459    280.24907    -240.1694    212.19143 
   55000    300.22206    319.17572    277.20144   -263.67646     243.7373 
   56000    300.01704    314.52638    275.41058   -286.21795    269.43845 
   57000    299.96712    322.59545    278.35407    -313.9874    295.68103 
   58000     299.6027     322.0016    279.07142   -336.44189    312.13186 
   59000     299.7737    321.20488    286.55883     -354.431     341.2645 
   60000    300.27682    323.13656    277.69962    -380.1537    378.97806 
   61000    298.63867    315.17564    278.52095   -399.23563    416.40504 
   62000    299.58688    320.56156    279.14612    -432.5231    434.20567 
   63000    300.15128    317.90505    280.41989    -457.5504    465.11209 
   64000    299.12173    316.77441    282.80682   -486.35337    485.89835 
   65000    299.58292    318.01156    278.20957   -507.40765    529.06208 
   66000    299.81497    319.93852    280.60569    -535.0535    548.96124 
   67000     299.0308    318.28588     281.8603    -561.7928    568.86995 
   68000    300.16399    317.12294    279.97411   -583.23591    594.59724 
   69000    299.94005    319.76591    283.17413    -610.0094    623.25073 
   70000    300.29039    322.32973    283.51422   -643.08537      637.064 
   71000    299.87621    325.32624    279.84037   -666.20191    673.51051 
   72000    300.05023     312.8595    280.30905   -684.81417     688.8856 
   73000    300.10581    320.66636    283.07761   -715.28957    723.80047 
   74000    300.35618    319.82018    279.47154   -737.91844    750.07136 
   75000    299.75897    323.46447    281.26798   -776.27021    766.09918 
   76000    299.91397    319.84169    279.92175   -797.54972    792.71374 
   77000     299.6546    317.42772    282.52434   -804.79618     813.4024 
   78000    300.08064    320.90256    281.27067   -842.62428    841.22752 
   79000    300.57209    318.40928    285.85733   -869.52984    858.19504 
   80000    301.24384    320.75129    282.84288   -900.85346    886.13073 
   81000    300.82449    323.61907    281.23914    -941.4021    920.16544 
   82000    300.64748    318.02747    283.50272   -958.17322    938.79508 
   83000    300.27364    318.56772    280.27784   -986.59097    984.19286 
   84000    300.10747    322.58566    277.54195   -1029.4333      1005.01 
   85000    300.41424     321.2024    281.98763   -1049.3095    1025.8558 
   86000    299.87801    316.12436    278.59936   -1073.2987    1063.8746 
   87000    299.89788    315.69957    277.24106   -1100.1182    1090.1777 
   88000    299.71621    321.02242    281.38626   -1113.7054     1114.131 
   89000    299.81416    319.77688    281.62329   -1141.9961    1145.4284 
   90000    299.99172    322.36992    280.58891   -1172.1233    1166.5145 
   91000    298.67413    314.74578    279.97508   -1185.3567    1195.6419 
   92000    300.09367    317.58564    284.69734   -1209.2772    1218.2955 
   93000    299.98497     319.3116    280.35986   -1247.4638    1238.6231 
   94000    300.08732    318.99797    283.75372   -1267.4134    1262.5153 
   95000    299.90265    320.82594    278.68923   -1298.9123    1299.7466 
   96000    299.82445    317.21788    278.56998   -1325.5703    1316.7691 
   97000     299.5169    317.97916    280.62222   -1350.4176    1344.8357 
   98000    300.29622    314.95063    284.77539   -1369.6444    1366.6556 
   99000    299.48324     314.6766    281.44143   -1391.7412    1396.4045 
  100000    299.72402    317.21439    282.48706   -1415.6191    1419.0465 
  101000    300.06538    326.42472    281.14289   -1462.0125     1444.233 
  102000    299.13875    315.72156    278.70494   -1473.9448    1477.6305 
  103000    299.44822    315.67539    279.80283   -1499.7092    1502.6827 
  104000    299.88075    320.34244    277.41608   -1533.4967    1537.6187 
  105000    300.22145    319.09095    282.04441   -1560.0413    1549.1032 
  106000    300.47448    324.73357    282.28369   -1596.5438    1586.2926 
  107000    299.78215    322.16706    287.34153   -1603.4981    1608.0542 
  108000    300.01925    317.21829    283.39587   -1634.0136    1640.2104 
  109000     300.1127    319.19325    278.84722   -1662.3164     1676.386 
  110000    299.91743    319.33817    285.51619   -1682.7061    1685.2811 
  111000     299.6562    324.52396    281.61268   -1726.8683    1720.9062 
  112000    299.88165    313.86469    282.16334   -1736.3744     1741.936 
  113000    300.55407    319.73679    282.31835   -1779.9608    1772.4392 
  114000     300.3303    318.17741    279.85838   -1808.4607    1786.3251 
  115000    300.42132    316.56822     280.7691   -1832.6571    1813.7724 
  116000    300.91353    323.21885    286.98077   -1871.5237    1826.8529 
  117000    300.97265    318.13491    281.03176   -1898.9774    1867.8459 
  118000    300.45673     315.4765    281.43857   -1923.5301    1890.9691 
  119000    301.22226    314.67235    279.28726   -1956.1024    1917.9314 
  120000    300.95667    319.58608    280.34647   -1986.4683    1946.4493 
  121000    301.79801    321.51576    282.27035   -2013.8824    1972.0903 
  122000    300.59573    320.63574    279.95234   -2033.3094     1996.297 
  123000    300.69374    317.55915    285.28208   -2052.5815    2017.2701 
  124000     300.2222    315.53252    282.74399   -2078.9502    2046.6381 
  125000    300.83444    320.76968    281.45004   -2099.7157    2072.1667 
  126000    300.77534    313.28475    282.14151   -2116.1497    2102.2184 
  127000    300.16329    316.75059    280.19888    -2136.388    2125.8433 
  128000    299.92158    316.18019    276.83448    -2171.609    2152.8827 
  129000    301.08314    320.96968    283.37102    -2192.102    2175.6456 
  130000    299.83256    316.49237    282.59581    -2209.593    2207.8263 
  131000    300.47768    318.33598    284.34028   -2241.1427    2229.0935 
  132000    300.18614    322.22608    285.89613   -2279.6468    2249.3008 
  133000    299.87217    317.59866    284.76246   -2296.8438    2287.2774 
  134000    300.23054    315.64721    282.28228   -2320.9792    2312.7831 
  135000    300.04717    322.26919    281.94771   -2366.9251     2339.447 
  136000    300.17327    322.78583    281.84533   -2384.7354    2364.9149 
  137000    299.87482    319.77353    278.59556   -2403.1912    2404.5338 
  138000     300.0333    318.60312    280.51043     -2427.08    2423.8605 
  139000    300.20413     316.2601    283.08062   -2441.4478     2450.462 
  140000    300.24982    319.94965    284.30225   -2476.8496    2478.3874 
  141000    299.94792    318.81657    283.07454   -2503.6089    2494.8243 
  142000    299.93092     319.3475    280.22885   -2541.5713    2527.7249 
  143000    299.50944    319.36993    281.35244    -2560.737    2548.0937 
  144000    300.30987    320.69776    282.05886    -2599.582    2579.8369 
  145000      300.434    322.23462    276.80945   -2628.1788    2611.8919 
  145001     300.3629    322.08765    276.85412   -2628.1752    2611.8693 
Loop time of 1763.61 on 32 procs for 100000 steps with 193600 atoms

Performance: 2.450 ns/day, 9.798 hours/ns, 56.702 timesteps/s
80.1% CPU use with 32 MPI tasks x no OpenMP threads

MPI task timing breakdown:
Section |  min time  |  avg time  |  max time  |%varavg| %total
---------------------------------------------------------------
Pair    | 1048.3     | 1062.2     | 1086.3     |  26.4 | 60.23
Neigh   | 0          | 0          | 0          |   0.0 |  0.00
Comm    | 263.43     | 370.95     | 468.33     | 336.5 | 21.03
Output  | 0.095358   | 0.10832    | 0.11126    |   0.9 |  0.01
Modify  | 193.42     | 295.95     | 396.85     | 365.8 | 16.78
Other   |            | 34.45      |            |       |  1.95

Nlocal:    6050 ave 6091 max 6011 min
Histogram: 3 3 2 5 3 2 7 5 0 2
Nghost:    5892.09 ave 5931 max 5851 min
Histogram: 2 0 5 6 3 3 4 2 4 3
Neighs:    0 ave 0 max 0 min
Histogram: 32 0 0 0 0 0 0 0 0 0
FullNghs:  207573 ave 209035 max 206219 min
Histogram: 3 4 2 4 2 3 7 3 2 2

Total # of neighbors = 6642342
Ave neighs/atom = 34.3096
Neighbor list builds = 0
Dangerous builds = 0

# thermal conductivity calculation
# reset langevin thermostats to zero energy accumulation
reset_timestep 0
thermo		$c
thermo		500000
compute		ke all ke/atom
variable	temp atom c_ke/1.5/8.617332478e-5
fix		hot all langevin ${thi} ${thi} ${tdamp} 389516 tally yes
fix		hot all langevin 319.9225 ${thi} ${tdamp} 389516 tally yes
fix		hot all langevin 319.9225 319.9225 ${tdamp} 389516 tally yes
fix		hot all langevin 319.9225 319.9225 0.05 389516 tally yes
fix_modify	hot temp Thot
fix		cold all langevin ${tlo} ${tlo} ${tdamp} 46579 tally yes
fix		cold all langevin 280.0775 ${tlo} ${tdamp} 46579 tally yes
fix		cold all langevin 280.0775 280.0775 ${tdamp} 46579 tally yes
fix		cold all langevin 280.0775 280.0775 0.05 46579 tally yes
fix_modify	cold temp Tcold

compute		ch all chunk/atom bin/1d x lower 0.02 units reduced
fix		11 all ave/chunk $a $b $c ch v_temp file sw_${P}.langevin
fix		11 all ave/chunk 100 $b $c ch v_temp file sw_${P}.langevin
fix		11 all ave/chunk 100 5000 $c ch v_temp file sw_${P}.langevin
fix		11 all ave/chunk 100 5000 500000 ch v_temp file sw_${P}.langevin
fix		11 all ave/chunk 100 5000 500000 ch v_temp file sw_12.langevin
thermo_style	custom step temp c_Thot c_Tcold f_hot f_cold

run		${t2nve}
run		500000
Per MPI rank memory allocation (min/avg/max) = 5.118 | 5.12 | 5.121 Mbytes
Step Temp c_Thot c_Tcold f_hot f_cold 
       0     300.3629    322.21665    276.68716           -0           -0 
  500000    299.28287    318.59299    283.86476   -13340.843    13389.018 
Loop time of 8761.27 on 32 procs for 500000 steps with 193600 atoms

Performance: 2.465 ns/day, 9.735 hours/ns, 57.069 timesteps/s
80.4% CPU use with 32 MPI tasks x no OpenMP threads

MPI task timing breakdown:
Section |  min time  |  avg time  |  max time  |%varavg| %total
---------------------------------------------------------------
Pair    | 5218.6     | 5313.8     | 5414.6     |  59.3 | 60.65
Neigh   | 0          | 0          | 0          |   0.0 |  0.00
Comm    | 1313       | 1831.6     | 2317.8     | 718.9 | 20.91
Output  | 0.000862   | 0.0016477  | 0.001716   |   0.4 |  0.00
Modify  | 951.9      | 1442.4     | 1924.7     | 793.2 | 16.46
Other   |            | 173.4      |            |       |  1.98

Nlocal:    6050 ave 6097 max 6012 min
Histogram: 3 2 4 3 6 7 4 0 2 1
Nghost:    5890.84 ave 5929 max 5846 min
Histogram: 1 1 2 4 7 5 4 3 2 3
Neighs:    0 ave 0 max 0 min
Histogram: 32 0 0 0 0 0 0 0 0 0
FullNghs:  207640 ave 209265 max 206332 min
Histogram: 3 2 5 2 5 7 3 2 2 1

Total # of neighbors = 6644480
Ave neighs/atom = 34.3207
Neighbor list builds = 0
Dangerous builds = 0
clear
next		P
jump		Si.in
Total wall time: 18:52:19
