# temperature
variable	T equal 300
#cold region temperature
#variable        tlo equal 275
variable        tlo equal ${T}-${L}*${cte}/4.0
variable        tlo equal 300-${L}*${cte}/4.0
variable        tlo equal 300-50*${cte}/4.0
variable        tlo equal 300-50*1.5938/4.0
#hot region temperature
#variable        thi equal ${cte}*${L}/2+${tlo}
variable        thi equal ${T}+${L}*${cte}/4.0
variable        thi equal 300+${L}*${cte}/4.0
variable        thi equal 300+50*${cte}/4.0
variable        thi equal 300+50*1.5938/4.0

#time step (picoseconds)
variable	dt equal 0.0005 # 0.5 femtoseconds
#number of time steps for NPT
variable	tnpt equal 5000
#number of time steps for NVT
variable	tnvt equal 40000
#number of time steps for first NVE
variable	t1nve equal 100000
#number of time steps for second NVE
variable	t2nve equal 500000

################### Variable Based on LAMMPS Documentation ######################
variable	a equal 100
variable	c equal ${t2nve}
variable	c equal 500000
variable	b equal $c/$a
variable	b equal 500000/$a
variable	b equal 500000/100
variable	tdamp equal ${dt}*100
variable	tdamp equal 0.0005*100
variable	pdamp equal ${dt}*1000
variable	pdamp equal 0.0005*1000

#----------------------------------------------------------------------------------------
# setup problem
dimension       3
boundary        p p p
atom_style      atomic
lattice 	diamond ${LC} origin 0.0 0.0 0.0 orient x 1 0 0 orient y 0 1 0 orient z 0 0 1
lattice 	diamond 5.43 origin 0.0 0.0 0.0 orient x 1 0 0 orient y 0 1 0 orient z 0 0 1
Lattice spacing in x,y,z = 5.43 5.43 5.43
region          0 block 0 $L 0 $W 0 $H units lattice side in
region          0 block 0 50 0 $W 0 $H units lattice side in
region          0 block 0 50 0 22 0 $H units lattice side in
region          0 block 0 50 0 22 0 22 units lattice side in
create_box      1 0
Created orthogonal box = (0 0 0) to (271.5 119.46 119.46)
  8 by 2 by 2 MPI processor grid
create_atoms    1 region 0
Created 193600 atoms
mass		1 28.0855
#dump		1 all xyz 1000 Si_W_${W}nm.xyz
#dump_modify	1 element Si

############################################
pair_style   sw
pair_coeff   * * Si${P}.sw Si
pair_coeff   * * Si13.sw Si
thermo		100
thermo_style custom step lx
min_style cg
minimize 0.0 1.0e-8 10000 100000
WARNING: Using 'neigh_modify every 1 delay 0 check yes' setting during minimization (../min.cpp:168)
Neighbor list info ...
  update every 1 steps, delay 0 steps, check yes
  max neighbors/atom: 2000, page size: 100000
  master list distance cutoff = 5.44252
  ghost atom cutoff = 5.44252
  binsize = 2.72126, bins = 100 44 44
  1 neighbor lists, perpetual/occasional/extra = 1 0 0
  (1) pair sw, perpetual
      attributes: full, newton on
      pair build: full/bin/atomonly
      stencil: full/bin/3d
      bin: standard
Per MPI rank memory allocation (min/avg/max) = 5.246 | 5.247 | 5.249 Mbytes
Step Lx 
       0        271.5 
       1        271.5 
Loop time of 0.0416248 on 32 procs for 1 steps with 193600 atoms

74.7% CPU use with 32 MPI tasks x no OpenMP threads

Minimization stats:
  Stopping criterion = force tolerance
  Energy initial, next-to-last, final = 
        -477568.969992     -477568.969992     -477568.969992
  Force two-norm initial, final = 6.02015e-11 6.0162e-11
  Force max component initial, final = 3.48386e-13 3.50211e-13
  Final line search alpha, max atom move = 1 3.50211e-13
  Iterations, force evaluations = 1 2

MPI task timing breakdown:
Section |  min time  |  avg time  |  max time  |%varavg| %total
---------------------------------------------------------------
Pair    | 0.024582   | 0.024942   | 0.025595   |   0.2 | 59.92
Neigh   | 0          | 0          | 0          |   0.0 |  0.00
Comm    | 0.006613   | 0.0096248  | 0.012863   |   1.9 | 23.12
Output  | 0          | 0          | 0          |   0.0 |  0.00
Modify  | 0          | 0          | 0          |   0.0 |  0.00
Other   |            | 0.007057   |            |       | 16.96

Nlocal:    6050 ave 6050 max 6050 min
Histogram: 32 0 0 0 0 0 0 0 0 0
Nghost:    5892.5 ave 5893 max 5892 min
Histogram: 16 0 0 0 0 0 0 0 0 16
Neighs:    0 ave 0 max 0 min
Histogram: 32 0 0 0 0 0 0 0 0 0
FullNghs:  205700 ave 205700 max 205700 min
Histogram: 32 0 0 0 0 0 0 0 0 0

Total # of neighbors = 6582400
Ave neighs/atom = 34
Neighbor list builds = 0
Dangerous builds = 0
timestep     ${dt}
timestep     0.0005
velocity 	all create $T 492845
velocity 	all create 300 492845


fix 		NPT all npt temp $T $T ${tdamp} iso 0.0 0.0 ${pdamp}
fix 		NPT all npt temp 300 $T ${tdamp} iso 0.0 0.0 ${pdamp}
fix 		NPT all npt temp 300 300 ${tdamp} iso 0.0 0.0 ${pdamp}
fix 		NPT all npt temp 300 300 0.05 iso 0.0 0.0 ${pdamp}
fix 		NPT all npt temp 300 300 0.05 iso 0.0 0.0 0.5
thermo		100
thermo_style custom step lx press
run		${tnpt}
run		5000
Per MPI rank memory allocation (min/avg/max) = 4.121 | 4.122 | 4.124 Mbytes
Step Lx Press 
       1        271.5   -115373.05 
     100    266.39427   -75718.052 
     200    263.09375   -43513.582 
     300    260.97766   -20567.309 
     400    259.77665   -7463.6668 
     500    259.28896   -688.59785 
     600     259.2149   -299.78588 
     700    259.21206    269.16855 
     800     259.2281    -80.50864 
     900     259.2441    103.55089 
    1000    259.24936   -21.633866 
    1100    259.25872    9.1116529 
    1200    259.27192    82.468562 
    1300    259.27877   -98.867671 
    1400    259.27587    153.10061 
    1500    259.29509   -142.25698 
    1600     259.2775     124.9305 
    1700    259.28802    -137.6659 
    1800    259.27744    98.386864 
    1900    259.28446   -100.05328 
    2000    259.27721     72.69582 
    2100    259.28707   -74.450861 
    2200    259.28422    26.454296 
    2300    259.28157   -40.704369 
    2400    259.28373   -12.972568 
    2500    259.27849    13.622085 
    2600    259.28181   -58.696477 
    2700     259.2814    50.622349 
    2800    259.28375    -72.75046 
    2900    259.28043    54.351343 
    3000    259.28367   -65.855487 
    3100    259.27861     29.01085 
    3200    259.27895   -9.2102932 
    3300    259.28304   -2.4903107 
    3400    259.28166    13.582283 
    3500    259.28206    -11.91215 
    3600     259.2799    17.999581 
    3700    259.27671   -10.331367 
    3800    259.27832    26.941025 
    3900    259.28298   -1.1781431 
    4000    259.28273   -21.035177 
    4100    259.27495    15.139169 
    4200    259.27931   -1.1766739 
    4300    259.28421    -17.41162 
    4400    259.27559      3.00528 
    4500    259.27835    5.1292157 
    4600    259.28631    -25.96282 
    4700    259.27652   -27.367369 
    4800    259.27366    46.743569 
    4900    259.28819    -71.82838 
    5000    259.27214    21.798402 
    5001    259.27213    21.672945 
Loop time of 74.7651 on 32 procs for 5000 steps with 193600 atoms

Performance: 2.889 ns/day, 8.307 hours/ns, 66.876 timesteps/s
76.4% CPU use with 32 MPI tasks x no OpenMP threads

MPI task timing breakdown:
Section |  min time  |  avg time  |  max time  |%varavg| %total
---------------------------------------------------------------
Pair    | 43.961     | 44.656     | 45.361     |   5.2 | 59.73
Neigh   | 0.15797    | 0.16502    | 0.17163    |   0.8 |  0.22
Comm    | 11.281     | 16.527     | 21.589     |  80.9 | 22.11
Output  | 0.028523   | 0.033182   | 0.03698    |   1.6 |  0.04
Modify  | 6.9596     | 12.45      | 17.211     |  92.1 | 16.65
Other   |            | 0.9337     |            |       |  1.25

Nlocal:    6050 ave 6107 max 5991 min
Histogram: 1 1 4 4 6 5 5 4 1 1
Nghost:    5891.97 ave 5951 max 5835 min
Histogram: 1 1 4 4 6 7 3 4 1 1
Neighs:    0 ave 0 max 0 min
Histogram: 32 0 0 0 0 0 0 0 0 0
FullNghs:  205863 ave 207817 max 203802 min
Histogram: 1 1 4 4 5 6 5 4 1 1

Total # of neighbors = 6587606
Ave neighs/atom = 34.0269
Neighbor list builds = 15
Dangerous builds = 0
unfix		NPT
variable	length equal lx/${LC}
variable	length equal lx/5.43

################### Geometrical Parameters After Relaxation ###############################
# Thermostat_width
variable	TW equal ${length}/40
variable	TW equal 47.7480902712362/40
# Hot_Start
variable	hs equal ${length}/4-${TW}
variable	hs equal 47.7480902712362/4-${TW}
variable	hs equal 47.7480902712362/4-1.19370225678091
# Hot_End
variable	he equal ${length}/4+${TW}
variable	he equal 47.7480902712362/4+${TW}
variable	he equal 47.7480902712362/4+1.19370225678091
# Cold_Start
variable	cs equal 3*${length}/4-${TW}
variable	cs equal 3*47.7480902712362/4-${TW}
variable	cs equal 3*47.7480902712362/4-1.19370225678091
# Cold_End
variable	ce equal 3*${length}/4+${TW}
variable	ce equal 3*47.7480902712362/4+${TW}
variable	ce equal 3*47.7480902712362/4+1.19370225678091
###########################################################################################

################### Defining Thermostat ###################################################
region 		hot block ${hs} ${he} EDGE EDGE EDGE EDGE
region 		hot block 10.7433203110281 ${he} EDGE EDGE EDGE EDGE
region 		hot block 10.7433203110281 13.13072482459 EDGE EDGE EDGE EDGE
region 		cold block ${cs} ${ce} EDGE EDGE EDGE EDGE
region 		cold block 34.6173654466462 ${ce} EDGE EDGE EDGE EDGE
region 		cold block 34.6173654466462 37.0047699602081 EDGE EDGE EDGE EDGE
group		test region cold
9571 atoms in group test
group		test1 region hot
9584 atoms in group test1
compute		Thot all temp/region hot
compute         Tcold all temp/region cold
###########################################################################################

fix		NVT all nvt temp $T $T ${tdamp}
fix		NVT all nvt temp 300 $T ${tdamp}
fix		NVT all nvt temp 300 300 ${tdamp}
fix		NVT all nvt temp 300 300 0.05
thermo		1000
thermo_style	custom step temp
run		${tnvt}
run		40000
Per MPI rank memory allocation (min/avg/max) = 4.125 | 4.125 | 4.128 Mbytes
Step Temp 
    5001    300.10653 
    6000    296.85096 
    7000    300.42613 
    8000    298.57638 
    9000    301.01269 
   10000     298.5312 
   11000     299.4385 
   12000    299.14509 
   13000    299.58726 
   14000    297.95262 
   15000    299.33804 
   16000     299.5833 
   17000    299.39313 
   18000    300.13316 
   19000    298.89448 
   20000    302.09508 
   21000    299.81311 
   22000    300.32049 
   23000    299.34341 
   24000    300.85434 
   25000    300.44757 
   26000    299.09752 
   27000    300.73476 
   28000     300.7673 
   29000     299.2156 
   30000    299.50732 
   31000    299.86748 
   32000    300.32373 
   33000    299.66679 
   34000    299.33351 
   35000    300.52229 
   36000    300.58545 
   37000     299.3929 
   38000    299.82051 
   39000    300.00479 
   40000    300.95993 
   41000    299.43017 
   42000    300.00573 
   43000    300.91829 
   44000    299.28499 
   45000    300.71595 
   45001    300.73814 
Loop time of 578.108 on 32 procs for 40000 steps with 193600 atoms

Performance: 2.989 ns/day, 8.029 hours/ns, 69.191 timesteps/s
76.3% CPU use with 32 MPI tasks x no OpenMP threads

MPI task timing breakdown:
Section |  min time  |  avg time  |  max time  |%varavg| %total
---------------------------------------------------------------
Pair    | 349.19     | 354.04     | 359.47     |  15.5 | 61.24
Neigh   | 0          | 0          | 0          |   0.0 |  0.00
Comm    | 99.034     | 141.23     | 184.11     | 218.6 | 24.43
Output  | 0.023328   | 0.025647   | 0.029193   |   1.1 |  0.00
Modify  | 28.508     | 68.842     | 106.71     | 304.1 | 11.91
Other   |            | 13.97      |            |       |  2.42

Nlocal:    6050 ave 6088 max 5986 min
Histogram: 1 0 0 3 4 7 4 5 6 2
Nghost:    5888.62 ave 5950 max 5847 min
Histogram: 2 2 7 6 4 5 4 1 0 1
Neighs:    0 ave 0 max 0 min
Histogram: 32 0 0 0 0 0 0 0 0 0
FullNghs:  206717 ave 208159 max 204563 min
Histogram: 1 0 1 4 6 4 4 8 2 2

Total # of neighbors = 6614952
Ave neighs/atom = 34.1681
Neighbor list builds = 0
Dangerous builds = 0
velocity	all scale $T
velocity	all scale 300
unfix		NVT

fix		NVE all nve
fix		hot all langevin ${thi} ${thi} ${tdamp} 389516 tally yes
fix		hot all langevin 319.9225 ${thi} ${tdamp} 389516 tally yes
fix		hot all langevin 319.9225 319.9225 ${tdamp} 389516 tally yes
fix		hot all langevin 319.9225 319.9225 0.05 389516 tally yes
fix_modify	hot temp Thot
fix		cold all langevin ${tlo} ${tlo} ${tdamp} 46579 tally yes
fix		cold all langevin 280.0775 ${tlo} ${tdamp} 46579 tally yes
fix		cold all langevin 280.0775 280.0775 ${tdamp} 46579 tally yes
fix		cold all langevin 280.0775 280.0775 0.05 46579 tally yes
fix_modify	cold temp Tcold

thermo_style	custom step temp c_Thot c_Tcold f_hot f_cold
run		${t1nve}
run		100000
Per MPI rank memory allocation (min/avg/max) = 4.875 | 4.875 | 4.878 Mbytes
Step Temp c_Thot c_Tcold f_hot f_cold 
   45001          300    301.77223    302.79477           -0           -0 
   46000     300.1787    319.98645    280.76023   -76.576638    72.747019 
   47000    299.90035    320.36631    281.49596   -96.686028    90.417964 
   48000    299.98714     321.1892    279.62204    -109.8913    109.89453 
   49000    300.36785    319.37692    282.45319   -131.93457    128.03544 
   50000    300.09486    313.81478    282.55069    -150.9717    139.56672 
   51000    300.55887    321.09763    280.17052   -176.83342    153.77765 
   52000    300.88833    323.47593    280.81055   -191.81028    173.19812 
   53000    299.84102       321.61    279.37476   -205.31113    185.89487 
   54000    300.89316    323.29768    281.27078   -235.24693    201.39939 
   55000    300.19208    318.20426    280.46792   -245.31496    210.75666 
   56000    300.16173    316.61087     277.0065   -265.83894    234.21457 
   57000    300.01765     318.8534    281.26945   -289.46284    267.16032 
   58000    299.98271    318.91551    280.38374   -312.48195     287.9571 
   59000    300.74594    320.97163    286.30424   -337.00524    295.57256 
   60000    300.42946    319.39697    282.74461   -353.16352    327.53428 
   61000    300.09493    321.24279    279.92016   -376.46246    348.02327 
   62000    300.22916    319.42254    281.91582     -399.607    363.36046 
   63000    299.47564    320.09078    281.71249   -422.15394    389.84279 
   64000    300.79097    320.70179    282.02702   -441.32946    412.87025 
   65000    299.75318    318.61489    278.75445    -450.9811    436.36026 
   66000    300.06551    321.35225     278.9724    -477.8343     459.1311 
   67000    299.79978     317.7412    281.51661   -503.91705    479.69713 
   68000    300.15727    320.39442     281.1811   -529.27066    504.58638 
   69000    299.90843    315.93326    280.42753   -530.83758    523.07846 
   70000    300.47684    320.47996    279.25642   -558.55646    540.42515 
   71000    300.32338    319.18489    280.28602   -589.64171    562.85212 
   72000    300.40426    318.66742    280.16955   -603.00491    590.83201 
   73000    300.16348    318.72503    274.72414   -623.21632    607.95683 
   74000    300.50106    318.54887    280.71219   -650.92468    633.66996 
   75000    299.39758    318.04879    280.26835   -668.05889    657.83309 
   76000    299.82672    322.64174    279.87439   -695.06127    674.49077 
   77000    299.38399    322.64369     282.7212   -708.43555    687.10564 
   78000    300.17521    323.04286    281.72803   -728.22339     717.4378 
   79000    300.16732    319.06337    282.77175   -739.64149    728.37546 
   80000    299.26321    319.67368    277.90684   -763.97796    744.21087 
   81000    300.51834    317.50963    282.81226   -777.28134    768.71278 
   82000     300.4703    320.91542    277.28046   -810.30128    796.19087 
   83000    299.59785    319.71415    276.73779   -833.87129    821.59835 
   84000    299.97847    315.66052    284.93423   -842.49252    835.25534 
   85000    299.23599    317.48281    282.76675    -877.8253    859.28894 
   86000    300.47432    318.24362    281.94311   -892.68128    888.39533 
   87000    299.26953    320.63266     279.4304   -930.38657    907.36156 
   88000    300.07952    320.09635    283.23044   -954.83387    924.77043 
   89000    301.29774    321.51056    281.93814   -975.09432    954.91361 
   90000    300.41185    318.67631    276.28825   -1001.2962      989.344 
   91000    300.22255    318.86756    279.54198   -1013.1055    1008.7374 
   92000     299.9654    317.32689    284.30373   -1038.9554    1023.2635 
   93000    300.10838    317.71981    280.62342   -1061.7736    1055.2237 
   94000    300.02494    320.77119     281.3942    -1091.458    1072.7537 
   95000    298.96929    319.96739    277.87161    -1106.577    1117.6512 
   96000    300.02167    321.39496    283.00931   -1144.9807    1130.2512 
   97000    299.86842    317.00377    277.98626   -1148.7284    1151.3277 
   98000    298.72821     320.9823    281.16783   -1179.5801    1172.8461 
   99000    299.89814    321.13036    281.93889   -1201.5367    1195.4472 
  100000    299.53082    318.50574    281.14702    -1218.394    1219.7073 
  101000    298.73192    316.90554    280.62984    -1243.236    1248.0612 
  102000    300.52952    316.11022     281.2468   -1264.6758    1267.3379 
  103000     299.7845    317.62607    281.35885   -1290.8484    1290.7221 
  104000    300.27905    321.21661    284.52304   -1318.5493    1308.9281 
  105000    299.39937    316.43071    277.99078   -1342.1303    1343.4089 
  106000     300.1522    319.96178    280.17791   -1369.4613    1360.7784 
  107000      299.274    320.05547    280.75644   -1393.0315    1385.5403 
  108000     299.7033    322.98087    282.21278   -1415.5507     1406.366 
  109000    300.35766    323.07424    284.48392   -1441.6234    1416.9839 
  110000      300.116    316.26974    281.79202   -1451.8093    1444.2309 
  111000    299.28321    320.43111    281.18647   -1481.1642    1469.1008 
  112000    299.86539    317.77356    279.49748   -1497.1597    1493.5097 
  113000    299.74546    320.32795    281.58848   -1512.1918    1518.7499 
  114000    298.64666    316.97369    278.78704   -1529.0572    1542.8951 
  115000    300.54809    322.87513    281.21678   -1568.3273     1567.028 
  116000     300.0186    320.87976    280.66564   -1580.6167    1587.4025 
  117000    299.25419    321.60939    279.87199   -1607.3413    1605.4438 
  118000    300.07521    319.67683    280.25127   -1623.1962    1622.1804 
  119000    299.39466    318.68715    277.35759   -1648.0505    1651.9668 
  120000    298.99763    319.20856    282.07045   -1663.0504    1667.9412 
  121000    299.31506    320.04718    281.07919   -1683.3811    1691.9353 
  122000    299.60591    323.18741    281.43986   -1708.4357    1714.0923 
  123000    300.03421    313.44858    283.36485   -1717.6737    1728.4867 
  124000    299.07361    319.77431    280.21872    -1741.156    1754.6335 
  125000    299.52441    320.32889    279.87913   -1767.3615    1781.8825 
  126000    299.85673    323.99795    280.69912   -1794.3082    1800.1963 
  127000      298.945    316.61185    281.85262   -1792.1981    1819.6123 
  128000    299.84211      320.302    282.00877   -1831.2114    1844.3729 
  129000    299.24141    317.70641     278.8966   -1860.3923    1870.5284 
  130000    299.41887    318.31979    281.35824   -1888.1038    1885.6969 
  131000    299.56148    324.00407    282.14479   -1907.3622    1906.9043 
  132000     300.0378    325.39986    284.00703   -1935.8398    1935.0212 
  133000    299.74792     322.3425    275.75797   -1948.3843    1970.0681 
  134000    299.70763     320.8432    282.41989   -1972.6467    1974.9788 
  135000    299.52781    317.85212    277.77656   -1986.5809    2009.6305 
  136000     299.3051    318.80181    282.24308   -2016.5595    2021.1217 
  137000    300.18674    321.91917    277.50017   -2044.2332    2054.9943 
  138000    300.21295     320.5215    281.79086   -2062.0171    2071.0561 
  139000    298.56388    322.01363    277.63343   -2078.1915    2119.1068 
  140000    299.50665    317.77599    281.69367   -2104.8328    2122.8324 
  141000    299.06257    316.87428    279.18063   -2127.4459    2154.5182 
  142000    299.94451    324.31556    281.95522   -2158.8509    2171.0864 
  143000    299.22255    323.41491     283.4408   -2176.9442     2191.783 
  144000    299.29671    317.83933    283.34572    -2192.992    2217.8787 
  145000    298.83315    318.30705    280.79157    -2217.741    2253.4953 
  145001    298.85063    318.43041     281.1131   -2218.0341    2253.3093 
Loop time of 1577.78 on 32 procs for 100000 steps with 193600 atoms

Performance: 2.738 ns/day, 8.765 hours/ns, 63.380 timesteps/s
77.2% CPU use with 32 MPI tasks x no OpenMP threads

MPI task timing breakdown:
Section |  min time  |  avg time  |  max time  |%varavg| %total
---------------------------------------------------------------
Pair    | 882.54     | 893.05     | 915.3      |  22.4 | 56.60
Neigh   | 0          | 0          | 0          |   0.0 |  0.00
Comm    | 241.4      | 357.02     | 460.47     | 347.4 | 22.63
Output  | 0.099464   | 0.10505    | 0.10818    |   0.8 |  0.01
Modify  | 194.27     | 293.81     | 391.07     | 371.6 | 18.62
Other   |            | 33.79      |            |       |  2.14

Nlocal:    6050 ave 6116 max 6014 min
Histogram: 4 5 7 3 5 3 2 2 0 1
Nghost:    5889.41 ave 5925 max 5827 min
Histogram: 1 0 2 4 2 3 5 5 7 3
Neighs:    0 ave 0 max 0 min
Histogram: 32 0 0 0 0 0 0 0 0 0
FullNghs:  206791 ave 209196 max 205465 min
Histogram: 4 5 7 2 6 4 2 1 0 1

Total # of neighbors = 6617306
Ave neighs/atom = 34.1803
Neighbor list builds = 0
Dangerous builds = 0

# thermal conductivity calculation
# reset langevin thermostats to zero energy accumulation
reset_timestep 0
thermo		$c
thermo		500000
compute		ke all ke/atom
variable	temp atom c_ke/1.5/8.617332478e-5
fix		hot all langevin ${thi} ${thi} ${tdamp} 389516 tally yes
fix		hot all langevin 319.9225 ${thi} ${tdamp} 389516 tally yes
fix		hot all langevin 319.9225 319.9225 ${tdamp} 389516 tally yes
fix		hot all langevin 319.9225 319.9225 0.05 389516 tally yes
fix_modify	hot temp Thot
fix		cold all langevin ${tlo} ${tlo} ${tdamp} 46579 tally yes
fix		cold all langevin 280.0775 ${tlo} ${tdamp} 46579 tally yes
fix		cold all langevin 280.0775 280.0775 ${tdamp} 46579 tally yes
fix		cold all langevin 280.0775 280.0775 0.05 46579 tally yes
fix_modify	cold temp Tcold

compute		ch all chunk/atom bin/1d x lower 0.02 units reduced
fix		11 all ave/chunk $a $b $c ch v_temp file sw_${P}.langevin
fix		11 all ave/chunk 100 $b $c ch v_temp file sw_${P}.langevin
fix		11 all ave/chunk 100 5000 $c ch v_temp file sw_${P}.langevin
fix		11 all ave/chunk 100 5000 500000 ch v_temp file sw_${P}.langevin
fix		11 all ave/chunk 100 5000 500000 ch v_temp file sw_13.langevin
thermo_style	custom step temp c_Thot c_Tcold f_hot f_cold

run		${t2nve}
run		500000
Per MPI rank memory allocation (min/avg/max) = 5.125 | 5.126 | 5.128 Mbytes
Step Temp c_Thot c_Tcold f_hot f_cold 
       0    298.85063    318.36391    281.13035           -0           -0 
  500000    298.64446     320.2729    279.99637   -11165.197    11123.093 
Loop time of 7952.55 on 32 procs for 500000 steps with 193600 atoms

Performance: 2.716 ns/day, 8.836 hours/ns, 62.873 timesteps/s
76.9% CPU use with 32 MPI tasks x no OpenMP threads

MPI task timing breakdown:
Section |  min time  |  avg time  |  max time  |%varavg| %total
---------------------------------------------------------------
Pair    | 4427.1     | 4471.5     | 4566.8     |  50.8 | 56.23
Neigh   | 0          | 0          | 0          |   0.0 |  0.00
Comm    | 1249.6     | 1812.4     | 2298.7     | 761.6 | 22.79
Output  | 0.000897   | 0.0020688  | 0.002298   |   0.6 |  0.00
Modify  | 1017.8     | 1497.7     | 1989.3     | 811.0 | 18.83
Other   |            | 171        |            |       |  2.15

Nlocal:    6050 ave 6086 max 6017 min
Histogram: 4 2 6 0 8 0 3 2 3 4
Nghost:    5886.62 ave 5920 max 5851 min
Histogram: 5 2 3 2 1 6 1 6 2 4
Neighs:    0 ave 0 max 0 min
Histogram: 32 0 0 0 0 0 0 0 0 0
FullNghs:  206886 ave 208281 max 205701 min
Histogram: 4 4 4 2 5 1 4 2 3 3

Total # of neighbors = 6620336
Ave neighs/atom = 34.196
Neighbor list builds = 0
Dangerous builds = 0
clear
next		P
jump		Si.in
 units       metal
#----------------------------- User Input Variables --------------------------------------
################### Geometrical Parameters ###############################
variable	P index 13 14 15 16
variable	W equal 22
# Lattice Constant
variable	LC equal 5.43
# Length
variable	L equal 50
# Width
#variable	W equal 6
# Height
variable	H equal ${W}
variable	H equal 22
################### Simulation Condition ###############################
#DT/DX=cte
variable	cte equal 1.5938
log         sw_${P}.log
log         sw_14.log
