# temperature
variable	T equal 300
#cold region temperature
#variable        tlo equal 275
variable        tlo equal ${T}-${L}*${cte}/4.0
variable        tlo equal 300-${L}*${cte}/4.0
variable        tlo equal 300-50*${cte}/4.0
variable        tlo equal 300-50*1.5938/4.0
#hot region temperature
#variable        thi equal ${cte}*${L}/2+${tlo}
variable        thi equal ${T}+${L}*${cte}/4.0
variable        thi equal 300+${L}*${cte}/4.0
variable        thi equal 300+50*${cte}/4.0
variable        thi equal 300+50*1.5938/4.0

#time step (picoseconds)
variable	dt equal 0.0005 # 0.5 femtoseconds
#number of time steps for NPT
variable	tnpt equal 5000
#number of time steps for NVT
variable	tnvt equal 40000
#number of time steps for first NVE
variable	t1nve equal 100000
#number of time steps for second NVE
variable	t2nve equal 500000

################### Variable Based on LAMMPS Documentation ######################
variable	a equal 100
variable	c equal ${t2nve}
variable	c equal 500000
variable	b equal $c/$a
variable	b equal 500000/$a
variable	b equal 500000/100
variable	tdamp equal ${dt}*100
variable	tdamp equal 0.0005*100
variable	pdamp equal ${dt}*1000
variable	pdamp equal 0.0005*1000

#----------------------------------------------------------------------------------------
# setup problem
dimension       3
boundary        p p p
atom_style      atomic
lattice 	diamond ${LC} origin 0.0 0.0 0.0 orient x 1 0 0 orient y 0 1 0 orient z 0 0 1
lattice 	diamond 5.43 origin 0.0 0.0 0.0 orient x 1 0 0 orient y 0 1 0 orient z 0 0 1
Lattice spacing in x,y,z = 5.43 5.43 5.43
region          0 block 0 $L 0 $W 0 $H units lattice side in
region          0 block 0 50 0 $W 0 $H units lattice side in
region          0 block 0 50 0 22 0 $H units lattice side in
region          0 block 0 50 0 22 0 22 units lattice side in
create_box      1 0
Created orthogonal box = (0 0 0) to (271.5 119.46 119.46)
  8 by 2 by 2 MPI processor grid
create_atoms    1 region 0
Created 193600 atoms
mass		1 28.0855
#dump		1 all xyz 1000 Si_W_${W}nm.xyz
#dump_modify	1 element Si

############################################
pair_style   sw
pair_coeff   * * Si${P}.sw Si
pair_coeff   * * Si24.sw Si
thermo		100
thermo_style custom step lx
min_style cg
minimize 0.0 1.0e-8 10000 100000
WARNING: Using 'neigh_modify every 1 delay 0 check yes' setting during minimization (../min.cpp:168)
Neighbor list info ...
  update every 1 steps, delay 0 steps, check yes
  max neighbors/atom: 2000, page size: 100000
  master list distance cutoff = 5.74443
  ghost atom cutoff = 5.74443
  binsize = 2.87221, bins = 95 42 42
  1 neighbor lists, perpetual/occasional/extra = 1 0 0
  (1) pair sw, perpetual
      attributes: full, newton on
      pair build: full/bin/atomonly
      stencil: full/bin/3d
      bin: standard
Per MPI rank memory allocation (min/avg/max) = 5.239 | 5.24 | 5.242 Mbytes
Step Lx 
       0        271.5 
       1        271.5 
Loop time of 0.0413097 on 32 procs for 1 steps with 193600 atoms

77.4% CPU use with 32 MPI tasks x no OpenMP threads

Minimization stats:
  Stopping criterion = force tolerance
  Energy initial, next-to-last, final = 
        -835297.529855     -835297.529855     -835297.529855
  Force two-norm initial, final = 1.03383e-10 1.03307e-10
  Force max component initial, final = 6.03147e-13 6.07042e-13
  Final line search alpha, max atom move = 1 6.07042e-13
  Iterations, force evaluations = 1 2

MPI task timing breakdown:
Section |  min time  |  avg time  |  max time  |%varavg| %total
---------------------------------------------------------------
Pair    | 0.024669   | 0.025014   | 0.027363   |   0.3 | 60.55
Neigh   | 0          | 0          | 0          |   0.0 |  0.00
Comm    | 0.004468   | 0.0092275  | 0.012945   |   2.3 | 22.34
Output  | 0          | 0          | 0          |   0.0 |  0.00
Modify  | 0          | 0          | 0          |   0.0 |  0.00
Other   |            | 0.007068   |            |       | 17.11

Nlocal:    6050 ave 6050 max 6050 min
Histogram: 32 0 0 0 0 0 0 0 0 0
Nghost:    5892.5 ave 5893 max 5892 min
Histogram: 16 0 0 0 0 0 0 0 0 16
Neighs:    0 ave 0 max 0 min
Histogram: 32 0 0 0 0 0 0 0 0 0
FullNghs:  205700 ave 205700 max 205700 min
Histogram: 32 0 0 0 0 0 0 0 0 0

Total # of neighbors = 6582400
Ave neighs/atom = 34
Neighbor list builds = 0
Dangerous builds = 0
timestep     ${dt}
timestep     0.0005
velocity 	all create $T 492845
velocity 	all create 300 492845


fix 		NPT all npt temp $T $T ${tdamp} iso 0.0 0.0 ${pdamp}
fix 		NPT all npt temp 300 $T ${tdamp} iso 0.0 0.0 ${pdamp}
fix 		NPT all npt temp 300 300 ${tdamp} iso 0.0 0.0 ${pdamp}
fix 		NPT all npt temp 300 300 0.05 iso 0.0 0.0 ${pdamp}
fix 		NPT all npt temp 300 300 0.05 iso 0.0 0.0 0.5
thermo		100
thermo_style custom step lx press
run		${tnpt}
run		5000
Per MPI rank memory allocation (min/avg/max) = 4.114 | 4.115 | 4.117 Mbytes
Step Lx Press 
       1        271.5   -16191.456 
     100    270.03978    686.47913 
     200    270.13919   -217.45472 
     300    270.10746    71.219709 
     400    270.13745   -40.871279 
     500    270.14787    69.624836 
     600    270.16131   -12.575708 
     700    270.18371   -22.670374 
     800    270.19362    15.082095 
     900    270.21463   -25.529163 
    1000      270.227    69.730579 
    1100    270.24395   -5.0639052 
    1200    270.25976   -19.380977 
    1300       270.27    36.362484 
    1400    270.28203   -8.3591966 
    1500    270.28596    10.497943 
    1600     270.2886   -6.1526363 
    1700    270.28237   -4.1244631 
    1800    270.27784    5.4558434 
    1900    270.27687     9.898229 
    2000    270.27852    3.5096546 
    2100    270.28455    5.4288718 
    2200    270.28507   -12.581079 
    2300    270.28291   -14.051113 
    2400    270.28197     -1.07774 
    2500    270.27557    36.198524 
    2600    270.28253   -48.821979 
    2700    270.27934     49.59631 
    2800    270.27977    5.5244462 
    2900     270.2969   -139.59023 
    3000    270.26666    204.53446 
    3100    270.28509   -96.239578 
    3200    270.28655   -74.842746 
    3300     270.2663    169.75451 
    3400    270.29495   -141.86642 
    3500    270.27836    65.658472 
    3600    270.28104   0.94872291 
    3700     270.2879   -77.718191 
    3800    270.26877    114.38697 
    3900    270.29044   -122.01387 
    4000    270.27694    60.440679 
    4100    270.28092    27.818777 
    4200    270.28988   -73.561793 
    4300    270.27347    82.004624 
    4400    270.28582   -71.998032 
    4500    270.27592    43.020899 
    4600    270.28279   -10.402792 
    4700    270.28494   -19.146219 
    4800    270.27791    35.451723 
    4900    270.28656   -44.801137 
    5000    270.27531     48.38064 
    5001     270.2753    49.199816 
Loop time of 106.838 on 32 procs for 5000 steps with 193600 atoms

Performance: 2.022 ns/day, 11.871 hours/ns, 46.800 timesteps/s
78.8% CPU use with 32 MPI tasks x no OpenMP threads

MPI task timing breakdown:
Section |  min time  |  avg time  |  max time  |%varavg| %total
---------------------------------------------------------------
Pair    | 67.752     | 69.111     | 73.758     |  15.7 | 64.69
Neigh   | 0.011806   | 0.012403   | 0.01314    |   0.4 |  0.01
Comm    | 11.811     | 21.521     | 28.612     |  98.3 | 20.14
Output  | 0.02861    | 0.03226    | 0.035396   |   1.2 |  0.03
Modify  | 7.0524     | 15.089     | 24.608     | 117.8 | 14.12
Other   |            | 1.072      |            |       |  1.00

Nlocal:    6050 ave 6087 max 6012 min
Histogram: 2 1 1 5 5 6 6 3 1 2
Nghost:    5892.5 ave 5931 max 5856 min
Histogram: 2 0 4 6 6 5 5 1 1 2
Neighs:    0 ave 0 max 0 min
Histogram: 32 0 0 0 0 0 0 0 0 0
FullNghs:  205794 ave 207055 max 204499 min
Histogram: 2 1 1 7 3 6 6 4 0 2

Total # of neighbors = 6585410
Ave neighs/atom = 34.0155
Neighbor list builds = 1
Dangerous builds = 0
unfix		NPT
variable	length equal lx/${LC}
variable	length equal lx/5.43

################### Geometrical Parameters After Relaxation ###############################
# Thermostat_width
variable	TW equal ${length}/40
variable	TW equal 49.7744570837282/40
# Hot_Start
variable	hs equal ${length}/4-${TW}
variable	hs equal 49.7744570837282/4-${TW}
variable	hs equal 49.7744570837282/4-1.24436142709321
# Hot_End
variable	he equal ${length}/4+${TW}
variable	he equal 49.7744570837282/4+${TW}
variable	he equal 49.7744570837282/4+1.24436142709321
# Cold_Start
variable	cs equal 3*${length}/4-${TW}
variable	cs equal 3*49.7744570837282/4-${TW}
variable	cs equal 3*49.7744570837282/4-1.24436142709321
# Cold_End
variable	ce equal 3*${length}/4+${TW}
variable	ce equal 3*49.7744570837282/4+${TW}
variable	ce equal 3*49.7744570837282/4+1.24436142709321
###########################################################################################

################### Defining Thermostat ###################################################
region 		hot block ${hs} ${he} EDGE EDGE EDGE EDGE
region 		hot block 11.1992528438388 ${he} EDGE EDGE EDGE EDGE
region 		hot block 11.1992528438388 13.6879756980253 EDGE EDGE EDGE EDGE
region 		cold block ${cs} ${ce} EDGE EDGE EDGE EDGE
region 		cold block 36.0864813857029 ${ce} EDGE EDGE EDGE EDGE
region 		cold block 36.0864813857029 38.5752042398894 EDGE EDGE EDGE EDGE
group		test region cold
9567 atoms in group test
group		test1 region hot
9577 atoms in group test1
compute		Thot all temp/region hot
compute         Tcold all temp/region cold
###########################################################################################

fix		NVT all nvt temp $T $T ${tdamp}
fix		NVT all nvt temp 300 $T ${tdamp}
fix		NVT all nvt temp 300 300 ${tdamp}
fix		NVT all nvt temp 300 300 0.05
thermo		1000
thermo_style	custom step temp
run		${tnvt}
run		40000
Per MPI rank memory allocation (min/avg/max) = 4.118 | 4.119 | 4.121 Mbytes
Step Temp 
    5001    297.81687 
    6000    300.44734 
    7000    299.06038 
    8000    300.77478 
    9000    299.14212 
   10000     298.4522 
   11000    300.16417 
   12000    299.78756 
   13000    299.84744 
   14000    299.87179 
   15000    299.37741 
   16000    300.06908 
   17000    299.52549 
   18000    299.39956 
   19000    300.47459 
   20000    298.43916 
   21000    300.83981 
   22000    299.01811 
   23000    301.43858 
   24000    299.91876 
   25000    301.47292 
   26000    300.42203 
   27000    300.50179 
   28000    298.91207 
   29000     300.5619 
   30000    300.34651 
   31000    301.17193 
   32000     299.9083 
   33000    299.35805 
   34000    300.94629 
   35000    301.33827 
   36000    300.06784 
   37000    299.48314 
   38000    299.03735 
   39000    300.38546 
   40000    300.29399 
   41000    300.34654 
   42000    299.31289 
   43000    300.56725 
   44000    299.96883 
   45000    299.03972 
   45001    299.02515 
Loop time of 817.922 on 32 procs for 40000 steps with 193600 atoms

Performance: 2.113 ns/day, 11.360 hours/ns, 48.904 timesteps/s
81.4% CPU use with 32 MPI tasks x no OpenMP threads

MPI task timing breakdown:
Section |  min time  |  avg time  |  max time  |%varavg| %total
---------------------------------------------------------------
Pair    | 557.4      | 566.38     | 598.21     |  32.7 | 69.25
Neigh   | 0          | 0          | 0          |   0.0 |  0.00
Comm    | 82.121     | 158.44     | 198.21     | 224.3 | 19.37
Output  | 0.022846   | 0.025454   | 0.029518   |   1.2 |  0.00
Modify  | 36.625     | 78.085     | 120.71     | 299.0 |  9.55
Other   |            | 14.99      |            |       |  1.83

Nlocal:    6050 ave 6127 max 5992 min
Histogram: 2 4 3 6 7 3 1 5 0 1
Nghost:    5892.5 ave 5951 max 5815 min
Histogram: 1 0 4 2 3 7 6 3 4 2
Neighs:    0 ave 0 max 0 min
Histogram: 32 0 0 0 0 0 0 0 0 0
FullNghs:  207100 ave 209899 max 205023 min
Histogram: 2 4 5 4 7 3 2 4 0 1

Total # of neighbors = 6627188
Ave neighs/atom = 34.2313
Neighbor list builds = 0
Dangerous builds = 0
velocity	all scale $T
velocity	all scale 300
unfix		NVT

fix		NVE all nve
fix		hot all langevin ${thi} ${thi} ${tdamp} 389516 tally yes
fix		hot all langevin 319.9225 ${thi} ${tdamp} 389516 tally yes
fix		hot all langevin 319.9225 319.9225 ${tdamp} 389516 tally yes
fix		hot all langevin 319.9225 319.9225 0.05 389516 tally yes
fix_modify	hot temp Thot
fix		cold all langevin ${tlo} ${tlo} ${tdamp} 46579 tally yes
fix		cold all langevin 280.0775 ${tlo} ${tdamp} 46579 tally yes
fix		cold all langevin 280.0775 280.0775 ${tdamp} 46579 tally yes
fix		cold all langevin 280.0775 280.0775 0.05 46579 tally yes
fix_modify	cold temp Tcold

thermo_style	custom step temp c_Thot c_Tcold f_hot f_cold
run		${t1nve}
run		100000
Per MPI rank memory allocation (min/avg/max) = 4.868 | 4.869 | 4.871 Mbytes
Step Temp c_Thot c_Tcold f_hot f_cold 
   45001          300    299.41843    301.69688           -0           -0 
   46000    301.47443     316.9955    281.18662    -90.58466    87.238706 
   47000    302.56373    319.28767    283.56243   -120.37972    108.00148 
   48000    300.96251    317.81951    278.30281   -155.38817     138.7289 
   49000      301.065    316.34111    283.61528   -175.53101    165.18079 
   50000    301.76189    314.49105    284.53706   -197.68274    184.81357 
   51000    300.45937    316.54409    279.98587   -239.77362    226.55488 
   52000    301.19236    321.52024    282.56417   -287.24245    258.27262 
   53000    300.80223    314.94991    288.72976   -316.42356    297.24278 
   54000    300.36828    315.31459    281.92753   -356.52768    344.18588 
   55000    301.70865    321.78196    283.30648   -401.33485    385.83944 
   56000    301.35362     317.9782    285.12278    -433.8965    414.70449 
   57000     301.0966    318.13421    285.37496   -480.41646    464.40811 
   58000    301.54422    318.11714     284.2428   -520.69763    506.72641 
   59000    301.99816    324.35084    285.93703   -587.48842    547.09223 
   60000    301.23249    317.00818    286.66532   -618.43232    597.46494 
   61000    300.86588    318.25438    284.80056   -662.46709    645.45306 
   62000    302.01501    319.36198    283.20096   -706.09902     690.7242 
   63000    300.18573    318.13608    279.80483    -743.5142    746.24774 
   64000    300.50763    319.69265    282.73611   -782.61363    795.68931 
   65000    299.95399    321.12578     281.9322   -829.76117    851.38443 
   66000    300.52194    320.03743    287.59797   -872.38594    887.48192 
   67000    300.28504    319.41849    281.06622   -912.71645    932.79528 
   68000    300.68371    316.09556    284.48882    -966.3161    977.20162 
   69000    301.16577    319.53925    283.95237   -1012.3911    1016.4775 
   70000    301.16013    318.91377    283.53539   -1061.0031    1055.7556 
   71000    300.75118    313.81187     280.6899   -1103.3609    1105.3992 
   72000    300.25845    321.53962    284.64331   -1153.2481    1153.4415 
   73000    300.28302    318.72839    284.10536   -1190.9543    1205.6828 
   74000    300.14451    318.34538     282.5814   -1238.5584    1257.3908 
   75000    300.24989    317.76691    282.24101   -1285.5736    1300.5241 
   76000    300.46771    319.38034    282.39964   -1340.1599    1354.9515 
   77000    300.90497    320.28227    283.60019   -1377.7089    1395.5563 
   78000    301.01327    321.96378    285.37112   -1427.3681    1447.1982 
   79000    300.44213    316.93988     281.9292   -1478.9821    1496.3983 
   80000    300.37594    315.54753    281.00969   -1520.4108    1549.4629 
   81000    299.80077    318.59729    280.47165   -1557.2824    1588.8781 
   82000    299.93781    314.37995    286.22731   -1599.7842    1625.8766 
   83000    300.19727    314.39813    282.77017     -1647.25    1682.0953 
   84000    299.99149    323.64762    283.39082   -1702.6415    1724.6894 
   85000    299.45325    319.20804    282.72752   -1727.6003    1779.5306 
   86000    299.85136    316.31734    279.51801   -1772.7689    1826.0899 
   87000    299.66151    321.48992    280.19545    -1841.717    1875.3024 
   88000    299.91428    310.10614    277.27642   -1867.5325    1929.2474 
   89000    299.34382    317.87484    280.87114   -1926.2779    1967.0595 
   90000    300.23299    318.26141    283.34844   -1970.5153    2006.1877 
   91000    300.12002    316.16794    282.11001   -2018.9745    2051.1537 
   92000    299.62542    319.74008    281.65812   -2058.8237    2097.4025 
   93000    300.06918    323.51646     281.3062   -2101.9941    2146.0717 
   94000    299.44289    314.96955    282.72428   -2143.3747    2196.3009 
   95000    299.96828     320.1359    285.31433   -2201.7583    2238.5087 
   96000    299.91977    320.20179    283.56343     -2251.32    2285.9324 
   97000    299.49997    318.81803    281.56823   -2295.1384    2338.8407 
   98000    299.32794    316.53154    278.82002    -2341.113    2389.5554 
   99000    300.51751     318.6851    286.45203   -2392.1653    2418.0623 
  100000    300.90779    323.44497    280.39226   -2441.1254    2455.7626 
  101000    300.10807    319.98609    277.59386   -2492.7562     2507.892 
  102000     299.6182    317.46878    282.90349   -2531.7123     2550.998 
  103000    300.61834    318.71776     284.5839    -2583.381    2600.1823 
  104000    300.19298    323.99501    282.32979   -2614.2679    2646.1776 
  105000    299.43552    319.21355    282.53328   -2658.1192    2696.6978 
  106000    299.67366    322.68935    281.88044   -2704.7319      2748.41 
  107000    299.67896    317.04362    284.23037   -2744.1597    2795.3771 
  108000    300.13045    319.79839    281.13545   -2802.8874    2844.6201 
  109000    299.74671    320.63355    284.74446   -2840.8005     2884.803 
  110000    299.78449    319.26663    283.91045   -2889.5059    2927.6513 
  111000    299.89215    320.93136    284.17973   -2924.0641    2973.4591 
  112000    300.03459    318.57153     282.3481   -2980.5726    3013.5126 
  113000    299.49647    321.82066    278.96717   -3020.0057    3067.8942 
  114000    299.42423     318.3039    279.64985   -3065.9396    3121.8396 
  115000    299.36549    319.94168    280.77298   -3111.9866    3163.2236 
  116000    299.83443    314.17822    282.00411   -3141.5983    3196.5752 
  117000    299.87823     312.5294    281.28692   -3187.3397    3240.7808 
  118000    299.55795    317.61807    280.02943   -3235.2186     3288.207 
  119000    299.62591    316.84626    282.00959   -3287.5437    3337.4971 
  120000    299.31719    316.58795    279.34108   -3325.2746    3379.1044 
  121000    299.38183    315.29131    280.47308    -3368.449    3419.9043 
  122000     300.2368    319.46551    284.08167   -3422.0133    3461.7069 
  123000    299.48238    317.33101    280.52188   -3479.6977    3503.1942 
  124000    300.13354    313.30687    279.48071   -3502.7159    3555.4364 
  125000    299.27201    315.73903    279.20363    -3558.441    3601.6342 
  126000    300.03066    319.60835    280.97805   -3612.8904    3641.5184 
  127000    299.35674    317.66429    281.09208   -3645.8378    3697.6312 
  128000    300.46083     316.1209    282.34073   -3704.1527    3734.1149 
  129000    299.97731    317.56006    281.59187   -3750.1583    3786.8316 
  130000    299.92829    317.53835    284.28589   -3802.4683    3822.3401 
  131000    300.33522    319.58196    280.17136   -3840.5005    3870.0769 
  132000    300.75737    316.54568    284.99541   -3882.2078    3916.0064 
  133000    300.46624    318.18111    280.89933   -3936.8067    3960.1596 
  134000    300.08029    317.32289    281.02433   -3977.1775    4005.6985 
  135000    300.13079    318.95715    285.22762   -4036.6487    4045.2191 
  136000    300.95972    319.33844    281.51362   -4084.5325    4091.4872 
  137000    300.03783    315.38974    281.79251   -4122.5574    4142.4187 
  138000     299.6617    313.45468    277.96626   -4155.8247    4180.6397 
  139000    300.65412    316.39246    287.90141   -4206.7492    4224.4054 
  140000    299.73592    317.57989    283.93381   -4244.2248    4260.9176 
  141000    300.21822    317.24455    283.84334   -4288.0691    4313.0685 
  142000    300.62475    316.31963    284.18415   -4326.0513    4354.8942 
  143000    299.42726    316.32408    282.29448   -4374.2673    4409.4308 
  144000    299.27932    317.53532    277.15217   -4407.6665    4454.0164 
  145000    299.83907    320.73664    279.43909   -4468.2558    4497.8327 
  145001    299.77652    320.42509    279.45058   -4467.7957    4498.0705 
Loop time of 2189.09 on 32 procs for 100000 steps with 193600 atoms

Performance: 1.973 ns/day, 12.162 hours/ns, 45.681 timesteps/s
81.4% CPU use with 32 MPI tasks x no OpenMP threads

MPI task timing breakdown:
Section |  min time  |  avg time  |  max time  |%varavg| %total
---------------------------------------------------------------
Pair    | 1387.8     | 1418.9     | 1525       |  65.6 | 64.82
Neigh   | 0          | 0          | 0          |   0.0 |  0.00
Comm    | 209.55     | 405.9      | 502.78     | 370.1 | 18.54
Output  | 0.098448   | 0.10687    | 0.11062    |   0.9 |  0.00
Modify  | 227.6      | 329.52     | 439.51     | 368.8 | 15.05
Other   |            | 34.67      |            |       |  1.58

Nlocal:    6050 ave 6082 max 6019 min
Histogram: 1 1 2 10 6 1 6 2 1 2
Nghost:    5892.5 ave 5923 max 5861 min
Histogram: 2 1 4 4 1 7 7 4 1 1
Neighs:    0 ave 0 max 0 min
Histogram: 32 0 0 0 0 0 0 0 0 0
FullNghs:  207107 ave 208279 max 206005 min
Histogram: 1 1 4 8 6 1 7 1 1 2

Total # of neighbors = 6627424
Ave neighs/atom = 34.2326
Neighbor list builds = 0
Dangerous builds = 0

# thermal conductivity calculation
# reset langevin thermostats to zero energy accumulation
reset_timestep 0
thermo		$c
thermo		500000
compute		ke all ke/atom
variable	temp atom c_ke/1.5/8.617332478e-5
fix		hot all langevin ${thi} ${thi} ${tdamp} 389516 tally yes
fix		hot all langevin 319.9225 ${thi} ${tdamp} 389516 tally yes
fix		hot all langevin 319.9225 319.9225 ${tdamp} 389516 tally yes
fix		hot all langevin 319.9225 319.9225 0.05 389516 tally yes
fix_modify	hot temp Thot
fix		cold all langevin ${tlo} ${tlo} ${tdamp} 46579 tally yes
fix		cold all langevin 280.0775 ${tlo} ${tdamp} 46579 tally yes
fix		cold all langevin 280.0775 280.0775 ${tdamp} 46579 tally yes
fix		cold all langevin 280.0775 280.0775 0.05 46579 tally yes
fix_modify	cold temp Tcold

compute		ch all chunk/atom bin/1d x lower 0.02 units reduced
fix		11 all ave/chunk $a $b $c ch v_temp file sw_${P}.langevin
fix		11 all ave/chunk 100 $b $c ch v_temp file sw_${P}.langevin
fix		11 all ave/chunk 100 5000 $c ch v_temp file sw_${P}.langevin
fix		11 all ave/chunk 100 5000 500000 ch v_temp file sw_${P}.langevin
fix		11 all ave/chunk 100 5000 500000 ch v_temp file sw_24.langevin
thermo_style	custom step temp c_Thot c_Tcold f_hot f_cold

run		${t2nve}
run		500000
Per MPI rank memory allocation (min/avg/max) = 5.118 | 5.12 | 5.121 Mbytes
Step Temp c_Thot c_Tcold f_hot f_cold 
       0    299.77652    320.39684     279.3155           -0           -0 
  500000    299.14738    317.98903    280.37738    -22648.41    22688.006 
Loop time of 10896.6 on 32 procs for 500000 steps with 193600 atoms

Performance: 1.982 ns/day, 12.107 hours/ns, 45.886 timesteps/s
81.3% CPU use with 32 MPI tasks x no OpenMP threads

MPI task timing breakdown:
Section |  min time  |  avg time  |  max time  |%varavg| %total
---------------------------------------------------------------
Pair    | 6922.2     | 7092.2     | 7579.7     | 130.5 | 65.09
Neigh   | 0          | 0          | 0          |   0.0 |  0.00
Comm    | 1054.1     | 2055.2     | 2506.9     | 844.5 | 18.86
Output  | 0.000861   | 0.0019781  | 0.002166   |   0.5 |  0.00
Modify  | 1101.9     | 1581.3     | 2158.7     | 866.3 | 14.51
Other   |            | 167.8      |            |       |  1.54

Nlocal:    6050 ave 6094 max 6015 min
Histogram: 2 6 1 4 9 2 2 3 0 3
Nghost:    5892.5 ave 5928 max 5849 min
Histogram: 3 0 3 2 2 9 5 0 6 2
Neighs:    0 ave 0 max 0 min
Histogram: 32 0 0 0 0 0 0 0 0 0
FullNghs:  207104 ave 208727 max 205861 min
Histogram: 2 6 2 4 9 1 3 2 0 3

Total # of neighbors = 6627320
Ave neighs/atom = 34.232
Neighbor list builds = 0
Dangerous builds = 0
clear
next		P
jump		Si.in
Total wall time: 28:56:02
