# temperature
variable	T equal 300
#cold region temperature
#variable        tlo equal 275
variable        tlo equal ${T}-${L}*${cte}/4.0
variable        tlo equal 300-${L}*${cte}/4.0
variable        tlo equal 300-50*${cte}/4.0
variable        tlo equal 300-50*1.5938/4.0
#hot region temperature
#variable        thi equal ${cte}*${L}/2+${tlo}
variable        thi equal ${T}+${L}*${cte}/4.0
variable        thi equal 300+${L}*${cte}/4.0
variable        thi equal 300+50*${cte}/4.0
variable        thi equal 300+50*1.5938/4.0

#time step (picoseconds)
variable	dt equal 0.0005 # 0.5 femtoseconds
#number of time steps for NPT
variable	tnpt equal 5000
#number of time steps for NVT
variable	tnvt equal 40000
#number of time steps for first NVE
variable	t1nve equal 100000
#number of time steps for second NVE
variable	t2nve equal 500000

################### Variable Based on LAMMPS Documentation ######################
variable	a equal 100
variable	c equal ${t2nve}
variable	c equal 500000
variable	b equal $c/$a
variable	b equal 500000/$a
variable	b equal 500000/100
variable	tdamp equal ${dt}*100
variable	tdamp equal 0.0005*100
variable	pdamp equal ${dt}*1000
variable	pdamp equal 0.0005*1000

#----------------------------------------------------------------------------------------
# setup problem
dimension       3
boundary        p p p
atom_style      atomic
lattice 	diamond ${LC} origin 0.0 0.0 0.0 orient x 1 0 0 orient y 0 1 0 orient z 0 0 1
lattice 	diamond 5.43 origin 0.0 0.0 0.0 orient x 1 0 0 orient y 0 1 0 orient z 0 0 1
Lattice spacing in x,y,z = 5.43 5.43 5.43
region          0 block 0 $L 0 $W 0 $H units lattice side in
region          0 block 0 50 0 $W 0 $H units lattice side in
region          0 block 0 50 0 22 0 $H units lattice side in
region          0 block 0 50 0 22 0 22 units lattice side in
create_box      1 0
Created orthogonal box = (0 0 0) to (271.5 119.46 119.46)
  8 by 2 by 2 MPI processor grid
create_atoms    1 region 0
Created 193600 atoms
mass		1 28.0855
#dump		1 all xyz 1000 Si_W_${W}nm.xyz
#dump_modify	1 element Si

############################################
pair_style   sw
pair_coeff   * * Si${P}.sw Si
pair_coeff   * * Si35.sw Si
thermo		100
thermo_style custom step lx
min_style cg
minimize 0.0 1.0e-8 10000 100000
WARNING: Using 'neigh_modify every 1 delay 0 check yes' setting during minimization (../min.cpp:168)
Neighbor list info ...
  update every 1 steps, delay 0 steps, check yes
  max neighbors/atom: 2000, page size: 100000
  master list distance cutoff = 5.43213
  ghost atom cutoff = 5.43213
  binsize = 2.71607, bins = 100 44 44
  1 neighbor lists, perpetual/occasional/extra = 1 0 0
  (1) pair sw, perpetual
      attributes: full, newton on
      pair build: full/bin/atomonly
      stencil: full/bin/3d
      bin: standard
Per MPI rank memory allocation (min/avg/max) = 5.246 | 5.247 | 5.249 Mbytes
Step Lx 
       0        271.5 
       1        271.5 
Loop time of 0.0417587 on 32 procs for 1 steps with 193600 atoms

73.2% CPU use with 32 MPI tasks x no OpenMP threads

Minimization stats:
  Stopping criterion = force tolerance
  Energy initial, next-to-last, final = 
        -482097.541408     -482097.541408     -482097.541408
  Force two-norm initial, final = 6.13285e-11 6.12894e-11
  Force max component initial, final = 3.54763e-13 3.57137e-13
  Final line search alpha, max atom move = 1 3.57137e-13
  Iterations, force evaluations = 1 2

MPI task timing breakdown:
Section |  min time  |  avg time  |  max time  |%varavg| %total
---------------------------------------------------------------
Pair    | 0.024328   | 0.024657   | 0.025203   |   0.1 | 59.05
Neigh   | 0          | 0          | 0          |   0.0 |  0.00
Comm    | 0.006854   | 0.0099998  | 0.013658   |   2.0 | 23.95
Output  | 0          | 0          | 0          |   0.0 |  0.00
Modify  | 0          | 0          | 0          |   0.0 |  0.00
Other   |            | 0.007102   |            |       | 17.01

Nlocal:    6050 ave 6050 max 6050 min
Histogram: 32 0 0 0 0 0 0 0 0 0
Nghost:    5892.5 ave 5893 max 5892 min
Histogram: 16 0 0 0 0 0 0 0 0 16
Neighs:    0 ave 0 max 0 min
Histogram: 32 0 0 0 0 0 0 0 0 0
FullNghs:  205700 ave 205700 max 205700 min
Histogram: 32 0 0 0 0 0 0 0 0 0

Total # of neighbors = 6582400
Ave neighs/atom = 34
Neighbor list builds = 0
Dangerous builds = 0
timestep     ${dt}
timestep     0.0005
velocity 	all create $T 492845
velocity 	all create 300 492845


fix 		NPT all npt temp $T $T ${tdamp} iso 0.0 0.0 ${pdamp}
fix 		NPT all npt temp 300 $T ${tdamp} iso 0.0 0.0 ${pdamp}
fix 		NPT all npt temp 300 300 ${tdamp} iso 0.0 0.0 ${pdamp}
fix 		NPT all npt temp 300 300 0.05 iso 0.0 0.0 ${pdamp}
fix 		NPT all npt temp 300 300 0.05 iso 0.0 0.0 0.5
thermo		100
thermo_style custom step lx press
run		${tnpt}
run		5000
Per MPI rank memory allocation (min/avg/max) = 4.121 | 4.122 | 4.124 Mbytes
Step Lx Press 
       1        271.5   -118125.77 
     100    266.34913   -76968.474 
     200    263.03709   -43682.637 
     300    260.93994   -20102.107 
     400    259.76561   -7047.1133 
     500    259.31612   -618.59685 
     600     259.2513   -22.727792 
     700    259.25624   -107.95407 
     800    259.26188    296.82379 
     900    259.28022   -209.75966 
    1000    259.28967     138.6507 
    1100     259.2823   -27.847016 
    1200    259.31437   -2.3659112 
    1300    259.29868    100.79521 
    1400    259.31873   -154.15291 
    1500    259.30959    233.87854 
    1600    259.32332   -276.67698 
    1700    259.30585    224.53579 
    1800    259.31623   -180.13999 
    1900    259.31194    98.350608 
    2000    259.30763    -50.57593 
    2100    259.31837   -3.3573041 
    2200    259.30911    19.091713 
    2300    259.31976   -95.889955 
    2400    259.30331    100.28127 
    2500    259.32001   -139.20953 
    2600    259.30186    138.37044 
    2700    259.31772   -114.98054 
    2800    259.30853    95.998593 
    2900    259.31366   -69.504613 
    3000    259.31037    37.074505 
    3100    259.30971   -4.7457777 
    3200    259.30948   -17.407378 
    3300    259.30961     46.05994 
    3400     259.3142   -46.429112 
    3500    259.31032    43.974207 
    3600    259.31228   -29.463204 
    3700    259.30746    10.204739 
    3800    259.30664    14.023419 
    3900    259.30893  -0.26529174 
    4000     259.3136    22.934471 
    4100    259.31113   -25.838635 
    4200    259.30382    35.423886 
    4300    259.30895    8.4811471 
    4400    259.31385   -26.015506 
    4500    259.30362    24.045144 
    4600    259.30806    12.536504 
    4700     259.3155   -23.794609 
    4800     259.3047     3.479722 
    4900    259.30347    46.887654 
    5000    259.31708    -56.30453 
    5001    259.31702    -56.78081 
Loop time of 74.3619 on 32 procs for 5000 steps with 193600 atoms

Performance: 2.905 ns/day, 8.262 hours/ns, 67.239 timesteps/s
76.0% CPU use with 32 MPI tasks x no OpenMP threads

MPI task timing breakdown:
Section |  min time  |  avg time  |  max time  |%varavg| %total
---------------------------------------------------------------
Pair    | 42.92      | 43.52      | 44.307     |   5.7 | 58.52
Neigh   | 0.15711    | 0.16232    | 0.17131    |   0.8 |  0.22
Comm    | 11.063     | 16.795     | 22.214     |  82.8 | 22.59
Output  | 0.029413   | 0.034103   | 0.037042   |   1.6 |  0.05
Modify  | 7.9553     | 12.974     | 17.908     |  92.0 | 17.45
Other   |            | 0.8773     |            |       |  1.18

Nlocal:    6050 ave 6101 max 5985 min
Histogram: 1 0 1 4 6 7 6 2 4 1
Nghost:    5891.59 ave 5956 max 5841 min
Histogram: 1 4 4 3 8 7 3 1 0 1
Neighs:    0 ave 0 max 0 min
Histogram: 32 0 0 0 0 0 0 0 0 0
FullNghs:  205698 ave 207461 max 203409 min
Histogram: 1 0 1 1 9 7 3 6 3 1

Total # of neighbors = 6582342
Ave neighs/atom = 33.9997
Neighbor list builds = 15
Dangerous builds = 0
unfix		NPT
variable	length equal lx/${LC}
variable	length equal lx/5.43

################### Geometrical Parameters After Relaxation ###############################
# Thermostat_width
variable	TW equal ${length}/40
variable	TW equal 47.7563577120566/40
# Hot_Start
variable	hs equal ${length}/4-${TW}
variable	hs equal 47.7563577120566/4-${TW}
variable	hs equal 47.7563577120566/4-1.19390894280141
# Hot_End
variable	he equal ${length}/4+${TW}
variable	he equal 47.7563577120566/4+${TW}
variable	he equal 47.7563577120566/4+1.19390894280141
# Cold_Start
variable	cs equal 3*${length}/4-${TW}
variable	cs equal 3*47.7563577120566/4-${TW}
variable	cs equal 3*47.7563577120566/4-1.19390894280141
# Cold_End
variable	ce equal 3*${length}/4+${TW}
variable	ce equal 3*47.7563577120566/4+${TW}
variable	ce equal 3*47.7563577120566/4+1.19390894280141
###########################################################################################

################### Defining Thermostat ###################################################
region 		hot block ${hs} ${he} EDGE EDGE EDGE EDGE
region 		hot block 10.7451804852127 ${he} EDGE EDGE EDGE EDGE
region 		hot block 10.7451804852127 13.1329983708156 EDGE EDGE EDGE EDGE
region 		cold block ${cs} ${ce} EDGE EDGE EDGE EDGE
region 		cold block 34.623359341241 ${ce} EDGE EDGE EDGE EDGE
region 		cold block 34.623359341241 37.0111772268439 EDGE EDGE EDGE EDGE
group		test region cold
9567 atoms in group test
group		test1 region hot
9585 atoms in group test1
compute		Thot all temp/region hot
compute         Tcold all temp/region cold
###########################################################################################

fix		NVT all nvt temp $T $T ${tdamp}
fix		NVT all nvt temp 300 $T ${tdamp}
fix		NVT all nvt temp 300 300 ${tdamp}
fix		NVT all nvt temp 300 300 0.05
thermo		1000
thermo_style	custom step temp
run		${tnvt}
run		40000
Per MPI rank memory allocation (min/avg/max) = 4.125 | 4.126 | 4.128 Mbytes
Step Temp 
    5001     298.7828 
    6000     299.4139 
    7000    299.07065 
    8000    301.02541 
    9000     298.7226 
   10000    298.90739 
   11000    300.27208 
   12000    299.12684 
   13000    300.50307 
   14000    301.04207 
   15000    298.96937 
   16000    301.01218 
   17000    301.28615 
   18000    299.61257 
   19000    300.81201 
   20000    300.16004 
   21000    300.20538 
   22000    298.98618 
   23000    299.52072 
   24000    300.48627 
   25000    300.74083 
   26000     300.2661 
   27000    299.14483 
   28000    299.28489 
   29000    299.36787 
   30000    299.62317 
   31000    299.49664 
   32000    300.24125 
   33000    299.34285 
   34000    299.39602 
   35000    299.48175 
   36000    299.89115 
   37000     299.9982 
   38000    300.49023 
   39000    299.90716 
   40000    299.26892 
   41000    300.15485 
   42000    299.17338 
   43000     299.5072 
   44000    299.15588 
   45000     299.3243 
   45001    299.29318 
Loop time of 572.577 on 32 procs for 40000 steps with 193600 atoms

Performance: 3.018 ns/day, 7.952 hours/ns, 69.860 timesteps/s
76.4% CPU use with 32 MPI tasks x no OpenMP threads

MPI task timing breakdown:
Section |  min time  |  avg time  |  max time  |%varavg| %total
---------------------------------------------------------------
Pair    | 339.52     | 345.63     | 363.64     |  22.4 | 60.36
Neigh   | 0          | 0          | 0          |   0.0 |  0.00
Comm    | 92.25      | 145.92     | 184.73     | 219.9 | 25.48
Output  | 0.023298   | 0.025793   | 0.028782   |   1.1 |  0.00
Modify  | 26.644     | 66.985     | 107.07     | 309.0 | 11.70
Other   |            | 14.02      |            |       |  2.45

Nlocal:    6050 ave 6092 max 6004 min
Histogram: 2 2 3 2 4 3 7 6 2 1
Nghost:    5886.12 ave 5929 max 5845 min
Histogram: 2 0 7 7 2 4 1 4 2 3
Neighs:    0 ave 0 max 0 min
Histogram: 32 0 0 0 0 0 0 0 0 0
FullNghs:  206289 ave 207732 max 204608 min
Histogram: 2 2 3 2 2 5 6 7 2 1

Total # of neighbors = 6601252
Ave neighs/atom = 34.0974
Neighbor list builds = 0
Dangerous builds = 0
velocity	all scale $T
velocity	all scale 300
unfix		NVT

fix		NVE all nve
fix		hot all langevin ${thi} ${thi} ${tdamp} 389516 tally yes
fix		hot all langevin 319.9225 ${thi} ${tdamp} 389516 tally yes
fix		hot all langevin 319.9225 319.9225 ${tdamp} 389516 tally yes
fix		hot all langevin 319.9225 319.9225 0.05 389516 tally yes
fix_modify	hot temp Thot
fix		cold all langevin ${tlo} ${tlo} ${tdamp} 46579 tally yes
fix		cold all langevin 280.0775 ${tlo} ${tdamp} 46579 tally yes
fix		cold all langevin 280.0775 280.0775 ${tdamp} 46579 tally yes
fix		cold all langevin 280.0775 280.0775 0.05 46579 tally yes
fix_modify	cold temp Tcold

thermo_style	custom step temp c_Thot c_Tcold f_hot f_cold
run		${t1nve}
run		100000
Per MPI rank memory allocation (min/avg/max) = 4.875 | 4.876 | 4.878 Mbytes
Step Temp c_Thot c_Tcold f_hot f_cold 
   45001          300    298.32436     297.5217           -0           -0 
   46000    299.50142    314.86385    281.80446   -80.135651    74.145771 
   47000    299.21273    318.79337     282.0121   -92.337341     81.34007 
   48000    300.36087    318.14267    278.53151   -103.19201    108.68226 
   49000    300.70014    322.96619    282.99166   -117.73454    112.79341 
   50000    299.78404    316.53974    277.65923   -133.94932    139.65423 
   51000    299.98156    316.16288    279.37924   -151.24841    154.24256 
   52000    299.78689    314.99164    278.70771   -163.47581    172.77627 
   53000    300.26009    321.25647    281.87115   -196.17799    184.11329 
   54000    299.72581     320.7761    279.28736   -215.84201    212.81445 
   55000    300.52336    322.16467     278.5927   -241.29061    216.56803 
   56000    299.81036    316.55839    280.21287   -250.85019    235.00493 
   57000    299.91903    320.51233    281.59935   -283.49061    247.61902 
   58000    300.05088    315.82005    280.89138   -290.96204    276.79286 
   59000    300.15968    319.94744    280.43536   -324.95761    299.18512 
   60000    299.80085    319.06561    280.54366   -350.95213    317.46042 
   61000     299.8213    320.38965    283.47439   -375.56713    336.60131 
   62000    300.27825    323.38676    282.99225   -397.80669    362.66752 
   63000    300.60618    317.01553     277.9129   -406.97592    387.40521 
   64000    300.31207    319.29295    283.50171   -439.49195    399.93719 
   65000    299.69365    318.55003      280.958   -467.33247    430.39343 
   66000    299.85998    314.93395    279.04503   -483.98596    455.34853 
   67000    300.01016    317.95447    281.68167   -512.74122     479.3398 
   68000     300.3899    317.98628    281.91663   -537.34568    498.10797 
   69000    299.11968    319.91344    283.52471   -558.38341    528.73629 
   70000     300.2834     322.7395    282.47052   -582.44755     552.6041 
   71000    300.61573    324.35122    284.74577   -607.16083    577.97235 
   72000    300.62341    313.06189    279.20741   -617.24966     603.4233 
   73000    300.58844    318.53116    282.18192   -654.91513     620.4405 
   74000    299.82266    319.60056    283.38761   -664.10185    642.93278 
   75000    300.14023    317.24108    279.97387   -680.56167    673.53064 
   76000    299.62514    319.44194    279.42165   -696.32377    697.06248 
   77000    300.22795    320.29263    281.86668   -735.04234    719.03083 
   78000    300.23117    318.41822    282.55947    -752.4083    739.37102 
   79000    299.18727    316.64549    279.39409   -769.34586    774.85803 
   80000    299.79927    317.73394    280.95139   -797.70604    793.33745 
   81000    300.52248    323.72687    286.42021   -813.82746    806.40712 
   82000     299.2762    313.19639    277.38749    -818.0367    847.80722 
   83000    298.98368    316.13533    278.51111   -843.07109    874.62819 
   84000    299.25312    320.89913     279.8268   -874.10896     892.0123 
   85000     299.3182    313.39892    279.24411   -881.12758    911.81987 
   86000      299.159    317.99224    281.33122   -910.48873    942.32918 
   87000    298.57104    317.57146    281.87673   -920.50472    950.02163 
   88000    299.35966    321.76628    286.38931   -952.30143    973.55941 
   89000    298.91088    315.40428    280.18288   -967.05316    1007.5158 
   90000    299.51863    318.60439    279.73036    -989.7627    1028.3808 
   91000    298.87314    318.40058    277.82378   -1016.5829    1047.7196 
   92000    299.11808      318.077    277.76769   -1030.8372    1068.6084 
   93000    299.43767    318.38344    284.10416   -1059.2805    1082.0176 
   94000     298.6992    318.58232    277.34387   -1077.6771    1096.4986 
   95000    298.89557    317.15915    278.64168   -1104.2538    1120.2433 
   96000    299.31883    316.53691    277.04854   -1111.8565    1134.6304 
   97000    299.74254    321.02039    287.76728   -1144.0293    1144.4112 
   98000    299.30038    316.99577    281.98443   -1154.0592    1175.1702 
   99000    299.42836    321.44162    281.82651   -1178.4628    1199.2274 
  100000    299.70635    317.77913    281.87216   -1203.6866    1217.9599 
  101000    299.64093    319.03687    278.98698   -1219.8416    1238.2002 
  102000    300.95006    325.21552    281.38161   -1245.6056    1251.1037 
  103000    299.59992    315.12686     281.7782   -1261.0357    1271.1942 
  104000    299.08491    315.92526    278.91269   -1279.7176    1294.3659 
  105000    299.80954    322.40234     284.6129   -1313.2967    1300.8025 
  106000    299.78291    316.64575    278.70285   -1324.9371    1326.1453 
  107000    299.97346    317.54914    279.29318      -1338.6    1351.6976 
  108000    299.90265    319.77392    279.09647   -1367.8453    1379.5003 
  109000    299.81191    321.57108    283.03998   -1393.6808    1398.1025 
  110000    299.31919    315.01696      280.876   -1408.7647    1417.8713 
  111000    299.63669    319.55652    275.56334   -1431.0765    1445.0801 
  112000    299.12496    317.28624    281.61412   -1451.2194    1472.1837 
  113000    299.72885    319.40851    283.47618   -1472.2087    1481.4832 
  114000    299.69116    321.86183    282.34887   -1486.7886    1505.5327 
  115000    299.22128    315.44161     283.7735   -1507.3957    1523.6517 
  116000    299.58553    319.02937    280.19793   -1530.1935    1543.3728 
  117000    299.69561    321.08787    284.46935   -1558.1734    1560.7033 
  118000    299.71559    316.50629    279.37863   -1577.5323    1589.9358 
  119000     300.1589    325.39646    281.41626   -1619.0691    1601.7872 
  120000    300.09766    318.95169    281.18987   -1632.3131    1619.2436 
  121000     300.3309    323.33894    280.68969   -1652.0345    1640.6101 
  122000    299.02889     318.4159    277.33451   -1668.5074    1670.5719 
  123000    299.40286    320.80071    279.53334   -1691.2334    1688.4744 
  124000    299.57726     322.7714    278.41842   -1713.1828     1715.032 
  125000     299.9305    318.32834    283.36525   -1721.8506    1723.7357 
  126000    299.44589    316.88617    280.23617   -1738.7919    1745.4954 
  127000    300.45138    319.12671    284.41031   -1766.4203    1765.7518 
  128000    299.82774    317.64981    283.97729   -1787.5528    1784.2069 
  129000    299.47913    320.80719     279.7771   -1816.0949    1807.3494 
  130000    300.16696    321.96863    281.96351   -1848.0551    1823.6264 
  131000    299.56665    315.94655    282.19706    -1858.729    1848.8295 
  132000    299.87151    317.16229    276.69018   -1875.7605    1875.9893 
  133000    299.35036     317.7676    279.69633   -1898.7547    1896.2219 
  134000    299.86022    323.53259    282.60027   -1919.5642    1910.4303 
  135000    299.76145    320.97055     281.2182   -1941.1426    1937.7816 
  136000    299.67148    317.77141    283.68321   -1959.3346     1950.262 
  137000    300.17611    321.10738     279.5409   -1987.4244    1970.3407 
  138000     300.6007    318.90584     281.4106   -2006.6222    1984.8506 
  139000     300.3756    320.60277    276.23613   -2032.8162    2025.2484 
  140000    300.31299    318.92971    281.71736   -2059.5981     2031.118 
  141000    300.24951    325.39215    282.76968    -2070.644    2060.2893 
  142000    299.45282    314.48421    276.33369   -2080.5083    2085.9105 
  143000    299.07801    318.03776    281.63528   -2107.0106    2105.4832 
  144000    299.87765    322.83238    284.67693   -2132.0059    2125.2518 
  145000    299.66093    314.86652      281.052   -2152.6863    2150.6239 
  145001    299.67945       315.24    280.67099   -2153.0386    2150.8276 
Loop time of 1564.48 on 32 procs for 100000 steps with 193600 atoms

Performance: 2.761 ns/day, 8.692 hours/ns, 63.919 timesteps/s
77.4% CPU use with 32 MPI tasks x no OpenMP threads

MPI task timing breakdown:
Section |  min time  |  avg time  |  max time  |%varavg| %total
---------------------------------------------------------------
Pair    | 857.64     | 870.99     | 893.61     |  27.0 | 55.67
Neigh   | 0          | 0          | 0          |   0.0 |  0.00
Comm    | 250.18     | 363.94     | 467.57     | 342.2 | 23.26
Output  | 0.096807   | 0.10485    | 0.10878    |   0.9 |  0.01
Modify  | 196.77     | 296.48     | 399.93     | 369.2 | 18.95
Other   |            | 32.97      |            |       |  2.11

Nlocal:    6050 ave 6108 max 5998 min
Histogram: 2 3 2 4 6 8 1 3 2 1
Nghost:    5886.97 ave 5935 max 5831 min
Histogram: 1 3 2 1 7 5 6 2 2 3
Neighs:    0 ave 0 max 0 min
Histogram: 32 0 0 0 0 0 0 0 0 0
FullNghs:  206350 ave 208460 max 204572 min
Histogram: 4 1 2 4 7 7 1 4 1 1

Total # of neighbors = 6603190
Ave neighs/atom = 34.1074
Neighbor list builds = 0
Dangerous builds = 0

# thermal conductivity calculation
# reset langevin thermostats to zero energy accumulation
reset_timestep 0
thermo		$c
thermo		500000
compute		ke all ke/atom
variable	temp atom c_ke/1.5/8.617332478e-5
fix		hot all langevin ${thi} ${thi} ${tdamp} 389516 tally yes
fix		hot all langevin 319.9225 ${thi} ${tdamp} 389516 tally yes
fix		hot all langevin 319.9225 319.9225 ${tdamp} 389516 tally yes
fix		hot all langevin 319.9225 319.9225 0.05 389516 tally yes
fix_modify	hot temp Thot
fix		cold all langevin ${tlo} ${tlo} ${tdamp} 46579 tally yes
fix		cold all langevin 280.0775 ${tlo} ${tdamp} 46579 tally yes
fix		cold all langevin 280.0775 280.0775 ${tdamp} 46579 tally yes
fix		cold all langevin 280.0775 280.0775 0.05 46579 tally yes
fix_modify	cold temp Tcold

compute		ch all chunk/atom bin/1d x lower 0.02 units reduced
fix		11 all ave/chunk $a $b $c ch v_temp file sw_${P}.langevin
fix		11 all ave/chunk 100 $b $c ch v_temp file sw_${P}.langevin
fix		11 all ave/chunk 100 5000 $c ch v_temp file sw_${P}.langevin
fix		11 all ave/chunk 100 5000 500000 ch v_temp file sw_${P}.langevin
fix		11 all ave/chunk 100 5000 500000 ch v_temp file sw_35.langevin
thermo_style	custom step temp c_Thot c_Tcold f_hot f_cold

run		${t2nve}
run		500000
Per MPI rank memory allocation (min/avg/max) = 5.125 | 5.127 | 5.128 Mbytes
Step Temp c_Thot c_Tcold f_hot f_cold 
       0    299.67945    315.48602      280.397           -0           -0 
  500000    298.85227    319.50036    278.38039   -10804.578    10829.845 
Loop time of 7876.05 on 32 procs for 500000 steps with 193600 atoms

Performance: 2.742 ns/day, 8.751 hours/ns, 63.484 timesteps/s
77.0% CPU use with 32 MPI tasks x no OpenMP threads

MPI task timing breakdown:
Section |  min time  |  avg time  |  max time  |%varavg| %total
---------------------------------------------------------------
Pair    | 4299.5     | 4363.5     | 4436.2     |  46.8 | 55.40
Neigh   | 0.011063   | 0.012002   | 0.015841   |   0.7 |  0.00
Comm    | 1280.3     | 1853.7     | 2344.9     | 778.6 | 23.54
Output  | 0.000814   | 0.0016498  | 0.00173    |   0.4 |  0.00
Modify  | 1027.7     | 1490.7     | 2036.3     | 840.8 | 18.93
Other   |            | 168.1      |            |       |  2.13

Nlocal:    6050 ave 6084 max 6020 min
Histogram: 1 3 1 5 7 8 3 3 0 1
Nghost:    5836.41 ave 5868 max 5799 min
Histogram: 1 0 4 5 4 6 4 3 2 3
Neighs:    0 ave 0 max 0 min
Histogram: 32 0 0 0 0 0 0 0 0 0
FullNghs:  206360 ave 207605 max 205361 min
Histogram: 3 1 3 4 8 6 4 2 0 1

Total # of neighbors = 6603528
Ave neighs/atom = 34.1091
Neighbor list builds = 1
Dangerous builds = 0
clear
next		P
jump		Si.in
 units       metal
#----------------------------- User Input Variables --------------------------------------
################### Geometrical Parameters ###############################
variable	P index 33 34 35 36
variable	W equal 22
# Lattice Constant
variable	LC equal 5.43
# Length
variable	L equal 50
# Width
#variable	W equal 6
# Height
variable	H equal ${W}
variable	H equal 22
################### Simulation Condition ###############################
#DT/DX=cte
variable	cte equal 1.5938
log         sw_${P}.log
log         sw_36.log
