# temperature
variable	T equal 300
#cold region temperature
#variable        tlo equal 275
variable        tlo equal ${T}-${L}*${cte}/4.0
variable        tlo equal 300-${L}*${cte}/4.0
variable        tlo equal 300-50*${cte}/4.0
variable        tlo equal 300-50*1.5938/4.0
#hot region temperature
#variable        thi equal ${cte}*${L}/2+${tlo}
variable        thi equal ${T}+${L}*${cte}/4.0
variable        thi equal 300+${L}*${cte}/4.0
variable        thi equal 300+50*${cte}/4.0
variable        thi equal 300+50*1.5938/4.0

#time step (picoseconds)
variable	dt equal 0.0005 # 0.5 femtoseconds
#number of time steps for NPT
variable	tnpt equal 5000
#number of time steps for NVT
variable	tnvt equal 40000
#number of time steps for first NVE
variable	t1nve equal 100000
#number of time steps for second NVE
variable	t2nve equal 500000

################### Variable Based on LAMMPS Documentation ######################
variable	a equal 100
variable	c equal ${t2nve}
variable	c equal 500000
variable	b equal $c/$a
variable	b equal 500000/$a
variable	b equal 500000/100
variable	tdamp equal ${dt}*100
variable	tdamp equal 0.0005*100
variable	pdamp equal ${dt}*1000
variable	pdamp equal 0.0005*1000

#----------------------------------------------------------------------------------------
# setup problem
dimension       3
boundary        p p p
atom_style      atomic
lattice 	diamond ${LC} origin 0.0 0.0 0.0 orient x 1 0 0 orient y 0 1 0 orient z 0 0 1
lattice 	diamond 5.43 origin 0.0 0.0 0.0 orient x 1 0 0 orient y 0 1 0 orient z 0 0 1
Lattice spacing in x,y,z = 5.43 5.43 5.43
region          0 block 0 $L 0 $W 0 $H units lattice side in
region          0 block 0 50 0 $W 0 $H units lattice side in
region          0 block 0 50 0 22 0 $H units lattice side in
region          0 block 0 50 0 22 0 22 units lattice side in
create_box      1 0
Created orthogonal box = (0 0 0) to (271.5 119.46 119.46)
  8 by 2 by 2 MPI processor grid
create_atoms    1 region 0
Created 193600 atoms
mass		1 28.0855
#dump		1 all xyz 1000 Si_W_${W}nm.xyz
#dump_modify	1 element Si

############################################
pair_style   sw
pair_coeff   * * Si${P}.sw Si
pair_coeff   * * Si39.sw Si
thermo		100
thermo_style custom step lx
min_style cg
minimize 0.0 1.0e-8 10000 100000
WARNING: Using 'neigh_modify every 1 delay 0 check yes' setting during minimization (../min.cpp:168)
Neighbor list info ...
  update every 1 steps, delay 0 steps, check yes
  max neighbors/atom: 2000, page size: 100000
  master list distance cutoff = 6.06218
  ghost atom cutoff = 6.06218
  binsize = 3.03109, bins = 90 40 40
  1 neighbor lists, perpetual/occasional/extra = 1 0 0
  (1) pair sw, perpetual
      attributes: full, newton on
      pair build: full/bin/atomonly
      stencil: full/bin/3d
      bin: standard
Per MPI rank memory allocation (min/avg/max) = 5.235 | 5.235 | 5.235 Mbytes
Step Lx 
       0        271.5 
       1        271.5 
Loop time of 0.476044 on 32 procs for 1 steps with 193600 atoms

85.8% CPU use with 32 MPI tasks x no OpenMP threads

Minimization stats:
  Stopping criterion = force tolerance
  Energy initial, next-to-last, final = 
        -965776.934648     -965776.934648     -965776.934648
  Force two-norm initial, final = 1.04623e-10 1.04552e-10
  Force max component initial, final = 6.07255e-13 6.09263e-13
  Final line search alpha, max atom move = 1 6.09263e-13
  Iterations, force evaluations = 1 2

MPI task timing breakdown:
Section |  min time  |  avg time  |  max time  |%varavg| %total
---------------------------------------------------------------
Pair    | 0.28634    | 0.36957    | 0.46165    |  13.6 | 77.63
Neigh   | 0          | 0          | 0          |   0.0 |  0.00
Comm    | 0.006385   | 0.07748    | 0.18537    |  29.1 | 16.28
Output  | 0          | 0          | 0          |   0.0 |  0.00
Modify  | 0          | 0          | 0          |   0.0 |  0.00
Other   |            | 0.02899    |            |       |  6.09

Nlocal:    6050 ave 6050 max 6050 min
Histogram: 32 0 0 0 0 0 0 0 0 0
Nghost:    5892.5 ave 5893 max 5892 min
Histogram: 16 0 0 0 0 0 0 0 0 16
Neighs:    0 ave 0 max 0 min
Histogram: 32 0 0 0 0 0 0 0 0 0
FullNghs:  278300 ave 278300 max 278300 min
Histogram: 32 0 0 0 0 0 0 0 0 0

Total # of neighbors = 8905600
Ave neighs/atom = 46
Neighbor list builds = 0
Dangerous builds = 0
timestep     ${dt}
timestep     0.0005
velocity 	all create $T 492845
velocity 	all create 300 492845


fix 		NPT all npt temp $T $T ${tdamp} iso 0.0 0.0 ${pdamp}
fix 		NPT all npt temp 300 $T ${tdamp} iso 0.0 0.0 ${pdamp}
fix 		NPT all npt temp 300 300 ${tdamp} iso 0.0 0.0 ${pdamp}
fix 		NPT all npt temp 300 300 0.05 iso 0.0 0.0 ${pdamp}
fix 		NPT all npt temp 300 300 0.05 iso 0.0 0.0 0.5
thermo		100
thermo_style custom step lx press
run		${tnpt}
run		5000
Per MPI rank memory allocation (min/avg/max) = 4.11 | 4.11 | 4.11 Mbytes
Step Lx Press 
       1        271.5    83362.602 
     100    275.85809    41910.772 
     200     278.4601    18587.762 
     300    279.93283    6138.6246 
     400     280.5582    1024.7176 
     500     280.6934    50.296192 
     600    280.70613    40.198965 
     700    280.72485    21.744451 
     800    280.73958     13.17885 
     900    280.75781    19.618426 
    1000    280.77358      24.6025 
    1100    280.79009    32.435097 
    1200    280.80702    15.308241 
    1300    280.82168     19.67384 
    1400    280.83551    13.235952 
    1500    280.84334     22.36517 
    1600    280.85072   0.11599732 
    1700     280.8483   -2.9671703 
    1800    280.84393   -16.263971 
    1900    280.83876   -2.6914506 
    2000    280.83777    5.0566959 
    2100    280.84351   -2.0336884 
    2200    280.84594    11.985134 
    2300     280.8471   -20.736023 
    2400    280.84422    14.455777 
    2500    280.84216   -34.284158 
    2600    280.84301   -9.6843951 
    2700    280.83482    55.612641 
    2800    280.85026   -73.511544 
    2900    280.84439    37.138885 
    3000    280.84329    25.620959 
    3100    280.84604   -39.170984 
    3200    280.83811     26.04602 
    3300    280.84205   -10.406432 
    3400    280.84348   0.77484979 
    3500     280.8432    19.195117 
    3600    280.84773   -31.591125 
    3700    280.84363    13.505351 
    3800    280.83989    11.702103 
    3900     280.8446    -27.59609 
    4000    280.83867    28.118622 
    4100    280.84616    -17.78905 
    4200    280.84488    11.769219 
    4300    280.84339    11.123306 
    4400     280.8466   -36.053372 
    4500    280.83749    38.836847 
    4600    280.84249   -14.951808 
    4700    280.84433    7.8971558 
    4800    280.84347    18.394524 
    4900    280.84983   -48.158859 
    5000    280.83856    50.039892 
    5001    280.83867    49.861799 
Loop time of 476.737 on 32 procs for 5000 steps with 193600 atoms

Performance: 0.453 ns/day, 52.971 hours/ns, 10.488 timesteps/s
92.7% CPU use with 32 MPI tasks x no OpenMP threads

MPI task timing breakdown:
Section |  min time  |  avg time  |  max time  |%varavg| %total
---------------------------------------------------------------
Pair    | 414.59     | 419.82     | 428.37     |  13.8 | 88.06
Neigh   | 0.16438    | 0.16711    | 0.1805     |   0.8 |  0.04
Comm    | 19.43      | 35.677     | 45.456     |  95.1 |  7.48
Output  | 0.02976    | 0.034385   | 0.037998   |   1.6 |  0.01
Modify  | 14.054     | 20.06      | 27.84      | 107.6 |  4.21
Other   |            | 0.974      |            |       |  0.20

Nlocal:    6050 ave 6118 max 5990 min
Histogram: 3 1 6 2 6 2 7 2 2 1
Nghost:    5892.5 ave 5953 max 5824 min
Histogram: 1 2 2 6 3 6 2 6 1 3
Neighs:    0 ave 0 max 0 min
Histogram: 32 0 0 0 0 0 0 0 0 0
FullNghs:  219943 ave 223099 max 217329 min
Histogram: 3 1 5 4 6 5 4 2 1 1

Total # of neighbors = 7038178
Ave neighs/atom = 36.3542
Neighbor list builds = 11
Dangerous builds = 0
unfix		NPT
variable	length equal lx/${LC}
variable	length equal lx/5.43

################### Geometrical Parameters After Relaxation ###############################
# Thermostat_width
variable	TW equal ${length}/40
variable	TW equal 51.7198293765112/40
# Hot_Start
variable	hs equal ${length}/4-${TW}
variable	hs equal 51.7198293765112/4-${TW}
variable	hs equal 51.7198293765112/4-1.29299573441278
# Hot_End
variable	he equal ${length}/4+${TW}
variable	he equal 51.7198293765112/4+${TW}
variable	he equal 51.7198293765112/4+1.29299573441278
# Cold_Start
variable	cs equal 3*${length}/4-${TW}
variable	cs equal 3*51.7198293765112/4-${TW}
variable	cs equal 3*51.7198293765112/4-1.29299573441278
# Cold_End
variable	ce equal 3*${length}/4+${TW}
variable	ce equal 3*51.7198293765112/4+${TW}
variable	ce equal 3*51.7198293765112/4+1.29299573441278
###########################################################################################

################### Defining Thermostat ###################################################
region 		hot block ${hs} ${he} EDGE EDGE EDGE EDGE
region 		hot block 11.636961609715 ${he} EDGE EDGE EDGE EDGE
region 		hot block 11.636961609715 14.2229530785406 EDGE EDGE EDGE EDGE
region 		cold block ${cs} ${ce} EDGE EDGE EDGE EDGE
region 		cold block 37.4968762979706 ${ce} EDGE EDGE EDGE EDGE
region 		cold block 37.4968762979706 40.0828677667962 EDGE EDGE EDGE EDGE
group		test region cold
9586 atoms in group test
group		test1 region hot
9557 atoms in group test1
compute		Thot all temp/region hot
compute         Tcold all temp/region cold
###########################################################################################

fix		NVT all nvt temp $T $T ${tdamp}
fix		NVT all nvt temp 300 $T ${tdamp}
fix		NVT all nvt temp 300 300 ${tdamp}
fix		NVT all nvt temp 300 300 0.05
thermo		1000
thermo_style	custom step temp
run		${tnvt}
run		40000
Per MPI rank memory allocation (min/avg/max) = 4.114 | 4.115 | 4.117 Mbytes
Step Temp 
    5001    298.88356 
    6000    299.07319 
    7000    298.53615 
    8000    298.51742 
    9000    299.76491 
   10000    299.89244 
   11000    301.30661 
   12000    297.29404 
   13000    298.78822 
   14000    299.50291 
   15000    299.21322 
   16000    299.41903 
   17000    299.43852 
   18000    300.81168 
   19000    300.43593 
   20000    299.23933 
   21000    300.98091 
   22000    297.94914 
   23000    299.95476 
   24000    300.47369 
   25000    301.38915 
   26000    300.73452 
   27000    298.82951 
   28000    300.06087 
   29000    299.43885 
   30000     297.8825 
   31000    301.09615 
   32000    300.28946 
   33000    300.05692 
   34000    299.49804 
   35000    298.81618 
   36000    299.88027 
   37000    299.91142 
   38000    300.52166 
   39000    300.11019 
   40000    300.22944 
   41000    300.05377 
   42000    301.56176 
   43000    300.54122 
   44000    299.68367 
   45000    301.34019 
   45001    301.32035 
Loop time of 3728.2 on 32 procs for 40000 steps with 193600 atoms

Performance: 0.463 ns/day, 51.781 hours/ns, 10.729 timesteps/s
92.7% CPU use with 32 MPI tasks x no OpenMP threads

MPI task timing breakdown:
Section |  min time  |  avg time  |  max time  |%varavg| %total
---------------------------------------------------------------
Pair    | 3249.3     | 3290.5     | 3322.9     |  34.3 | 88.26
Neigh   | 0          | 0          | 0          |   0.0 |  0.00
Comm    | 200.13     | 287.39     | 369.28     | 277.5 |  7.71
Output  | 0.024523   | 0.026536   | 0.030363   |   0.9 |  0.00
Modify  | 88.118     | 135.16     | 197.35     | 336.1 |  3.63
Other   |            | 15.1       |            |       |  0.41

Nlocal:    6050 ave 6105 max 5990 min
Histogram: 2 2 4 3 2 5 6 1 4 3
Nghost:    5892.5 ave 5953 max 5838 min
Histogram: 3 4 2 5 5 1 4 4 2 2
Neighs:    0 ave 0 max 0 min
Histogram: 32 0 0 0 0 0 0 0 0 0
FullNghs:  221071 ave 223477 max 218240 min
Histogram: 1 2 4 3 3 5 6 2 2 4

Total # of neighbors = 7074268
Ave neighs/atom = 36.5406
Neighbor list builds = 0
Dangerous builds = 0
velocity	all scale $T
velocity	all scale 300
unfix		NVT

fix		NVE all nve
fix		hot all langevin ${thi} ${thi} ${tdamp} 389516 tally yes
fix		hot all langevin 319.9225 ${thi} ${tdamp} 389516 tally yes
fix		hot all langevin 319.9225 319.9225 ${tdamp} 389516 tally yes
fix		hot all langevin 319.9225 319.9225 0.05 389516 tally yes
fix_modify	hot temp Thot
fix		cold all langevin ${tlo} ${tlo} ${tdamp} 46579 tally yes
fix		cold all langevin 280.0775 ${tlo} ${tdamp} 46579 tally yes
fix		cold all langevin 280.0775 280.0775 ${tdamp} 46579 tally yes
fix		cold all langevin 280.0775 280.0775 0.05 46579 tally yes
fix_modify	cold temp Tcold

thermo_style	custom step temp c_Thot c_Tcold f_hot f_cold
run		${t1nve}
run		100000
Per MPI rank memory allocation (min/avg/max) = 4.864 | 4.865 | 4.867 Mbytes
Step Temp c_Thot c_Tcold f_hot f_cold 
   45001          300    301.42158    300.63193           -0           -0 
   46000    299.84928    320.74534    279.80693   -75.339173    82.465761 
   47000    300.74728    320.44667    278.90043   -108.73004    116.22824 
   48000    299.99579    317.63779    279.60914   -132.79227    137.11603 
   49000    300.23541    322.47029    283.39605   -165.92872    160.28328 
   50000    300.03578    315.84493    279.23005   -192.08754     196.6489 
   51000    300.21467    317.74695     281.1515   -226.80752    223.88406 
   52000    299.93365    318.94204    284.25129   -263.56618    251.48031 
   53000    300.66423    319.66293    279.17725    -293.1848    288.76162 
   54000     299.2732    313.38634    279.55696   -321.82836    329.90299 
   55000     299.6736    317.44645     284.9896   -373.78059    365.13711 
   56000    300.97185    317.02603     283.4663   -412.76872    414.89048 
   57000    299.53917    316.68883    283.76634   -453.72818    462.83333 
   58000     299.4521    314.41376    282.45814   -492.56539    506.55159 
   59000    300.17788    318.44576    283.54708   -547.97356    546.20183 
   60000    299.13993    316.71229    281.66772   -581.55855    588.47628 
   61000    300.97964     317.2623    284.38449   -624.71281    627.67824 
   62000    299.38788    317.92564    284.03608   -677.37527    670.58192 
   63000    299.55465    315.95148     283.0458   -723.64649    710.81624 
   64000     299.8806    315.18941    282.26008   -772.79495    753.37867 
   65000    300.22398    316.83919    285.57195   -815.35153    800.39708 
   66000    299.99663     319.6356    282.28562   -864.74736    851.87761 
   67000    300.13376    317.95504    282.96302    -911.3883    896.31959 
   68000    299.87353    317.15852    280.56986   -953.43431    948.17052 
   69000    299.58572    316.83597    280.39058   -998.08142    993.70496 
   70000    300.33081    317.13229    284.22598   -1054.4816    1031.8194 
   71000    300.49371    317.62671    285.66168   -1103.0423     1073.621 
   72000    300.75084    314.15614    281.37103   -1140.9403    1123.0584 
   73000    300.00645     316.5129    282.18026   -1178.2261    1165.7907 
   74000    300.44187    321.58103    277.51414   -1229.1918    1220.8893 
   75000    299.92051    313.77083    283.12906   -1263.2231    1270.4315 
   76000    300.14776    317.28298     274.8518   -1314.1952    1334.8674 
   77000    299.71159    316.26073    284.38814   -1353.2548    1381.1578 
   78000    299.44313    317.86469    282.69809   -1398.9328    1420.4831 
   79000    299.15597    318.79111    280.86584   -1441.5228    1477.2394 
   80000    299.98183    317.21591    282.18265    -1491.609    1515.1541 
   81000    299.17586    318.24329    281.28574   -1526.5173     1563.703 
   82000    299.10805    317.99423    283.84616   -1576.0534    1599.5277 
   83000    299.58355    318.76928     278.1116   -1630.9224    1650.5271 
   84000    299.38156    314.81967    282.75319   -1681.8173     1690.298 
   85000     299.4894    317.13251    280.96004   -1741.1417    1741.9077 
   86000     300.0794     317.1886     278.2473   -1789.6702    1791.1927 
   87000    299.37353     317.6432    279.03529   -1828.4047    1838.0533 
   88000    299.56347    317.88562    281.03933   -1878.4801     1873.375 
   89000    300.68099    320.38378     280.8556   -1936.0047    1916.9741 
   90000    300.45585    318.85592    281.06659   -1987.3333    1968.4515 
   91000    300.40518    318.98787    283.53483   -2022.0298    2013.6557 
   92000    299.87076     322.6007    282.07511   -2074.4084    2059.1676 
   93000    300.11085    314.27923    280.99785   -2113.4321    2119.4592 
   94000    300.86902    323.90314    284.35371   -2178.3358    2154.6236 
   95000    299.66103    318.84499    277.91205   -2227.3628    2220.4882 
   96000    300.21744     319.8057    282.57605   -2270.6545     2253.315 
   97000    299.49623    315.93348     282.6819   -2308.5882    2299.1284 
   98000    299.66103    314.34633    276.77088    -2350.466    2347.1248 
   99000      300.139    316.07644    277.11864   -2396.7787    2392.3088 
  100000    300.65191    315.06713    283.42106   -2447.3291    2431.7923 
  101000    299.93877    317.40739    281.99587   -2491.0633    2488.2284 
  102000    300.53183    318.82926    284.89644   -2538.2715    2540.4762 
  103000    299.68919    319.63028     283.3736   -2582.4236     2582.081 
  104000    299.91018     316.1176    280.22457   -2611.8115     2640.861 
  105000    299.06367    317.48512    280.31342   -2668.7304    2683.6958 
  106000    300.44951    317.78399    281.67602   -2706.3901    2727.0108 
  107000    298.87017    316.97842    275.99548   -2757.0574    2768.8276 
  108000    298.91256    320.35464    280.49686   -2798.6487    2805.3294 
  109000    300.30279    318.02787    286.92514   -2850.3746    2842.4671 
  110000    300.08867    316.41524    282.77597   -2891.4236     2878.387 
  111000    299.76144     320.7681    280.43961   -2932.0141    2935.0249 
  112000    300.60981     313.4483    279.87653   -2980.0232    2972.1579 
  113000    299.95567    314.55787     279.7745   -3040.7543    3022.4895 
  114000    299.62442    318.06526    279.20727   -3086.1878     3066.759 
  115000    300.86579     319.5916    285.95137   -3142.1451    3119.0866 
  116000    300.45138    315.59341    279.32083   -3175.2829    3167.4856 
  117000    299.97653    319.87187    283.07882   -3217.6889    3214.5381 
  118000    299.95265    320.45363    282.40056   -3268.6913    3253.9113 
  119000    300.87989    317.67022    283.33057   -3310.8715    3291.8476 
  120000    300.30141    318.89679    287.78007   -3365.6639    3342.4904 
  121000    300.24444    316.42029    283.41037   -3404.0776    3396.8739 
  122000    300.33693    318.12385    283.09357   -3461.9791    3443.0878 
  123000    300.78171    317.19058    279.90711   -3509.6017    3491.1486 
  124000    300.19193     316.9579    283.37258   -3555.5179    3538.4728 
  125000    300.44389    317.37866    282.20163   -3604.1782     3584.223 
  126000    300.30668    318.05077    281.37385   -3642.2791    3624.0476 
  127000     300.4246    316.85182    287.06506    -3688.046    3654.1159 
  128000    300.86185    319.80523    284.64294   -3733.1268    3701.8327 
  129000    300.33409    315.49585    278.34749   -3776.8969    3745.2107 
  130000    300.54242    316.08653    281.55706    -3826.322    3787.2768 
  131000    300.17636     318.5772      280.766   -3860.1053    3838.3085 
  132000    300.06592    314.94707    281.42606   -3909.5956    3872.4421 
  133000    300.85941    318.99148    284.27286   -3954.0547    3929.1113 
  134000    299.72765    314.27954    279.81854   -3984.8543    3989.2796 
  135000    299.88094    314.78656    283.76249   -4026.9233    4032.0866 
  136000    299.85347    317.45507     277.0714   -4072.1336    4083.8343 
  137000    300.06352    322.56007    281.33924   -4131.3497    4116.9577 
  138000    300.59721    316.86421    282.65459   -4170.8888    4165.5626 
  139000    300.04693    315.97313    280.29448   -4217.0063    4206.1352 
  140000    300.29743    313.49159    284.21867   -4275.0665    4242.4559 
  141000     300.3525     314.2453     278.5016   -4318.6741    4302.2336 
  142000    299.71438    319.23556    281.28906   -4357.7037    4340.6663 
  143000    300.10317      320.312     284.2367   -4399.6195    4380.1656 
  144000    300.10916    316.26248    286.07086   -4426.0295    4432.6087 
  145000    300.06268     318.8153    280.66096   -4484.2608    4490.5459 
  145001    300.05941    318.57781    280.50486   -4484.2339    4490.5181 
Loop time of 9465.51 on 32 procs for 100000 steps with 193600 atoms

Performance: 0.456 ns/day, 52.586 hours/ns, 10.565 timesteps/s
92.4% CPU use with 32 MPI tasks x no OpenMP threads

MPI task timing breakdown:
Section |  min time  |  avg time  |  max time  |%varavg| %total
---------------------------------------------------------------
Pair    | 8083.9     | 8228.7     | 8305.8     |  60.6 | 86.93
Neigh   | 0          | 0          | 0          |   0.0 |  0.00
Comm    | 490.35     | 709.94     | 945.93     | 472.1 |  7.50
Output  | 0.10229    | 0.10784    | 0.11086    |   0.6 |  0.00
Modify  | 393.78     | 496.83     | 655.3      | 429.2 |  5.25
Other   |            | 29.98      |            |       |  0.32

Nlocal:    6050 ave 6101 max 5952 min
Histogram: 1 0 1 1 1 7 6 7 6 2
Nghost:    5892.5 ave 5990 max 5842 min
Histogram: 2 7 6 6 6 2 1 1 0 1
Neighs:    0 ave 0 max 0 min
Histogram: 32 0 0 0 0 0 0 0 0 0
FullNghs:  221141 ave 223463 max 216702 min
Histogram: 1 0 1 1 1 7 6 6 7 2

Total # of neighbors = 7076510
Ave neighs/atom = 36.5522
Neighbor list builds = 0
Dangerous builds = 0

# thermal conductivity calculation
# reset langevin thermostats to zero energy accumulation
reset_timestep 0
thermo		$c
thermo		500000
compute		ke all ke/atom
variable	temp atom c_ke/1.5/8.617332478e-5
fix		hot all langevin ${thi} ${thi} ${tdamp} 389516 tally yes
fix		hot all langevin 319.9225 ${thi} ${tdamp} 389516 tally yes
fix		hot all langevin 319.9225 319.9225 ${tdamp} 389516 tally yes
fix		hot all langevin 319.9225 319.9225 0.05 389516 tally yes
fix_modify	hot temp Thot
fix		cold all langevin ${tlo} ${tlo} ${tdamp} 46579 tally yes
fix		cold all langevin 280.0775 ${tlo} ${tdamp} 46579 tally yes
fix		cold all langevin 280.0775 280.0775 ${tdamp} 46579 tally yes
fix		cold all langevin 280.0775 280.0775 0.05 46579 tally yes
fix_modify	cold temp Tcold

compute		ch all chunk/atom bin/1d x lower 0.02 units reduced
fix		11 all ave/chunk $a $b $c ch v_temp file sw_${P}.langevin
fix		11 all ave/chunk 100 $b $c ch v_temp file sw_${P}.langevin
fix		11 all ave/chunk 100 5000 $c ch v_temp file sw_${P}.langevin
fix		11 all ave/chunk 100 5000 500000 ch v_temp file sw_${P}.langevin
fix		11 all ave/chunk 100 5000 500000 ch v_temp file sw_39.langevin
thermo_style	custom step temp c_Thot c_Tcold f_hot f_cold

run		${t2nve}
run		500000
Per MPI rank memory allocation (min/avg/max) = 5.115 | 5.115 | 5.117 Mbytes
Step Temp c_Thot c_Tcold f_hot f_cold 
       0    300.05941    318.62993    280.50028           -0           -0 
  500000    299.70976    317.52696    279.97539   -22723.911    22718.492 
Loop time of 47358.7 on 32 procs for 500000 steps with 193600 atoms

Performance: 0.456 ns/day, 52.621 hours/ns, 10.558 timesteps/s
92.5% CPU use with 32 MPI tasks x no OpenMP threads

MPI task timing breakdown:
Section |  min time  |  avg time  |  max time  |%varavg| %total
---------------------------------------------------------------
Pair    | 40648      | 41111      | 41544      |  90.1 | 86.81
Neigh   | 0          | 0          | 0          |   0.0 |  0.00
Comm    | 2474.3     | 3614       | 4590.7     | 965.8 |  7.63
Output  | 0.000932   | 0.0017473  | 0.001906   |   0.4 |  0.00
Modify  | 1922.4     | 2483.4     | 3340.7     |1059.6 |  5.24
Other   |            | 150.4      |            |       |  0.32

Nlocal:    6050 ave 6079 max 6019 min
Histogram: 4 1 1 5 3 4 5 4 3 2
Nghost:    5892.5 ave 5923 max 5863 min
Histogram: 1 4 3 6 4 2 6 1 1 4
Neighs:    0 ave 0 max 0 min
Histogram: 32 0 0 0 0 0 0 0 0 0
FullNghs:  221147 ave 222318 max 219596 min
Histogram: 3 2 0 4 5 0 5 5 5 3

Total # of neighbors = 7076710
Ave neighs/atom = 36.5533
Neighbor list builds = 0
Dangerous builds = 0
clear
next		P
jump		Si.in
 units       metal
#----------------------------- User Input Variables --------------------------------------
################### Geometrical Parameters ###############################
variable	P index 37 38 39 40
variable	W equal 22
# Lattice Constant
variable	LC equal 5.43
# Length
variable	L equal 50
# Width
#variable	W equal 6
# Height
variable	H equal ${W}
variable	H equal 22
################### Simulation Condition ###############################
#DT/DX=cte
variable	cte equal 1.5938
log         sw_${P}.log
log         sw_40.log
