# temperature
variable	T equal 300
#cold region temperature
#variable        tlo equal 275
variable        tlo equal ${T}-${L}*${cte}/4.0
variable        tlo equal 300-${L}*${cte}/4.0
variable        tlo equal 300-50*${cte}/4.0
variable        tlo equal 300-50*1.5938/4.0
#hot region temperature
#variable        thi equal ${cte}*${L}/2+${tlo}
variable        thi equal ${T}+${L}*${cte}/4.0
variable        thi equal 300+${L}*${cte}/4.0
variable        thi equal 300+50*${cte}/4.0
variable        thi equal 300+50*1.5938/4.0

#time step (picoseconds)
variable	dt equal 0.0005 # 0.5 femtoseconds
#number of time steps for NPT
variable	tnpt equal 5000
#number of time steps for NVT
variable	tnvt equal 40000
#number of time steps for first NVE
variable	t1nve equal 100000
#number of time steps for second NVE
variable	t2nve equal 500000

################### Variable Based on LAMMPS Documentation ######################
variable	a equal 100
variable	c equal ${t2nve}
variable	c equal 500000
variable	b equal $c/$a
variable	b equal 500000/$a
variable	b equal 500000/100
variable	tdamp equal ${dt}*100
variable	tdamp equal 0.0005*100
variable	pdamp equal ${dt}*1000
variable	pdamp equal 0.0005*1000

#----------------------------------------------------------------------------------------
# setup problem
dimension       3
boundary        p p p
atom_style      atomic
lattice 	diamond ${LC} origin 0.0 0.0 0.0 orient x 1 0 0 orient y 0 1 0 orient z 0 0 1
lattice 	diamond 5.43 origin 0.0 0.0 0.0 orient x 1 0 0 orient y 0 1 0 orient z 0 0 1
Lattice spacing in x,y,z = 5.43 5.43 5.43
region          0 block 0 $L 0 $W 0 $H units lattice side in
region          0 block 0 50 0 $W 0 $H units lattice side in
region          0 block 0 50 0 22 0 $H units lattice side in
region          0 block 0 50 0 22 0 22 units lattice side in
create_box      1 0
Created orthogonal box = (0 0 0) to (271.5 119.46 119.46)
  8 by 2 by 2 MPI processor grid
create_atoms    1 region 0
Created 193600 atoms
mass		1 28.0855
#dump		1 all xyz 1000 Si_W_${W}nm.xyz
#dump_modify	1 element Si

############################################
pair_style   sw
pair_coeff   * * Si${P}.sw Si
pair_coeff   * * Si40.sw Si
thermo		100
thermo_style custom step lx
min_style cg
minimize 0.0 1.0e-8 10000 100000
WARNING: Using 'neigh_modify every 1 delay 0 check yes' setting during minimization (../min.cpp:168)
Neighbor list info ...
  update every 1 steps, delay 0 steps, check yes
  max neighbors/atom: 2000, page size: 100000
  master list distance cutoff = 5.66963
  ghost atom cutoff = 5.66963
  binsize = 2.83482, bins = 96 43 43
  1 neighbor lists, perpetual/occasional/extra = 1 0 0
  (1) pair sw, perpetual
      attributes: full, newton on
      pair build: full/bin/atomonly
      stencil: full/bin/3d
      bin: standard
Per MPI rank memory allocation (min/avg/max) = 5.239 | 5.241 | 5.242 Mbytes
Step Lx 
       0        271.5 
       1        271.5 
Loop time of 0.0418952 on 32 procs for 1 steps with 193600 atoms

75.4% CPU use with 32 MPI tasks x no OpenMP threads

Minimization stats:
  Stopping criterion = force tolerance
  Energy initial, next-to-last, final = 
        -762348.701824     -762348.701824     -762348.701824
  Force two-norm initial, final = 9.24421e-11 9.23751e-11
  Force max component initial, final = 5.38682e-13 5.41648e-13
  Final line search alpha, max atom move = 1 5.41648e-13
  Iterations, force evaluations = 1 2

MPI task timing breakdown:
Section |  min time  |  avg time  |  max time  |%varavg| %total
---------------------------------------------------------------
Pair    | 0.024494   | 0.024797   | 0.025722   |   0.2 | 59.19
Neigh   | 0          | 0          | 0          |   0.0 |  0.00
Comm    | 0.006155   | 0.0097325  | 0.013521   |   2.2 | 23.23
Output  | 0          | 0          | 0          |   0.0 |  0.00
Modify  | 0          | 0          | 0          |   0.0 |  0.00
Other   |            | 0.007366   |            |       | 17.58

Nlocal:    6050 ave 6050 max 6050 min
Histogram: 32 0 0 0 0 0 0 0 0 0
Nghost:    5892.5 ave 5893 max 5892 min
Histogram: 16 0 0 0 0 0 0 0 0 16
Neighs:    0 ave 0 max 0 min
Histogram: 32 0 0 0 0 0 0 0 0 0
FullNghs:  205700 ave 205700 max 205700 min
Histogram: 32 0 0 0 0 0 0 0 0 0

Total # of neighbors = 6582400
Ave neighs/atom = 34
Neighbor list builds = 0
Dangerous builds = 0
timestep     ${dt}
timestep     0.0005
velocity 	all create $T 492845
velocity 	all create 300 492845


fix 		NPT all npt temp $T $T ${tdamp} iso 0.0 0.0 ${pdamp}
fix 		NPT all npt temp 300 $T ${tdamp} iso 0.0 0.0 ${pdamp}
fix 		NPT all npt temp 300 300 ${tdamp} iso 0.0 0.0 ${pdamp}
fix 		NPT all npt temp 300 300 0.05 iso 0.0 0.0 ${pdamp}
fix 		NPT all npt temp 300 300 0.05 iso 0.0 0.0 0.5
thermo		100
thermo_style custom step lx press
run		${tnpt}
run		5000
Per MPI rank memory allocation (min/avg/max) = 4.114 | 4.116 | 4.117 Mbytes
Step Lx Press 
       1        271.5   -43606.774 
     100    268.66432   -12197.505 
     200    267.73006   -690.92452 
     300    267.65914   -70.498492 
     400    267.68331    81.623204 
     500    267.69105     113.3274 
     600    267.71178   -79.185403 
     700    267.71721    134.06736 
     800    267.74171   -35.546716 
     900    267.75314   -24.684623 
    1000     267.7676    57.880432 
    1100    267.77935    9.3453313 
    1200    267.79596    15.123268 
    1300    267.80424    43.608684 
    1400    267.81488   -30.729277 
    1500     267.8199   -4.9707043 
    1600    267.82058   -9.5309682 
    1700     267.8123     9.285906 
    1800    267.81254   -18.659377 
    1900     267.8088    15.071167 
    2000    267.81281  0.037848742 
    2100    267.81514    1.0801948 
    2200    267.81866   -21.031112 
    2300    267.81597    4.5975917 
    2400    267.81421   -5.5269993 
    2500    267.80621    2.8193012 
    2600    267.81551   -13.770499 
    2700    267.81292    38.831035 
    2800    267.81562   -2.4601928 
    2900    267.82076   -53.978386 
    3000    267.80698    66.484177 
    3100    267.81913   -100.94846 
    3200    267.80474    119.66067 
    3300    267.81513   -66.855298 
    3400    267.82215   -18.527446 
    3500    267.80096    129.36473 
    3600    267.83452   -218.04049 
    3700    267.79616    201.34296 
    3800    267.81809   -67.932029 
    3900    267.81375   -24.729054 
    4000    267.81243    47.802627 
    4100    267.81538   -12.687894 
    4200     267.8195   -39.310478 
    4300     267.8066    68.961949 
    4400    267.81962   -81.854624 
    4500    267.80646    65.229701 
    4600    267.81633   -30.741825 
    4700    267.81692   -11.561418 
    4800     267.8122    37.859476 
    4900    267.81326   -3.3359426 
    5000    267.81626   -38.878875 
    5001    267.81627   -39.527082 
Loop time of 92.9603 on 32 procs for 5000 steps with 193600 atoms

Performance: 2.324 ns/day, 10.329 hours/ns, 53.786 timesteps/s
74.4% CPU use with 32 MPI tasks x no OpenMP threads

MPI task timing breakdown:
Section |  min time  |  avg time  |  max time  |%varavg| %total
---------------------------------------------------------------
Pair    | 51.614     | 52.216     | 52.883     |   4.8 | 56.17
Neigh   | 0.047299   | 0.048922   | 0.051053   |   0.4 |  0.05
Comm    | 14.679     | 20.631     | 27.343     |  83.4 | 22.19
Output  | 0.030833   | 0.036543   | 0.039071   |   1.1 |  0.04
Modify  | 12.918     | 18.924     | 24.485     |  85.2 | 20.36
Other   |            | 1.103      |            |       |  1.19

Nlocal:    6050 ave 6094 max 6021 min
Histogram: 6 2 6 5 1 2 5 2 2 1
Nghost:    5892.5 ave 5922 max 5848 min
Histogram: 1 2 2 5 2 1 5 6 2 6
Neighs:    0 ave 0 max 0 min
Histogram: 32 0 0 0 0 0 0 0 0 0
FullNghs:  205741 ave 207231 max 204746 min
Histogram: 5 3 6 5 1 2 5 2 2 1

Total # of neighbors = 6583706
Ave neighs/atom = 34.0067
Neighbor list builds = 4
Dangerous builds = 0
unfix		NPT
variable	length equal lx/${LC}
variable	length equal lx/5.43

################### Geometrical Parameters After Relaxation ###############################
# Thermostat_width
variable	TW equal ${length}/40
variable	TW equal 49.3215972423139/40
# Hot_Start
variable	hs equal ${length}/4-${TW}
variable	hs equal 49.3215972423139/4-${TW}
variable	hs equal 49.3215972423139/4-1.23303993105785
# Hot_End
variable	he equal ${length}/4+${TW}
variable	he equal 49.3215972423139/4+${TW}
variable	he equal 49.3215972423139/4+1.23303993105785
# Cold_Start
variable	cs equal 3*${length}/4-${TW}
variable	cs equal 3*49.3215972423139/4-${TW}
variable	cs equal 3*49.3215972423139/4-1.23303993105785
# Cold_End
variable	ce equal 3*${length}/4+${TW}
variable	ce equal 3*49.3215972423139/4+${TW}
variable	ce equal 3*49.3215972423139/4+1.23303993105785
###########################################################################################

################### Defining Thermostat ###################################################
region 		hot block ${hs} ${he} EDGE EDGE EDGE EDGE
region 		hot block 11.0973593795206 ${he} EDGE EDGE EDGE EDGE
region 		hot block 11.0973593795206 13.5634392416363 EDGE EDGE EDGE EDGE
region 		cold block ${cs} ${ce} EDGE EDGE EDGE EDGE
region 		cold block 35.7581580006776 ${ce} EDGE EDGE EDGE EDGE
region 		cold block 35.7581580006776 38.2242378627933 EDGE EDGE EDGE EDGE
group		test region cold
9574 atoms in group test
group		test1 region hot
9570 atoms in group test1
compute		Thot all temp/region hot
compute         Tcold all temp/region cold
###########################################################################################

fix		NVT all nvt temp $T $T ${tdamp}
fix		NVT all nvt temp 300 $T ${tdamp}
fix		NVT all nvt temp 300 300 ${tdamp}
fix		NVT all nvt temp 300 300 0.05
thermo		1000
thermo_style	custom step temp
run		${tnvt}
run		40000
Per MPI rank memory allocation (min/avg/max) = 4.118 | 4.12 | 4.121 Mbytes
Step Temp 
    5001     300.6873 
    6000    298.26324 
    7000    301.37825 
    8000    300.82627 
    9000    300.51582 
   10000    299.90834 
   11000     299.9271 
   12000    302.07138 
   13000    301.12329 
   14000    300.66305 
   15000    300.80725 
   16000    301.34128 
   17000    299.80838 
   18000    300.48832 
   19000    301.11812 
   20000    300.45665 
   21000     300.5293 
   22000     298.5823 
   23000    299.61181 
   24000    300.83944 
   25000    299.67341 
   26000    300.35156 
   27000    299.80239 
   28000    299.12294 
   29000    300.46048 
   30000    300.38116 
   31000    300.68501 
   32000     300.1848 
   33000    301.32483 
   34000    301.38265 
   35000    301.05074 
   36000    298.57484 
   37000    300.15832 
   38000    300.46243 
   39000    299.93057 
   40000     300.7505 
   41000    298.91051 
   42000    299.82259 
   43000    299.98893 
   44000    299.03986 
   45000     300.3033 
   45001    300.31576 
Loop time of 680.891 on 32 procs for 40000 steps with 193600 atoms

Performance: 2.538 ns/day, 9.457 hours/ns, 58.747 timesteps/s
77.7% CPU use with 32 MPI tasks x no OpenMP threads

MPI task timing breakdown:
Section |  min time  |  avg time  |  max time  |%varavg| %total
---------------------------------------------------------------
Pair    | 419.37     | 424.14     | 430.44     |  11.8 | 62.29
Neigh   | 0          | 0          | 0          |   0.0 |  0.00
Comm    | 120.17     | 161.34     | 198.14     | 198.0 | 23.70
Output  | 0.024745   | 0.026377   | 0.030312   |   0.9 |  0.00
Modify  | 42.721     | 80.71      | 121.47     | 288.4 | 11.85
Other   |            | 14.68      |            |       |  2.16

Nlocal:    6050 ave 6098 max 6005 min
Histogram: 3 0 5 6 5 2 3 4 3 1
Nghost:    5892.5 ave 5937 max 5845 min
Histogram: 1 4 3 3 2 5 6 5 0 3
Neighs:    0 ave 0 max 0 min
Histogram: 32 0 0 0 0 0 0 0 0 0
FullNghs:  206691 ave 208432 max 205108 min
Histogram: 3 0 4 10 2 2 2 7 1 1

Total # of neighbors = 6614114
Ave neighs/atom = 34.1638
Neighbor list builds = 0
Dangerous builds = 0
velocity	all scale $T
velocity	all scale 300
unfix		NVT

fix		NVE all nve
fix		hot all langevin ${thi} ${thi} ${tdamp} 389516 tally yes
fix		hot all langevin 319.9225 ${thi} ${tdamp} 389516 tally yes
fix		hot all langevin 319.9225 319.9225 ${tdamp} 389516 tally yes
fix		hot all langevin 319.9225 319.9225 0.05 389516 tally yes
fix_modify	hot temp Thot
fix		cold all langevin ${tlo} ${tlo} ${tdamp} 46579 tally yes
fix		cold all langevin 280.0775 ${tlo} ${tdamp} 46579 tally yes
fix		cold all langevin 280.0775 280.0775 ${tdamp} 46579 tally yes
fix		cold all langevin 280.0775 280.0775 0.05 46579 tally yes
fix_modify	cold temp Tcold

thermo_style	custom step temp c_Thot c_Tcold f_hot f_cold
run		${t1nve}
run		100000
Per MPI rank memory allocation (min/avg/max) = 4.868 | 4.87 | 4.871 Mbytes
Step Temp c_Thot c_Tcold f_hot f_cold 
   45001          300    296.77816    305.82837           -0           -0 
   46000    299.53533    316.36724    281.25178   -78.985396     88.28422 
   47000    300.09342    318.28962    281.95122   -104.72372    111.67885 
   48000    299.01843    321.02959    278.38902   -122.48523    157.33708 
   49000    300.38173     319.9473    280.78227   -149.61788    172.63253 
   50000    299.46748    320.04808    278.14691   -177.46997    197.58122 
   51000    298.91278    309.87173    281.49695   -193.49347    217.14986 
   52000    299.19899     320.4735     280.3246   -242.75422    249.31603 
   53000    299.88127    320.40983      284.295   -271.72413    285.15992 
   54000    299.56701    321.96855    279.08665   -309.45797    314.64025 
   55000    299.42993    318.81086    282.17887   -325.28313    358.59911 
   56000     298.6956    317.06061    280.19201   -352.35626    379.11753 
   57000    299.32579    319.41973    281.53684   -391.75384    412.76024 
   58000    298.81006    318.82144    280.38463   -415.65669    464.38631 
   59000    298.98802    320.99416    278.09738    -457.4362    487.19658 
   60000    298.98637     321.9463    283.97952   -504.37778    530.13209 
   61000    299.73151    318.71148    282.38802    -536.2443    569.77711 
   62000     299.4683    323.57466    281.61153   -584.31495    605.74035 
   63000    299.06822    318.59086    279.66086   -606.86538    647.44317 
   64000    300.30331    323.48467    285.03386   -659.15213    673.57147 
   65000    299.29377    315.85407    276.83775   -681.08166    726.78562 
   66000    299.08937    318.25862    284.52226   -719.52209     758.3885 
   67000    298.56063     319.6977    283.18687   -763.43206    787.62921 
   68000    299.14412    318.98015    282.57422   -803.71373    829.49918 
   69000     299.5237    322.96078    282.85598   -853.86085    880.25248 
   70000    299.00838    321.18958    281.65609   -884.73819    925.79192 
   71000    299.23753    317.28792    281.11541   -934.02111    957.52566 
   72000    299.05499    313.46158    284.76407   -964.68496    990.51652 
   73000    299.66643    316.46125    283.47042   -1014.3797    1039.9164 
   74000    299.74598     315.3262    281.68101   -1055.4939    1080.6987 
   75000    299.12623    316.59615    281.94757    -1092.704    1121.8437 
   76000     299.8491    317.64759    287.56942   -1129.6931     1151.281 
   77000    298.87348    315.75559    282.18425    -1162.652    1198.7698 
   78000    299.91808    315.65102    279.92343   -1213.2098    1230.4114 
   79000    300.44704    314.20108    279.40482   -1266.5601    1279.4507 
   80000    299.84853     313.8409    282.58922   -1302.4195    1306.0274 
   81000    300.45521    320.75571     285.3874   -1353.8078    1343.3059 
   82000    299.39302    317.94656    284.02296   -1385.2818     1387.879 
   83000    300.34069    316.06644    282.36992   -1433.9888     1422.925 
   84000    299.77425    314.64347     281.2914   -1470.2863    1479.0264 
   85000    299.55443    315.38726    287.56143    -1507.821    1513.4638 
   86000    300.10328    318.74946    282.64179   -1559.0535    1551.4567 
   87000    300.20442     320.2326    282.66569   -1603.2029    1587.5948 
   88000    300.13603    319.90076     281.5937   -1645.0435    1637.4009 
   89000    300.09479    318.68645    282.41238   -1676.4125     1670.221 
   90000    299.54134    315.21555    280.72606   -1715.8314    1723.7562 
   91000     300.4824    322.61674     283.1361   -1764.7992    1746.3898 
   92000    300.17915     317.4364    280.80635   -1801.7968    1793.0125 
   93000    300.36064    318.31895    278.62828   -1850.6535    1840.4554 
   94000    300.41509     316.3464    284.41835   -1877.5345     1869.424 
   95000    299.81422    315.97979     278.5431   -1919.6548    1912.1252 
   96000    299.67474    316.32392    280.18832   -1951.8691    1945.7067 
   97000    300.17854    324.14721    283.55211   -1980.0097    1974.5114 
   98000    300.40386    320.57252    281.00478   -2027.9359    2021.9317 
   99000    299.80295    315.84638    286.43467   -2064.6395    2062.3876 
  100000    300.31167    315.27032    280.78893    -2093.637    2109.5852 
  101000     299.8392    319.30834    280.49019   -2142.2102    2151.9396 
  102000    300.00952    319.68995    283.62747   -2181.2308    2181.2884 
  103000    299.64809    319.46914    279.95806   -2209.5844    2226.4191 
  104000    299.92884    318.78053    278.04961   -2251.5696    2260.5803 
  105000    299.91725    317.07362    283.73408   -2285.3851    2291.1267 
  106000      300.031    319.13615    283.48298   -2327.0309    2333.6887 
  107000    299.38319    315.90556    281.03137   -2366.7078     2378.615 
  108000    299.72571    318.99434    283.86753   -2401.7273    2409.8029 
  109000    299.87211    315.72214    284.76527   -2431.6251    2450.5344 
  110000     298.9193     314.3554    283.09061   -2470.3575    2500.2815 
  111000    299.62897    319.82762    280.41894   -2521.2859    2541.0119 
  112000     299.5376    325.11471    282.92767   -2567.8059    2568.2714 
  113000    299.68123    317.16746    283.37716   -2607.0696    2615.3752 
  114000    298.96872    315.32271    279.04595   -2651.7111     2658.187 
  115000     300.3501    319.49891    279.79677   -2694.2431     2694.336 
  116000    300.71413    317.10729    280.53918   -2726.3146    2721.6331 
  117000    300.80408    314.68349    284.97474   -2769.2552    2746.2681 
  118000    300.40197    318.68202     282.3339   -2807.1916    2796.0561 
  119000    300.62914    318.54535    282.47853   -2857.4501    2836.8126 
  120000    300.14622    318.19022    279.54792   -2891.0785     2878.983 
  121000    300.16322    319.96953    281.14903   -2927.1603    2925.3028 
  122000    299.97632    317.27959    276.80335   -2964.3086    2973.4679 
  123000    299.84669    319.18552    279.41714   -3011.7908    3005.1684 
  124000    300.52839    317.36568    278.30685   -3053.1803    3056.8333 
  125000    299.94308    319.27822    282.55121   -3091.0845    3092.6898 
  126000    300.21105    315.65177    281.87916   -3129.5134    3126.2447 
  127000    299.85333    321.05322    282.22175   -3168.3465    3173.1771 
  128000    299.21612    319.15158    284.44748   -3211.5989    3207.0658 
  129000    300.33651    319.52108    284.92903   -3256.1188    3246.7041 
  130000    299.54296    315.96658    280.84121   -3295.9941     3290.248 
  131000     299.4106    319.63365    280.66687   -3335.0508    3334.6667 
  132000    300.18385    323.31777     280.5577   -3372.4102    3365.1531 
  133000    298.88951    312.95986    279.43544   -3404.2571    3398.6234 
  134000    299.89189    316.30809    278.84105   -3446.9224    3442.1642 
  135000    300.09017    318.45523    279.96699   -3497.0599    3484.6108 
  136000    299.43851    315.72881    278.59068   -3536.2495     3530.869 
  137000    300.06347    323.01056    283.97606   -3576.0114    3569.0468 
  138000    300.03211    320.84683    279.69603   -3616.8756    3607.4726 
  139000    299.82173    318.31543    284.22259   -3644.1035    3642.1926 
  140000    299.45591    320.62568    279.09813    -3691.615    3688.6043 
  141000    300.30884    316.87064    284.83716   -3725.2818    3730.2886 
  142000    300.35106    320.31123    282.36412   -3772.3577    3768.9905 
  143000    299.95417    316.18832     281.6014   -3813.5837    3806.6358 
  144000    299.52432    316.77708    279.18866   -3844.2235    3836.8076 
  145000    300.33184    318.55173    282.31087   -3884.8961    3883.2187 
  145001    300.29141    318.17603    281.99714   -3884.7642    3883.5435 
Loop time of 1814 on 32 procs for 100000 steps with 193600 atoms

Performance: 2.381 ns/day, 10.078 hours/ns, 55.127 timesteps/s
78.6% CPU use with 32 MPI tasks x no OpenMP threads

MPI task timing breakdown:
Section |  min time  |  avg time  |  max time  |%varavg| %total
---------------------------------------------------------------
Pair    | 1037.1     | 1061.4     | 1078.2     |  27.9 | 58.51
Neigh   | 0          | 0          | 0          |   0.0 |  0.00
Comm    | 275.3      | 396.36     | 488.63     | 346.5 | 21.85
Output  | 0.097909   | 0.11013    | 0.11373    |   1.0 |  0.01
Modify  | 229.63     | 321.98     | 431.14     | 375.8 | 17.75
Other   |            | 34.14      |            |       |  1.88

Nlocal:    6050 ave 6099 max 5959 min
Histogram: 1 0 0 4 4 2 7 5 4 5
Nghost:    5892.5 ave 5984 max 5844 min
Histogram: 5 4 5 5 4 3 5 0 0 1
Neighs:    0 ave 0 max 0 min
Histogram: 32 0 0 0 0 0 0 0 0 0
FullNghs:  206740 ave 208410 max 203501 min
Histogram: 1 0 0 4 4 3 5 5 5 5

Total # of neighbors = 6615686
Ave neighs/atom = 34.1719
Neighbor list builds = 0
Dangerous builds = 0

# thermal conductivity calculation
# reset langevin thermostats to zero energy accumulation
reset_timestep 0
thermo		$c
thermo		500000
compute		ke all ke/atom
variable	temp atom c_ke/1.5/8.617332478e-5
fix		hot all langevin ${thi} ${thi} ${tdamp} 389516 tally yes
fix		hot all langevin 319.9225 ${thi} ${tdamp} 389516 tally yes
fix		hot all langevin 319.9225 319.9225 ${tdamp} 389516 tally yes
fix		hot all langevin 319.9225 319.9225 0.05 389516 tally yes
fix_modify	hot temp Thot
fix		cold all langevin ${tlo} ${tlo} ${tdamp} 46579 tally yes
fix		cold all langevin 280.0775 ${tlo} ${tdamp} 46579 tally yes
fix		cold all langevin 280.0775 280.0775 ${tdamp} 46579 tally yes
fix		cold all langevin 280.0775 280.0775 0.05 46579 tally yes
fix_modify	cold temp Tcold

compute		ch all chunk/atom bin/1d x lower 0.02 units reduced
fix		11 all ave/chunk $a $b $c ch v_temp file sw_${P}.langevin
fix		11 all ave/chunk 100 $b $c ch v_temp file sw_${P}.langevin
fix		11 all ave/chunk 100 5000 $c ch v_temp file sw_${P}.langevin
fix		11 all ave/chunk 100 5000 500000 ch v_temp file sw_${P}.langevin
fix		11 all ave/chunk 100 5000 500000 ch v_temp file sw_40.langevin
thermo_style	custom step temp c_Thot c_Tcold f_hot f_cold

run		${t2nve}
run		500000
Per MPI rank memory allocation (min/avg/max) = 5.118 | 5.12 | 5.121 Mbytes
Step Temp c_Thot c_Tcold f_hot f_cold 
       0    300.29141    318.39406    282.06996           -0           -0 
  500000    299.43986    314.75064    285.39866   -19187.842    19207.415 
Loop time of 9205.84 on 32 procs for 500000 steps with 193600 atoms

Performance: 2.346 ns/day, 10.229 hours/ns, 54.313 timesteps/s
78.0% CPU use with 32 MPI tasks x no OpenMP threads

MPI task timing breakdown:
Section |  min time  |  avg time  |  max time  |%varavg| %total
---------------------------------------------------------------
Pair    | 5235.2     | 5309.3     | 5416.6     |  52.1 | 57.67
Neigh   | 0          | 0          | 0          |   0.0 |  0.00
Comm    | 1434.6     | 2063.2     | 2597.9     | 774.7 | 22.41
Output  | 0.00088    | 0.16857    | 0.17405    |   7.3 |  0.00
Modify  | 1157.5     | 1652.4     | 2257.6     | 858.6 | 17.95
Other   |            | 180.8      |            |       |  1.96

Nlocal:    6050 ave 6085 max 6000 min
Histogram: 2 1 1 5 4 1 6 4 3 5
Nghost:    5892.5 ave 5942 max 5858 min
Histogram: 5 3 4 6 1 3 5 2 1 2
Neighs:    0 ave 0 max 0 min
Histogram: 32 0 0 0 0 0 0 0 0 0
FullNghs:  206736 ave 207895 max 205000 min
Histogram: 2 1 1 5 3 2 5 4 2 7

Total # of neighbors = 6615556
Ave neighs/atom = 34.1713
Neighbor list builds = 0
Dangerous builds = 0
clear
next		P
jump		Si.in
Total wall time: 26:36:01
